PlayerShopBuyShopStallBox::Init Success BuyShopName=Ti¬uKa (-146364672)(T0=2016-4-5_14:12:19 T1=4.2640)
PlayerShopBuyShopStallBox::Init Success BuyShopName= (-146364672)(T0=2016-4-5_14:12:19 T1=4.2640)
PlayerShopBuyShopStallBox::Init Success BuyShopName= (-146364672)(T0=2016-4-5_14:12:19 T1=4.2640)
PlayerShopBuyShopStallBox::Init Success BuyShopName= (-146364672)(T0=2016-4-5_14:12:19 T1=4.2650)
PlayerShopBuyShopStallBox::Init Success BuyShopName= (-146364672)(T0=2016-4-5_14:12:19 T1=4.2650)
PlayerShopBuyShopStallBox::Init Success BuyShopName= (-146364672)(T0=2016-4-5_14:12:19 T1=4.2650)
PlayerShopBuyShopStallBox::Init Success BuyShopName= (-146364672)(T0=2016-4-5_14:12:19 T1=4.2660)
PlayerShopBuyShopStallBox::Init Success BuyShopName= (-146364672)(T0=2016-4-5_14:12:19 T1=4.2660)
PlayerShopBuyShopStallBox::Init Success BuyShopName= (-146364672)(T0=2016-4-5_14:12:19 T1=4.2660)
PlayerShopBuyShopStallBox::Init Success BuyShopName= (-146364672)(T0=2016-4-5_14:12:19 T1=4.2670)
PlayerShopBuyShopStallBox::Init Success BuyShopName= (-146364672)(T0=2016-4-5_14:12:19 T1=4.2670)
PlayerShopBuyShopStallBox::Init Success BuyShopName= (-146364672)(T0=2016-4-5_14:12:19 T1=4.2670)
PlayerShopBuyShopStallBox::Init Success BuyShopName= (-146364672)(T0=2016-4-5_14:12:19 T1=4.2940)
PlayerShopBuyShopStallBox::Init Success BuyShopName= (-146364672)(T0=2016-4-5_14:12:19 T1=4.2940)
PlayerShopBuyShopStallBox::Init Success BuyShopName= (-146364672)(T0=2016-4-5_14:12:19 T1=4.2980)
PlayerShopBuyShopStallBox::Init Success BuyShopName= (-146364672)(T0=2016-4-5_14:12:19 T1=4.2980)
PlayerShopBuyShopStallBox::Init Success BuyShopName= (-146364672)(T0=2016-4-5_14:12:19 T1=4.2990)
PlayerShopBuyShopStallBox::Init Success BuyShopName= (-146364672)(T0=2016-4-5_14:12:19 T1=4.2990)
PlayerShopBuyShopStallBox::Init Success BuyShopName= (-146364672)(T0=2016-4-5_14:12:19 T1=4.3240)
PlayerShopBuyShopStallBox::Init Success BuyShopName= (-146364672)(T0=2016-4-5_14:12:19 T1=4.3240)
PlayerShopBuyShopStallBox::Init Success BuyShopName= (-146364672)(T0=2016-4-5_14:12:19 T1=4.3280)
PlayerShopBuyShopStallBox::Init Success BuyShopName= (-146364672)(T0=2016-4-5_14:12:19 T1=4.3290)
PlayerShopBuyShopStallBox::Init Success BuyShopName= (-146364672)(T0=2016-4-5_14:12:19 T1=4.3540)
PlayerShopBuyShopStallBox::Init Success BuyShopName= (-146364672)(T0=2016-4-5_14:12:19 T1=4.3550)
PlayerShopBuyShopStallBox::Init Success BuyShopName= (-146364672)(T0=2016-4-5_14:12:19 T1=4.3560)
PlayerShopBuyShopStallBox::Init Success BuyShopName= (-146364672)(T0=2016-4-5_14:12:19 T1=4.3560)
PlayerShopBuyShopStallBox::Init Success BuyShopName= (-146364672)(T0=2016-4-5_14:12:19 T1=4.3570)
PlayerShopBuyShopStallBox::Init Success BuyShopName= (-146364672)(T0=2016-4-5_14:12:19 T1=4.3600)
PlayerShopBuyShopStallBox::Init Success BuyShopName= (-146364672)(T0=2016-4-5_14:12:19 T1=4.3600)
PlayerShopBuyShopStallBox::Init Success BuyShopName= (-146364672)(T0=2016-4-5_14:12:19 T1=4.3610)
PlayerShopBuyShopStallBox::Init Success BuyShopName= (-146364672)(T0=2016-4-5_14:12:19 T1=4.3610)
PlayerShopBuyShopStallBox::Init Success BuyShopName= (-146364672)(T0=2016-4-5_14:12:19 T1=4.3850)
PlayerShopBuyShopStallBox::Init Success BuyShopName= (-146364672)(T0=2016-4-5_14:12:19 T1=4.3850)
PlayerShopBuyShopStallBox::Init Success BuyShopName= (-146364672)(T0=2016-4-5_14:12:19 T1=4.3900)
PlayerShopBuyShopStallBox::Init Success BuyShopName= (-146364672)(T0=2016-4-5_14:12:19 T1=4.3900)
PlayerShopBuyShopStallBox::Init Success BuyShopName= (-146364672)(T0=2016-4-5_14:12:19 T1=4.3910)
PlayerShopBuyShopStallBox::Init Success BuyShopName= (-146364672)(T0=2016-4-5_14:12:19 T1=4.3910)
PlayerShopBuyShopStallBox::Init Success BuyShopName= (-146364672)(T0=2016-4-5_14:12:19 T1=4.3920)
PlayerShopBuyShopStallBox::Init Success BuyShopName= (-146364672)(T0=2016-4-5_14:12:19 T1=4.4150)
PlayerShopBuyShopStallBox::Init Success BuyShopName= (-146364672)(T0=2016-4-5_14:12:19 T1=4.4160)
PlayerShopBuyShopStallBox::Init Success BuyShopName= (-146364672)(T0=2016-4-5_14:12:19 T1=4.4200)
PlayerShopBuyShopStallBox::Init Success BuyShopName= (-146364672)(T0=2016-4-5_14:12:19 T1=4.4210)
PlayerShopBuyShopStallBox::Init Success BuyShopName= (-146364672)(T0=2016-4-5_14:12:19 T1=4.4210)
PlayerShopBuyShopStallBox::Init Success BuyShopName= (-146364672)(T0=2016-4-5_14:12:19 T1=4.4220)
PlayerShopBuyShopStallBox::Init Success BuyShopName= (-146364672)(T0=2016-4-5_14:12:19 T1=4.4510)
PlayerShopBuyShopStallBox::Init Success BuyShopName= (-146364672)(T0=2016-4-5_14:12:19 T1=4.4520)
PlayerShopBuyShopStallBox::Init Success BuyShopName= (-146364672)(T0=2016-4-5_14:12:19 T1=4.4520)
PlayerShopBuyShopStallBox::Init Success BuyShopName= (-146364672)(T0=2016-4-5_14:12:19 T1=4.4530)
PlayerShopBuyShopStallBox::Init Success BuyShopName= (-146364672)(T0=2016-4-5_14:12:19 T1=4.4530)
PlayerShopBuyShopStallBox::Init Success BuyShopName= (-146364672)(T0=2016-4-5_14:12:19 T1=4.4770)
PlayerShopBuyShopStallBox::Init Success BuyShopName= (-146364672)(T0=2016-4-5_14:12:19 T1=4.4770)
PlayerShopBuyShopStallBox::Init Success BuyShopName= (-146364672)(T0=2016-4-5_14:12:19 T1=4.4780)
PlayerShopBuyShopStallBox::Init Success BuyShopName= (-146364672)(T0=2016-4-5_14:12:19 T1=4.4780)
PlayerShopBuyShopStallBox::Init Success BuyShopName= (-146364672)(T0=2016-4-5_14:12:19 T1=4.4810)
PlayerShopBuyShopStallBox::Init Success BuyShopName= (-146364672)(T0=2016-4-5_14:12:19 T1=4.4820)
PlayerShopBuyShopStallBox::Init Success BuyShopName= (-146364672)(T0=2016-4-5_14:12:19 T1=4.5070)
PlayerShopBuyShopStallBox::Init Success BuyShopName= (-146364672)(T0=2016-4-5_14:12:19 T1=4.5070)
PlayerShopBuyShopStallBox::Init Success BuyShopName= (-146364672)(T0=2016-4-5_14:12:19 T1=4.5080)
PlayerShopBuyShopStallBox::Init Success BuyShopName= (-146364672)(T0=2016-4-5_14:12:19 T1=4.5080)
PlayerShopBuyShopStallBox::Init Success BuyShopName= (-146364672)(T0=2016-4-5_14:12:19 T1=4.5080)
PlayerShopBuyShopStallBox::Init Success BuyShopName= (-146364672)(T0=2016-4-5_14:12:19 T1=4.5120)
PlayerShopBuyShopStallBox::Init Success BuyShopName= (-146364672)(T0=2016-4-5_14:12:19 T1=4.5120)
PlayerShopBuyShopStallBox::Init Success BuyShopName= (-146364672)(T0=2016-4-5_14:12:19 T1=4.5130)
PlayerShopBuyShopStallBox::Init Success BuyShopName= (-146364672)(T0=2016-4-5_14:12:19 T1=4.5140)
PlayerShopBuyShopStallBox::Init Success BuyShopName= (-146364672)(T0=2016-4-5_14:12:19 T1=4.5370)
PlayerShopBuyShopStallBox::Init Success BuyShopName= (-146364672)(T0=2016-4-5_14:12:19 T1=4.5370)
PlayerShopBuyShopStallBox::Init Success BuyShopName= (-146364672)(T0=2016-4-5_14:12:19 T1=4.5420)
PlayerShopBuyShopStallBox::Init Success BuyShopName= (-146364672)(T0=2016-4-5_14:12:19 T1=4.5420)
PlayerShopBuyShopStallBox::Init Success BuyShopName= (-146364672)(T0=2016-4-5_14:12:19 T1=4.5430)
PlayerShopBuyShopStallBox::Init Success BuyShopName= (-146364672)(T0=2016-4-5_14:12:19 T1=4.5430)
PlayerShopBuyShopStallBox::Init Success BuyShopName= (-146364672)(T0=2016-4-5_14:12:19 T1=4.5440)
PlayerShopBuyShopStallBox::Init Success BuyShopName= (-146364672)(T0=2016-4-5_14:12:19 T1=4.5740)
PlayerShopBuyShopStallBox::Init Success BuyShopName= (-146364672)(T0=2016-4-5_14:12:19 T1=4.5750)
PlayerShopBuyShopStallBox::Init Success BuyShopName= (-146364672)(T0=2016-4-5_14:12:19 T1=4.5750)
PlayerShopBuyShopStallBox::Init Success BuyShopName= (-146364672)(T0=2016-4-5_14:12:19 T1=4.5760)
PlayerShopBuyShopStallBox::Init Success BuyShopName= (-146364672)(T0=2016-4-5_14:12:19 T1=4.5990)
PlayerShopBuyShopStallBox::Init Success BuyShopName= (-146364672)(T0=2016-4-5_14:12:19 T1=4.5990)
PlayerShopBuyShopStallBox::Init Success BuyShopName= (-146364672)(T0=2016-4-5_14:12:19 T1=4.6000)
PlayerShopBuyShopStallBox::Init Success BuyShopName= (-146364672)(T0=2016-4-5_14:12:19 T1=4.6000)
PlayerShopBuyShopStallBox::Init Success BuyShopName= (-146364672)(T0=2016-4-5_14:12:19 T1=4.6040)
PlayerShopBuyShopStallBox::Init Success BuyShopName= (-146364672)(T0=2016-4-5_14:12:19 T1=4.6040)
PlayerShopBuyShopStallBox::Init Success BuyShopName= (-146364672)(T0=2016-4-5_14:12:19 T1=4.6050)
PlayerShopBuyShopStallBox::Init Success BuyShopName= (-146364672)(T0=2016-4-5_14:12:19 T1=4.6050)
PlayerShopBuyShopStallBox::Init Success BuyShopName= (-146364672)(T0=2016-4-5_14:12:19 T1=4.6060)
PlayerShopBuyShopStallBox::Init Success BuyShopName= (-146364672)(T0=2016-4-5_14:12:19 T1=4.6360)
PlayerShopBuyShopStallBox::Init Success BuyShopName= (-146364672)(T0=2016-4-5_14:12:19 T1=4.6360)
PlayerShopBuyShopStallBox::Init Success BuyShopName= (-146364672)(T0=2016-4-5_14:12:19 T1=4.6370)
PlayerShopBuyShopStallBox::Init Success BuyShopName= (-146364672)(T0=2016-4-5_14:12:19 T1=4.6370)
PlayerShopBuyShopStallBox::Init Success BuyShopName= (-146364672)(T0=2016-4-5_14:12:19 T1=4.6590)
PlayerShopBuyShopStallBox::Init Success BuyShopName= (-146364672)(T0=2016-4-5_14:12:19 T1=4.6600)
PlayerShopBuyShopStallBox::Init Success BuyShopName= (-146364672)(T0=2016-4-5_14:12:19 T1=4.6600)
PlayerShopBuyShopStallBox::Init Success BuyShopName= (-146364672)(T0=2016-4-5_14:12:19 T1=4.6610)
PlayerShopBuyShopStallBox::Init Success BuyShopName= (-146364672)(T0=2016-4-5_14:12:19 T1=4.6640)
PlayerShopBuyShopStallBox::Init Success BuyShopName= (-146364672)(T0=2016-4-5_14:12:19 T1=4.6650)
PlayerShopBuyShopStallBox::Init Success BuyShopName= (-146364672)(T0=2016-4-5_14:12:19 T1=4.6650)
PlayerShopBuyShopStallBox::Init Success BuyShopName= (-146364672)(T0=2016-4-5_14:12:19 T1=4.6660)
PlayerShopBuyShopStallBox::Init Success BuyShopName= (-146364672)(T0=2016-4-5_14:12:19 T1=4.6660)
PlayerShopBuyShopStallBox::Init Success BuyShopName= (-146364672)(T0=2016-4-5_14:12:19 T1=4.6900)
PlayerShopBuyShopStallBox::Init Success BuyShopName= (-146364672)(T0=2016-4-5_14:12:19 T1=4.6910)
PlayerShopBuyShopStallBox::Init Success BuyShopName= (-146364672)(T0=2016-4-5_14:12:19 T1=4.6960)
PlayerShopBuyShopStallBox::Init Success BuyShopName= (-146364672)(T0=2016-4-5_14:12:19 T1=4.6960)
PlayerShopBuyShopStallBox::Init Success BuyShopName= (-146364672)(T0=2016-4-5_14:12:19 T1=4.7210)
PlayerShopBuyShopStallBox::Init Success BuyShopName= (-146364672)(T0=2016-4-5_14:12:19 T1=4.7210)
PlayerShopBuyShopStallBox::Init Success BuyShopName= (-146364672)(T0=2016-4-5_14:12:19 T1=4.7220)
PlayerShopBuyShopStallBox::Init Success BuyShopName= (-146364672)(T0=2016-4-5_14:12:19 T1=4.7220)
PlayerShopBuyShopStallBox::Init Success BuyShopName= (-146364672)(T0=2016-4-5_14:12:19 T1=4.7230)
PlayerShopBuyShopStallBox::Init Success BuyShopName= (-146364672)(T0=2016-4-5_14:12:19 T1=4.7260)
PlayerShopBuyShopStallBox::Init Success BuyShopName= (-146364672)(T0=2016-4-5_14:12:19 T1=4.7270)
PlayerShopBuyShopStallBox::Init Success BuyShopName= (-146364672)(T0=2016-4-5_14:12:19 T1=4.7280)
PlayerShopBuyShopStallBox::Init Success BuyShopName= (-146364672)(T0=2016-4-5_14:12:19 T1=4.7280)
PlayerShopBuyShopStallBox::Init Success BuyShopName= (-146364672)(T0=2016-4-5_14:12:19 T1=4.7520)
PlayerShopBuyShopStallBox::Init Success BuyShopName= (-146364672)(T0=2016-4-5_14:12:19 T1=4.7530)
PlayerShopBuyShopStallBox::Init Success BuyShopName= (-146364672)(T0=2016-4-5_14:12:19 T1=4.7560)
PlayerShopBuyShopStallBox::Init Success BuyShopName= (-146364672)(T0=2016-4-5_14:12:19 T1=4.7570)
PlayerShopBuyShopStallBox::Init Success BuyShopName= (-146364672)(T0=2016-4-5_14:12:19 T1=4.7580)
PlayerShopBuyShopStallBox::Init Success BuyShopName= (-146364672)(T0=2016-4-5_14:12:19 T1=4.7580)
PlayerShopBuyShopStallBox::Init Success BuyShopName= (-146364672)(T0=2016-4-5_14:12:19 T1=4.7880)
PlayerShopBuyShopStallBox::Init Success BuyShopName= (-146364672)(T0=2016-4-5_14:12:19 T1=4.7880)
PlayerShopBuyShopStallBox::Init Success BuyShopName= (-146364672)(T0=2016-4-5_14:12:19 T1=4.7890)
PlayerShopBuyShopStallBox::Init Success BuyShopName= (-146364672)(T0=2016-4-5_14:12:19 T1=4.7890)
PlayerShopBuyShopStallBox::Init Success BuyShopName= (-146364672)(T0=2016-4-5_14:12:19 T1=4.7900)
PlayerShopBuyShopStallBox::Init Success BuyShopName= (-146364672)(T0=2016-4-5_14:12:19 T1=4.7910)
PlayerShopBuyShopStallBox::Init Success BuyShopName= (-146364672)(T0=2016-4-5_14:12:19 T1=4.7910)
PlayerShopBuyShopStallBox::Init Success BuyShopName= (-146364672)(T0=2016-4-5_14:12:19 T1=4.8170)
PlayerShopBuyShopStallBox::Init Success BuyShopName= (-146364672)(T0=2016-4-5_14:12:19 T1=4.8180)
PlayerShopBuyShopStallBox::Init Success BuyShopName= (-146364672)(T0=2016-4-5_14:12:19 T1=4.8180)
PlayerShopBuyShopStallBox::Init Success BuyShopName= (-146364672)(T0=2016-4-5_14:12:19 T1=4.8190)
PlayerShopBuyShopStallBox::Init Success BuyShopName= (-146364672)(T0=2016-4-5_14:12:19 T1=4.8430)
PlayerShopBuyShopStallBox::Init Success BuyShopName= (-146364672)(T0=2016-4-5_14:12:19 T1=4.8440)
PlayerShopBuyShopStallBox::Init Success BuyShopName= (-146364672)(T0=2016-4-5_14:12:19 T1=4.8440)
PlayerShopBuyShopStallBox::Init Success BuyShopName= (-146364672)(T0=2016-4-5_14:12:19 T1=4.8450)
PlayerShopBuyShopStallBox::Init Success BuyShopName= (-146364672)(T0=2016-4-5_14:12:19 T1=4.8450)
PlayerShopBuyShopStallBox::Init Success BuyShopName= (-146364672)(T0=2016-4-5_14:12:19 T1=4.8490)
PlayerShopBuyShopStallBox::Init Success BuyShopName= (-146364672)(T0=2016-4-5_14:12:19 T1=4.8490)
PlayerShopBuyShopStallBox::Init Success BuyShopName= (-146364672)(T0=2016-4-5_14:12:19 T1=4.8500)
PlayerShopBuyShopStallBox::Init Success BuyShopName= (-146364672)(T0=2016-4-5_14:12:19 T1=4.8500)
PlayerShopBuyShopStallBox::Init Success BuyShopName= (-146364672)(T0=2016-4-5_14:12:19 T1=4.8790)
PlayerShopBuyShopStallBox::Init Success BuyShopName= (-146364672)(T0=2016-4-5_14:12:19 T1=4.8800)
PlayerShopBuyShopStallBox::Init Success BuyShopName= (-146364672)(T0=2016-4-5_14:12:19 T1=4.8800)
PlayerShopBuyShopStallBox::Init Success BuyShopName= (-146364672)(T0=2016-4-5_14:12:19 T1=4.8810)
PlayerShopBuyShopStallBox::Init Success BuyShopName= (-146364672)(T0=2016-4-5_14:12:19 T1=4.8810)
PlayerShopBuyShopStallBox::Init Success BuyShopName= (-146364672)(T0=2016-4-5_14:12:19 T1=4.8820)
PlayerShopBuyShopStallBox::Init Success BuyShopName= (-146364672)(T0=2016-4-5_14:12:19 T1=4.8820)
PlayerShopBuyShopStallBox::Init Success BuyShopName= (-146364672)(T0=2016-4-5_14:12:19 T1=4.9050)
PlayerShopBuyShopStallBox::Init Success BuyShopName= (-146364672)(T0=2016-4-5_14:12:19 T1=4.9060)
PlayerShopBuyShopStallBox::Init Success BuyShopName= (-146364672)(T0=2016-4-5_14:12:19 T1=4.9100)
PlayerShopBuyShopStallBox::Init Success BuyShopName= (-146364672)(T0=2016-4-5_14:12:19 T1=4.9110)
PlayerShopBuyShopStallBox::Init Success BuyShopName= (-146364672)(T0=2016-4-5_14:12:19 T1=4.9110)
PlayerShopBuyShopStallBox::Init Success BuyShopName= (-146364672)(T0=2016-4-5_14:12:19 T1=4.9120)
PlayerShopBuyShopStallBox::Init Success BuyShopName= (-146364672)(T0=2016-4-5_14:12:19 T1=4.9410)
PlayerShopBuyShopStallBox::Init Success BuyShopName= (-146364672)(T0=2016-4-5_14:12:19 T1=4.9420)
PlayerShopBuyShopStallBox::Init Success BuyShopName= (-146364672)(T0=2016-4-5_14:12:19 T1=4.9420)
PlayerShopBuyShopStallBox::Init Success BuyShopName= (-146364672)(T0=2016-4-5_14:12:19 T1=4.9430)
PlayerShopBuyShopStallBox::Init Success BuyShopName= (-146364672)(T0=2016-4-5_14:12:19 T1=4.9430)
PlayerShopBuyShopStallBox::Init Success BuyShopName= (-146364672)(T0=2016-4-5_14:12:19 T1=4.9440)
PlayerShopBuyShopStallBox::Init Success BuyShopName= (-146364672)(T0=2016-4-5_14:12:19 T1=4.9440)
PlayerShopBuyShopStallBox::Init Success BuyShopName= (-146364672)(T0=2016-4-5_14:12:19 T1=4.9670)
PlayerShopBuyShopStallBox::Init Success BuyShopName= (-146364672)(T0=2016-4-5_14:12:19 T1=4.9670)
PlayerShopBuyShopStallBox::Init Success BuyShopName= (-146364672)(T0=2016-4-5_14:12:19 T1=4.9680)
PlayerShopBuyShopStallBox::Init Success BuyShopName= (-146364672)(T0=2016-4-5_14:12:19 T1=4.9690)
PlayerShopBuyShopStallBox::Init Success BuyShopName= (-146364672)(T0=2016-4-5_14:12:19 T1=4.9720)
PlayerShopBuyShopStallBox::Init Success BuyShopName= (-146364672)(T0=2016-4-5_14:12:19 T1=4.9720)
PlayerShopBuyShopStallBox::Init Success BuyShopName= (-146364672)(T0=2016-4-5_14:12:19 T1=4.9730)
PlayerShopBuyShopStallBox::Init Success BuyShopName= (-146364672)(T0=2016-4-5_14:12:19 T1=4.9730)
PlayerShopBuyShopStallBox::Init Success BuyShopName= (-146364672)(T0=2016-4-5_14:12:19 T1=4.9740)
PlayerShopBuyShopStallBox::Init Success BuyShopName= (-146364672)(T0=2016-4-5_14:12:19 T1=5.0020)
PlayerShopBuyShopStallBox::Init Success BuyShopName= (-146364672)(T0=2016-4-5_14:12:19 T1=5.0030)
PlayerShopBuyShopStallBox::Init Success BuyShopName= (-146364672)(T0=2016-4-5_14:12:19 T1=5.0030)
PlayerShopBuyShopStallBox::Init Success BuyShopName= (-146364672)(T0=2016-4-5_14:12:19 T1=5.0040)
PlayerShopBuyShopStallBox::Init Success BuyShopName= (-146364672)(T0=2016-4-5_14:12:19 T1=5.0280)
PlayerShopBuyShopStallBox::Init Success BuyShopName= (-146364672)(T0=2016-4-5_14:12:19 T1=5.0290)
PlayerShopBuyShopStallBox::Init Success BuyShopName= (-146364672)(T0=2016-4-5_14:12:19 T1=5.0290)
PlayerShopBuyShopStallBox::Init Success BuyShopName= (-146364672)(T0=2016-4-5_14:12:19 T1=5.0300)
PlayerShopBuyShopStallBox::Init Success BuyShopName= (-146364672)(T0=2016-4-5_14:12:19 T1=5.0320)
PlayerShopBuyShopStallBox::Init Success BuyShopName= (-146364672)(T0=2016-4-5_14:12:19 T1=5.0330)
PlayerShopBuyShopStallBox::Init Success BuyShopName= (-146364672)(T0=2016-4-5_14:12:19 T1=5.0590)
PlayerShopBuyShopStallBox::Init Success BuyShopName= (-146364672)(T0=2016-4-5_14:12:19 T1=5.0590)
PlayerShopBuyShopStallBox::Init Success BuyShopName= (-146364672)(T0=2016-4-5_14:12:19 T1=5.0600)
PlayerShopBuyShopStallBox::Init Success BuyShopName= (-146364672)(T0=2016-4-5_14:12:19 T1=5.0600)
PlayerShopBuyShopStallBox::Init Success BuyShopName= (-146364672)(T0=2016-4-5_14:12:19 T1=5.0610)
PlayerShopBuyShopStallBox::Init Success BuyShopName= (-146364672)(T0=2016-4-5_14:12:19 T1=5.0640)
PlayerShopBuyShopStallBox::Init Success BuyShopName= (-146364672)(T0=2016-4-5_14:12:19 T1=5.0640)
PlayerShopBuyShopStallBox::Init Success BuyShopName= (-146364672)(T0=2016-4-5_14:12:19 T1=5.0650)
PlayerShopBuyShopStallBox::Init Success BuyShopName= (-146364672)(T0=2016-4-5_14:12:19 T1=5.0660)
PlayerShopBuyShopStallBox::Init Success BuyShopName= (-146364672)(T0=2016-4-5_14:12:19 T1=5.0890)
PlayerShopBuyShopStallBox::Init Success BuyShopName= (-146364672)(T0=2016-4-5_14:12:19 T1=5.0890)
PlayerShopBuyShopStallBox::Init Success BuyShopName= (-146364672)(T0=2016-4-5_14:12:19 T1=5.0940)
PlayerShopBuyShopStallBox::Init Success BuyShopName= (-146364672)(T0=2016-4-5_14:12:19 T1=5.0940)
PlayerShopBuyShopStallBox::Init Success BuyShopName= (-146364672)(T0=2016-4-5_14:12:19 T1=5.0950)
PlayerShopBuyShopStallBox::Init Success BuyShopName= (-146364672)(T0=2016-4-5_14:12:19 T1=5.0960)
PlayerShopBuyShopStallBox::Init Success BuyShopName= (-146364672)(T0=2016-4-5_14:12:19 T1=5.0960)
PlayerShopBuyShopStallBox::Init Success BuyShopName= (-146364672)(T0=2016-4-5_14:12:19 T1=5.1200)
PlayerShopBuyShopStallBox::Init Success BuyShopName= (-146364672)(T0=2016-4-5_14:12:19 T1=5.1210)
PlayerShopBuyShopStallBox::Init Success BuyShopName= (-146364672)(T0=2016-4-5_14:12:19 T1=5.1250)
PlayerShopBuyShopStallBox::Init Success BuyShopName= (-146364672)(T0=2016-4-5_14:12:19 T1=5.1260)
PlayerShopBuyShopStallBox::Init Success BuyShopName= (-146364672)(T0=2016-4-5_14:12:19 T1=5.1500)
PlayerShopBuyShopStallBox::Init Success BuyShopName= (-146364672)(T0=2016-4-5_14:12:19 T1=5.1510)
PlayerShopBuyShopStallBox::Init Success BuyShopName= (-146364672)(T0=2016-4-5_14:12:19 T1=5.1510)
PlayerShopBuyShopStallBox::Init Success BuyShopName= (-146364672)(T0=2016-4-5_14:12:19 T1=5.1520)
PlayerShopBuyShopStallBox::Init Success BuyShopName= (-146364672)(T0=2016-4-5_14:12:19 T1=5.1520)
PlayerShopBuyShopStallBox::Init Success BuyShopName= (-146364672)(T0=2016-4-5_14:12:19 T1=5.1560)
PlayerShopBuyShopStallBox::Init Success BuyShopName= (-146364672)(T0=2016-4-5_14:12:20 T1=5.1570)
PlayerShopBuyShopStallBox::Init Success BuyShopName= (-146364672)(T0=2016-4-5_14:12:20 T1=5.1570)
PlayerShopBuyShopStallBox::Init Success BuyShopName= (-146364672)(T0=2016-4-5_14:12:20 T1=5.1580)
PlayerShopBuyShopStallBox::Init Success BuyShopName= (-146364672)(T0=2016-4-5_14:12:20 T1=5.1810)
PlayerShopBuyShopStallBox::Init Success BuyShopName= (-146364672)(T0=2016-4-5_14:12:20 T1=5.1820)
PlayerShopBuyShopStallBox::Init Success BuyShopName= (-146364672)(T0=2016-4-5_14:12:20 T1=5.1860)
PlayerShopBuyShopStallBox::Init Success BuyShopName= (-146364672)(T0=2016-4-5_14:12:20 T1=5.1870)
PlayerShopBuyShopStallBox::Init Success BuyShopName= (-146364672)(T0=2016-4-5_14:12:20 T1=5.1870)
PlayerShopBuyShopStallBox::Init Success BuyShopName= (-146364672)(T0=2016-4-5_14:12:20 T1=5.1880)
PlayerShopBuyShopStallBox::Init Success BuyShopName= (-146364672)(T0=2016-4-5_14:12:20 T1=5.2120)
PlayerShopBuyShopStallBox::Init Success BuyShopName= (-146364672)(T0=2016-4-5_14:12:20 T1=5.2130)
PlayerShopBuyShopStallBox::Init Success BuyShopName= (-146364672)(T0=2016-4-5_14:12:20 T1=5.2130)
PlayerShopBuyShopStallBox::Init Success BuyShopName= (-146364672)(T0=2016-4-5_14:12:20 T1=5.2170)
PlayerShopBuyShopStallBox::Init Success BuyShopName= (-146364672)(T0=2016-4-5_14:12:20 T1=5.2180)
PlayerShopBuyShopStallBox::Init Success BuyShopName= (-146364672)(T0=2016-4-5_14:12:20 T1=5.2180)
PlayerShopBuyShopStallBox::Init Success BuyShopName= (-146364672)(T0=2016-4-5_14:12:20 T1=5.2190)
PlayerShopBuyShopStallBox::Init Success BuyShopName= (-146364672)(T0=2016-4-5_14:12:20 T1=5.2420)
PlayerShopBuyShopStallBox::Init Success BuyShopName= (-146364672)(T0=2016-4-5_14:12:20 T1=5.2430)
PlayerShopBuyShopStallBox::Init Success BuyShopName= (-146364672)(T0=2016-4-5_14:12:20 T1=5.2470)
PlayerShopBuyShopStallBox::Init Success BuyShopName= (-146364672)(T0=2016-4-5_14:12:20 T1=5.2480)
PlayerShopBuyShopStallBox::Init Success BuyShopName= (-146364672)(T0=2016-4-5_14:12:20 T1=5.2480)
PlayerShopBuyShopStallBox::Init Success BuyShopName= (-146364672)(T0=2016-4-5_14:12:20 T1=5.2490)
PlayerShopBuyShopStallBox::Init Success BuyShopName= (-146364672)(T0=2016-4-5_14:12:20 T1=5.2490)
PlayerShopBuyShopStallBox::Init Success BuyShopName= (-146364672)(T0=2016-4-5_14:12:20 T1=5.2730)
PlayerShopBuyShopStallBox::Init Success BuyShopName= (-146364672)(T0=2016-4-5_14:12:20 T1=5.2730)
PlayerShopBuyShopStallBox::Init Success BuyShopName= (-146364672)(T0=2016-4-5_14:12:20 T1=5.2780)
PlayerShopBuyShopStallBox::Init Success BuyShopName= (-146364672)(T0=2016-4-5_14:12:20 T1=5.2780)
PlayerShopBuyShopStallBox::Init Success BuyShopName= (-146364672)(T0=2016-4-5_14:12:20 T1=5.2790)
PlayerShopBuyShopStallBox::Init Success BuyShopName= (-146364672)(T0=2016-4-5_14:12:20 T1=5.2790)
PlayerShopBuyShopStallBox::Init Success BuyShopName= (-146364672)(T0=2016-4-5_14:12:20 T1=5.3090)
PlayerShopBuyShopStallBox::Init Success BuyShopName= (-146364672)(T0=2016-4-5_14:12:20 T1=5.3100)
PlayerShopBuyShopStallBox::Init Success BuyShopName= (-146364672)(T0=2016-4-5_14:12:20 T1=5.3100)
PlayerShopBuyShopStallBox::Init Success BuyShopName= (-146364672)(T0=2016-4-5_14:12:20 T1=5.3110)
PlayerShopBuyShopStallBox::Init Success BuyShopName= (-146364672)(T0=2016-4-5_14:12:20 T1=5.3110)
PlayerShopBuyShopStallBox::Init Success BuyShopName= (-146364672)(T0=2016-4-5_14:12:20 T1=5.3120)
PlayerShopBuyShopStallBox::Init Success BuyShopName= (-146364672)(T0=2016-4-5_14:12:20 T1=5.3120)
PlayerShopBuyShopStallBox::Init Success BuyShopName= (-146364672)(T0=2016-4-5_14:12:20 T1=5.3350)
PlayerShopBuyShopStallBox::Init Success BuyShopName= (-146364672)(T0=2016-4-5_14:12:20 T1=5.3360)
PlayerShopBuyShopStallBox::Init Success BuyShopName= (-146364672)(T0=2016-4-5_14:12:20 T1=5.3410)
PlayerShopBuyShopStallBox::Init Success BuyShopName= (-146364672)(T0=2016-4-5_14:12:20 T1=5.3420)
PlayerShopBuyShopStallBox::Init Success BuyShopName= (-146364672)(T0=2016-4-5_14:12:20 T1=5.3420)
PlayerShopBuyShopStallBox::Init Success BuyShopName= (-146364672)(T0=2016-4-5_14:12:20 T1=5.3430)
PlayerShopBuyShopStallBox::Init Success BuyShopName= (-146364672)(T0=2016-4-5_14:12:20 T1=5.3430)
PlayerShopBuyShopStallBox::Init Success BuyShopName= (-146364672)(T0=2016-4-5_14:12:20 T1=5.3440)
PlayerShopBuyShopStallBox::Init Success BuyShopName= (-146364672)(T0=2016-4-5_14:12:20 T1=5.3450)
PlayerShopBuyShopStallBox::Init Success BuyShopName= (-146364672)(T0=2016-4-5_14:12:20 T1=5.3460)
PlayerShopBuyShopStallBox::Init Success BuyShopName= (-146364672)(T0=2016-4-5_14:12:20 T1=5.3460)
PlayerShopBuyShopStallBox::Init Success BuyShopName= (-146364672)(T0=2016-4-5_14:12:20 T1=5.3470)
PlayerShopBuyShopStallBox::Init Success BuyShopName= (-146364672)(T0=2016-4-5_14:12:20 T1=5.3480)
PlayerShopBuyShopStallBox::Init Success BuyShopName= (-146364672)(T0=2016-4-5_14:12:20 T1=5.3480)
PlayerShopBuyShopStallBox::Init Success BuyShopName= (-146364672)(T0=2016-4-5_14:12:20 T1=5.3490)
PlayerShopBuyShopStallBox::Init Success BuyShopName= (-146364672)(T0=2016-4-5_14:12:20 T1=5.3490)
PlayerShopBuyShopStallBox::Init Success BuyShopName= (-146364672)(T0=2016-4-5_14:12:20 T1=5.3500)
PlayerShopBuyShopStallBox::Init Success BuyShopName= (-146364672)(T0=2016-4-5_14:12:20 T1=5.3500)
PlayerShopBuyShopStallBox::Init Success BuyShopName= (-146364672)(T0=2016-4-5_14:12:20 T1=5.3510)
<Stall> ObjGUID:3C3360A3, Clear Stall Panel (-960558271)(T0=2016-4-5_14:43:50 T1=1896.1010)
<ITEM> [COPY] ObjGUID:3C3360A3, Package->Stall Panel, SourceItemGuid:world(101)server(0)serial(4819237)itemindex(10124002)num(1), DestItemGuid:world(101)server(0)serial(4819237)itemindex(10124002)num(1), SourceIndex:6, DestIndex:0 (-960558271)(T0=2016-4-5_14:44:0 T1=1905.3140)
<ITEM> [DELETE] ObjGUID:3C3360A3, flag:Stall Panel, ItemGuid:world(101)server(0)serial(4819237)itemIndex(10124002)num(1) (-960558271)(T0=2016-4-5_14:44:2 T1=1907.2190)
<ITEM> [COPY] ObjGUID:3C3360A3, Package->Stall Panel, SourceItemGuid:world(101)server(0)serial(4819237)itemindex(10124002)num(1), DestItemGuid:world(101)server(0)serial(4819237)itemindex(10124002)num(1), SourceIndex:6, DestIndex:0 (-960558271)(T0=2016-4-5_14:44:16 T1=1922.0530)
<ITEM> [DELETE] ObjGUID:3C3360A3, flag:Stall Panel, ItemGuid:world(101)server(0)serial(4819237)itemIndex(10124002)num(1) (-960558271)(T0=2016-4-5_14:44:22 T1=1928.0710)
<Stall> ObjGUID:3C3360A3, Clear Stall Panel (-960558271)(T0=2016-4-5_14:44:35 T1=1940.6980)
