[DE_LOG_START]
[DE_Status](3c3360a2): {FreeTime:0, MoneyTime:0, Count:0, Lock:Off}

[Obj_Human::ResetWeeklyDETime]: Reset weekly double-exp time for User:3c3360a2
[DE_Status](3c3360a2): {FreeTime:0, MoneyTime:0, Count:45, Lock:Off}

[DE_LOG_END]
 (-578815166)(T0=2016-4-5_14:14:54 T1=159.3030)
[DE_LOG_START]
[Obj_Human::OnHumanLogin]
[DE_Status](3c3360a2): {FreeTime:0, MoneyTime:0, Count:45, Lock:Off}

[DE_LOG_END]
 (-578815166)(T0=2016-4-5_14:14:54 T1=159.4530)
EOL:3C3360A2,20,0,270,7,42.70,267.20, (-595600569)(T0=2016-4-5_14:15:38 T1=203.3010)
EOL:3C3360A2,20,270,702,7,50.20,271.30, (-595600569)(T0=2016-4-5_14:15:46 T1=211.2510)
EOL:3C3360A2,20,972,918,7,51.79,274.97, (-595600569)(T0=2016-4-5_14:15:51 T1=216.6060)
EOL:3C3360A2,50,1890,-1152,7,51.79,274.97, (-595600569)(T0=2016-4-5_14:15:51 T1=216.9110)
EOL:3C3360A2,20,738,4122,7,52.00,272.98, (-595600569)(T0=2016-4-5_14:15:55 T1=220.4300)
EOL:3C3360A2,20,4860,540,7,52.82,270.65, (-595600569)(T0=2016-4-5_14:15:58 T1=223.7520)
EOL:3C3360A2,20,5400,540,7,55.08,268.64, (-595600569)(T0=2016-4-5_14:16:3 T1=228.3880)
EOL:3C3360A2,50,5940,-4500,7,55.08,268.64, (-595600569)(T0=2016-4-5_14:16:3 T1=228.6060)
EOL:3C3360A2,20,1440,23760,7,56.83,269.44, (-595600569)(T0=2016-4-5_14:16:5 T1=230.7010)
EOL:3C3360A2,20,25200,0,7,59.26,269.50, (-595600569)(T0=2016-4-5_14:16:8 T1=233.7200)
EOL:3C3360A2,50,25200,-6300,14,123.10,145.22, (-824181938)(T0=2016-4-5_14:18:6 T1=351.7860)
EOL:3C3360A2,50,18900,-7020,14,123.10,145.22, (-824181938)(T0=2016-4-5_14:18:6 T1=352.0690)
EOL:3C3360A2,50,11880,-7776,14,123.10,145.22, (-824181938)(T0=2016-4-5_14:18:7 T1=352.1890)
EOL:3C3360A2,20,4104,31392,6,49.98,167.44, (-587207866)(T0=2016-4-5_14:20:48 T1=513.5400)
EOL:3C3360A2,20,35496,0,6,52.10,161.99, (-587207866)(T0=2016-4-5_14:20:50 T1=515.5620)
EOL:3C3360A2,20,35496,0,6,58.34,163.54, (-587207866)(T0=2016-4-5_14:20:52 T1=517.4720)
EOL:3C3360A2,20,35496,0,6,59.34,159.39, (-587207866)(T0=2016-4-5_14:20:54 T1=519.1820)
EOL:3C3360A2,20,35496,0,6,56.86,157.98, (-587207866)(T0=2016-4-5_14:20:55 T1=520.6870)
EOL:3C3360A2,20,35496,0,6,58.26,154.89, (-587207866)(T0=2016-4-5_14:20:57 T1=522.5970)
EOL:3C3360A2,20,35496,0,6,59.67,154.56, (-587207866)(T0=2016-4-5_14:20:58 T1=523.7010)
EOL:3C3360A2,20,35496,0,6,68.70,156.41, (-587207866)(T0=2016-4-5_14:21:1 T1=526.5180)
EOL:3C3360A2,20,35496,0,6,68.70,156.41, (-587207866)(T0=2016-4-5_14:21:2 T1=528.0240)
EOL:3C3360A2,20,35496,0,6,70.28,158.30, (-587207866)(T0=2016-4-5_14:21:4 T1=529.5410)
EOL:3C3360A2,20,35496,0,6,70.98,160.64, (-587207866)(T0=2016-4-5_14:21:5 T1=530.6350)
EOL:3C3360A2,20,35496,0,6,71.93,161.75, (-587207866)(T0=2016-4-5_14:21:6 T1=531.7520)
EOL:3C3360A2,20,35496,0,6,71.93,161.75, (-587207866)(T0=2016-4-5_14:21:7 T1=532.8440)
EOL:3C3360A2,50,35496,-8874,6,68.41,165.19, (-587207866)(T0=2016-4-5_14:21:14 T1=539.4840)
EOL:3C3360A2,50,26622,-10044,6,68.41,165.19, (-587207866)(T0=2016-4-5_14:21:14 T1=539.5870)
EOL:3C3360A2,50,16578,-11628,6,68.41,165.19, (-587207866)(T0=2016-4-5_14:21:14 T1=539.7910)
[DE_LOG_START]
[DE_Status](3c3360a3): {FreeTime:0, MoneyTime:0, Count:0, Lock:Off}

[Obj_Human::ResetWeeklyDETime]: Reset weekly double-exp time for User:3c3360a3
[DE_Status](3c3360a3): {FreeTime:0, MoneyTime:0, Count:45, Lock:Off}

[DE_LOG_END]
 (-578815166)(T0=2016-4-5_14:41:54 T1=1779.6810)
[DE_LOG_START]
[Obj_Human::OnHumanLogin]
[DE_Status](3c3360a3): {FreeTime:0, MoneyTime:0, Count:45, Lock:Off}

[DE_LOG_END]
 (-578815166)(T0=2016-4-5_14:41:54 T1=1779.6870)
[DE_LOG_START]
[Obj_Human::OnHumanLogin]
[DE_Status](3c3360a2): {FreeTime:0, MoneyTime:0, Count:45, Lock:Off}

[DE_LOG_END]
 (-578815166)(T0=2016-4-5_14:54:30 T1=2535.4540)
[DE_LOG_START]
[Obj_Human::OnHumanLogin]
[DE_Status](3c3360a2): {FreeTime:0, MoneyTime:0, Count:45, Lock:Off}

[DE_LOG_END]
 (-775955648)(T0=2016-4-5_15:11:15 T1=3541.0120)
[DE_LOG_START]
[Obj_Human::OnHumanLogin]
[DE_Status](3c3360a2): {FreeTime:0, MoneyTime:0, Count:45, Lock:Off}

[DE_LOG_END]
 (-775955648)(T0=2016-4-5_15:19:27 T1=4032.7430)
[DE_LOG_START]
[Obj_Human::OnHumanLogin]
[DE_Status](3c3360a2): {FreeTime:0, MoneyTime:0, Count:45, Lock:Off}

[DE_LOG_END]
 (-775955648)(T0=2016-4-5_15:21:40 T1=4165.9940)
