WGGuildErrorHandler: ServerPlayer (ErrorCode=-8)  (-569173184)(T0=2016-4-1_5:45:56 T1=165.3940)
Obj_Human::UpdateGuildInfo GetGUID()=3C3360A2 GetGuildID()=-1 GetGuildPos()=0 bClearItem=0 (-578815166)(T0=2016-4-1_5:45:56 T1=165.4760)
WGGuildErrorHandler: GUID=3C3360A2 GuildID = -1 (-578815166)(T0=2016-4-1_5:45:56 T1=165.4770)
WGGuildErrorHandler: ServerPlayer (ErrorCode=-8)  (-569173184)(T0=2016-4-1_5:51:53 T1=522.9280)
Obj_Human::UpdateGuildInfo GetGUID()=3C3360A2 GetGuildID()=-1 GetGuildPos()=0 bClearItem=0 (-1111610146)(T0=2016-4-1_5:51:53 T1=522.9880)
WGGuildErrorHandler: GUID=3C3360A2 GuildID = -1 (-1111610146)(T0=2016-4-1_5:51:53 T1=522.9890)
OnDie UpdateGuildInfo(TRUE) GUID = 3C3360A2  (-1111610146)(T0=2016-4-1_5:52:40 T1=569.4090)
Obj_Human::UpdateGuildInfo GetGUID()=3C3360A2 GetGuildID()=-1 GetGuildPos()=0 bClearItem=1 (-1111610146)(T0=2016-4-1_5:52:40 T1=569.4090)
WGGuildErrorHandler: ServerPlayer (ErrorCode=-8)  (-569173184)(T0=2016-4-1_5:52:46 T1=575.3490)
Obj_Human::UpdateGuildInfo GetGUID()=3C3360A2 GetGuildID()=-1 GetGuildPos()=0 bClearItem=0 (-578815166)(T0=2016-4-1_5:52:46 T1=575.3670)
WGGuildErrorHandler: GUID=3C3360A2 GuildID = -1 (-578815166)(T0=2016-4-1_5:52:46 T1=575.3670)
WGGuildHandler: ServerPlayer (Type=46)  (-569173184)(T0=2016-4-1_5:52:56 T1=585.5640)
WGGuildHandler: GamePlayer GUID=3C3360A2 (Type=46)  (-578815166)(T0=2016-4-1_5:52:56 T1=585.5970)
WGGuildHandler: ServerPlayer (Type=47)  (-569173184)(T0=2016-4-1_5:53:0 T1=589.9190)
WGGuildHandler: GamePlayer GUID=3C3360A2 (Type=47)  (-578815166)(T0=2016-4-1_5:53:0 T1=589.9210)
WGGuildHandler: ServerPlayer (Type=46)  (-569173184)(T0=2016-4-1_5:53:14 T1=603.5380)
WGGuildHandler: GamePlayer GUID=3C3360A2 (Type=46)  (-578815166)(T0=2016-4-1_5:53:14 T1=603.5450)
WGGuildReturnHandler: ServerPlayer (ReturnType=2)  (-569173184)(T0=2016-4-1_5:53:18 T1=607.7940)
GUILD_RETURN_JOIN SetGuildID: GUID=3C3360A2 GuildID = -1  (-578815166)(T0=2016-4-1_5:53:18 T1=607.8580)
WGGuildReturnHandler: GamePlayer GUID=3C3360A2 (ReturnType=2)  (-578815166)(T0=2016-4-1_5:53:18 T1=607.8580)
WGGuildErrorHandler: ServerPlayer (ErrorCode=-8)  (-569173184)(T0=2016-4-1_7:33:43 T1=6632.7350)
Obj_Human::UpdateGuildInfo GetGUID()=3C3360A2 GetGuildID()=-1 GetGuildPos()=0 bClearItem=0 (-578815166)(T0=2016-4-1_7:33:43 T1=6632.8150)
WGGuildErrorHandler: GUID=3C3360A2 GuildID = -1 (-578815166)(T0=2016-4-1_7:33:43 T1=6632.8160)
WGGuildErrorHandler: ServerPlayer (ErrorCode=-8)  (-569173184)(T0=2016-4-1_7:34:32 T1=6681.3990)
Obj_Human::UpdateGuildInfo GetGUID()=3C3360A3 GetGuildID()=-1 GetGuildPos()=0 bClearItem=0 (-578815166)(T0=2016-4-1_7:34:32 T1=6681.4790)
WGGuildErrorHandler: GUID=3C3360A3 GuildID = -1 (-578815166)(T0=2016-4-1_7:34:32 T1=6681.4790)
WGGuildErrorHandler: ServerPlayer (ErrorCode=-8)  (-569173184)(T0=2016-4-1_7:42:23 T1=7152.8670)
Obj_Human::UpdateGuildInfo GetGUID()=3C3360A3 GetGuildID()=-1 GetGuildPos()=0 bClearItem=0 (-578815166)(T0=2016-4-1_7:42:23 T1=7152.9550)
WGGuildErrorHandler: GUID=3C3360A3 GuildID = -1 (-578815166)(T0=2016-4-1_7:42:23 T1=7152.9550)
WGGuildErrorHandler: ServerPlayer (ErrorCode=-8)  (-569173184)(T0=2016-4-1_7:56:45 T1=8014.5990)
Obj_Human::UpdateGuildInfo GetGUID()=3C3360A3 GetGuildID()=-1 GetGuildPos()=0 bClearItem=0 (-578815166)(T0=2016-4-1_7:56:45 T1=8014.6090)
WGGuildErrorHandler: GUID=3C3360A3 GuildID = -1 (-578815166)(T0=2016-4-1_7:56:45 T1=8014.6100)
WGGuildErrorHandler: ServerPlayer (ErrorCode=-8)  (-569173184)(T0=2016-4-1_8:0:3 T1=8212.7110)
Obj_Human::UpdateGuildInfo GetGUID()=3C3360A2 GetGuildID()=-1 GetGuildPos()=0 bClearItem=0 (-578815166)(T0=2016-4-1_8:0:3 T1=8212.7340)
WGGuildErrorHandler: GUID=3C3360A2 GuildID = -1 (-578815166)(T0=2016-4-1_8:0:3 T1=8212.7340)
WGGuildErrorHandler: ServerPlayer (ErrorCode=-8)  (-569173184)(T0=2016-4-1_8:0:10 T1=8219.8700)
Obj_Human::UpdateGuildInfo GetGUID()=3C3360A3 GetGuildID()=-1 GetGuildPos()=0 bClearItem=0 (-578815166)(T0=2016-4-1_8:0:10 T1=8219.8770)
WGGuildErrorHandler: GUID=3C3360A3 GuildID = -1 (-578815166)(T0=2016-4-1_8:0:10 T1=8219.8780)
WGGuildErrorHandler: ServerPlayer (ErrorCode=-8)  (-569173184)(T0=2016-4-1_8:11:11 T1=8880.6000)
Obj_Human::UpdateGuildInfo GetGUID()=3C3360A2 GetGuildID()=-1 GetGuildPos()=0 bClearItem=0 (-578815166)(T0=2016-4-1_8:11:11 T1=8880.6230)
WGGuildErrorHandler: GUID=3C3360A2 GuildID = -1 (-578815166)(T0=2016-4-1_8:11:11 T1=8880.6230)
WGGuildErrorHandler: ServerPlayer (ErrorCode=-8)  (-569173184)(T0=2016-4-1_8:19:15 T1=9364.9860)
Obj_Human::UpdateGuildInfo GetGUID()=3C3360A2 GetGuildID()=-1 GetGuildPos()=0 bClearItem=0 (-578815166)(T0=2016-4-1_8:19:15 T1=9365.0240)
WGGuildErrorHandler: GUID=3C3360A2 GuildID = -1 (-578815166)(T0=2016-4-1_8:19:15 T1=9365.0240)
WGGuildErrorHandler: ServerPlayer (ErrorCode=-8)  (-569173184)(T0=2016-4-1_8:22:33 T1=9562.2520)
Obj_Human::UpdateGuildInfo GetGUID()=3C3360A2 GetGuildID()=-1 GetGuildPos()=0 bClearItem=0 (-960541887)(T0=2016-4-1_8:22:33 T1=9562.2630)
WGGuildErrorHandler: GUID=3C3360A2 GuildID = -1 (-960541887)(T0=2016-4-1_8:22:33 T1=9562.2640)
WGGuildErrorHandler: ServerPlayer (ErrorCode=-8)  (-569173184)(T0=2016-4-1_8:22:45 T1=9574.7680)
Obj_Human::UpdateGuildInfo GetGUID()=3C3360A2 GetGuildID()=-1 GetGuildPos()=0 bClearItem=0 (-960541694)(T0=2016-4-1_8:22:45 T1=9574.8000)
WGGuildErrorHandler: GUID=3C3360A2 GuildID = -1 (-960541694)(T0=2016-4-1_8:22:45 T1=9574.8010)
WGGuildErrorHandler: ServerPlayer (ErrorCode=-8)  (-569173184)(T0=2016-4-1_8:38:16 T1=10505.7400)
Obj_Human::UpdateGuildInfo GetGUID()=3C3360A2 GetGuildID()=-1 GetGuildPos()=0 bClearItem=0 (-960541694)(T0=2016-4-1_8:38:16 T1=10505.7630)
WGGuildErrorHandler: GUID=3C3360A2 GuildID = -1 (-960541694)(T0=2016-4-1_8:38:16 T1=10505.7640)
WGGuildErrorHandler: ServerPlayer (ErrorCode=-8)  (-569173184)(T0=2016-4-1_8:51:11 T1=11280.9440)
Obj_Human::UpdateGuildInfo GetGUID()=3C3360A2 GetGuildID()=-1 GetGuildPos()=0 bClearItem=0 (-960541694)(T0=2016-4-1_8:51:11 T1=11280.9970)
WGGuildErrorHandler: GUID=3C3360A2 GuildID = -1 (-960541694)(T0=2016-4-1_8:51:11 T1=11280.9970)
WGGuildErrorHandler: ServerPlayer (ErrorCode=-8)  (-569173184)(T0=2016-4-1_8:54:59 T1=11508.9950)
Obj_Human::UpdateGuildInfo GetGUID()=3C3360A2 GetGuildID()=-1 GetGuildPos()=0 bClearItem=0 (-960541694)(T0=2016-4-1_8:54:59 T1=11509.0530)
WGGuildErrorHandler: GUID=3C3360A2 GuildID = -1 (-960541694)(T0=2016-4-1_8:54:59 T1=11509.0530)
WGGuildErrorHandler: ServerPlayer (ErrorCode=-8)  (-569173184)(T0=2016-4-1_8:58:44 T1=11733.5500)
Obj_Human::UpdateGuildInfo GetGUID()=3C3360A2 GetGuildID()=-1 GetGuildPos()=0 bClearItem=0 (-960541694)(T0=2016-4-1_8:58:44 T1=11733.5550)
WGGuildErrorHandler: GUID=3C3360A2 GuildID = -1 (-960541694)(T0=2016-4-1_8:58:44 T1=11733.5560)
WGGuildErrorHandler: ServerPlayer (ErrorCode=-8)  (-569173184)(T0=2016-4-1_9:1:53 T1=11922.9590)
Obj_Human::UpdateGuildInfo GetGUID()=3C3360A2 GetGuildID()=-1 GetGuildPos()=0 bClearItem=0 (-960541694)(T0=2016-4-1_9:1:53 T1=11922.9960)
WGGuildErrorHandler: GUID=3C3360A2 GuildID = -1 (-960541694)(T0=2016-4-1_9:1:53 T1=11922.9960)
WGGuildErrorHandler: ServerPlayer (ErrorCode=-8)  (-569173184)(T0=2016-4-1_9:5:39 T1=12148.5620)
Obj_Human::UpdateGuildInfo GetGUID()=3C3360A2 GetGuildID()=-1 GetGuildPos()=0 bClearItem=0 (-960541694)(T0=2016-4-1_9:5:39 T1=12148.5800)
WGGuildErrorHandler: GUID=3C3360A2 GuildID = -1 (-960541694)(T0=2016-4-1_9:5:39 T1=12148.5810)
WGGuildErrorHandler: ServerPlayer (ErrorCode=-8)  (-569173184)(T0=2016-4-1_9:10:23 T1=12432.5380)
Obj_Human::UpdateGuildInfo GetGUID()=3C3360A2 GetGuildID()=-1 GetGuildPos()=0 bClearItem=0 (-960541887)(T0=2016-4-1_9:10:23 T1=12432.5460)
WGGuildErrorHandler: GUID=3C3360A2 GuildID = -1 (-960541887)(T0=2016-4-1_9:10:23 T1=12432.5460)
WGGuildErrorHandler: ServerPlayer (ErrorCode=-8)  (-569173184)(T0=2016-4-1_9:11:20 T1=12489.6650)
Obj_Human::UpdateGuildInfo GetGUID()=3C3360A2 GetGuildID()=-1 GetGuildPos()=0 bClearItem=0 (-960541887)(T0=2016-4-1_9:11:20 T1=12489.6710)
WGGuildErrorHandler: GUID=3C3360A2 GuildID = -1 (-960541887)(T0=2016-4-1_9:11:20 T1=12489.6720)
WGGuildErrorHandler: ServerPlayer (ErrorCode=-8)  (-569173184)(T0=2016-4-1_9:13:45 T1=12634.6530)
Obj_Human::UpdateGuildInfo GetGUID()=3C3360A2 GetGuildID()=-1 GetGuildPos()=0 bClearItem=0 (-960541887)(T0=2016-4-1_9:13:45 T1=12634.6890)
WGGuildErrorHandler: GUID=3C3360A2 GuildID = -1 (-960541887)(T0=2016-4-1_9:13:45 T1=12634.6890)
