LoginPlayerManager Start ServerSocket At Port: 7384 (-147220160)(T0=2016-4-3_11:53:58 T1=0.3820)
ServerThread::run() Thread ID:-314602688 LoginID:2... (-314602688)(T0=2016-4-3_11:53:58 T1=0.3840)
ConnectServer( ) IP:127.0.0.1 Port:777 ...OK  (-314602688)(T0=2016-4-3_11:53:58 T1=0.5840)
ConnectWorldServer( ) Current ServerID:2 ...OK  (-314602688)(T0=2016-4-3_11:53:58 T1=0.5850)
ConnectServer( ) Pos:0 IP:127.0.0.1 Port:12680 ...OK  (-314602688)(T0=2016-4-3_11:53:58 T1=0.5850)
ConnectBillingServer( ) Current ServerID:2 ...OK  (-314602688)(T0=2016-4-3_11:53:58 T1=0.5850)
Send LOGIN_SERVER state=LNOTIFY_BILLING_DISCONNECT to World...OK  (-314602688)(T0=2016-4-3_11:53:58 T1=0.5850)
ServerManager::Tick WorldTurnPlayer Number:0 ValidNum:0 InvalidNum:0 (-314602688)(T0=2016-4-3_11:53:58 T1=0.5850)
BLRetConnectHandler::Execute() ... OK! (-314602688)(T0=2016-4-3_11:53:58 T1=0.9850)
[1604031154] m_pSocketInputStream->Fill ret:-3  (-314602688)(T0=2016-4-3_11:54:8 T1=11.1930)
ERROR: RemoveServer( )...World (-314602688)(T0=2016-4-3_11:54:8 T1=11.1930)
ERROR: ConnectWorldServer( ) IP:127.0.0.1 Port:777 ServerID:2,Step: 2 ...Faile  (-314602688)(T0=2016-4-3_11:54:8 T1=11.1930)
Exception: ConnectWorldServer() step : 2 (-314602688)(T0=2016-4-3_11:54:8 T1=11.1930)
ConnectServer( ) IP:127.0.0.1 Port:777 ...OK  (-314602688)(T0=2016-4-3_11:54:11 T1=13.3930)
ConnectWorldServer( ) Current ServerID:2 ...OK  (-314602688)(T0=2016-4-3_11:54:11 T1=13.3930)
WLBillingKickHandler::Execute ...OK WorldID=101 (-314602688)(T0=2016-4-3_11:54:11 T1=13.7940)
ProcessManager::DoTick TurnPlayer Number:0 ValidNum:0 InvalidNum:0 (-658703552)(T0=2016-4-3_11:54:17 T1=20.1970)
ServerManager::Tick WorldTurnPlayer Number:0 ValidNum:0 InvalidNum:0 (-314602688)(T0=2016-4-3_11:54:18 T1=20.5990)
BLRetKeepLiveHandler::Execute() ... OK! (-314602688)(T0=2016-4-3_11:54:28 T1=30.4060)
ProcessManager::DoTick TurnPlayer Number:0 ValidNum:0 InvalidNum:0 (-658703552)(T0=2016-4-3_11:54:37 T1=40.2100)
ServerManager::Tick WorldTurnPlayer Number:0 ValidNum:0 InvalidNum:0 (-314602688)(T0=2016-4-3_11:54:38 T1=40.6130)
ProcessManager::DoTick TurnPlayer Number:0 ValidNum:0 InvalidNum:0 (-658703552)(T0=2016-4-3_11:54:57 T1=60.2220)
BLRetKeepLiveHandler::Execute() ... OK! (-314602688)(T0=2016-4-3_11:54:58 T1=60.4280)
ServerManager::Tick WorldTurnPlayer Number:0 ValidNum:0 InvalidNum:0 (-314602688)(T0=2016-4-3_11:54:58 T1=60.6280)
ProcessManager::DoTick TurnPlayer Number:0 ValidNum:0 InvalidNum:0 (-658703552)(T0=2016-4-3_11:55:17 T1=80.2350)
ServerManager::Tick WorldTurnPlayer Number:0 ValidNum:0 InvalidNum:0 (-314602688)(T0=2016-4-3_11:55:18 T1=80.6430)
BLRetKeepLiveHandler::Execute() ... OK! (-314602688)(T0=2016-4-3_11:55:28 T1=90.4510)
ProcessManager::DoTick TurnPlayer Number:0 ValidNum:0 InvalidNum:0 (-658703552)(T0=2016-4-3_11:55:38 T1=100.2480)
ServerManager::Tick WorldTurnPlayer Number:0 ValidNum:0 InvalidNum:0 (-314602688)(T0=2016-4-3_11:55:38 T1=100.6570)
ProcessManager::DoTick TurnPlayer Number:0 ValidNum:0 InvalidNum:0 (-658703552)(T0=2016-4-3_11:55:58 T1=120.2620)
BLRetKeepLiveHandler::Execute() ... OK! (-314602688)(T0=2016-4-3_11:55:58 T1=120.4720)
ServerManager::Tick WorldTurnPlayer Number:0 ValidNum:0 InvalidNum:0 (-314602688)(T0=2016-4-3_11:55:58 T1=120.6720)
ProcessManager::DoTick TurnPlayer Number:0 ValidNum:0 InvalidNum:0 (-658703552)(T0=2016-4-3_11:56:18 T1=140.2740)
ServerManager::Tick WorldTurnPlayer Number:0 ValidNum:0 InvalidNum:0 (-314602688)(T0=2016-4-3_11:56:18 T1=140.6870)
BLRetKeepLiveHandler::Execute() ... OK! (-314602688)(T0=2016-4-3_11:56:28 T1=150.4940)
ProcessManager::DoTick TurnPlayer Number:0 ValidNum:0 InvalidNum:0 (-658703552)(T0=2016-4-3_11:56:38 T1=160.2870)
ServerManager::Tick WorldTurnPlayer Number:0 ValidNum:0 InvalidNum:0 (-314602688)(T0=2016-4-3_11:56:38 T1=160.7010)
ProcessManager::DoTick TurnPlayer Number:0 ValidNum:0 InvalidNum:0 (-658703552)(T0=2016-4-3_11:56:58 T1=180.3000)
BLRetKeepLiveHandler::Execute() ... OK! (-314602688)(T0=2016-4-3_11:56:58 T1=180.5150)
ServerManager::Tick WorldTurnPlayer Number:0 ValidNum:0 InvalidNum:0 (-314602688)(T0=2016-4-3_11:56:58 T1=180.7150)
ProcessManager::DoTick TurnPlayer Number:0 ValidNum:0 InvalidNum:0 (-658703552)(T0=2016-4-3_11:57:18 T1=200.3130)
ServerManager::Tick WorldTurnPlayer Number:0 ValidNum:0 InvalidNum:0 (-314602688)(T0=2016-4-3_11:57:18 T1=200.7300)
BLRetKeepLiveHandler::Execute() ... OK! (-314602688)(T0=2016-4-3_11:57:28 T1=210.5370)
ProcessManager::DoTick TurnPlayer Number:0 ValidNum:0 InvalidNum:0 (-658703552)(T0=2016-4-3_11:57:38 T1=220.3260)
ServerManager::Tick WorldTurnPlayer Number:0 ValidNum:0 InvalidNum:0 (-314602688)(T0=2016-4-3_11:57:38 T1=220.7440)
ProcessManager::DoTick TurnPlayer Number:0 ValidNum:0 InvalidNum:0 (-658703552)(T0=2016-4-3_11:57:58 T1=240.3390)
BLRetKeepLiveHandler::Execute() ... OK! (-314602688)(T0=2016-4-3_11:57:58 T1=240.5580)
ServerManager::Tick WorldTurnPlayer Number:0 ValidNum:0 InvalidNum:0 (-314602688)(T0=2016-4-3_11:57:58 T1=240.7580)
ProcessManager::DoTick TurnPlayer Number:0 ValidNum:0 InvalidNum:0 (-658703552)(T0=2016-4-3_11:58:18 T1=260.3510)
ServerManager::Tick WorldTurnPlayer Number:0 ValidNum:0 InvalidNum:0 (-314602688)(T0=2016-4-3_11:58:18 T1=260.7720)
BLRetKeepLiveHandler::Execute() ... OK! (-314602688)(T0=2016-4-3_11:58:28 T1=270.5790)
ProcessManager::DoTick TurnPlayer Number:0 ValidNum:0 InvalidNum:0 (-658703552)(T0=2016-4-3_11:58:38 T1=280.3640)
ServerManager::Tick WorldTurnPlayer Number:0 ValidNum:0 InvalidNum:0 (-314602688)(T0=2016-4-3_11:58:38 T1=280.7870)
ProcessManager::DoTick TurnPlayer Number:0 ValidNum:0 InvalidNum:0 (-658703552)(T0=2016-4-3_11:58:58 T1=300.3770)
BLRetKeepLiveHandler::Execute() ... OK! (-314602688)(T0=2016-4-3_11:58:58 T1=300.6010)
ServerManager::Tick WorldTurnPlayer Number:0 ValidNum:0 InvalidNum:0 (-314602688)(T0=2016-4-3_11:58:58 T1=300.8010)
ProcessManager::DoTick TurnPlayer Number:0 ValidNum:0 InvalidNum:0 (-658703552)(T0=2016-4-3_11:59:18 T1=320.3900)
ServerManager::Tick WorldTurnPlayer Number:0 ValidNum:0 InvalidNum:0 (-314602688)(T0=2016-4-3_11:59:18 T1=320.8150)
BLRetKeepLiveHandler::Execute() ... OK! (-314602688)(T0=2016-4-3_11:59:28 T1=330.6230)
ProcessManager::DoTick TurnPlayer Number:0 ValidNum:0 InvalidNum:0 (-658703552)(T0=2016-4-3_11:59:38 T1=340.4030)
ServerManager::Tick WorldTurnPlayer Number:0 ValidNum:0 InvalidNum:0 (-314602688)(T0=2016-4-3_11:59:38 T1=340.8300)
ProcessManager::DoTick TurnPlayer Number:0 ValidNum:0 InvalidNum:0 (-658703552)(T0=2016-4-3_11:59:58 T1=360.4150)
BLRetKeepLiveHandler::Execute() ... OK! (-314602688)(T0=2016-4-3_11:59:58 T1=360.6440)
ServerManager::Tick WorldTurnPlayer Number:0 ValidNum:0 InvalidNum:0 (-314602688)(T0=2016-4-3_11:59:58 T1=360.8450)
