LoginPlayerManager Start ServerSocket At Port: 7384 (-147424960)(T0=2016-4-3_11:32:25 T1=0.3920)
ServerThread::run() Thread ID:-314602688 LoginID:2... (-314602688)(T0=2016-4-3_11:32:25 T1=0.3950)
ConnectServer( ) IP:127.0.0.1 Port:777 ...OK  (-314602688)(T0=2016-4-3_11:32:25 T1=0.5950)
ConnectWorldServer( ) Current ServerID:2 ...OK  (-314602688)(T0=2016-4-3_11:32:25 T1=0.5950)
ERROR: ConnectBillingServer( ) Pos:0 IP:127.0.0.1 Port:12680 ServerID:2 ...Faile  (-314602688)(T0=2016-4-3_11:32:25 T1=0.5950)
Send LOGIN_SERVER state=LNOTIFY_BILLING_DISCONNECT to World...OK  (-314602688)(T0=2016-4-3_11:32:27 T1=2.5950)
ServerManager::Tick WorldTurnPlayer Number:0 ValidNum:0 InvalidNum:0 (-314602688)(T0=2016-4-3_11:32:27 T1=2.5950)
ERROR: ConnectBillingServer( ) Pos:0 IP:127.0.0.1 Port:12680 ServerID:2 ...Faile  (-314602688)(T0=2016-4-3_11:32:27 T1=2.7950)
Send LOGIN_SERVER state=LNOTIFY_BILLING_DISCONNECT to World...OK  (-314602688)(T0=2016-4-3_11:32:29 T1=4.7960)
WLBillingKickHandler::Execute ...OK WorldID=101 (-314602688)(T0=2016-4-3_11:32:29 T1=4.9960)
ERROR: ConnectBillingServer( ) Pos:0 IP:127.0.0.1 Port:12680 ServerID:2 ...Faile  (-314602688)(T0=2016-4-3_11:32:29 T1=4.9960)
Send LOGIN_SERVER state=LNOTIFY_BILLING_DISCONNECT to World...OK  (-314602688)(T0=2016-4-3_11:32:31 T1=6.9960)
ERROR: ConnectBillingServer( ) Pos:0 IP:127.0.0.1 Port:12680 ServerID:2 ...Faile  (-314602688)(T0=2016-4-3_11:32:32 T1=7.1960)
Send LOGIN_SERVER state=LNOTIFY_BILLING_DISCONNECT to World...OK  (-314602688)(T0=2016-4-3_11:32:34 T1=9.1960)
ERROR: ConnectBillingServer( ) Pos:0 IP:127.0.0.1 Port:12680 ServerID:2 ...Faile  (-314602688)(T0=2016-4-3_11:32:34 T1=9.3960)
Send LOGIN_SERVER state=LNOTIFY_BILLING_DISCONNECT to World...OK  (-314602688)(T0=2016-4-3_11:32:36 T1=11.3970)
ERROR: ConnectBillingServer( ) Pos:0 IP:127.0.0.1 Port:12680 ServerID:2 ...Faile  (-314602688)(T0=2016-4-3_11:32:36 T1=11.5970)
Send LOGIN_SERVER state=LNOTIFY_BILLING_DISCONNECT to World...OK  (-314602688)(T0=2016-4-3_11:32:38 T1=13.5970)
ERROR: ConnectBillingServer( ) Pos:0 IP:127.0.0.1 Port:12680 ServerID:2 ...Faile  (-314602688)(T0=2016-4-3_11:32:38 T1=13.7970)
Send LOGIN_SERVER state=LNOTIFY_BILLING_DISCONNECT to World...OK  (-314602688)(T0=2016-4-3_11:32:40 T1=15.7970)
ERROR: ConnectBillingServer( ) Pos:0 IP:127.0.0.1 Port:12680 ServerID:2 ...Faile  (-314602688)(T0=2016-4-3_11:32:40 T1=15.9980)
Send LOGIN_SERVER state=LNOTIFY_BILLING_DISCONNECT to World...OK  (-314602688)(T0=2016-4-3_11:32:42 T1=17.9980)
ERROR: ConnectBillingServer( ) Pos:0 IP:127.0.0.1 Port:12680 ServerID:2 ...Faile  (-314602688)(T0=2016-4-3_11:32:43 T1=18.1980)
Send LOGIN_SERVER state=LNOTIFY_BILLING_DISCONNECT to World...OK  (-314602688)(T0=2016-4-3_11:32:45 T1=20.1980)
ProcessManager::DoTick TurnPlayer Number:0 ValidNum:0 InvalidNum:0 (-658703552)(T0=2016-4-3_11:32:45 T1=20.2070)
ERROR: ConnectBillingServer( ) Pos:0 IP:127.0.0.1 Port:12680 ServerID:2 ...Faile  (-314602688)(T0=2016-4-3_11:32:45 T1=20.3980)
Send LOGIN_SERVER state=LNOTIFY_BILLING_DISCONNECT to World...OK  (-314602688)(T0=2016-4-3_11:32:47 T1=22.3990)
ERROR: ConnectBillingServer( ) Pos:0 IP:127.0.0.1 Port:12680 ServerID:2 ...Faile  (-314602688)(T0=2016-4-3_11:32:47 T1=22.5990)
Send LOGIN_SERVER state=LNOTIFY_BILLING_DISCONNECT to World...OK  (-314602688)(T0=2016-4-3_11:32:49 T1=24.5990)
ServerManager::Tick WorldTurnPlayer Number:0 ValidNum:0 InvalidNum:0 (-314602688)(T0=2016-4-3_11:32:49 T1=24.5990)
ConnectServer( ) Pos:0 IP:127.0.0.1 Port:12680 ...OK  (-314602688)(T0=2016-4-3_11:32:49 T1=24.7990)
ConnectBillingServer( ) Current ServerID:2 ...OK  (-314602688)(T0=2016-4-3_11:32:49 T1=24.8000)
Send LOGIN_SERVER state=LNOTIFY_BILLING_DISCONNECT to World...OK  (-314602688)(T0=2016-4-3_11:32:49 T1=24.8000)
BLRetConnectHandler::Execute() ... OK! (-314602688)(T0=2016-4-3_11:32:50 T1=25.2000)
BLRetKeepLiveHandler::Execute() ... OK! (-314602688)(T0=2016-4-3_11:32:55 T1=30.4060)
SSScenePlayerCountHandler ServerID=0 PlayerPoolSize=0 OK  (-314602688)(T0=2016-4-3_11:32:56 T1=31.4070)
ProcessManager::DoTick TurnPlayer Number:0 ValidNum:0 InvalidNum:0 (-658703552)(T0=2016-4-3_11:33:5 T1=40.2220)
ServerManager::Tick WorldTurnPlayer Number:0 ValidNum:0 InvalidNum:0 (-314602688)(T0=2016-4-3_11:33:7 T1=42.6150)
SSScenePlayerCountHandler ServerID=0 PlayerPoolSize=0 OK  (-314602688)(T0=2016-4-3_11:33:11 T1=46.2180)
ProcessManager::DoTick TurnPlayer Number:0 ValidNum:0 InvalidNum:0 (-658703552)(T0=2016-4-3_11:33:25 T1=60.2340)
BLRetKeepLiveHandler::Execute() ... OK! (-314602688)(T0=2016-4-3_11:33:25 T1=60.4280)
SSScenePlayerCountHandler ServerID=0 PlayerPoolSize=0 OK  (-314602688)(T0=2016-4-3_11:33:26 T1=61.4290)
ServerManager::Tick WorldTurnPlayer Number:0 ValidNum:0 InvalidNum:0 (-314602688)(T0=2016-4-3_11:33:27 T1=62.6300)
SSScenePlayerCountHandler ServerID=0 PlayerPoolSize=0 OK  (-314602688)(T0=2016-4-3_11:33:41 T1=76.2400)
ProcessManager::DoTick TurnPlayer Number:0 ValidNum:0 InvalidNum:0 (-658703552)(T0=2016-4-3_11:33:45 T1=80.2480)
ServerManager::Tick WorldTurnPlayer Number:0 ValidNum:0 InvalidNum:0 (-314602688)(T0=2016-4-3_11:33:47 T1=82.6450)
BLRetKeepLiveHandler::Execute() ... OK! (-314602688)(T0=2016-4-3_11:33:55 T1=90.4510)
SSScenePlayerCountHandler ServerID=0 PlayerPoolSize=0 OK  (-314602688)(T0=2016-4-3_11:33:56 T1=91.4520)
ProcessManager::DoTick TurnPlayer Number:0 ValidNum:0 InvalidNum:0 (-658703552)(T0=2016-4-3_11:34:5 T1=100.2610)
ServerManager::Tick WorldTurnPlayer Number:0 ValidNum:0 InvalidNum:0 (-314602688)(T0=2016-4-3_11:34:7 T1=102.6610)
SSScenePlayerCountHandler ServerID=0 PlayerPoolSize=0 OK  (-314602688)(T0=2016-4-3_11:34:11 T1=106.2650)
ProcessManager::DoTick TurnPlayer Number:0 ValidNum:0 InvalidNum:0 (-658703552)(T0=2016-4-3_11:34:25 T1=120.2740)
BLRetKeepLiveHandler::Execute() ... OK! (-314602688)(T0=2016-4-3_11:34:25 T1=120.4750)
SSScenePlayerCountHandler ServerID=0 PlayerPoolSize=0 OK  (-314602688)(T0=2016-4-3_11:34:26 T1=121.4760)
ServerManager::Tick WorldTurnPlayer Number:0 ValidNum:0 InvalidNum:0 (-314602688)(T0=2016-4-3_11:34:27 T1=122.6770)
SSScenePlayerCountHandler ServerID=0 PlayerPoolSize=0 OK  (-314602688)(T0=2016-4-3_11:34:41 T1=136.4870)
ProcessManager::DoTick TurnPlayer Number:0 ValidNum:0 InvalidNum:0 (-658703552)(T0=2016-4-3_11:34:45 T1=140.2860)
ServerManager::Tick WorldTurnPlayer Number:0 ValidNum:0 InvalidNum:0 (-314602688)(T0=2016-4-3_11:34:47 T1=142.6910)
BLRetKeepLiveHandler::Execute() ... OK! (-314602688)(T0=2016-4-3_11:34:55 T1=150.4960)
SSScenePlayerCountHandler ServerID=0 PlayerPoolSize=0 OK  (-314602688)(T0=2016-4-3_11:34:56 T1=151.2970)
ProcessManager::DoTick TurnPlayer Number:0 ValidNum:0 InvalidNum:0 (-658703552)(T0=2016-4-3_11:35:5 T1=160.2970)
AcceptNewConnection(SOCKET=46, IP=127.0.0.1)...OK (-300524736)(T0=2016-4-3_11:35:7 T1=162.1330)
AcceptNewConnection(SOCKET=-1,IP=,Step=15)...Fails (-300524736)(T0=2016-4-3_11:35:7 T1=162.1330)
CLConnectHandler::Execute(...)...OK,IP = 192.168.1.33,Port = 7384 (-300524736)(T0=2016-4-3_11:35:7 T1=162.3330)
ServerManager::Tick WorldTurnPlayer Number:0 ValidNum:0 InvalidNum:0 (-314602688)(T0=2016-4-3_11:35:7 T1=162.7050)
MIBAO:CLAskLoginHandler Receive Account=1 PlayerID=0...idx=1,[b5]= (-300524736)(T0=2016-4-3_11:35:7 T1=162.7340)
MIBAO:CLAskLoginHandler Receive Account=1 PlayerID=0...idx=2,[d3]= (-300524736)(T0=2016-4-3_11:35:7 T1=162.7340)
MIBAO:CLAskLoginHandler Receive Account=1 PlayerID=0...idx=3,[e5]= (-300524736)(T0=2016-4-3_11:35:7 T1=162.7340)
CLAskLoginHandler::Execute(...) Account:1 PlayerID=0 MAC=d5237765154274645d134d2198e08684...OK  (-300524736)(T0=2016-4-3_11:35:7 T1=162.7340)
LBAskAuthHandler::Execute() Acc=1....OK (-314602688)(T0=2016-4-3_11:35:7 T1=162.9050)
BLRetAccCheckHandler... Acc = 1 Wrong password! (-314602688)(T0=2016-4-3_11:35:8 T1=163.3050)
[1604031135] m_pSocketInputStream->Fill ret:-8 EWOULDBLOCK (-300524736)(T0=2016-4-3_11:35:8 T1=163.7350)
LoginPlayerManager::RemovePlayer(PID:0)...OK (-300524736)(T0=2016-4-3_11:35:8 T1=163.7350)
SSScenePlayerCountHandler ServerID=0 PlayerPoolSize=0 OK  (-314602688)(T0=2016-4-3_11:35:11 T1=166.3070)
ProcessManager::DoTick TurnPlayer Number:0 ValidNum:0 InvalidNum:0 (-658703552)(T0=2016-4-3_11:35:25 T1=180.3100)
BLRetKeepLiveHandler::Execute() ... OK! (-314602688)(T0=2016-4-3_11:35:25 T1=180.5170)
SSScenePlayerCountHandler ServerID=0 PlayerPoolSize=0 OK  (-314602688)(T0=2016-4-3_11:35:26 T1=181.5180)
ServerManager::Tick WorldTurnPlayer Number:0 ValidNum:0 InvalidNum:0 (-314602688)(T0=2016-4-3_11:35:27 T1=182.7190)
SSScenePlayerCountHandler ServerID=0 PlayerPoolSize=0 OK  (-314602688)(T0=2016-4-3_11:35:41 T1=196.5300)
ProcessManager::DoTick TurnPlayer Number:0 ValidNum:0 InvalidNum:0 (-658703552)(T0=2016-4-3_11:35:45 T1=200.3220)
ServerManager::Tick WorldTurnPlayer Number:0 ValidNum:0 InvalidNum:0 (-314602688)(T0=2016-4-3_11:35:47 T1=202.7340)
BLRetKeepLiveHandler::Execute() ... OK! (-314602688)(T0=2016-4-3_11:35:55 T1=210.5400)
SSScenePlayerCountHandler ServerID=0 PlayerPoolSize=0 OK  (-314602688)(T0=2016-4-3_11:35:56 T1=211.3410)
ProcessManager::DoTick TurnPlayer Number:0 ValidNum:0 InvalidNum:0 (-658703552)(T0=2016-4-3_11:36:5 T1=220.3350)
ServerManager::Tick WorldTurnPlayer Number:0 ValidNum:0 InvalidNum:0 (-314602688)(T0=2016-4-3_11:36:7 T1=222.7490)
SSScenePlayerCountHandler ServerID=0 PlayerPoolSize=0 OK  (-314602688)(T0=2016-4-3_11:36:11 T1=226.3520)
ProcessManager::DoTick TurnPlayer Number:0 ValidNum:0 InvalidNum:0 (-658703552)(T0=2016-4-3_11:36:25 T1=240.3470)
BLRetKeepLiveHandler::Execute() ... OK! (-314602688)(T0=2016-4-3_11:36:25 T1=240.5620)
SSScenePlayerCountHandler ServerID=0 PlayerPoolSize=0 OK  (-314602688)(T0=2016-4-3_11:36:26 T1=241.5630)
ServerManager::Tick WorldTurnPlayer Number:0 ValidNum:0 InvalidNum:0 (-314602688)(T0=2016-4-3_11:36:27 T1=242.7640)
SSScenePlayerCountHandler ServerID=0 PlayerPoolSize=0 OK  (-314602688)(T0=2016-4-3_11:36:41 T1=256.5740)
ProcessManager::DoTick TurnPlayer Number:0 ValidNum:0 InvalidNum:0 (-658703552)(T0=2016-4-3_11:36:45 T1=260.3590)
ServerManager::Tick WorldTurnPlayer Number:0 ValidNum:0 InvalidNum:0 (-314602688)(T0=2016-4-3_11:36:47 T1=262.7780)
BLRetKeepLiveHandler::Execute() ... OK! (-314602688)(T0=2016-4-3_11:36:55 T1=270.5840)
SSScenePlayerCountHandler ServerID=0 PlayerPoolSize=0 OK  (-314602688)(T0=2016-4-3_11:36:56 T1=271.3840)
ProcessManager::DoTick TurnPlayer Number:0 ValidNum:0 InvalidNum:0 (-658703552)(T0=2016-4-3_11:37:5 T1=280.3720)
AcceptNewConnection(SOCKET=46, IP=127.0.0.1)...OK (-300524736)(T0=2016-4-3_11:37:6 T1=281.0400)
AcceptNewConnection(SOCKET=-1,IP=,Step=15)...Fails (-300524736)(T0=2016-4-3_11:37:6 T1=281.0400)
CLConnectHandler::Execute(...)...OK,IP = 192.168.1.33,Port = 7384 (-300524736)(T0=2016-4-3_11:37:6 T1=281.2400)
MIBAO:CLAskLoginHandler Receive Account=1 PlayerID=2...idx=1,[g3]= (-300524736)(T0=2016-4-3_11:37:6 T1=281.6400)
MIBAO:CLAskLoginHandler Receive Account=1 PlayerID=2...idx=2,[c1]= (-300524736)(T0=2016-4-3_11:37:6 T1=281.6400)
MIBAO:CLAskLoginHandler Receive Account=1 PlayerID=2...idx=3,[g5]= (-300524736)(T0=2016-4-3_11:37:6 T1=281.6400)
CLAskLoginHandler::Execute(...) Account:1 PlayerID=2 MAC=d5237765154274645d134d2198e08684...OK  (-300524736)(T0=2016-4-3_11:37:6 T1=281.6400)
LBAskAuthHandler::Execute() Acc=1....OK (-314602688)(T0=2016-4-3_11:37:6 T1=281.7920)
BLRetAccCheckHandler... Acc = 1 Wrong password! (-314602688)(T0=2016-4-3_11:37:7 T1=282.1920)
[1604031137] m_pSocketInputStream->Fill ret:-8 EWOULDBLOCK (-300524736)(T0=2016-4-3_11:37:7 T1=282.6410)
LoginPlayerManager::RemovePlayer(PID:2)...OK (-300524736)(T0=2016-4-3_11:37:7 T1=282.6410)
ServerManager::Tick WorldTurnPlayer Number:0 ValidNum:0 InvalidNum:0 (-314602688)(T0=2016-4-3_11:37:7 T1=282.7920)
SSScenePlayerCountHandler ServerID=0 PlayerPoolSize=0 OK  (-314602688)(T0=2016-4-3_11:37:11 T1=286.5950)
ProcessManager::DoTick TurnPlayer Number:0 ValidNum:0 InvalidNum:0 (-658703552)(T0=2016-4-3_11:37:25 T1=300.3840)
BLRetKeepLiveHandler::Execute() ... OK! (-314602688)(T0=2016-4-3_11:37:25 T1=300.6060)
SSScenePlayerCountHandler ServerID=0 PlayerPoolSize=0 OK  (-314602688)(T0=2016-4-3_11:37:26 T1=301.6070)
ServerManager::Tick WorldTurnPlayer Number:0 ValidNum:0 InvalidNum:0 (-314602688)(T0=2016-4-3_11:37:27 T1=302.8080)
SSScenePlayerCountHandler ServerID=0 PlayerPoolSize=0 OK  (-314602688)(T0=2016-4-3_11:37:41 T1=316.4170)
ProcessManager::DoTick TurnPlayer Number:0 ValidNum:0 InvalidNum:0 (-658703552)(T0=2016-4-3_11:37:45 T1=320.3970)
AcceptNewConnection(SOCKET=46, IP=127.0.0.1)...OK (-300524736)(T0=2016-4-3_11:37:46 T1=321.0750)
AcceptNewConnection(SOCKET=-1,IP=,Step=15)...Fails (-300524736)(T0=2016-4-3_11:37:46 T1=321.0750)
CLConnectHandler::Execute(...)...OK,IP = 192.168.1.33,Port = 7384 (-300524736)(T0=2016-4-3_11:37:46 T1=321.2760)
MIBAO:CLAskLoginHandler Receive Account=1 PlayerID=4...idx=1,[c2]= (-300524736)(T0=2016-4-3_11:37:46 T1=321.6760)
MIBAO:CLAskLoginHandler Receive Account=1 PlayerID=4...idx=2,[a7]= (-300524736)(T0=2016-4-3_11:37:46 T1=321.6760)
MIBAO:CLAskLoginHandler Receive Account=1 PlayerID=4...idx=3,[g7]= (-300524736)(T0=2016-4-3_11:37:46 T1=321.6760)
CLAskLoginHandler::Execute(...) Account:1 PlayerID=4 MAC=d5237765154274645d134d2198e08684...OK  (-300524736)(T0=2016-4-3_11:37:46 T1=321.6760)
LBAskAuthHandler::Execute() Acc=1....OK (-314602688)(T0=2016-4-3_11:37:46 T1=321.8210)
BLRetAccCheckHandler... Acc = 1 Wrong password! (-314602688)(T0=2016-4-3_11:37:47 T1=322.2220)
[1604031137] m_pSocketInputStream->Fill ret:-8 EWOULDBLOCK (-300524736)(T0=2016-4-3_11:37:47 T1=322.6770)
LoginPlayerManager::RemovePlayer(PID:4)...OK (-300524736)(T0=2016-4-3_11:37:47 T1=322.6770)
ServerManager::Tick WorldTurnPlayer Number:0 ValidNum:0 InvalidNum:0 (-314602688)(T0=2016-4-3_11:37:47 T1=322.8220)
BLRetKeepLiveHandler::Execute() ... OK! (-314602688)(T0=2016-4-3_11:37:55 T1=330.6280)
SSScenePlayerCountHandler ServerID=0 PlayerPoolSize=0 OK  (-314602688)(T0=2016-4-3_11:37:56 T1=331.4280)
ProcessManager::DoTick TurnPlayer Number:0 ValidNum:0 InvalidNum:0 (-658703552)(T0=2016-4-3_11:38:5 T1=340.4090)
AcceptNewConnection(SOCKET=46, IP=127.0.0.1)...OK (-300524736)(T0=2016-4-3_11:38:6 T1=341.8940)
AcceptNewConnection(SOCKET=-1,IP=,Step=15)...Fails (-300524736)(T0=2016-4-3_11:38:6 T1=341.8940)
CLConnectHandler::Execute(...)...OK,IP = 192.168.1.33,Port = 7384 (-300524736)(T0=2016-4-3_11:38:7 T1=342.0950)
MIBAO:CLAskLoginHandler Receive Account=dark.hades PlayerID=6...idx=1,[e7]= (-300524736)(T0=2016-4-3_11:38:7 T1=342.4950)
MIBAO:CLAskLoginHandler Receive Account=dark.hades PlayerID=6...idx=2,[c4]= (-300524736)(T0=2016-4-3_11:38:7 T1=342.4950)
MIBAO:CLAskLoginHandler Receive Account=dark.hades PlayerID=6...idx=3,[a7]= (-300524736)(T0=2016-4-3_11:38:7 T1=342.4950)
CLAskLoginHandler::Execute(...) Account:dark.hades PlayerID=6 MAC=d5237765154274645d134d2198e08684...OK  (-300524736)(T0=2016-4-3_11:38:7 T1=342.4950)
LBAskAuthHandler::Execute() Acc=dark.hades....OK (-314602688)(T0=2016-4-3_11:38:7 T1=342.6370)
ServerManager::Tick WorldTurnPlayer Number:0 ValidNum:0 InvalidNum:0 (-314602688)(T0=2016-4-3_11:38:7 T1=342.8370)
BLRetAccCheckHandler... Acc = dark.hades Success! (-314602688)(T0=2016-4-3_11:38:8 T1=343.0370)
BLRetAuthHandler Acc=dark.hades, SetAccFatigueSign=N, SetAccOnlineTime=0s,PhoneBind=N,							 IPBind=N,MiBaoBind=N,MacBind=N,ReadNameBind=N,InputNameBind=N,PhoneMiBaoBind=N,IsPilfered=0 (-658703552)(T0=2016-4-3_11:38:8 T1=343.2110)
BLRetAuthHandler::Execute()....OK! acc = dark.hades  (-658703552)(T0=2016-4-3_11:38:8 T1=343.2110)
LWNotifyUserHandler ServerManager Send LWNotifyUser(dark.hades) to world! Success! (-314602688)(T0=2016-4-3_11:38:8 T1=343.2380)
LWNotifyUserHandler::Execute() ....OK (-314602688)(T0=2016-4-3_11:38:8 T1=343.2380)
WLNotifyUserHandler::Execute()....acc=dark.hades status=1 ask status Success (-658703552)(T0=2016-4-3_11:38:8 T1=343.8110)
CLAskCharListHandler::Execute()....OK! Acc=dark.hades CharNum=1 (-322995392)(T0=2016-4-3_11:38:10 T1=345.4140)
LCRetCharListHandler::Execute() ....OK (-658703552)(T0=2016-4-3_11:38:10 T1=345.6130)
SSScenePlayerCountHandler ServerID=0 PlayerPoolSize=0 OK  (-314602688)(T0=2016-4-3_11:38:11 T1=346.6400)
ProcessManager::DoTick TurnPlayer Number:0 ValidNum:0 InvalidNum:0 (-658703552)(T0=2016-4-3_11:38:25 T1=360.4220)
BLRetKeepLiveHandler::Execute() ... OK! (-314602688)(T0=2016-4-3_11:38:25 T1=360.6490)
SSScenePlayerCountHandler ServerID=0 PlayerPoolSize=0 OK  (-314602688)(T0=2016-4-3_11:38:26 T1=361.6500)
ServerManager::Tick WorldTurnPlayer Number:0 ValidNum:0 InvalidNum:0 (-314602688)(T0=2016-4-3_11:38:27 T1=362.8510)
SSScenePlayerCountHandler ServerID=0 PlayerPoolSize=0 OK  (-314602688)(T0=2016-4-3_11:38:41 T1=376.4600)
ProcessManager::DoTick TurnPlayer Number:0 ValidNum:0 InvalidNum:0 (-658703552)(T0=2016-4-3_11:38:45 T1=380.4350)
ServerManager::Tick WorldTurnPlayer Number:0 ValidNum:0 InvalidNum:0 (-314602688)(T0=2016-4-3_11:38:47 T1=382.8640)
BLRetKeepLiveHandler::Execute() ... OK! (-314602688)(T0=2016-4-3_11:38:55 T1=390.6690)
SSScenePlayerCountHandler ServerID=0 PlayerPoolSize=0 OK  (-314602688)(T0=2016-4-3_11:38:56 T1=391.6700)
ProcessManager::DoTick TurnPlayer Number:0 ValidNum:0 InvalidNum:0 (-658703552)(T0=2016-4-3_11:39:5 T1=400.4470)
ServerManager::Tick WorldTurnPlayer Number:0 ValidNum:0 InvalidNum:0 (-314602688)(T0=2016-4-3_11:39:7 T1=402.8770)
SSScenePlayerCountHandler ServerID=0 PlayerPoolSize=0 OK  (-314602688)(T0=2016-4-3_11:39:11 T1=406.6800)
CLAskLoginCodeHandler::Execute(...)...OK!!! acc=dark.hades (-658703552)(T0=2016-4-3_11:39:13 T1=408.8530)
CLAskLoginCodeHandler::Execute(...)...OK!!! acc=dark.hades (-658703552)(T0=2016-4-3_11:39:17 T1=412.0550)
CLAskCharLoginHandler::Execute()....OK!, acc= dark.hades guid = 3C33609F  (-322995392)(T0=2016-4-3_11:39:18 T1=413.4560)
SendQueuePlayerToWorld...Send Success..GUID=1010000031 Scene=0 (-314602688)(T0=2016-4-3_11:39:18 T1=413.4840)
WLRetCharLoginHandler:acc=dark.hades,charguid=3C33609F ,nMagicIntSave=392370823,nMagicIntNow=392370823,nLogouttime=1019001555 MagicInt Check OK (-322995392)(T0=2016-4-3_11:39:19 T1=414.0810)
WLRetCharLoginHandler::Execute()....OK!,acc=dark.hades, AccountSafeSign=0 (-322995392)(T0=2016-4-3_11:39:19 T1=414.0810)
LWAskCharLoginHandler::Execute() ....OK (-314602688)(T0=2016-4-3_11:39:19 T1=414.0840)
WLBillingStartHandler::Execute ...OK acc=dark.hades,charname=Th§p Tamm,charguid=3C33609F,charlvl=119,st=1459651159 (-314602688)(T0=2016-4-3_11:39:19 T1=414.6850)
BLRetBillingStart::Execute()...Acc=dark.hades Billing Start ft=0,lt=10000 (-314602688)(T0=2016-4-3_11:39:20 T1=415.0850)
BLRetBillingStart::Execute()...Send Packet LWRetBillingStart (-314602688)(T0=2016-4-3_11:39:20 T1=415.0850)
WLRetCharLoginHandler::Execute()...Online ,Acc=dark.hades,ProxyType=0,GUID=3C33609F,IP=192.168.1.33,Port=3731,SID=0 (-658703552)(T0=2016-4-3_11:39:20 T1=415.6570)
SSScenePlayerCountHandler::Execute()....OK,WorldPlayerCount = 1 (-314602688)(T0=2016-4-3_11:39:20 T1=415.6860)
SSScenePlayerCountHandler::Execute()....OK,WorldPlayerCount1 = 1 (-658703552)(T0=2016-4-3_11:39:20 T1=415.8580)
[1604031139] m_pSocketInputStream->Fill ret:-8 EWOULDBLOCK (-658703552)(T0=2016-4-3_11:39:21 T1=416.0580)
ProcessPlayerManager::RemovePlayer Disconnect(SOCKET=46)...OK (-658703552)(T0=2016-4-3_11:39:21 T1=416.0580)
ProcessPlayerManager::Real RemovePlayer(AccountName =dark.hades)...OK (-658703552)(T0=2016-4-3_11:39:21 T1=416.0580)
ProcessManager::DoTick TurnPlayer Number:0 ValidNum:0 InvalidNum:0 (-658703552)(T0=2016-4-3_11:39:25 T1=420.4610)
BLRetKeepLiveHandler::Execute() ... OK! (-314602688)(T0=2016-4-3_11:39:25 T1=420.6890)
SSScenePlayerCountHandler ServerID=0 PlayerPoolSize=0 OK  (-314602688)(T0=2016-4-3_11:39:26 T1=421.4900)
ServerManager::Tick WorldTurnPlayer Number:0 ValidNum:0 InvalidNum:0 (-314602688)(T0=2016-4-3_11:39:27 T1=422.8910)
SSScenePlayerCountHandler ServerID=0 PlayerPoolSize=0 OK  (-314602688)(T0=2016-4-3_11:39:41 T1=436.4990)
ProcessManager::DoTick TurnPlayer Number:0 ValidNum:0 InvalidNum:0 (-658703552)(T0=2016-4-3_11:39:45 T1=440.4720)
ServerManager::Tick WorldTurnPlayer Number:0 ValidNum:0 InvalidNum:0 (-314602688)(T0=2016-4-3_11:39:47 T1=442.9040)
BLRetKeepLiveHandler::Execute() ... OK! (-314602688)(T0=2016-4-3_11:39:55 T1=450.7090)
SSScenePlayerCountHandler ServerID=0 PlayerPoolSize=0 OK  (-314602688)(T0=2016-4-3_11:39:56 T1=451.7100)
[1604031140] m_pSocketInputStream->Fill ret:-8 EWOULDBLOCK (-314602688)(T0=2016-4-3_11:40:0 T1=455.9130)
ERROR: RemoveServer( )...Billing (-314602688)(T0=2016-4-3_11:40:0 T1=455.9130)
ERROR: ConnectBillingServer( ) Pos:0 IP:127.0.0.1 Port:12680 ServerID:2 ...Faile  (-314602688)(T0=2016-4-3_11:40:0 T1=455.9130)
Send LOGIN_SERVER state=LNOTIFY_BILLING_DISCONNECT to World...OK  (-314602688)(T0=2016-4-3_11:40:2 T1=457.9130)
ERROR: ConnectBillingServer( ) Pos:0 IP:127.0.0.1 Port:12680 ServerID:2 ...Faile  (-314602688)(T0=2016-4-3_11:40:3 T1=458.1140)
Send LOGIN_SERVER state=LNOTIFY_BILLING_DISCONNECT to World...OK  (-314602688)(T0=2016-4-3_11:40:5 T1=460.1140)
ERROR: ConnectBillingServer( ) Pos:0 IP:127.0.0.1 Port:12680 ServerID:2 ...Faile  (-314602688)(T0=2016-4-3_11:40:5 T1=460.3140)
ProcessManager::DoTick TurnPlayer Number:0 ValidNum:0 InvalidNum:0 (-658703552)(T0=2016-4-3_11:40:5 T1=460.4850)
Send LOGIN_SERVER state=LNOTIFY_BILLING_DISCONNECT to World...OK  (-314602688)(T0=2016-4-3_11:40:7 T1=462.3140)
ERROR: ConnectBillingServer( ) Pos:0 IP:127.0.0.1 Port:12680 ServerID:2 ...Faile  (-314602688)(T0=2016-4-3_11:40:7 T1=462.5140)
Send LOGIN_SERVER state=LNOTIFY_BILLING_DISCONNECT to World...OK  (-314602688)(T0=2016-4-3_11:40:9 T1=464.5150)
ERROR: ConnectBillingServer( ) Pos:0 IP:127.0.0.1 Port:12680 ServerID:2 ...Faile  (-314602688)(T0=2016-4-3_11:40:9 T1=464.7150)
Send LOGIN_SERVER state=LNOTIFY_BILLING_DISCONNECT to World...OK  (-314602688)(T0=2016-4-3_11:40:11 T1=466.7150)
ServerManager::Tick WorldTurnPlayer Number:0 ValidNum:0 InvalidNum:0 (-314602688)(T0=2016-4-3_11:40:11 T1=466.7150)
SSScenePlayerCountHandler ServerID=0 PlayerPoolSize=0 OK  (-314602688)(T0=2016-4-3_11:40:11 T1=466.9150)
ERROR: ConnectBillingServer( ) Pos:0 IP:127.0.0.1 Port:12680 ServerID:2 ...Faile  (-314602688)(T0=2016-4-3_11:40:11 T1=466.9160)
Send LOGIN_SERVER state=LNOTIFY_BILLING_DISCONNECT to World...OK  (-314602688)(T0=2016-4-3_11:40:13 T1=468.9160)
ERROR: ConnectBillingServer( ) Pos:0 IP:127.0.0.1 Port:12680 ServerID:2 ...Faile  (-314602688)(T0=2016-4-3_11:40:14 T1=469.1160)
Send LOGIN_SERVER state=LNOTIFY_BILLING_DISCONNECT to World...OK  (-314602688)(T0=2016-4-3_11:40:16 T1=471.1160)
ERROR: ConnectBillingServer( ) Pos:0 IP:127.0.0.1 Port:12680 ServerID:2 ...Faile  (-314602688)(T0=2016-4-3_11:40:16 T1=471.3160)
Send LOGIN_SERVER state=LNOTIFY_BILLING_DISCONNECT to World...OK  (-314602688)(T0=2016-4-3_11:40:18 T1=473.3170)
ERROR: ConnectBillingServer( ) Pos:0 IP:127.0.0.1 Port:12680 ServerID:2 ...Faile  (-314602688)(T0=2016-4-3_11:40:18 T1=473.5170)
Send LOGIN_SERVER state=LNOTIFY_BILLING_DISCONNECT to World...OK  (-314602688)(T0=2016-4-3_11:40:20 T1=475.5170)
ERROR: ConnectBillingServer( ) Pos:0 IP:127.0.0.1 Port:12680 ServerID:2 ...Faile  (-314602688)(T0=2016-4-3_11:40:20 T1=475.7170)
Send LOGIN_SERVER state=LNOTIFY_BILLING_DISCONNECT to World...OK  (-314602688)(T0=2016-4-3_11:40:22 T1=477.7180)
ERROR: ConnectBillingServer( ) Pos:0 IP:127.0.0.1 Port:12680 ServerID:2 ...Faile  (-314602688)(T0=2016-4-3_11:40:22 T1=477.9180)
Send LOGIN_SERVER state=LNOTIFY_BILLING_DISCONNECT to World...OK  (-314602688)(T0=2016-4-3_11:40:24 T1=479.9180)
ERROR: ConnectBillingServer( ) Pos:0 IP:127.0.0.1 Port:12680 ServerID:2 ...Faile  (-314602688)(T0=2016-4-3_11:40:25 T1=480.1180)
ProcessManager::DoTick TurnPlayer Number:0 ValidNum:0 InvalidNum:0 (-658703552)(T0=2016-4-3_11:40:25 T1=480.4970)
Send LOGIN_SERVER state=LNOTIFY_BILLING_DISCONNECT to World...OK  (-314602688)(T0=2016-4-3_11:40:27 T1=482.1190)
SSScenePlayerCountHandler ServerID=0 PlayerPoolSize=0 OK  (-314602688)(T0=2016-4-3_11:40:27 T1=482.3190)
ERROR: ConnectBillingServer( ) Pos:0 IP:127.0.0.1 Port:12680 ServerID:2 ...Faile  (-314602688)(T0=2016-4-3_11:40:27 T1=482.3190)
Send LOGIN_SERVER state=LNOTIFY_BILLING_DISCONNECT to World...OK  (-314602688)(T0=2016-4-3_11:40:29 T1=484.3190)
ERROR: ConnectBillingServer( ) Pos:0 IP:127.0.0.1 Port:12680 ServerID:2 ...Faile  (-314602688)(T0=2016-4-3_11:40:29 T1=484.5190)
Send LOGIN_SERVER state=LNOTIFY_BILLING_DISCONNECT to World...OK  (-314602688)(T0=2016-4-3_11:40:31 T1=486.5200)
ERROR: ConnectBillingServer( ) Pos:0 IP:127.0.0.1 Port:12680 ServerID:2 ...Faile  (-314602688)(T0=2016-4-3_11:40:31 T1=486.7200)
Send LOGIN_SERVER state=LNOTIFY_BILLING_DISCONNECT to World...OK  (-314602688)(T0=2016-4-3_11:40:33 T1=488.7200)
ServerManager::Tick WorldTurnPlayer Number:0 ValidNum:0 InvalidNum:0 (-314602688)(T0=2016-4-3_11:40:33 T1=488.7200)
ERROR: ConnectBillingServer( ) Pos:0 IP:127.0.0.1 Port:12680 ServerID:2 ...Faile  (-314602688)(T0=2016-4-3_11:40:33 T1=488.9200)
Send LOGIN_SERVER state=LNOTIFY_BILLING_DISCONNECT to World...OK  (-314602688)(T0=2016-4-3_11:40:35 T1=490.9200)
ERROR: ConnectBillingServer( ) Pos:0 IP:127.0.0.1 Port:12680 ServerID:2 ...Faile  (-314602688)(T0=2016-4-3_11:40:36 T1=491.1210)
Send LOGIN_SERVER state=LNOTIFY_BILLING_DISCONNECT to World...OK  (-314602688)(T0=2016-4-3_11:40:38 T1=493.1210)
ERROR: ConnectBillingServer( ) Pos:0 IP:127.0.0.1 Port:12680 ServerID:2 ...Faile  (-314602688)(T0=2016-4-3_11:40:38 T1=493.3210)
Send LOGIN_SERVER state=LNOTIFY_BILLING_DISCONNECT to World...OK  (-314602688)(T0=2016-4-3_11:40:40 T1=495.3210)
ERROR: ConnectBillingServer( ) Pos:0 IP:127.0.0.1 Port:12680 ServerID:2 ...Faile  (-314602688)(T0=2016-4-3_11:40:40 T1=495.5220)
Send LOGIN_SERVER state=LNOTIFY_BILLING_DISCONNECT to World...OK  (-314602688)(T0=2016-4-3_11:40:42 T1=497.5220)
SSScenePlayerCountHandler ServerID=0 PlayerPoolSize=0 OK  (-314602688)(T0=2016-4-3_11:40:42 T1=497.7220)
ERROR: ConnectBillingServer( ) Pos:0 IP:127.0.0.1 Port:12680 ServerID:2 ...Faile  (-314602688)(T0=2016-4-3_11:40:42 T1=497.7220)
Send LOGIN_SERVER state=LNOTIFY_BILLING_DISCONNECT to World...OK  (-314602688)(T0=2016-4-3_11:40:44 T1=499.7220)
ERROR: ConnectBillingServer( ) Pos:0 IP:127.0.0.1 Port:12680 ServerID:2 ...Faile  (-314602688)(T0=2016-4-3_11:40:44 T1=499.9230)
ProcessManager::DoTick TurnPlayer Number:0 ValidNum:0 InvalidNum:0 (-658703552)(T0=2016-4-3_11:40:45 T1=500.5100)
Send LOGIN_SERVER state=LNOTIFY_BILLING_DISCONNECT to World...OK  (-314602688)(T0=2016-4-3_11:40:46 T1=501.9230)
ERROR: ConnectBillingServer( ) Pos:0 IP:127.0.0.1 Port:12680 ServerID:2 ...Faile  (-314602688)(T0=2016-4-3_11:40:47 T1=502.1230)
Send LOGIN_SERVER state=LNOTIFY_BILLING_DISCONNECT to World...OK  (-314602688)(T0=2016-4-3_11:40:49 T1=504.1230)
ERROR: ConnectBillingServer( ) Pos:0 IP:127.0.0.1 Port:12680 ServerID:2 ...Faile  (-314602688)(T0=2016-4-3_11:40:49 T1=504.3240)
Send LOGIN_SERVER state=LNOTIFY_BILLING_DISCONNECT to World...OK  (-314602688)(T0=2016-4-3_11:40:51 T1=506.3240)
ERROR: ConnectBillingServer( ) Pos:0 IP:127.0.0.1 Port:12680 ServerID:2 ...Faile  (-314602688)(T0=2016-4-3_11:40:51 T1=506.5240)
Send LOGIN_SERVER state=LNOTIFY_BILLING_DISCONNECT to World...OK  (-314602688)(T0=2016-4-3_11:40:53 T1=508.5240)
ERROR: ConnectBillingServer( ) Pos:0 IP:127.0.0.1 Port:12680 ServerID:2 ...Faile  (-314602688)(T0=2016-4-3_11:40:53 T1=508.7240)
Send LOGIN_SERVER state=LNOTIFY_BILLING_DISCONNECT to World...OK  (-314602688)(T0=2016-4-3_11:40:55 T1=510.7250)
ServerManager::Tick WorldTurnPlayer Number:0 ValidNum:0 InvalidNum:0 (-314602688)(T0=2016-4-3_11:40:55 T1=510.7250)
ERROR: ConnectBillingServer( ) Pos:0 IP:127.0.0.1 Port:12680 ServerID:2 ...Faile  (-314602688)(T0=2016-4-3_11:40:55 T1=510.9250)
Send LOGIN_SERVER state=LNOTIFY_BILLING_DISCONNECT to World...OK  (-314602688)(T0=2016-4-3_11:40:57 T1=512.9250)
SSScenePlayerCountHandler ServerID=0 PlayerPoolSize=0 OK  (-314602688)(T0=2016-4-3_11:40:58 T1=513.1250)
ERROR: ConnectBillingServer( ) Pos:0 IP:127.0.0.1 Port:12680 ServerID:2 ...Faile  (-314602688)(T0=2016-4-3_11:40:58 T1=513.1250)
Send LOGIN_SERVER state=LNOTIFY_BILLING_DISCONNECT to World...OK  (-314602688)(T0=2016-4-3_11:41:0 T1=515.1260)
ERROR: ConnectBillingServer( ) Pos:0 IP:127.0.0.1 Port:12680 ServerID:2 ...Faile  (-314602688)(T0=2016-4-3_11:41:0 T1=515.3260)
Send LOGIN_SERVER state=LNOTIFY_BILLING_DISCONNECT to World...OK  (-314602688)(T0=2016-4-3_11:41:2 T1=517.3260)
ERROR: ConnectBillingServer( ) Pos:0 IP:127.0.0.1 Port:12680 ServerID:2 ...Faile  (-314602688)(T0=2016-4-3_11:41:2 T1=517.5260)
Send LOGIN_SERVER state=LNOTIFY_BILLING_DISCONNECT to World...OK  (-314602688)(T0=2016-4-3_11:41:4 T1=519.5260)
ERROR: ConnectBillingServer( ) Pos:0 IP:127.0.0.1 Port:12680 ServerID:2 ...Faile  (-314602688)(T0=2016-4-3_11:41:4 T1=519.7270)
ProcessManager::DoTick TurnPlayer Number:0 ValidNum:0 InvalidNum:0 (-658703552)(T0=2016-4-3_11:41:5 T1=520.5230)
Send LOGIN_SERVER state=LNOTIFY_BILLING_DISCONNECT to World...OK  (-314602688)(T0=2016-4-3_11:41:6 T1=521.7270)
ERROR: ConnectBillingServer( ) Pos:0 IP:127.0.0.1 Port:12680 ServerID:2 ...Faile  (-314602688)(T0=2016-4-3_11:41:6 T1=521.9270)
Send LOGIN_SERVER state=LNOTIFY_BILLING_DISCONNECT to World...OK  (-314602688)(T0=2016-4-3_11:41:8 T1=523.9270)
ConnectServer( ) Pos:0 IP:127.0.0.1 Port:12680 ...OK  (-314602688)(T0=2016-4-3_11:41:9 T1=524.1280)
ConnectBillingServer( ) Current ServerID:2 ...OK  (-314602688)(T0=2016-4-3_11:41:9 T1=524.1280)
Send LOGIN_SERVER state=LNOTIFY_BILLING_DISCONNECT to World...OK  (-314602688)(T0=2016-4-3_11:41:9 T1=524.1280)
BLRetConnectHandler::Execute() ... OK! (-314602688)(T0=2016-4-3_11:41:9 T1=524.5280)
BLRetKeepLiveHandler::Execute() ... OK! (-314602688)(T0=2016-4-3_11:41:9 T1=524.9290)
SSScenePlayerCountHandler ServerID=0 PlayerPoolSize=0 OK  (-314602688)(T0=2016-4-3_11:41:11 T1=526.5300)
ServerManager::Tick WorldTurnPlayer Number:0 ValidNum:0 InvalidNum:0 (-314602688)(T0=2016-4-3_11:41:13 T1=528.7320)
ProcessManager::DoTick TurnPlayer Number:0 ValidNum:0 InvalidNum:0 (-658703552)(T0=2016-4-3_11:41:25 T1=540.5360)
SSScenePlayerCountHandler ServerID=0 PlayerPoolSize=0 OK  (-314602688)(T0=2016-4-3_11:41:26 T1=541.7410)
ServerManager::Tick WorldTurnPlayer Number:0 ValidNum:0 InvalidNum:0 (-314602688)(T0=2016-4-3_11:41:33 T1=548.7470)
BLRetKeepLiveHandler::Execute() ... OK! (-314602688)(T0=2016-4-3_11:41:39 T1=554.9520)
SSScenePlayerCountHandler ServerID=0 PlayerPoolSize=0 OK  (-314602688)(T0=2016-4-3_11:41:41 T1=556.7530)
ProcessManager::DoTick TurnPlayer Number:0 ValidNum:0 InvalidNum:0 (-658703552)(T0=2016-4-3_11:41:45 T1=560.5470)
AcceptNewConnection(SOCKET=46, IP=127.0.0.1)...OK (-300524736)(T0=2016-4-3_11:41:50 T1=565.4730)
AcceptNewConnection(SOCKET=-1,IP=,Step=15)...Fails (-300524736)(T0=2016-4-3_11:41:50 T1=565.4730)
CLConnectHandler::Execute(...)...OK,IP = 192.168.1.33,Port = 7384 (-300524736)(T0=2016-4-3_11:41:50 T1=565.6730)
MIBAO:CLAskLoginHandler Receive Account=darkhades1 PlayerID=8...idx=1,[b5]= (-300524736)(T0=2016-4-3_11:41:51 T1=566.0730)
MIBAO:CLAskLoginHandler Receive Account=darkhades1 PlayerID=8...idx=2,[c7]= (-300524736)(T0=2016-4-3_11:41:51 T1=566.0730)
MIBAO:CLAskLoginHandler Receive Account=darkhades1 PlayerID=8...idx=3,[g7]= (-300524736)(T0=2016-4-3_11:41:51 T1=566.0730)
CLAskLoginHandler::Execute(...) Account:darkhades1 PlayerID=8 MAC=d5237765154274645d134d2198e08684...OK  (-300524736)(T0=2016-4-3_11:41:51 T1=566.0730)
LBAskAuthHandler::Execute() Acc=darkhades1....OK (-314602688)(T0=2016-4-3_11:41:51 T1=566.1590)
BLRetAccCheckHandler... Acc = darkhades1 Wrong password! (-314602688)(T0=2016-4-3_11:41:51 T1=566.5600)
[1604031141] m_pSocketInputStream->Fill ret:-8 EWOULDBLOCK (-300524736)(T0=2016-4-3_11:41:52 T1=567.0740)
LoginPlayerManager::RemovePlayer(PID:8)...OK (-300524736)(T0=2016-4-3_11:41:52 T1=567.0740)
ServerManager::Tick WorldTurnPlayer Number:0 ValidNum:0 InvalidNum:0 (-314602688)(T0=2016-4-3_11:41:53 T1=568.7610)
AcceptNewConnection(SOCKET=46, IP=127.0.0.1)...OK (-300524736)(T0=2016-4-3_11:41:54 T1=569.4760)
AcceptNewConnection(SOCKET=-1,IP=,Step=15)...Fails (-300524736)(T0=2016-4-3_11:41:54 T1=569.4770)
CLConnectHandler::Execute(...)...OK,IP = 192.168.1.33,Port = 7384 (-300524736)(T0=2016-4-3_11:41:54 T1=569.6770)
MIBAO:CLAskLoginHandler Receive Account=darkhades PlayerID=10...idx=1,[g5]= (-300524736)(T0=2016-4-3_11:41:55 T1=570.0770)
MIBAO:CLAskLoginHandler Receive Account=darkhades PlayerID=10...idx=2,[a2]= (-300524736)(T0=2016-4-3_11:41:55 T1=570.0770)
MIBAO:CLAskLoginHandler Receive Account=darkhades PlayerID=10...idx=3,[b6]= (-300524736)(T0=2016-4-3_11:41:55 T1=570.0770)
CLAskLoginHandler::Execute(...) Account:darkhades PlayerID=10 MAC=d5237765154274645d134d2198e08684...OK  (-300524736)(T0=2016-4-3_11:41:55 T1=570.0770)
LBAskAuthHandler::Execute() Acc=darkhades....OK (-314602688)(T0=2016-4-3_11:41:55 T1=570.1620)
BLRetAccCheckHandler... Acc = darkhades Success! (-314602688)(T0=2016-4-3_11:41:55 T1=570.5630)
BLRetAuthHandler Acc=darkhades, SetAccFatigueSign=N, SetAccOnlineTime=0s,PhoneBind=N,							 IPBind=N,MiBaoBind=N,MacBind=N,ReadNameBind=N,InputNameBind=N,PhoneMiBaoBind=N,IsPilfered=0 (-658703552)(T0=2016-4-3_11:41:55 T1=570.7540)
BLRetAuthHandler::Execute()....OK! acc = darkhades  (-658703552)(T0=2016-4-3_11:41:55 T1=570.7540)
LWNotifyUserHandler ServerManager Send LWNotifyUser(darkhades) to world! Success! (-314602688)(T0=2016-4-3_11:41:55 T1=570.7630)
LWNotifyUserHandler::Execute() ....OK (-314602688)(T0=2016-4-3_11:41:55 T1=570.7630)
WLNotifyUserHandler::Execute()....acc=darkhades status=1 ask status Success (-658703552)(T0=2016-4-3_11:41:56 T1=571.3540)
SSScenePlayerCountHandler ServerID=0 PlayerPoolSize=0 OK  (-314602688)(T0=2016-4-3_11:41:56 T1=571.7640)
CLAskCharListHandler::Execute()....OK! Acc=darkhades CharNum=1 (-322995392)(T0=2016-4-3_11:41:56 T1=571.9550)
LCRetCharListHandler::Execute() ....OK (-658703552)(T0=2016-4-3_11:41:57 T1=572.1550)
CLAskLoginCodeHandler::Execute(...)...OK!!! acc=darkhades (-658703552)(T0=2016-4-3_11:41:58 T1=573.3560)
CLAskLoginCodeHandler::Execute(...)...OK!!! acc=darkhades (-658703552)(T0=2016-4-3_11:42:1 T1=576.5580)
CLAskCharLoginHandler::Execute()....OK!, acc= darkhades guid = 3C3360A1  (-322995392)(T0=2016-4-3_11:42:2 T1=577.9590)
SendQueuePlayerToWorld...Send Success..GUID=1010000033 Scene=0 (-314602688)(T0=2016-4-3_11:42:2 T1=577.9680)
WLRetCharLoginHandler:acc=darkhades,charguid=3C3360A1 ,nMagicIntSave=481789828,nMagicIntNow=481789828,nLogouttime=1016643940 MagicInt Check OK (-322995392)(T0=2016-4-3_11:42:3 T1=578.5780)
WLRetCharLoginHandler::Execute()....OK!,acc=darkhades, AccountSafeSign=0 (-322995392)(T0=2016-4-3_11:42:3 T1=578.5780)
LWNotifyUserHandler ServerManager Send LWNotifyUser(darkhades) to world! Success! (-314602688)(T0=2016-4-3_11:42:3 T1=578.7690)
LWNotifyUserHandler::Execute() ....OK (-314602688)(T0=2016-4-3_11:42:3 T1=578.7690)
LWAskCharLoginHandler::Execute() ....OK (-314602688)(T0=2016-4-3_11:42:3 T1=578.7690)
WLBillingStartHandler::Execute ...OK acc=darkhades,charname=Lê Viªt Hoài1,charguid=3C3360A1,charlvl=119,st=1459651323 (-314602688)(T0=2016-4-3_11:42:4 T1=579.1690)
BLRetBillingStart::Execute()...Acc=darkhades Billing Start ft=0,lt=10000 (-314602688)(T0=2016-4-3_11:42:4 T1=579.5690)
BLRetBillingStart::Execute()...Send Packet LWRetBillingStart (-314602688)(T0=2016-4-3_11:42:4 T1=579.5690)
WLRetCharLoginHandler::Execute()...Online ,Acc=darkhades,ProxyType=0,GUID=3C3360A1,IP=192.168.1.33,Port=3731,SID=0 (-658703552)(T0=2016-4-3_11:42:5 T1=580.1600)
SSScenePlayerCountHandler::Execute()....OK,WorldPlayerCount = 2 (-314602688)(T0=2016-4-3_11:42:5 T1=580.1700)
SSScenePlayerCountHandler::Execute()....OK,WorldPlayerCount1 = 2 (-658703552)(T0=2016-4-3_11:42:5 T1=580.3610)
[1604031142] m_pSocketInputStream->Fill ret:-8 EWOULDBLOCK (-658703552)(T0=2016-4-3_11:42:5 T1=580.5610)
ProcessPlayerManager::RemovePlayer Disconnect(SOCKET=46)...OK (-658703552)(T0=2016-4-3_11:42:5 T1=580.5610)
ProcessPlayerManager::Real RemovePlayer(AccountName =darkhades)...OK (-658703552)(T0=2016-4-3_11:42:5 T1=580.5610)
ProcessManager::DoTick TurnPlayer Number:0 ValidNum:0 InvalidNum:0 (-658703552)(T0=2016-4-3_11:42:5 T1=580.5610)
BLRetKeepLiveHandler::Execute() ... OK! (-314602688)(T0=2016-4-3_11:42:9 T1=584.9730)
SSScenePlayerCountHandler ServerID=0 PlayerPoolSize=0 OK  (-314602688)(T0=2016-4-3_11:42:11 T1=586.7740)
ServerManager::Tick WorldTurnPlayer Number:0 ValidNum:0 InvalidNum:0 (-314602688)(T0=2016-4-3_11:42:13 T1=588.7750)
ProcessManager::DoTick TurnPlayer Number:0 ValidNum:0 InvalidNum:0 (-658703552)(T0=2016-4-3_11:42:25 T1=600.5730)
SSScenePlayerCountHandler ServerID=0 PlayerPoolSize=0 OK  (-314602688)(T0=2016-4-3_11:42:26 T1=601.7840)
ServerManager::Tick WorldTurnPlayer Number:0 ValidNum:0 InvalidNum:0 (-314602688)(T0=2016-4-3_11:42:33 T1=608.7880)
BLRetKeepLiveHandler::Execute() ... OK! (-314602688)(T0=2016-4-3_11:42:39 T1=614.9930)
SSScenePlayerCountHandler ServerID=0 PlayerPoolSize=0 OK  (-314602688)(T0=2016-4-3_11:42:41 T1=616.5940)
ProcessManager::DoTick TurnPlayer Number:0 ValidNum:0 InvalidNum:0 (-658703552)(T0=2016-4-3_11:42:45 T1=620.5850)
ServerManager::Tick WorldTurnPlayer Number:0 ValidNum:0 InvalidNum:0 (-314602688)(T0=2016-4-3_11:42:53 T1=628.8020)
SSScenePlayerCountHandler ServerID=0 PlayerPoolSize=0 OK  (-314602688)(T0=2016-4-3_11:42:56 T1=631.8040)
ProcessManager::DoTick TurnPlayer Number:0 ValidNum:0 InvalidNum:0 (-658703552)(T0=2016-4-3_11:43:5 T1=640.5960)
BLRetKeepLiveHandler::Execute() ... OK! (-314602688)(T0=2016-4-3_11:43:9 T1=645.0120)
SSScenePlayerCountHandler ServerID=0 PlayerPoolSize=0 OK  (-314602688)(T0=2016-4-3_11:43:11 T1=646.8140)
ServerManager::Tick WorldTurnPlayer Number:0 ValidNum:0 InvalidNum:0 (-314602688)(T0=2016-4-3_11:43:13 T1=648.8150)
ProcessManager::DoTick TurnPlayer Number:0 ValidNum:0 InvalidNum:0 (-658703552)(T0=2016-4-3_11:43:25 T1=660.6090)
SSScenePlayerCountHandler ServerID=0 PlayerPoolSize=0 OK  (-314602688)(T0=2016-4-3_11:43:26 T1=661.6230)
ServerManager::Tick WorldTurnPlayer Number:0 ValidNum:0 InvalidNum:0 (-314602688)(T0=2016-4-3_11:43:33 T1=668.8280)
BLRetKeepLiveHandler::Execute() ... OK! (-314602688)(T0=2016-4-3_11:43:40 T1=675.0320)
SSScenePlayerCountHandler ServerID=0 PlayerPoolSize=0 OK  (-314602688)(T0=2016-4-3_11:43:41 T1=676.6330)
ProcessManager::DoTick TurnPlayer Number:0 ValidNum:0 InvalidNum:0 (-658703552)(T0=2016-4-3_11:43:45 T1=680.6200)
ServerManager::Tick WorldTurnPlayer Number:0 ValidNum:0 InvalidNum:0 (-314602688)(T0=2016-4-3_11:43:53 T1=688.8410)
SSScenePlayerCountHandler ServerID=0 PlayerPoolSize=0 OK  (-314602688)(T0=2016-4-3_11:43:56 T1=691.8430)
ProcessManager::DoTick TurnPlayer Number:0 ValidNum:0 InvalidNum:0 (-658703552)(T0=2016-4-3_11:44:5 T1=700.6320)
BLRetKeepLiveHandler::Execute() ... OK! (-314602688)(T0=2016-4-3_11:44:10 T1=705.0520)
SSScenePlayerCountHandler ServerID=0 PlayerPoolSize=0 OK  (-314602688)(T0=2016-4-3_11:44:11 T1=706.8530)
ServerManager::Tick WorldTurnPlayer Number:0 ValidNum:0 InvalidNum:0 (-314602688)(T0=2016-4-3_11:44:13 T1=708.8550)
ProcessManager::DoTick TurnPlayer Number:0 ValidNum:0 InvalidNum:0 (-658703552)(T0=2016-4-3_11:44:25 T1=720.6440)
SSScenePlayerCountHandler ServerID=0 PlayerPoolSize=0 OK  (-314602688)(T0=2016-4-3_11:44:26 T1=721.6630)
ServerManager::Tick WorldTurnPlayer Number:0 ValidNum:0 InvalidNum:0 (-314602688)(T0=2016-4-3_11:44:33 T1=728.8680)
BLRetKeepLiveHandler::Execute() ... OK! (-314602688)(T0=2016-4-3_11:44:40 T1=735.0720)
SSScenePlayerCountHandler ServerID=0 PlayerPoolSize=0 OK  (-314602688)(T0=2016-4-3_11:44:41 T1=736.8730)
ProcessManager::DoTick TurnPlayer Number:0 ValidNum:0 InvalidNum:0 (-658703552)(T0=2016-4-3_11:44:45 T1=740.6560)
ServerManager::Tick WorldTurnPlayer Number:0 ValidNum:0 InvalidNum:0 (-314602688)(T0=2016-4-3_11:44:53 T1=748.8810)
SSScenePlayerCountHandler ServerID=0 PlayerPoolSize=0 OK  (-314602688)(T0=2016-4-3_11:44:56 T1=751.6830)
AcceptNewConnection(SOCKET=46, IP=127.0.0.1)...OK (-300524736)(T0=2016-4-3_11:45:4 T1=759.6140)
AcceptNewConnection(SOCKET=-1,IP=,Step=15)...Fails (-300524736)(T0=2016-4-3_11:45:4 T1=759.6140)
CLConnectHandler::Execute(...)...OK,IP = 192.168.1.33,Port = 7384 (-300524736)(T0=2016-4-3_11:45:4 T1=759.8140)
MIBAO:CLAskLoginHandler Receive Account=1 PlayerID=12...idx=1,[b5]= (-300524736)(T0=2016-4-3_11:45:5 T1=760.2150)
MIBAO:CLAskLoginHandler Receive Account=1 PlayerID=12...idx=2,[c7]= (-300524736)(T0=2016-4-3_11:45:5 T1=760.2150)
MIBAO:CLAskLoginHandler Receive Account=1 PlayerID=12...idx=3,[g7]= (-300524736)(T0=2016-4-3_11:45:5 T1=760.2150)
CLAskLoginHandler::Execute(...) Account:1 PlayerID=12 MAC=d5237765154274645d134d2198e08684...OK  (-300524736)(T0=2016-4-3_11:45:5 T1=760.2150)
LBAskAuthHandler::Execute() Acc=1....OK (-314602688)(T0=2016-4-3_11:45:5 T1=760.2890)
ProcessManager::DoTick TurnPlayer Number:0 ValidNum:0 InvalidNum:0 (-658703552)(T0=2016-4-3_11:45:5 T1=760.6670)
BLRetAccCheckHandler... Acc = 1 Wrong password! (-314602688)(T0=2016-4-3_11:45:5 T1=760.6890)
[1604031145] m_pSocketInputStream->Fill ret:-8 EWOULDBLOCK (-300524736)(T0=2016-4-3_11:45:6 T1=761.2160)
LoginPlayerManager::RemovePlayer(PID:12)...OK (-300524736)(T0=2016-4-3_11:45:6 T1=761.2160)
BLRetKeepLiveHandler::Execute() ... OK! (-314602688)(T0=2016-4-3_11:45:10 T1=765.0920)
SSScenePlayerCountHandler ServerID=0 PlayerPoolSize=0 OK  (-314602688)(T0=2016-4-3_11:45:11 T1=766.8930)
ServerManager::Tick WorldTurnPlayer Number:0 ValidNum:0 InvalidNum:0 (-314602688)(T0=2016-4-3_11:45:13 T1=768.8950)
AcceptNewConnection(SOCKET=46, IP=127.0.0.1)...OK (-300524736)(T0=2016-4-3_11:45:17 T1=772.4240)
AcceptNewConnection(SOCKET=-1,IP=,Step=15)...Fails (-300524736)(T0=2016-4-3_11:45:17 T1=772.4250)
CLConnectHandler::Execute(...)...OK,IP = 192.168.1.33,Port = 7384 (-300524736)(T0=2016-4-3_11:45:17 T1=772.6250)
MIBAO:CLAskLoginHandler Receive Account=dark.hades PlayerID=14...idx=1,[g5]= (-300524736)(T0=2016-4-3_11:45:18 T1=773.0250)
MIBAO:CLAskLoginHandler Receive Account=dark.hades PlayerID=14...idx=2,[a2]= (-300524736)(T0=2016-4-3_11:45:18 T1=773.0250)
MIBAO:CLAskLoginHandler Receive Account=dark.hades PlayerID=14...idx=3,[b6]= (-300524736)(T0=2016-4-3_11:45:18 T1=773.0250)
CLAskLoginHandler::Execute(...) Account:dark.hades PlayerID=14 MAC=d5237765154274645d134d2198e08684...OK  (-300524736)(T0=2016-4-3_11:45:18 T1=773.0250)
LBAskAuthHandler::Execute() Acc=dark.hades....OK (-314602688)(T0=2016-4-3_11:45:18 T1=773.0980)
BLRetAccCheckHandler... Acc = dark.hades send kick request to world! (-314602688)(T0=2016-4-3_11:45:18 T1=773.4980)
BLRetAccCheckHandler... Acc = dark.hades Char Online! (-314602688)(T0=2016-4-3_11:45:18 T1=773.4980)
LWNotifyUserHandler ServerManager Send LWNotifyUser(dark.hades) to world! Success! (-314602688)(T0=2016-4-3_11:45:18 T1=773.4980)
LWNotifyUserHandler::Execute() ....OK (-314602688)(T0=2016-4-3_11:45:18 T1=773.4980)
WLBillingEndHandler::Execute ...OK acc=dark.hades,charlvl=119,st=1459651518 (-314602688)(T0=2016-4-3_11:45:18 T1=773.8990)
[1604031145] m_pSocketInputStream->Fill ret:-8 EWOULDBLOCK (-300524736)(T0=2016-4-3_11:45:19 T1=774.0260)
LoginPlayerManager::RemovePlayer(PID:14)...OK (-300524736)(T0=2016-4-3_11:45:19 T1=774.0260)
WLNotifyUserHandler::Execute()....acc=dark.hades status=2 Can't find User (-658703552)(T0=2016-4-3_11:45:19 T1=774.0760)
LWNotifyUserHandler ServerManager Send LWNotifyUser(dark.hades) to world! Success! (-314602688)(T0=2016-4-3_11:45:19 T1=774.0990)
LWNotifyUserHandler::Execute() ....OK (-314602688)(T0=2016-4-3_11:45:19 T1=774.0990)
WLNotifyUserHandler::Execute()....g_pReLoginManager->StopAccReLogin acc=dark.hades ip=127.0.0.1 (-300524736)(T0=2016-4-3_11:45:19 T1=774.2270)
WLNotifyUserHandler::Execute()....OK acc=dark.hades in g_pLoginPlayerManager (-300524736)(T0=2016-4-3_11:45:19 T1=774.2270)
BLRetBillingEnd::Execute()...Acc=dark.hades Billing End Result = 0  (-314602688)(T0=2016-4-3_11:45:19 T1=774.2990)
SSScenePlayerCountHandler::Execute()....OK,WorldPlayerCount = 1 (-314602688)(T0=2016-4-3_11:45:21 T1=776.3010)
SSScenePlayerCountHandler::Execute()....OK,WorldPlayerCount1 = 1 (-658703552)(T0=2016-4-3_11:45:21 T1=776.4770)
ProcessManager::DoTick TurnPlayer Number:0 ValidNum:0 InvalidNum:0 (-658703552)(T0=2016-4-3_11:45:25 T1=780.6800)
SSScenePlayerCountHandler ServerID=0 PlayerPoolSize=0 OK  (-314602688)(T0=2016-4-3_11:45:26 T1=781.9050)
ServerManager::Tick WorldTurnPlayer Number:0 ValidNum:0 InvalidNum:0 (-314602688)(T0=2016-4-3_11:45:33 T1=788.9100)
AcceptNewConnection(SOCKET=46, IP=127.0.0.1)...OK (-300524736)(T0=2016-4-3_11:45:40 T1=795.0440)
AcceptNewConnection(SOCKET=-1,IP=,Step=15)...Fails (-300524736)(T0=2016-4-3_11:45:40 T1=795.0440)
BLRetKeepLiveHandler::Execute() ... OK! (-314602688)(T0=2016-4-3_11:45:40 T1=795.1150)
CLConnectHandler::Execute(...)...OK,IP = 192.168.1.33,Port = 7384 (-300524736)(T0=2016-4-3_11:45:40 T1=795.2440)
MIBAO:CLAskLoginHandler Receive Account=dark.hades PlayerID=16...idx=1,[e4]= (-300524736)(T0=2016-4-3_11:45:40 T1=795.6450)
MIBAO:CLAskLoginHandler Receive Account=dark.hades PlayerID=16...idx=2,[b1]= (-300524736)(T0=2016-4-3_11:45:40 T1=795.6450)
MIBAO:CLAskLoginHandler Receive Account=dark.hades PlayerID=16...idx=3,[c5]= (-300524736)(T0=2016-4-3_11:45:40 T1=795.6450)
CLAskLoginHandler::Execute(...) Account:dark.hades PlayerID=16 MAC=d5237765154274645d134d2198e08684...OK  (-300524736)(T0=2016-4-3_11:45:40 T1=795.6450)
LBAskAuthHandler::Execute() Acc=dark.hades....OK (-314602688)(T0=2016-4-3_11:45:40 T1=795.7150)
BLRetAccCheckHandler... Acc = dark.hades Success! (-314602688)(T0=2016-4-3_11:45:41 T1=796.1150)
BLRetAuthHandler Acc=dark.hades, SetAccFatigueSign=N, SetAccOnlineTime=0s,PhoneBind=N,							 IPBind=N,MiBaoBind=N,MacBind=N,ReadNameBind=N,InputNameBind=N,PhoneMiBaoBind=N,IsPilfered=0 (-658703552)(T0=2016-4-3_11:45:41 T1=796.2890)
BLRetAuthHandler::Execute()....OK! acc = dark.hades  (-658703552)(T0=2016-4-3_11:45:41 T1=796.2890)
LWNotifyUserHandler ServerManager Send LWNotifyUser(dark.hades) to world! Success! (-314602688)(T0=2016-4-3_11:45:41 T1=796.3160)
LWNotifyUserHandler::Execute() ....OK (-314602688)(T0=2016-4-3_11:45:41 T1=796.3160)
WLNotifyUserHandler::Execute()....acc=dark.hades status=1 ask status Success (-658703552)(T0=2016-4-3_11:45:41 T1=796.8900)
SSScenePlayerCountHandler ServerID=0 PlayerPoolSize=0 OK  (-314602688)(T0=2016-4-3_11:45:41 T1=796.9160)
CLAskCharListHandler::Execute()....OK! Acc=dark.hades CharNum=1 (-322995392)(T0=2016-4-3_11:45:42 T1=797.4910)
LCRetCharListHandler::Execute() ....OK (-658703552)(T0=2016-4-3_11:45:42 T1=797.6900)
CLAskLoginCodeHandler::Execute(...)...OK!!! acc=dark.hades (-658703552)(T0=2016-4-3_11:45:43 T1=798.6910)
ProcessManager::DoTick TurnPlayer Number:0 ValidNum:0 InvalidNum:0 (-658703552)(T0=2016-4-3_11:45:45 T1=800.6930)
CLAskLoginCodeHandler::Execute(...)...OK!!! acc=dark.hades (-658703552)(T0=2016-4-3_11:45:46 T1=801.2930)
CLAskCharLoginHandler::Execute()....OK!, acc= dark.hades guid = 3C33609F  (-322995392)(T0=2016-4-3_11:45:47 T1=802.6940)
SendQueuePlayerToWorld...Send Success..GUID=1010000031 Scene=0 (-314602688)(T0=2016-4-3_11:45:47 T1=802.7200)
WLRetCharLoginHandler:acc=dark.hades,charguid=3C33609F ,nMagicIntSave=392370823,nMagicIntNow=392370823,nLogouttime=1019001555 MagicInt Check OK (-322995392)(T0=2016-4-3_11:45:48 T1=803.2970)
WLRetCharLoginHandler::Execute()....OK!,acc=dark.hades, AccountSafeSign=0 (-322995392)(T0=2016-4-3_11:45:48 T1=803.2970)
LWAskCharLoginHandler::Execute() ....OK (-314602688)(T0=2016-4-3_11:45:48 T1=803.3200)
WLBillingStartHandler::Execute ...OK acc=dark.hades,charname=Th§p Tamm,charguid=3C33609F,charlvl=119,st=1459651548 (-314602688)(T0=2016-4-3_11:45:48 T1=803.7210)
BLRetBillingStart::Execute()...Acc=dark.hades Billing Start ft=0,lt=10000 (-314602688)(T0=2016-4-3_11:45:49 T1=804.1210)
BLRetBillingStart::Execute()...Send Packet LWRetBillingStart (-314602688)(T0=2016-4-3_11:45:49 T1=804.1210)
WLRetCharLoginHandler::Execute()...Online ,Acc=dark.hades,ProxyType=0,GUID=3C33609F,IP=192.168.1.33,Port=3731,SID=0 (-658703552)(T0=2016-4-3_11:45:49 T1=804.6950)
SSScenePlayerCountHandler::Execute()....OK,WorldPlayerCount = 2 (-314602688)(T0=2016-4-3_11:45:49 T1=804.7220)
SSScenePlayerCountHandler::Execute()....OK,WorldPlayerCount1 = 2 (-658703552)(T0=2016-4-3_11:45:49 T1=804.8960)
[1604031145] m_pSocketInputStream->Fill ret:-8 EWOULDBLOCK (-658703552)(T0=2016-4-3_11:45:50 T1=805.0960)
ProcessPlayerManager::RemovePlayer Disconnect(SOCKET=46)...OK (-658703552)(T0=2016-4-3_11:45:50 T1=805.0960)
ProcessPlayerManager::Real RemovePlayer(AccountName =dark.hades)...OK (-658703552)(T0=2016-4-3_11:45:50 T1=805.0960)
ServerManager::Tick WorldTurnPlayer Number:0 ValidNum:0 InvalidNum:0 (-314602688)(T0=2016-4-3_11:45:53 T1=808.9240)
SSScenePlayerCountHandler ServerID=0 PlayerPoolSize=0 OK  (-314602688)(T0=2016-4-3_11:45:56 T1=811.7260)
ProcessManager::DoTick TurnPlayer Number:0 ValidNum:0 InvalidNum:0 (-658703552)(T0=2016-4-3_11:46:5 T1=820.7050)
BLRetKeepLiveHandler::Execute() ... OK! (-314602688)(T0=2016-4-3_11:46:10 T1=825.1350)
SSScenePlayerCountHandler ServerID=0 PlayerPoolSize=0 OK  (-314602688)(T0=2016-4-3_11:46:11 T1=826.9360)
ServerManager::Tick WorldTurnPlayer Number:0 ValidNum:0 InvalidNum:0 (-314602688)(T0=2016-4-3_11:46:13 T1=828.9380)
ProcessManager::DoTick TurnPlayer Number:0 ValidNum:0 InvalidNum:0 (-658703552)(T0=2016-4-3_11:46:25 T1=840.7190)
SSScenePlayerCountHandler ServerID=0 PlayerPoolSize=0 OK  (-314602688)(T0=2016-4-3_11:46:26 T1=841.9460)
ServerManager::Tick WorldTurnPlayer Number:0 ValidNum:0 InvalidNum:0 (-314602688)(T0=2016-4-3_11:46:33 T1=848.9510)
BLRetKeepLiveHandler::Execute() ... OK! (-314602688)(T0=2016-4-3_11:46:40 T1=855.1560)
SSScenePlayerCountHandler ServerID=0 PlayerPoolSize=0 OK  (-314602688)(T0=2016-4-3_11:46:41 T1=856.9570)
ProcessManager::DoTick TurnPlayer Number:0 ValidNum:0 InvalidNum:0 (-658703552)(T0=2016-4-3_11:46:45 T1=860.7340)
ServerManager::Tick WorldTurnPlayer Number:0 ValidNum:0 InvalidNum:0 (-314602688)(T0=2016-4-3_11:46:53 T1=868.9670)
SSScenePlayerCountHandler ServerID=0 PlayerPoolSize=0 OK  (-314602688)(T0=2016-4-3_11:46:56 T1=871.7690)
ProcessManager::DoTick TurnPlayer Number:0 ValidNum:0 InvalidNum:0 (-658703552)(T0=2016-4-3_11:47:5 T1=880.7470)
BLRetKeepLiveHandler::Execute() ... OK! (-314602688)(T0=2016-4-3_11:47:10 T1=885.1790)
SSScenePlayerCountHandler ServerID=0 PlayerPoolSize=0 OK  (-314602688)(T0=2016-4-3_11:47:11 T1=886.9800)
ServerManager::Tick WorldTurnPlayer Number:0 ValidNum:0 InvalidNum:0 (-314602688)(T0=2016-4-3_11:47:13 T1=888.9820)
ProcessManager::DoTick TurnPlayer Number:0 ValidNum:0 InvalidNum:0 (-658703552)(T0=2016-4-3_11:47:25 T1=900.7610)
SSScenePlayerCountHandler ServerID=0 PlayerPoolSize=0 OK  (-314602688)(T0=2016-4-3_11:47:26 T1=901.9900)
ServerManager::Tick WorldTurnPlayer Number:0 ValidNum:0 InvalidNum:0 (-314602688)(T0=2016-4-3_11:47:33 T1=908.9950)
BLRetKeepLiveHandler::Execute() ... OK! (-314602688)(T0=2016-4-3_11:47:40 T1=915.1990)
SSScenePlayerCountHandler ServerID=0 PlayerPoolSize=0 OK  (-314602688)(T0=2016-4-3_11:47:41 T1=917.0000)
ProcessManager::DoTick TurnPlayer Number:0 ValidNum:0 InvalidNum:0 (-658703552)(T0=2016-4-3_11:47:45 T1=920.7730)
AcceptNewConnection(SOCKET=46, IP=127.0.0.1)...OK (-300524736)(T0=2016-4-3_11:47:48 T1=923.5480)
AcceptNewConnection(SOCKET=-1,IP=,Step=15)...Fails (-300524736)(T0=2016-4-3_11:47:48 T1=923.5480)
CLConnectHandler::Execute(...)...OK,IP = 192.168.1.33,Port = 7384 (-300524736)(T0=2016-4-3_11:47:48 T1=923.7480)
MIBAO:CLAskLoginHandler Receive Account=dark.hades PlayerID=18...idx=1,[d1]= (-300524736)(T0=2016-4-3_11:47:49 T1=924.1490)
MIBAO:CLAskLoginHandler Receive Account=dark.hades PlayerID=18...idx=2,[g2]= (-300524736)(T0=2016-4-3_11:47:49 T1=924.1490)
MIBAO:CLAskLoginHandler Receive Account=dark.hades PlayerID=18...idx=3,[d6]= (-300524736)(T0=2016-4-3_11:47:49 T1=924.1490)
CLAskLoginHandler::Execute(...) Account:dark.hades PlayerID=18 MAC=d5237765154274645d134d2198e08684...OK  (-300524736)(T0=2016-4-3_11:47:49 T1=924.1490)
LBAskAuthHandler::Execute() Acc=dark.hades....OK (-314602688)(T0=2016-4-3_11:47:49 T1=924.2050)
BLRetAccCheckHandler... Acc = dark.hades send kick request to world! (-314602688)(T0=2016-4-3_11:47:49 T1=924.6050)
BLRetAccCheckHandler... Acc = dark.hades Char Online! (-314602688)(T0=2016-4-3_11:47:49 T1=924.6050)
LWNotifyUserHandler ServerManager Send LWNotifyUser(dark.hades) to world! Success! (-314602688)(T0=2016-4-3_11:47:49 T1=924.6050)
LWNotifyUserHandler::Execute() ....OK (-314602688)(T0=2016-4-3_11:47:49 T1=924.6050)
WLBillingEndHandler::Execute ...OK acc=dark.hades,charlvl=119,st=1459651669 (-314602688)(T0=2016-4-3_11:47:49 T1=925.0060)
[1604031147] m_pSocketInputStream->Fill ret:-8 EWOULDBLOCK (-300524736)(T0=2016-4-3_11:47:50 T1=925.1490)
LoginPlayerManager::RemovePlayer(PID:18)...OK (-300524736)(T0=2016-4-3_11:47:50 T1=925.1490)
WLNotifyUserHandler::Execute()....acc=dark.hades status=2 Can't find User (-658703552)(T0=2016-4-3_11:47:50 T1=925.1750)
LWNotifyUserHandler ServerManager Send LWNotifyUser(dark.hades) to world! Success! (-314602688)(T0=2016-4-3_11:47:50 T1=925.2060)
LWNotifyUserHandler::Execute() ....OK (-314602688)(T0=2016-4-3_11:47:50 T1=925.2060)
WLNotifyUserHandler::Execute()....g_pReLoginManager->StopAccReLogin acc=dark.hades ip=127.0.0.1 (-300524736)(T0=2016-4-3_11:47:50 T1=925.3500)
WLNotifyUserHandler::Execute()....OK acc=dark.hades in g_pLoginPlayerManager (-300524736)(T0=2016-4-3_11:47:50 T1=925.3500)
BLRetBillingEnd::Execute()...Acc=dark.hades Billing End Result = 0  (-314602688)(T0=2016-4-3_11:47:50 T1=925.4060)
SSScenePlayerCountHandler::Execute()....OK,WorldPlayerCount = 1 (-314602688)(T0=2016-4-3_11:47:51 T1=926.4070)
SSScenePlayerCountHandler::Execute()....OK,WorldPlayerCount1 = 1 (-658703552)(T0=2016-4-3_11:47:51 T1=926.5760)
ServerManager::Tick WorldTurnPlayer Number:0 ValidNum:0 InvalidNum:0 (-314602688)(T0=2016-4-3_11:47:53 T1=929.0090)
SSScenePlayerCountHandler ServerID=0 PlayerPoolSize=0 OK  (-314602688)(T0=2016-4-3_11:47:56 T1=931.8110)
ProcessManager::DoTick TurnPlayer Number:0 ValidNum:0 InvalidNum:0 (-658703552)(T0=2016-4-3_11:48:5 T1=940.7840)
BLRetKeepLiveHandler::Execute() ... OK! (-314602688)(T0=2016-4-3_11:48:10 T1=945.2200)
SSScenePlayerCountHandler ServerID=0 PlayerPoolSize=0 OK  (-314602688)(T0=2016-4-3_11:48:12 T1=947.0210)
ServerManager::Tick WorldTurnPlayer Number:0 ValidNum:0 InvalidNum:0 (-314602688)(T0=2016-4-3_11:48:14 T1=949.0230)
ProcessManager::DoTick TurnPlayer Number:0 ValidNum:0 InvalidNum:0 (-658703552)(T0=2016-4-3_11:48:25 T1=960.7970)
SSScenePlayerCountHandler ServerID=0 PlayerPoolSize=0 OK  (-314602688)(T0=2016-4-3_11:48:27 T1=962.0320)
ServerManager::Tick WorldTurnPlayer Number:0 ValidNum:0 InvalidNum:0 (-314602688)(T0=2016-4-3_11:48:34 T1=969.0370)
BLRetKeepLiveHandler::Execute() ... OK! (-314602688)(T0=2016-4-3_11:48:40 T1=975.2410)
SSScenePlayerCountHandler ServerID=0 PlayerPoolSize=0 OK  (-314602688)(T0=2016-4-3_11:48:42 T1=977.0430)
ProcessManager::DoTick TurnPlayer Number:0 ValidNum:0 InvalidNum:0 (-658703552)(T0=2016-4-3_11:48:45 T1=980.8090)
ServerManager::Tick WorldTurnPlayer Number:0 ValidNum:0 InvalidNum:0 (-314602688)(T0=2016-4-3_11:48:54 T1=989.0510)
SSScenePlayerCountHandler ServerID=0 PlayerPoolSize=0 OK  (-314602688)(T0=2016-4-3_11:48:56 T1=991.8530)
ProcessManager::DoTick TurnPlayer Number:0 ValidNum:0 InvalidNum:0 (-658703552)(T0=2016-4-3_11:49:5 T1=1000.8210)
BLRetKeepLiveHandler::Execute() ... OK! (-314602688)(T0=2016-4-3_11:49:10 T1=1005.2630)
SSScenePlayerCountHandler ServerID=0 PlayerPoolSize=0 OK  (-314602688)(T0=2016-4-3_11:49:12 T1=1007.0640)
ServerManager::Tick WorldTurnPlayer Number:0 ValidNum:0 InvalidNum:0 (-314602688)(T0=2016-4-3_11:49:14 T1=1009.0650)
ProcessManager::DoTick TurnPlayer Number:0 ValidNum:0 InvalidNum:0 (-658703552)(T0=2016-4-3_11:49:25 T1=1020.8330)
SSScenePlayerCountHandler ServerID=0 PlayerPoolSize=0 OK  (-314602688)(T0=2016-4-3_11:49:26 T1=1021.8740)
ServerManager::Tick WorldTurnPlayer Number:0 ValidNum:0 InvalidNum:0 (-314602688)(T0=2016-4-3_11:49:34 T1=1029.0790)
BLRetKeepLiveHandler::Execute() ... OK! (-314602688)(T0=2016-4-3_11:49:40 T1=1035.2840)
WLBillingEndHandler::Execute ...OK acc=darkhades,charlvl=119,st=1459651780 (-314602688)(T0=2016-4-3_11:49:40 T1=1035.6840)
WLNotifyUserHandler::Execute()....acc=darkhades status=2 Can't find User (-658703552)(T0=2016-4-3_11:49:40 T1=1035.8480)
LWNotifyUserHandler ServerManager Send LWNotifyUser(darkhades) to world! Success! (-314602688)(T0=2016-4-3_11:49:40 T1=1035.8840)
LWNotifyUserHandler::Execute() ....OK (-314602688)(T0=2016-4-3_11:49:40 T1=1035.8840)
WLNotifyUserHandler::Execute()....g_pReLoginManager->StopAccReLogin acc=darkhades ip=127.0.0.1 (-300524736)(T0=2016-4-3_11:49:41 T1=1036.0430)
WLNotifyUserHandler::Execute()....OK acc=darkhades in g_pLoginPlayerManager (-300524736)(T0=2016-4-3_11:49:41 T1=1036.0430)
BLRetBillingEnd::Execute()...Acc=darkhades Billing End Result = 0  (-314602688)(T0=2016-4-3_11:49:41 T1=1036.0850)
SSScenePlayerCountHandler::Execute()....OK,WorldPlayerCount = 0 (-314602688)(T0=2016-4-3_11:49:41 T1=1036.4850)
SSScenePlayerCountHandler::Execute()....OK,WorldPlayerCount1 = 0 (-658703552)(T0=2016-4-3_11:49:41 T1=1036.6490)
SSScenePlayerCountHandler ServerID=0 PlayerPoolSize=0 OK  (-314602688)(T0=2016-4-3_11:49:42 T1=1037.0860)
ProcessManager::DoTick TurnPlayer Number:0 ValidNum:0 InvalidNum:0 (-658703552)(T0=2016-4-3_11:49:45 T1=1040.8520)
ServerManager::Tick WorldTurnPlayer Number:0 ValidNum:0 InvalidNum:0 (-314602688)(T0=2016-4-3_11:49:54 T1=1049.0970)
SSScenePlayerCountHandler ServerID=0 PlayerPoolSize=0 OK  (-314602688)(T0=2016-4-3_11:49:57 T1=1052.0990)
AcceptNewConnection(SOCKET=46, IP=127.0.0.1)...OK (-300524736)(T0=2016-4-3_11:49:59 T1=1054.2600)
AcceptNewConnection(SOCKET=-1,IP=,Step=15)...Fails (-300524736)(T0=2016-4-3_11:49:59 T1=1054.2600)
CLConnectHandler::Execute(...)...OK,IP = 192.168.1.33,Port = 7384 (-300524736)(T0=2016-4-3_11:49:59 T1=1054.4600)
MIBAO:CLAskLoginHandler Receive Account=dark.hades PlayerID=20...idx=1,[c7]= (-300524736)(T0=2016-4-3_11:49:59 T1=1054.8600)
MIBAO:CLAskLoginHandler Receive Account=dark.hades PlayerID=20...idx=2,[a3]= (-300524736)(T0=2016-4-3_11:49:59 T1=1054.8600)
MIBAO:CLAskLoginHandler Receive Account=dark.hades PlayerID=20...idx=3,[f7]= (-300524736)(T0=2016-4-3_11:49:59 T1=1054.8600)
CLAskLoginHandler::Execute(...) Account:dark.hades PlayerID=20 MAC=d5237765154274645d134d2198e08684...OK  (-300524736)(T0=2016-4-3_11:49:59 T1=1054.8600)
LBAskAuthHandler::Execute() Acc=dark.hades....OK (-314602688)(T0=2016-4-3_11:49:59 T1=1054.9010)
BLRetAccCheckHandler... Acc = dark.hades Wrong password! (-314602688)(T0=2016-4-3_11:50:0 T1=1055.3020)
[1604031150] m_pSocketInputStream->Fill ret:-8 EWOULDBLOCK (-300524736)(T0=2016-4-3_11:50:0 T1=1055.8610)
LoginPlayerManager::RemovePlayer(PID:20)...OK (-300524736)(T0=2016-4-3_11:50:0 T1=1055.8610)
AcceptNewConnection(SOCKET=46, IP=127.0.0.1)...OK (-300524736)(T0=2016-4-3_11:50:3 T1=1058.4640)
AcceptNewConnection(SOCKET=-1,IP=,Step=15)...Fails (-300524736)(T0=2016-4-3_11:50:3 T1=1058.4640)
CLConnectHandler::Execute(...)...OK,IP = 192.168.1.33,Port = 7384 (-300524736)(T0=2016-4-3_11:50:3 T1=1058.6640)
MIBAO:CLAskLoginHandler Receive Account=1 PlayerID=22...idx=1,[e2]= (-300524736)(T0=2016-4-3_11:50:4 T1=1059.0640)
MIBAO:CLAskLoginHandler Receive Account=1 PlayerID=22...idx=2,[f5]= (-300524736)(T0=2016-4-3_11:50:4 T1=1059.0640)
MIBAO:CLAskLoginHandler Receive Account=1 PlayerID=22...idx=3,[d6]= (-300524736)(T0=2016-4-3_11:50:4 T1=1059.0640)
CLAskLoginHandler::Execute(...) Account:1 PlayerID=22 MAC=d5237765154274645d134d2198e08684...OK  (-300524736)(T0=2016-4-3_11:50:4 T1=1059.0640)
LBAskAuthHandler::Execute() Acc=1....OK (-314602688)(T0=2016-4-3_11:50:4 T1=1059.1040)
BLRetAccCheckHandler... Acc = 1 Success! (-314602688)(T0=2016-4-3_11:50:4 T1=1059.5050)
BLRetAuthHandler Acc=1, SetAccFatigueSign=N, SetAccOnlineTime=0s,PhoneBind=N,							 IPBind=N,MiBaoBind=N,MacBind=N,ReadNameBind=N,InputNameBind=N,PhoneMiBaoBind=N,IsPilfered=0 (-658703552)(T0=2016-4-3_11:50:4 T1=1059.8640)
BLRetAuthHandler::Execute()....OK! acc = 1  (-658703552)(T0=2016-4-3_11:50:4 T1=1059.8640)
LWNotifyUserHandler ServerManager Send LWNotifyUser(1) to world! Success! (-314602688)(T0=2016-4-3_11:50:4 T1=1059.9050)
LWNotifyUserHandler::Execute() ....OK (-314602688)(T0=2016-4-3_11:50:4 T1=1059.9050)
WLNotifyUserHandler::Execute()....acc=1 status=1 ask status Success (-658703552)(T0=2016-4-3_11:50:5 T1=1060.4640)
ProcessManager::DoTick TurnPlayer Number:0 ValidNum:0 InvalidNum:0 (-658703552)(T0=2016-4-3_11:50:5 T1=1060.8650)
CLAskCharListHandler::Execute()....OK! Acc=1 CharNum=0 (-322995392)(T0=2016-4-3_11:50:6 T1=1061.0660)
LCRetCharListHandler::Execute() ....OK (-658703552)(T0=2016-4-3_11:50:6 T1=1061.2650)
BLRetKeepLiveHandler::Execute() ... OK! (-314602688)(T0=2016-4-3_11:50:10 T1=1065.3090)
SSScenePlayerCountHandler ServerID=0 PlayerPoolSize=0 OK  (-314602688)(T0=2016-4-3_11:50:12 T1=1067.1100)
ServerManager::Tick WorldTurnPlayer Number:0 ValidNum:0 InvalidNum:0 (-314602688)(T0=2016-4-3_11:50:14 T1=1069.1110)
CLAskCreateCodeHandler::Execute(...)...OK!!! acc=1 (-658703552)(T0=2016-4-3_11:50:21 T1=1076.8750)
ProcessManager::DoTick TurnPlayer Number:0 ValidNum:0 InvalidNum:0 (-658703552)(T0=2016-4-3_11:50:25 T1=1080.8780)
CLAskCreateCodeHandler::Execute(...)...OK!!! acc=1 (-658703552)(T0=2016-4-3_11:50:26 T1=1081.2780)
SSScenePlayerCountHandler ServerID=0 PlayerPoolSize=0 OK  (-314602688)(T0=2016-4-3_11:50:27 T1=1082.1200)
ServerManager::Tick WorldTurnPlayer Number:0 ValidNum:0 InvalidNum:0 (-314602688)(T0=2016-4-3_11:50:34 T1=1089.1240)
CLAskCreateCharHandler::Execute()....OK! 				Account = 1 CharGuid = 3C3360A2 CharName = 11111 (-322995392)(T0=2016-4-3_11:50:39 T1=1094.6050)
LCRetCreateCharHandler::Execute() ....OK,acc=1 (-658703552)(T0=2016-4-3_11:50:39 T1=1094.6870)
LCRetCharListHandler::Execute() ....OK (-658703552)(T0=2016-4-3_11:50:39 T1=1094.6870)
BLRetKeepLiveHandler::Execute() ... OK! (-314602688)(T0=2016-4-3_11:50:40 T1=1095.3290)
CLAskLoginCodeHandler::Execute(...)...OK!!! acc=1 (-658703552)(T0=2016-4-3_11:50:41 T1=1096.0880)
SSScenePlayerCountHandler ServerID=0 PlayerPoolSize=0 OK  (-314602688)(T0=2016-4-3_11:50:42 T1=1097.1300)
CLAskLoginCodeHandler::Execute(...)...OK!!! acc=1 (-658703552)(T0=2016-4-3_11:50:44 T1=1099.6900)
ProcessManager::DoTick TurnPlayer Number:0 ValidNum:0 InvalidNum:0 (-658703552)(T0=2016-4-3_11:50:45 T1=1100.8910)
CLAskCharLoginHandler::Execute()....OK!, acc= 1 guid = 3C3360A2  (-322995392)(T0=2016-4-3_11:50:46 T1=1101.0920)
SendQueuePlayerToWorld...Send Success..GUID=1010000034 Scene=2 (-314602688)(T0=2016-4-3_11:50:46 T1=1101.1330)
WLRetCharLoginHandler:acc=1,charguid=3C3360A2 ,nMagicIntSave=242457469,nMagicIntNow=242457469,nLogouttime=0 MagicInt Check OK (-322995392)(T0=2016-4-3_11:50:46 T1=1101.6940)
WLRetCharLoginHandler::Execute()....acc=1,GUID=3C3360A2,Set IPRegion=-1 (-322995392)(T0=2016-4-3_11:50:46 T1=1101.6940)
WLRetCharLoginHandler::Execute()....OK!,acc=1, AccountSafeSign=0 (-322995392)(T0=2016-4-3_11:50:46 T1=1101.6940)
LWAskCharLoginHandler::Execute() ....OK (-314602688)(T0=2016-4-3_11:50:46 T1=1101.7330)
WLBillingStartHandler::Execute ...OK acc=1,charname=11111,charguid=3C3360A2,charlvl=1,st=1459651846 (-314602688)(T0=2016-4-3_11:50:47 T1=1102.1330)
BLRetBillingStart::Execute()...Acc=1 Billing Start ft=0,lt=10000 (-314602688)(T0=2016-4-3_11:50:47 T1=1102.5340)
BLRetBillingStart::Execute()...Send Packet LWRetBillingStart (-314602688)(T0=2016-4-3_11:50:47 T1=1102.5340)
WLRetCharLoginHandler::Execute()...Online ,Acc=1,ProxyType=0,GUID=3C3360A2,IP=192.168.1.33,Port=3731,SID=0 (-658703552)(T0=2016-4-3_11:50:48 T1=1103.0930)
SSScenePlayerCountHandler::Execute()....OK,WorldPlayerCount = 1 (-314602688)(T0=2016-4-3_11:50:48 T1=1103.3340)
[1604031150] m_pSocketInputStream->Fill ret:-8 EWOULDBLOCK (-658703552)(T0=2016-4-3_11:50:48 T1=1103.4930)
ProcessPlayerManager::RemovePlayer Disconnect(SOCKET=46)...OK (-658703552)(T0=2016-4-3_11:50:48 T1=1103.4930)
ProcessPlayerManager::Real RemovePlayer(AccountName =1)...OK (-658703552)(T0=2016-4-3_11:50:48 T1=1103.4930)
SSScenePlayerCountHandler::Execute()....OK,WorldPlayerCount1 = 1 (-658703552)(T0=2016-4-3_11:50:48 T1=1103.4930)
ServerManager::Tick WorldTurnPlayer Number:0 ValidNum:0 InvalidNum:0 (-314602688)(T0=2016-4-3_11:50:54 T1=1109.1380)
SSScenePlayerCountHandler ServerID=0 PlayerPoolSize=0 OK  (-314602688)(T0=2016-4-3_11:50:56 T1=1111.9400)
ProcessManager::DoTick TurnPlayer Number:0 ValidNum:0 InvalidNum:0 (-658703552)(T0=2016-4-3_11:51:5 T1=1120.9030)
BLRetKeepLiveHandler::Execute() ... OK! (-314602688)(T0=2016-4-3_11:51:10 T1=1125.3490)
SSScenePlayerCountHandler ServerID=0 PlayerPoolSize=0 OK  (-314602688)(T0=2016-4-3_11:51:11 T1=1126.9500)
ServerManager::Tick WorldTurnPlayer Number:0 ValidNum:0 InvalidNum:0 (-314602688)(T0=2016-4-3_11:51:14 T1=1129.1510)
ProcessManager::DoTick TurnPlayer Number:0 ValidNum:0 InvalidNum:0 (-658703552)(T0=2016-4-3_11:51:25 T1=1140.9150)
SSScenePlayerCountHandler ServerID=0 PlayerPoolSize=0 OK  (-314602688)(T0=2016-4-3_11:51:27 T1=1142.1590)
ServerManager::Tick WorldTurnPlayer Number:0 ValidNum:0 InvalidNum:0 (-314602688)(T0=2016-4-3_11:51:34 T1=1149.1640)
BLRetKeepLiveHandler::Execute() ... OK! (-314602688)(T0=2016-4-3_11:51:40 T1=1155.3680)
SSScenePlayerCountHandler ServerID=0 PlayerPoolSize=0 OK  (-314602688)(T0=2016-4-3_11:51:41 T1=1156.9690)
ProcessManager::DoTick TurnPlayer Number:0 ValidNum:0 InvalidNum:0 (-658703552)(T0=2016-4-3_11:51:45 T1=1160.9270)
ServerManager::Tick WorldTurnPlayer Number:0 ValidNum:0 InvalidNum:0 (-314602688)(T0=2016-4-3_11:51:54 T1=1169.1770)
SSScenePlayerCountHandler ServerID=0 PlayerPoolSize=0 OK  (-314602688)(T0=2016-4-3_11:51:56 T1=1171.9790)
AcceptNewConnection(SOCKET=46, IP=127.0.0.1)...OK (-300524736)(T0=2016-4-3_11:51:58 T1=1173.7480)
AcceptNewConnection(SOCKET=-1,IP=,Step=15)...Fails (-300524736)(T0=2016-4-3_11:51:58 T1=1173.7480)
CLConnectHandler::Execute(...)...OK,IP = 192.168.1.33,Port = 7384 (-300524736)(T0=2016-4-3_11:51:58 T1=1173.9480)
MIBAO:CLAskLoginHandler Receive Account=1 PlayerID=24...idx=1,[c1]= (-300524736)(T0=2016-4-3_11:51:59 T1=1174.3480)
MIBAO:CLAskLoginHandler Receive Account=1 PlayerID=24...idx=2,[f1]= (-300524736)(T0=2016-4-3_11:51:59 T1=1174.3480)
MIBAO:CLAskLoginHandler Receive Account=1 PlayerID=24...idx=3,[f7]= (-300524736)(T0=2016-4-3_11:51:59 T1=1174.3480)
CLAskLoginHandler::Execute(...) Account:1 PlayerID=24 MAC=d5237765154274645d134d2198e08684...OK  (-300524736)(T0=2016-4-3_11:51:59 T1=1174.3480)
LBAskAuthHandler::Execute() Acc=1....OK (-314602688)(T0=2016-4-3_11:51:59 T1=1174.3810)
BLRetAccCheckHandler... Acc = 1 send kick request to world! (-314602688)(T0=2016-4-3_11:51:59 T1=1174.7810)
BLRetAccCheckHandler... Acc = 1 Char Online! (-314602688)(T0=2016-4-3_11:51:59 T1=1174.7810)
LWNotifyUserHandler ServerManager Send LWNotifyUser(1) to world! Success! (-314602688)(T0=2016-4-3_11:51:59 T1=1174.7810)
LWNotifyUserHandler::Execute() ....OK (-314602688)(T0=2016-4-3_11:51:59 T1=1174.7810)
WLBillingEndHandler::Execute ...OK acc=1,charlvl=1,st=1459651920 (-314602688)(T0=2016-4-3_11:52:0 T1=1175.1820)
WLNotifyUserHandler::Execute()....acc=1 status=2 Can't find User (-658703552)(T0=2016-4-3_11:52:0 T1=1175.3350)
[1604031152] m_pSocketInputStream->Fill ret:-8 EWOULDBLOCK (-300524736)(T0=2016-4-3_11:52:0 T1=1175.3490)
LoginPlayerManager::RemovePlayer(PID:24)...OK (-300524736)(T0=2016-4-3_11:52:0 T1=1175.3490)
WLNotifyUserHandler::Execute()....g_pReLoginManager->StopAccReLogin acc=1 ip=127.0.0.1 (-300524736)(T0=2016-4-3_11:52:0 T1=1175.3490)
WLNotifyUserHandler::Execute()....OK acc=1 in g_pLoginPlayerManager (-300524736)(T0=2016-4-3_11:52:0 T1=1175.3490)
LWNotifyUserHandler ServerManager Send LWNotifyUser(1) to world! Success! (-314602688)(T0=2016-4-3_11:52:0 T1=1175.3820)
LWNotifyUserHandler::Execute() ....OK (-314602688)(T0=2016-4-3_11:52:0 T1=1175.3820)
BLRetBillingEnd::Execute()...Acc=1 Billing End Result = 0  (-314602688)(T0=2016-4-3_11:52:0 T1=1175.5820)
SSScenePlayerCountHandler::Execute()....OK,WorldPlayerCount = 0 (-314602688)(T0=2016-4-3_11:52:1 T1=1176.1830)
SSScenePlayerCountHandler::Execute()....OK,WorldPlayerCount1 = 0 (-658703552)(T0=2016-4-3_11:52:1 T1=1176.3360)
ProcessManager::DoTick TurnPlayer Number:0 ValidNum:0 InvalidNum:0 (-658703552)(T0=2016-4-3_11:52:5 T1=1180.9390)
BLRetKeepLiveHandler::Execute() ... OK! (-314602688)(T0=2016-4-3_11:52:10 T1=1185.3890)
SSScenePlayerCountHandler ServerID=0 PlayerPoolSize=0 OK  (-314602688)(T0=2016-4-3_11:52:11 T1=1186.9900)
ServerManager::Tick WorldTurnPlayer Number:0 ValidNum:0 InvalidNum:0 (-314602688)(T0=2016-4-3_11:52:14 T1=1189.1920)
ProcessManager::DoTick TurnPlayer Number:0 ValidNum:0 InvalidNum:0 (-658703552)(T0=2016-4-3_11:52:25 T1=1200.9510)
SSScenePlayerCountHandler ServerID=0 PlayerPoolSize=0 OK  (-314602688)(T0=2016-4-3_11:52:26 T1=1202.0020)
ServerManager::Tick WorldTurnPlayer Number:0 ValidNum:0 InvalidNum:0 (-314602688)(T0=2016-4-3_11:52:34 T1=1209.2070)
BLRetKeepLiveHandler::Execute() ... OK! (-314602688)(T0=2016-4-3_11:52:40 T1=1215.4120)
SSScenePlayerCountHandler ServerID=0 PlayerPoolSize=0 OK  (-314602688)(T0=2016-4-3_11:52:42 T1=1217.2130)
AcceptNewConnection(SOCKET=46, IP=127.0.0.1)...OK (-300524736)(T0=2016-4-3_11:52:44 T1=1219.7890)
AcceptNewConnection(SOCKET=-1,IP=,Step=15)...Fails (-300524736)(T0=2016-4-3_11:52:44 T1=1219.7890)
CLConnectHandler::Execute(...)...OK,IP = 192.168.1.33,Port = 7384 (-300524736)(T0=2016-4-3_11:52:44 T1=1219.9890)
MIBAO:CLAskLoginHandler Receive Account=1 PlayerID=26...idx=1,[g6]= (-300524736)(T0=2016-4-3_11:52:45 T1=1220.3890)
MIBAO:CLAskLoginHandler Receive Account=1 PlayerID=26...idx=2,[f5]= (-300524736)(T0=2016-4-3_11:52:45 T1=1220.3890)
MIBAO:CLAskLoginHandler Receive Account=1 PlayerID=26...idx=3,[g3]= (-300524736)(T0=2016-4-3_11:52:45 T1=1220.3890)
CLAskLoginHandler::Execute(...) Account:1 PlayerID=26 MAC=d5237765154274645d134d2198e08684...OK  (-300524736)(T0=2016-4-3_11:52:45 T1=1220.3890)
LBAskAuthHandler::Execute() Acc=1....OK (-314602688)(T0=2016-4-3_11:52:45 T1=1220.4150)
BLRetAccCheckHandler... Acc = 1 Success! (-314602688)(T0=2016-4-3_11:52:45 T1=1220.8160)
ProcessManager::DoTick TurnPlayer Number:0 ValidNum:0 InvalidNum:0 (-658703552)(T0=2016-4-3_11:52:45 T1=1220.9640)
BLRetAuthHandler Acc=1, SetAccFatigueSign=N, SetAccOnlineTime=0s,PhoneBind=N,							 IPBind=N,MiBaoBind=N,MacBind=N,ReadNameBind=N,InputNameBind=N,PhoneMiBaoBind=N,IsPilfered=0 (-658703552)(T0=2016-4-3_11:52:46 T1=1221.1640)
BLRetAuthHandler::Execute()....OK! acc = 1  (-658703552)(T0=2016-4-3_11:52:46 T1=1221.1640)
LWNotifyUserHandler ServerManager Send LWNotifyUser(1) to world! Success! (-314602688)(T0=2016-4-3_11:52:46 T1=1221.2160)
LWNotifyUserHandler::Execute() ....OK (-314602688)(T0=2016-4-3_11:52:46 T1=1221.2160)
WLNotifyUserHandler::Execute()....acc=1 status=1 ask status Success (-658703552)(T0=2016-4-3_11:52:46 T1=1221.7640)
CLAskCharListHandler::Execute()....OK! Acc=1 CharNum=1 (-322995392)(T0=2016-4-3_11:52:47 T1=1222.3650)
LCRetCharListHandler::Execute() ....OK (-658703552)(T0=2016-4-3_11:52:47 T1=1222.5650)
CLAskLoginCodeHandler::Execute(...)...OK!!! acc=1 (-658703552)(T0=2016-4-3_11:52:49 T1=1224.1660)
CLAskLoginCodeHandler::Execute(...)...OK!!! acc=1 (-658703552)(T0=2016-4-3_11:52:51 T1=1226.9680)
CLAskCharLoginHandler::Execute()....OK!, acc= 1 guid = 3C3360A2  (-322995392)(T0=2016-4-3_11:52:53 T1=1228.3700)
SendQueuePlayerToWorld...Send Success..GUID=1010000034 Scene=2 (-314602688)(T0=2016-4-3_11:52:53 T1=1228.4210)
WLRetCharLoginHandler:acc=1,charguid=3C3360A2 ,nMagicIntSave=242457469,nMagicIntNow=242457469,nLogouttime=0 MagicInt Check OK (-322995392)(T0=2016-4-3_11:52:53 T1=1228.9720)
WLRetCharLoginHandler::Execute()....acc=1,GUID=3C3360A2,Set IPRegion=-1 (-322995392)(T0=2016-4-3_11:52:53 T1=1228.9720)
WLRetCharLoginHandler::Execute()....OK!,acc=1, AccountSafeSign=0 (-322995392)(T0=2016-4-3_11:52:53 T1=1228.9720)
LWAskCharLoginHandler::Execute() ....OK (-314602688)(T0=2016-4-3_11:52:54 T1=1229.0220)
ServerManager::Tick WorldTurnPlayer Number:0 ValidNum:0 InvalidNum:0 (-314602688)(T0=2016-4-3_11:52:54 T1=1229.2220)
WLBillingStartHandler::Execute ...OK acc=1,charname=11111,charguid=3C3360A2,charlvl=1,st=1459651974 (-314602688)(T0=2016-4-3_11:52:54 T1=1229.6220)
BLRetBillingStart::Execute()...Acc=1 Billing Start ft=0,lt=10000 (-314602688)(T0=2016-4-3_11:52:55 T1=1230.0220)
BLRetBillingStart::Execute()...Send Packet LWRetBillingStart (-314602688)(T0=2016-4-3_11:52:55 T1=1230.0220)
WLRetCharLoginHandler::Execute()...Online ,Acc=1,ProxyType=0,GUID=3C3360A2,IP=192.168.1.33,Port=3731,SID=0 (-658703552)(T0=2016-4-3_11:52:55 T1=1230.5710)
[1604031152] m_pSocketInputStream->Fill ret:-8 EWOULDBLOCK (-658703552)(T0=2016-4-3_11:52:55 T1=1230.9710)
ProcessPlayerManager::RemovePlayer Disconnect(SOCKET=46)...OK (-658703552)(T0=2016-4-3_11:52:55 T1=1230.9710)
ProcessPlayerManager::Real RemovePlayer(AccountName =1)...OK (-658703552)(T0=2016-4-3_11:52:55 T1=1230.9710)
SSScenePlayerCountHandler::Execute()....OK,WorldPlayerCount = 1 (-314602688)(T0=2016-4-3_11:52:56 T1=1231.0230)
SSScenePlayerCountHandler::Execute()....OK,WorldPlayerCount1 = 1 (-658703552)(T0=2016-4-3_11:52:56 T1=1231.1710)
SSScenePlayerCountHandler ServerID=0 PlayerPoolSize=0 OK  (-314602688)(T0=2016-4-3_11:52:57 T1=1232.2240)
ProcessManager::DoTick TurnPlayer Number:0 ValidNum:0 InvalidNum:0 (-658703552)(T0=2016-4-3_11:53:5 T1=1240.9770)
BLRetKeepLiveHandler::Execute() ... OK! (-314602688)(T0=2016-4-3_11:53:10 T1=1245.4320)
SSScenePlayerCountHandler ServerID=0 PlayerPoolSize=0 OK  (-314602688)(T0=2016-4-3_11:53:12 T1=1247.0330)
ServerManager::Tick WorldTurnPlayer Number:0 ValidNum:0 InvalidNum:0 (-314602688)(T0=2016-4-3_11:53:14 T1=1249.2350)
ProcessManager::DoTick TurnPlayer Number:0 ValidNum:0 InvalidNum:0 (-658703552)(T0=2016-4-3_11:53:25 T1=1260.9890)
SSScenePlayerCountHandler ServerID=0 PlayerPoolSize=0 OK  (-314602688)(T0=2016-4-3_11:53:27 T1=1262.2440)
