2016-4-5,14:21:27,IOL,101,0,4817690,30501319,1,3C3360A2,FFFFFFFF,414,0,3,6,-1,55.27,163.42,-1,0,0,0,0,0,0,0,0,0,Param0=0,Param1=0,Param2=0,Bind=0
2016-4-5,14:21:27,IOL,101,0,4817691,30008059,1,3C3360A2,FFFFFFFF,414,0,4,6,-1,55.27,163.42,-1,0,0,0,0,0,0,0,0,0,Param0=0,Param1=0,Param2=0,Bind=0
2016-4-5,14:21:33,IOL,101,0,4818564,30308035,1,3C3360A2,FFFFFFFF,414,0,4,6,-1,55.27,163.42,-1,0,0,0,0,0,0,0,0,0,Param0=0,Param1=0,Param2=0,Bind=0
2016-4-5,14:44:50,IOL,101,0,4819238,30501001,1,3C3360A3,FFFFFFFF,414,0,7,1,-1,92.14,178.97,-1,0,0,0,0,0,0,0,0,0,Param0=0,Param1=0,Param2=0,Bind=1
2016-4-5,14:54:59,MOL,3C3360A2,FFFFFFFF,300,30000000,2,163.34,163.05,,0,30000000,0,0
2016-4-5,14:54:59,MOL,3C3360A2,FFFFFFFF,300,300000,2,163.34,163.05,,30000000,30300000,0,0
2016-4-5,14:55:55,IOL,101,0,4820669,30309683,1,3C3360A2,FFFFFFFF,90,0,4,2,-1,163.34,163.05,194,0,0,0,0,0,0,0,0,0,Param0=0,Param1=0,Param2=20160405,Bind=0
2016-4-5,14:55:55,MOL,3C3360A2,FFFFFFFF,310,1,2,163.34,163.05,010101609514555579310,30300000,30299999,0,0
2016-4-5,14:56:9,IOL,101,0,4820669,30309683,1,3C3360A2,FFFFFFFF,414,0,4,2,-1,163.34,163.05,-1,0,0,0,0,0,0,0,0,0,Param0=0,Param1=0,Param2=0,Bind=0
2016-4-5,14:56:9,POL,3C3360A2,FFFFFFFF,11,2,163.34,163.05,1010000034,2634499,8339,13,14,7,20,21,983,1148,1139,1962,1554,0,1.604000,0,-1,-1,706,710,728,-1,-1,-1,-1,-1,-1,-1,-1,0
2016-4-5,14:56:51,IOL,101,0,4820670,30503018,1,3C3360A2,FFFFFFFF,90,0,4,0,-1,184.91,154.94,195,0,0,0,0,0,0,0,0,0,Param0=0,Param1=0,Param2=20160405,Bind=0
2016-4-5,14:56:51,MOL,3C3360A2,FFFFFFFF,310,1,0,184.91,154.94,010101609514565154610,30299999,30299998,0,0
2016-4-5,14:56:51,IOL,101,0,4820671,30503017,1,3C3360A2,FFFFFFFF,90,0,7,0,-1,184.91,154.94,195,0,0,0,0,0,0,0,0,0,Param0=0,Param1=0,Param2=20160405,Bind=0
2016-4-5,14:56:51,MOL,3C3360A2,FFFFFFFF,310,1,0,184.91,154.94,010101609514565176210,30299998,30299997,0,0
2016-4-5,14:56:51,IOL,101,0,4820672,30503018,1,3C3360A2,FFFFFFFF,90,0,8,0,-1,184.91,154.94,195,0,0,0,0,0,0,0,0,0,Param0=0,Param1=0,Param2=20160405,Bind=0
2016-4-5,14:56:51,MOL,3C3360A2,FFFFFFFF,310,1,0,184.91,154.94,010101609514565104710,30299997,30299996,0,0
2016-4-5,14:56:53,IOL,101,0,4820673,30503020,1,3C3360A2,FFFFFFFF,90,0,9,0,-1,184.91,154.94,195,0,0,0,0,0,0,0,0,0,Param0=0,Param1=0,Param2=20160405,Bind=0
2016-4-5,14:56:53,MOL,3C3360A2,FFFFFFFF,310,1,0,184.91,154.94,010101609514565355310,30299996,30299995,0,0
2016-4-5,14:56:53,IOL,101,0,4820674,30503019,1,3C3360A2,FFFFFFFF,90,0,10,0,-1,184.91,154.94,195,0,0,0,0,0,0,0,0,0,Param0=0,Param1=0,Param2=20160405,Bind=0
2016-4-5,14:56:53,MOL,3C3360A2,FFFFFFFF,310,1,0,184.91,154.94,010101609514565385410,30299995,30299994,0,0
2016-4-5,14:56:53,IOL,101,0,4820675,30503020,1,3C3360A2,FFFFFFFF,90,0,11,0,-1,184.91,154.94,195,0,0,0,0,0,0,0,0,0,Param0=0,Param1=0,Param2=20160405,Bind=0
2016-4-5,14:56:53,MOL,3C3360A2,FFFFFFFF,310,1,0,184.91,154.94,010101609514565315610,30299994,30299993,0,0
2016-4-5,14:57:39,MOL,3C3360A2,FFFFFFFF,131,100000000,2,163.94,162.69,010101609514573923411,9900,100009900,0,0
2016-4-5,14:57:40,MOL,3C3360A2,FFFFFFFF,131,100000000,2,163.94,162.69,010101609514574044211,100009900,200009900,0,0
2016-4-5,14:58:11,IOL,101,0,4820675,30503020,1,3C3360A2,FFFFFFFF,414,0,11,0,-1,181.69,155.15,-1,0,0,0,0,0,0,0,0,0,Param0=0,Param1=0,Param2=0,Bind=0
2016-4-5,14:58:11,POL,3C3360A2,FFFFFFFF,63,0,181.69,155.15,1010000034,2634499,8339,16,14,15,14,16,895,1030,1017,1759,1427,0,1.604000,0,-1,-1,710,670,-1,-1,-1,-1,-1,-1,-1,-1,-1,0
2016-4-5,14:58:26,IOL,101,0,4820676,30402096,1,3C3360A2,FFFFFFFF,90,0,11,0,-1,181.69,155.15,135,0,0,0,0,0,0,0,0,0,Param0=0,Param1=0,Param2=20160405,Bind=0
2016-4-5,14:58:26,MOL,3C3360A2,FFFFFFFF,310,1,0,181.69,155.15,010101609514582650511,30299993,30299992,0,0
2016-4-5,14:58:26,IOL,101,0,4820677,30402097,1,3C3360A2,FFFFFFFF,90,0,12,0,-1,181.69,155.15,135,0,0,0,0,0,0,0,0,0,Param0=0,Param1=0,Param2=20160405,Bind=0
2016-4-5,14:58:26,MOL,3C3360A2,FFFFFFFF,310,1,0,181.69,155.15,010101609514582690611,30299992,30299991,0,0
2016-4-5,14:58:27,IOL,101,0,4820678,30402098,1,3C3360A2,FFFFFFFF,90,0,13,0,-1,181.69,155.15,135,0,0,0,0,0,0,0,0,0,Param0=0,Param1=0,Param2=20160405,Bind=0
2016-4-5,14:58:27,MOL,3C3360A2,FFFFFFFF,310,1,0,181.69,155.15,010101609514582720811,30299991,30299990,0,0
2016-4-5,14:58:27,IOL,101,0,4820679,30402051,1,3C3360A2,FFFFFFFF,90,0,14,0,-1,181.69,155.15,135,0,0,0,0,0,0,0,0,0,Param0=0,Param1=0,Param2=20160405,Bind=0
2016-4-5,14:58:27,MOL,3C3360A2,FFFFFFFF,310,1,0,181.69,155.15,010101609514582761011,30299990,30299989,0,0
2016-4-5,14:58:27,IOL,101,0,4820680,30402093,1,3C3360A2,FFFFFFFF,90,0,15,0,-1,181.69,155.15,135,0,0,0,0,0,0,0,0,0,Param0=0,Param1=0,Param2=20160405,Bind=0
2016-4-5,14:58:27,MOL,3C3360A2,FFFFFFFF,310,1,0,181.69,155.15,010101609514582701211,30299989,30299988,0,0
2016-4-5,14:58:33,IOL,101,0,4820677,30402097,1,3C3360A2,FFFFFFFF,414,0,12,0,-1,181.69,155.15,-1,0,0,0,0,0,0,0,0,0,Param0=0,Param1=0,Param2=0,Bind=0
2016-4-5,14:58:33,POL,3C3360A2,FFFFFFFF,65,0,181.69,155.15,1010000034,2634499,8339,16,14,15,14,16,895,1030,1017,1759,1427,0,1.604000,0,-1,-1,753,670,-1,-1,-1,-1,-1,-1,-1,-1,-1,0
2016-4-5,14:58:34,IOL,101,0,4820680,30402093,1,3C3360A2,FFFFFFFF,414,0,15,0,-1,181.69,155.15,-1,0,0,0,0,0,0,0,0,0,Param0=0,Param1=0,Param2=0,Bind=0
2016-4-5,14:58:34,POL,3C3360A2,FFFFFFFF,65,0,181.69,155.15,1010000034,2634499,8339,16,14,15,14,16,895,1030,1017,1759,1427,0,1.604000,0,-1,-1,728,670,-1,-1,-1,-1,-1,-1,-1,-1,-1,0
2016-4-5,14:58:35,IOL,101,0,4820676,30402096,1,3C3360A2,FFFFFFFF,414,0,11,0,-1,181.69,155.15,-1,0,0,0,0,0,0,0,0,0,Param0=0,Param1=0,Param2=0,Bind=0
2016-4-5,14:58:35,POL,3C3360A2,FFFFFFFF,65,0,181.69,155.15,1010000034,2634499,8339,16,14,15,14,16,895,1030,1017,1759,1427,0,1.604000,0,-1,-1,752,670,-1,-1,-1,-1,-1,-1,-1,-1,-1,0
2016-4-5,15:11:30,IOL,101,0,4820673,30503020,1,3C3360A2,FFFFFFFF,414,0,9,0,-1,181.69,155.15,-1,0,0,0,0,0,0,0,0,0,Param0=0,Param1=0,Param2=0,Bind=0
2016-4-5,15:11:30,POL,3C3360A2,FFFFFFFF,63,0,181.69,155.15,1010000034,2634499,8339,7,18,11,12,27,890,1042,1015,1741,1420,0,1.677000,0,688,-1,706,-1,-1,-1,-1,-1,-1,-1,-1,-1,-1,0
