2016-4-1,5:46:36,IOL,101,0,4855655,30501319,1,3C3360A2,FFFFFFFF,414,0,3,2,-1,160.06,159.99,-1,0,0,0,0,0,0,0,0,0,Param0=0,Param1=0,Param2=0,Bind=0
2016-4-1,5:46:38,IOL,101,0,4855656,30008059,1,3C3360A2,FFFFFFFF,414,0,4,2,-1,160.06,159.99,-1,0,0,0,0,0,0,0,0,0,Param0=0,Param1=0,Param2=0,Bind=0
2016-4-1,5:46:43,IOL,101,0,4855791,30308035,1,3C3360A2,FFFFFFFF,414,0,4,2,-1,160.06,159.99,-1,0,0,0,0,0,0,0,0,0,Param0=0,Param1=0,Param2=0,Bind=0
2016-4-1,5:52:3,IOL,101,0,4856496,30001003,1,3C3360A2,FFFFFFFF,90,0,4,414,-1,150.21,75.91,14,0,0,0,0,0,0,0,0,0,Param0=0,Param1=0,Param2=20160401,Bind=0
2016-4-1,8:14:40,IOL,101,0,4860926,10156005,1,3C3360A2,FFFFFFFF,90,0,6,2,-1,159.24,160.06,213,0,0,0,0,0,0,0,0,0,Param0=0,Param1=0,Param2=20160401,Bind=1
2016-4-1,8:15:22,IOL,101,0,4860927,10155002,1,3C3360A2,FFFFFFFF,90,0,9,2,-1,159.24,160.06,213,0,0,0,0,0,0,0,0,0,Param0=0,Param1=0,Param2=20160401,Bind=0
2016-4-1,8:15:26,IOL,101,0,4860928,30008053,1,3C3360A2,FFFFFFFF,90,0,10,2,-1,159.24,160.06,213,0,0,0,0,0,0,0,0,0,Param0=0,Param1=0,Param2=20160401,Bind=0
2016-4-1,8:15:34,IOL,101,0,4860929,30504080,1,3C3360A2,FFFFFFFF,90,100,11,2,-1,159.24,160.06,213,0,0,0,0,0,0,0,0,0,Param0=0,Param1=0,Param2=20160401,Bind=1
2016-4-1,8:15:44,IOL,101,0,4860930,10141179,1,3C3360A2,FFFFFFFF,90,0,12,2,-1,159.24,160.06,213,0,0,0,0,0,0,0,0,0,Param0=0,Param1=0,Param2=20160401,Bind=0
2016-4-1,8:16:3,IOL,101,0,4860931,10420089,1,3C3360A2,FFFFFFFF,90,0,13,2,-1,159.24,160.06,213,0,0,0,0,0,0,0,0,0,Param0=0,Param1=0,Param2=20160401,Bind=1
2016-4-1,8:16:8,IOL,101,0,4860932,30501005,1,3C3360A2,FFFFFFFF,90,0,14,2,-1,159.24,160.06,213,0,0,0,0,0,0,0,0,0,Param0=0,Param1=0,Param2=20160401,Bind=0
2016-4-1,8:16:30,IOL,101,0,4860933,30308084,1,3C3360A2,FFFFFFFF,90,0,15,2,-1,159.24,160.06,217,0,0,0,0,0,0,0,0,0,Param0=0,Param1=0,Param2=20160401,Bind=0
2016-4-1,8:16:36,IOL,101,0,4860934,10141124,1,3C3360A2,FFFFFFFF,90,0,16,2,-1,159.24,160.06,217,0,0,0,0,0,0,0,0,0,Param0=0,Param1=0,Param2=20160401,Bind=0
2016-4-1,8:16:40,IOL,101,0,4860935,30308063,1,3C3360A2,FFFFFFFF,90,0,17,2,-1,159.24,160.06,217,0,0,0,0,0,0,0,0,0,Param0=0,Param1=0,Param2=20160401,Bind=0
2016-4-1,8:16:42,IOL,101,0,4860936,10141145,1,3C3360A2,FFFFFFFF,90,0,18,2,-1,159.24,160.06,217,0,0,0,0,0,0,0,0,0,Param0=0,Param1=0,Param2=20160401,Bind=0
2016-4-1,8:16:43,IOL,101,0,4860937,30308053,1,3C3360A2,FFFFFFFF,90,0,19,2,-1,159.24,160.06,217,0,0,0,0,0,0,0,0,0,Param0=0,Param1=0,Param2=20160401,Bind=0
2016-4-1,8:16:51,IOL,101,0,4860938,10124013,1,3C3360A2,FFFFFFFF,90,0,20,2,-1,159.24,160.06,217,0,0,0,0,0,0,0,0,0,Param0=0,Param1=0,Param2=20160401,Bind=0
2016-4-1,8:17:20,MOL,3C3360A2,FFFFFFFF,300,30000000,2,165.29,165.56,,0,30000000,0,0
2016-4-1,8:17:20,MOL,3C3360A2,FFFFFFFF,300,300000,2,165.29,165.56,,30000000,30300000,0,0
2016-4-1,8:18:1,IOL,101,0,4860937,30308053,1,3C3360A2,FFFFFFFF,414,0,19,2,-1,165.29,165.56,-1,0,0,0,0,0,0,0,0,0,Param0=0,Param1=0,Param2=0,Bind=0
2016-4-1,8:18:8,IOL,101,0,4860935,30308063,1,3C3360A2,FFFFFFFF,414,0,17,2,-1,165.29,165.56,-1,0,0,0,0,0,0,0,0,0,Param0=0,Param1=0,Param2=0,Bind=0
2016-4-1,8:20:45,IOL,101,0,4860933,30308084,1,3C3360A2,FFFFFFFF,414,0,15,2,-1,165.29,165.56,-1,0,0,0,0,0,0,0,0,0,Param0=0,Param1=0,Param2=0,Bind=0
2016-4-1,8:22:0,IOL,101,0,4855789,30008060,1,3C3360A2,FFFFFFFF,414,0,2,2,-1,215.32,153.06,-1,0,0,0,0,0,0,0,0,0,Param0=0,Param1=0,Param2=0,Bind=0
2016-4-1,8:22:0,IOL,101,0,4860984,30008061,1,3C3360A2,FFFFFFFF,414,0,2,2,-1,215.32,153.06,-1,0,0,0,0,0,0,0,0,0,Param0=0,Param1=0,Param2=0,Bind=0
2016-4-1,8:22:1,IOL,101,0,4860987,30008062,1,3C3360A2,FFFFFFFF,414,0,2,2,-1,215.32,153.06,-1,0,0,0,0,0,0,0,0,0,Param0=0,Param1=0,Param2=0,Bind=0
2016-4-1,8:22:1,IOL,101,0,4860992,30008063,1,3C3360A2,FFFFFFFF,414,0,2,2,-1,215.32,153.06,-1,0,0,0,0,0,0,0,0,0,Param0=0,Param1=0,Param2=0,Bind=0
2016-4-1,8:22:1,IOL,101,0,4860994,30008064,1,3C3360A2,FFFFFFFF,414,0,2,2,-1,215.32,153.06,-1,0,0,0,0,0,0,0,0,0,Param0=0,Param1=0,Param2=0,Bind=0
2016-4-1,8:22:1,IOL,101,0,4860996,30008065,1,3C3360A2,FFFFFFFF,414,0,2,2,-1,215.32,153.06,-1,0,0,0,0,0,0,0,0,0,Param0=0,Param1=0,Param2=0,Bind=0
2016-4-1,8:22:2,IOL,101,0,4860998,30504113,1,3C3360A2,FFFFFFFF,414,0,2,2,-1,215.32,153.06,-1,0,0,0,0,0,0,0,0,0,Param0=0,Param1=0,Param2=0,Bind=0
2016-4-1,8:22:3,IOL,101,0,4861000,30309056,1,3C3360A2,FFFFFFFF,414,0,22,2,-1,215.32,153.06,-1,0,0,0,0,0,0,0,0,0,Param0=0,Param1=0,Param2=0,Bind=0
2016-4-1,8:22:3,POL,3C3360A2,FFFFFFFF,11,2,215.32,153.06,1010000034,9532752,3159,19,9,18,17,12,1553,1317,1065,838,839,0,1.042000,0,-1,-1,722,-1,-1,-1,-1,-1,-1,-1,-1,-1,-1,0
2016-4-1,8:22:8,IOL,101,0,4860995,30008014,1,3C3360A2,FFFFFFFF,414,0,19,2,-1,215.32,153.06,-1,0,0,0,0,0,0,0,0,0,Param0=0,Param1=0,Param2=0,Bind=0
2016-4-1,8:22:11,IOL,101,0,4861001,30900058,1,3C3360A2,FFFFFFFF,414,0,23,2,-1,215.32,153.06,-1,0,0,0,0,0,0,0,0,0,Param0=0,Param1=300000,Param2=0,Bind=1
2016-4-1,8:22:11,POL,3C3360A2,FFFFFFFF,1,2,214.32,153.06,1010000034,9532752,3159,20,10,19,18,13,1553,1317,1065,838,839,5,1.042000,0,-1,-1,722,-1,-1,-1,-1,-1,-1,-1,-1,-1,-1,0
2016-4-1,8:22:11,POL,3C3360A2,FFFFFFFF,1,2,214.32,153.06,1010000034,9532752,3159,21,11,20,19,14,1553,1317,1065,838,839,10,1.042000,0,-1,-1,722,-1,-1,-1,-1,-1,-1,-1,-1,-1,-1,0
2016-4-1,8:22:11,POL,3C3360A2,FFFFFFFF,1,2,214.32,153.06,1010000034,9532752,3159,22,12,21,20,15,1553,1317,1065,838,839,15,1.042000,0,-1,-1,722,-1,-1,-1,-1,-1,-1,-1,-1,-1,-1,0
2016-4-1,8:22:11,POL,3C3360A2,FFFFFFFF,1,2,214.32,153.06,1010000034,9532752,3159,23,13,22,21,16,1553,1317,1065,838,839,20,1.042000,0,-1,-1,722,-1,-1,-1,-1,-1,-1,-1,-1,-1,-1,0
2016-4-1,8:22:11,POL,3C3360A2,FFFFFFFF,1,2,214.32,153.06,1010000034,9532752,3159,24,14,23,22,17,1553,1317,1065,838,839,25,1.042000,0,-1,-1,722,-1,-1,-1,-1,-1,-1,-1,-1,-1,-1,0
2016-4-1,8:22:11,POL,3C3360A2,FFFFFFFF,1,2,214.32,153.06,1010000034,9532752,3159,25,15,24,23,18,1553,1317,1065,838,839,30,1.042000,0,-1,-1,722,662,-1,-1,-1,-1,-1,-1,-1,-1,-1,0
2016-4-1,8:22:11,POL,3C3360A2,FFFFFFFF,1,2,214.32,153.06,1010000034,9532752,3159,26,16,25,24,19,1553,1317,1065,838,839,35,1.042000,0,-1,-1,722,662,-1,-1,-1,-1,-1,-1,-1,-1,-1,0
2016-4-1,8:22:11,POL,3C3360A2,FFFFFFFF,1,2,214.32,153.06,1010000034,9532752,3159,27,17,26,25,20,1553,1317,1065,838,839,40,1.042000,0,-1,-1,722,662,-1,-1,-1,-1,-1,-1,-1,-1,-1,0
2016-4-1,8:22:11,POL,3C3360A2,FFFFFFFF,1,2,214.32,153.06,1010000034,9532752,3159,28,18,27,26,21,1553,1317,1065,838,839,45,1.042000,0,-1,-1,722,662,-1,-1,-1,-1,-1,-1,-1,-1,-1,0
2016-4-1,8:22:11,POL,3C3360A2,FFFFFFFF,1,2,214.32,153.06,1010000034,9532752,3159,29,19,28,27,22,1553,1317,1065,838,839,50,1.042000,0,-1,-1,722,662,-1,-1,-1,-1,-1,-1,-1,-1,-1,0
2016-4-1,8:22:11,POL,3C3360A2,FFFFFFFF,1,2,214.32,153.06,1010000034,9532752,3159,30,20,29,28,23,1553,1317,1065,838,839,55,1.042000,0,-1,-1,722,662,-1,-1,-1,-1,-1,-1,-1,-1,-1,0
2016-4-1,8:22:11,POL,3C3360A2,FFFFFFFF,1,2,214.32,153.06,1010000034,9532752,3159,31,21,30,29,24,1553,1317,1065,838,839,60,1.042000,0,-1,-1,722,662,-1,-1,-1,-1,-1,-1,-1,-1,-1,0
2016-4-1,8:22:11,POL,3C3360A2,FFFFFFFF,1,2,214.32,153.06,1010000034,9532752,3159,32,22,31,30,25,1553,1317,1065,838,839,65,1.042000,0,-1,-1,722,662,-1,-1,-1,-1,-1,-1,-1,-1,-1,0
2016-4-1,8:22:11,POL,3C3360A2,FFFFFFFF,1,2,214.32,153.06,1010000034,9532752,3159,33,23,32,31,26,1553,1317,1065,838,839,70,1.042000,0,-1,-1,722,662,-1,-1,-1,-1,-1,-1,-1,-1,-1,0
2016-4-1,8:22:11,POL,3C3360A2,FFFFFFFF,1,2,214.32,153.06,1010000034,9532752,3159,34,24,33,32,27,1553,1317,1065,838,839,75,1.042000,0,-1,-1,722,662,-1,-1,-1,-1,-1,-1,-1,-1,-1,0
2016-4-1,8:22:11,POL,3C3360A2,FFFFFFFF,1,2,214.32,153.06,1010000034,9532752,3159,35,25,34,33,28,1553,1317,1065,838,839,80,1.042000,0,-1,-1,722,662,-1,-1,-1,-1,-1,-1,-1,-1,-1,0
2016-4-1,8:22:11,POL,3C3360A2,FFFFFFFF,1,2,214.32,153.06,1010000034,9532752,3159,36,26,35,34,29,1553,1317,1065,838,839,85,1.042000,0,-1,-1,722,662,-1,-1,-1,-1,-1,-1,-1,-1,-1,0
2016-4-1,8:22:11,POL,3C3360A2,FFFFFFFF,1,2,214.32,153.06,1010000034,9532752,3159,37,27,36,35,30,1553,1317,1065,838,839,90,1.042000,0,-1,-1,722,662,-1,-1,-1,-1,-1,-1,-1,-1,-1,0
2016-4-1,8:22:11,POL,3C3360A2,FFFFFFFF,1,2,214.32,153.06,1010000034,9532752,3159,38,28,37,36,31,1553,1317,1065,838,839,95,1.042000,0,-1,-1,722,662,-1,-1,-1,-1,-1,-1,-1,-1,-1,0
2016-4-1,8:22:11,POL,3C3360A2,FFFFFFFF,1,2,214.32,153.06,1010000034,9532752,3159,39,29,38,37,32,1553,1317,1065,838,839,100,1.042000,0,-1,-1,722,662,-1,-1,-1,-1,-1,-1,-1,-1,-1,0
2016-4-1,8:22:11,POL,3C3360A2,FFFFFFFF,1,2,214.32,153.06,1010000034,9532752,3159,40,30,39,38,33,1553,1317,1065,838,839,105,1.042000,0,-1,-1,722,662,-1,-1,-1,-1,-1,-1,-1,-1,-1,0
2016-4-1,8:22:11,POL,3C3360A2,FFFFFFFF,1,2,214.32,153.06,1010000034,9532752,3159,41,31,40,39,34,1553,1317,1065,838,839,110,1.042000,0,-1,-1,722,662,-1,-1,-1,-1,-1,-1,-1,-1,-1,0
2016-4-1,8:22:11,POL,3C3360A2,FFFFFFFF,1,2,214.32,153.06,1010000034,9532752,3159,42,32,41,40,35,1553,1317,1065,838,839,115,1.042000,0,-1,-1,722,662,-1,-1,-1,-1,-1,-1,-1,-1,-1,0
2016-4-1,8:22:11,POL,3C3360A2,FFFFFFFF,1,2,214.32,153.06,1010000034,9532752,3159,43,33,42,41,36,1553,1317,1065,838,839,120,1.042000,0,-1,-1,722,662,-1,-1,-1,-1,-1,-1,-1,-1,-1,0
2016-4-1,8:22:11,POL,3C3360A2,FFFFFFFF,1,2,214.32,153.06,1010000034,9532752,3159,44,34,43,42,37,1553,1317,1065,838,839,125,1.042000,0,-1,-1,722,662,-1,-1,-1,-1,-1,-1,-1,-1,-1,0
2016-4-1,8:22:11,POL,3C3360A2,FFFFFFFF,1,2,214.32,153.06,1010000034,9532752,3159,45,35,44,43,38,1553,1317,1065,838,839,130,1.042000,0,-1,-1,722,662,-1,-1,-1,-1,-1,-1,-1,-1,-1,0
2016-4-1,8:22:11,POL,3C3360A2,FFFFFFFF,1,2,214.32,153.06,1010000034,9532752,3159,46,36,45,44,39,1553,1317,1065,838,839,135,1.042000,0,-1,-1,722,662,-1,-1,-1,-1,-1,-1,-1,-1,-1,0
2016-4-1,8:22:11,POL,3C3360A2,FFFFFFFF,1,2,214.32,153.06,1010000034,9532752,3159,47,37,46,45,40,1553,1317,1065,838,839,140,1.042000,0,-1,-1,722,662,-1,-1,-1,-1,-1,-1,-1,-1,-1,0
2016-4-1,8:22:11,POL,3C3360A2,FFFFFFFF,1,2,214.32,153.06,1010000034,9532752,3159,48,38,47,46,41,1553,1317,1065,838,839,145,1.042000,0,-1,-1,722,662,-1,-1,-1,-1,-1,-1,-1,-1,-1,0
2016-4-1,8:22:17,IOL,101,0,4861004,30505076,1,3C3360A2,FFFFFFFF,414,0,25,2,-1,215.32,153.06,-1,0,0,0,0,0,0,0,0,0,Param0=0,Param1=0,Param2=0,Bind=0
2016-4-1,8:22:28,IOL,101,0,4860932,30501005,1,3C3360A2,FFFFFFFF,414,0,14,2,-1,215.32,153.06,-1,0,0,0,0,0,0,0,0,0,Param0=0,Param1=0,Param2=0,Bind=0
2016-4-1,8:23:13,IOL,101,0,4861002,30504114,1,3C3360A2,FFFFFFFF,414,0,2,194,-1,40.67,32.44,-1,0,0,0,0,0,0,0,0,0,Param0=0,Param1=0,Param2=0,Bind=0
2016-4-1,8:23:14,IOL,101,0,4861007,30505076,1,3C3360A2,FFFFFFFF,414,0,5,194,-1,40.67,32.44,-1,0,0,0,0,0,0,0,0,0,Param0=0,Param1=0,Param2=0,Bind=0
2016-4-1,8:23:25,IOL,101,0,4861006,30504115,1,3C3360A2,FFFFFFFF,414,0,2,194,-1,40.67,32.44,-1,0,0,0,0,0,0,0,0,0,Param0=0,Param1=0,Param2=0,Bind=0
2016-4-1,8:23:27,IOL,101,0,4861015,30505076,1,3C3360A2,FFFFFFFF,414,0,22,194,-1,40.67,32.44,-1,0,0,0,0,0,0,0,0,0,Param0=0,Param1=0,Param2=0,Bind=0
2016-4-1,8:23:40,IOL,101,0,4861018,10422016,1,3C3360A2,FFFFFFFF,90,0,22,194,-1,40.67,32.44,189,0,0,0,0,0,0,0,0,0,Param0=0,Param1=0,Param2=20160401,Bind=0
2016-4-1,8:23:40,MOL,3C3360A2,FFFFFFFF,310,500000,194,40.67,32.44,010101609108234097110,30300000,29800000,0,0
2016-4-1,8:23:42,IOL,101,0,4861019,10423024,1,3C3360A2,FFFFFFFF,90,0,26,194,-1,40.67,32.44,189,0,0,0,0,0,0,0,0,0,Param0=0,Param1=0,Param2=20160401,Bind=0
2016-4-1,8:23:42,MOL,3C3360A2,FFFFFFFF,310,500000,194,40.67,32.44,010101609108234228710,29800000,29300000,0,0
2016-4-1,8:23:54,IOL,101,0,4861020,10402075,1,3C3360A2,FFFFFFFF,90,0,27,194,-1,40.67,32.44,189,0,0,0,0,0,0,0,0,0,Param0=0,Param1=0,Param2=20160401,Bind=0
2016-4-1,8:23:54,MOL,3C3360A2,FFFFFFFF,310,150000,194,40.67,32.44,010101609108235430710,29300000,29150000,0,0
2016-4-1,8:23:58,IOL,101,0,4861021,10412081,1,3C3360A2,FFFFFFFF,90,0,28,194,-1,40.67,32.44,189,0,0,0,0,0,0,0,0,0,Param0=0,Param1=0,Param2=20160401,Bind=1
2016-4-1,8:23:58,MOL,3C3360A2,FFFFFFFF,310,150000,194,40.67,32.44,010101609108235801910,29150000,29000000,0,0
2016-4-1,8:23:59,IOL,101,0,4861022,10412083,1,3C3360A2,FFFFFFFF,90,0,29,194,-1,40.67,32.44,189,0,0,0,0,0,0,0,0,0,Param0=0,Param1=0,Param2=20160401,Bind=1
2016-4-1,8:23:59,MOL,3C3360A2,FFFFFFFF,310,150000,194,40.67,32.44,010101609108235942110,29000000,28850000,0,0
2016-4-1,8:24:8,IOL,101,0,4861016,30505076,1,3C3360A2,FFFFFFFF,414,0,23,194,-1,40.67,32.44,-1,0,0,0,0,0,0,0,0,0,Param0=0,Param1=0,Param2=0,Bind=0
2016-4-1,8:25:4,IOL,101,0,4861023,10451030,1,3C3360A2,FFFFFFFF,90,0,22,194,-1,40.67,32.44,215,0,0,0,0,0,0,0,0,0,Param0=0,Param1=0,Param2=20160401,Bind=0
2016-4-1,8:25:4,MOL,3C3360A2,FFFFFFFF,310,1,194,40.67,32.44,010101609108250402710,28850000,28849999,0,0
2016-4-1,8:25:5,IOL,101,0,4861024,10472000,1,3C3360A2,FFFFFFFF,90,0,23,194,-1,40.67,32.44,215,0,0,0,0,0,0,0,0,0,Param0=0,Param1=0,Param2=20160401,Bind=0
2016-4-1,8:25:5,MOL,3C3360A2,FFFFFFFF,310,1,194,40.67,32.44,010101609108250573110,28849999,28849998,0,0
2016-4-1,8:25:5,IOL,101,0,4861025,10514002,1,3C3360A2,FFFFFFFF,90,0,26,194,-1,40.67,32.44,215,0,0,0,0,0,0,0,0,0,Param0=0,Param1=0,Param2=20160401,Bind=0
2016-4-1,8:25:5,MOL,3C3360A2,FFFFFFFF,310,1,194,40.67,32.44,010101609108250513311,28849998,28849997,0,0
2016-4-1,8:25:17,IOL,101,0,4861021,10412081,1,3C3360A2,FFFFFFFF,411,0,29,194,-1,40.67,32.44,-1,0,0,0,0,0,0,0,0,0,Param0=0,Param1=0,Param2=0,Bind=1
2016-4-1,8:25:22,IOL,101,0,4861017,10141108,1,3C3360A2,FFFFFFFF,411,0,25,194,-1,40.67,32.44,-1,0,0,0,0,0,0,0,0,0,Param0=1604010823,Param1=0,Param2=0,Bind=1
2016-4-1,8:25:31,IOL,101,0,4855657,10103100,1,3C3360A2,FFFFFFFF,411,0,27,194,-1,42.71,45.78,-1,0,0,0,0,0,0,0,0,0,Param0=0,Param1=0,Param2=0,Bind=0
2016-4-1,8:25:33,IOL,101,0,4861022,10412083,1,3C3360A2,FFFFFFFF,411,0,23,194,-1,42.71,45.78,-1,0,0,0,0,0,0,0,0,0,Param0=0,Param1=0,Param2=0,Bind=1
2016-4-1,8:25:59,IOL,101,0,4861026,10302102,1,3C3360A2,FFFFFFFF,90,0,22,194,-1,42.71,45.78,208,0,0,0,0,0,0,0,0,0,Param0=0,Param1=0,Param2=20160401,Bind=1
2016-4-1,8:25:59,MOL,3C3360A2,FFFFFFFF,310,20000,194,42.71,45.78,010101609108255931411,28849997,28829997,0,0
2016-4-1,8:26:16,IOL,101,0,4861027,10450091,1,3C3360A2,FFFFFFFF,90,0,23,194,-1,42.71,45.78,215,0,0,0,0,0,0,0,0,0,Param0=0,Param1=0,Param2=20160401,Bind=0
2016-4-1,8:26:16,MOL,3C3360A2,FFFFFFFF,310,1,194,42.71,45.78,010101609108261686711,28829997,28829996,0,0
2016-4-1,8:26:17,IOL,101,0,4861028,10470000,1,3C3360A2,FFFFFFFF,90,0,25,194,-1,42.71,45.78,215,0,0,0,0,0,0,0,0,0,Param0=0,Param1=0,Param2=20160401,Bind=0
2016-4-1,8:26:17,MOL,3C3360A2,FFFFFFFF,310,1,194,42.71,45.78,010101609108261736811,28829996,28829995,0,0
2016-4-1,8:26:17,IOL,101,0,4861029,10411017,1,3C3360A2,FFFFFFFF,90,0,26,194,-1,42.71,45.78,215,0,0,0,0,0,0,0,0,0,Param0=0,Param1=0,Param2=20160401,Bind=1
2016-4-1,8:26:17,MOL,3C3360A2,FFFFFFFF,310,1,194,42.71,45.78,010101609108261706911,28829995,28829994,0,0
2016-4-1,8:26:19,IOL,101,0,4861030,10515000,1,3C3360A2,FFFFFFFF,90,0,27,194,-1,42.71,45.78,215,0,0,0,0,0,0,0,0,0,Param0=0,Param1=0,Param2=20160401,Bind=0
2016-4-1,8:26:19,MOL,3C3360A2,FFFFFFFF,310,1,194,42.71,45.78,010101609108261957311,28829994,28829993,0,0
2016-4-1,8:26:38,IOL,101,0,4861031,10124321,1,3C3360A2,FFFFFFFF,90,0,28,194,-1,42.71,45.78,217,0,0,0,0,0,0,0,0,0,Param0=0,Param1=0,Param2=20160401,Bind=0
2016-4-1,8:26:52,IOL,101,0,4861031,10124321,1,3C3360A2,FFFFFFFF,411,0,28,194,-1,43.10,55.24,-1,0,0,0,0,0,0,0,0,0,Param0=1604010826,Param1=0,Param2=0,Bind=1
2016-4-1,8:39:16,IOL,101,0,4861332,10422016,1,3C3360A2,FFFFFFFF,90,0,25,194,-1,41.75,28.98,189,0,0,0,0,0,0,0,0,0,Param0=0,Param1=0,Param2=20160401,Bind=0
2016-4-1,8:39:16,MOL,3C3360A2,FFFFFFFF,310,500000,194,41.75,28.98,010101609108391603411,28829993,28329993,0,0
2016-4-1,8:39:17,IOL,101,0,4861333,10423024,1,3C3360A2,FFFFFFFF,90,0,26,194,-1,41.75,28.98,189,0,0,0,0,0,0,0,0,0,Param0=0,Param1=0,Param2=20160401,Bind=0
2016-4-1,8:39:17,MOL,3C3360A2,FFFFFFFF,310,500000,194,41.75,28.98,010101609108391753611,28329993,27829993,0,0
2016-4-1,9:9:54,POL,3C3360A2,FFFFFFFF,1,194,39.50,31.36,1010000034,9532752,3159,49,39,48,47,42,1553,1317,1065,838,839,150,1.042000,0,-1,-1,722,662,-1,-1,-1,-1,-1,-1,-1,-1,-1,0
2016-4-1,9:9:54,POL,3C3360A2,FFFFFFFF,1,194,39.50,31.36,1010000034,9532752,3159,50,40,49,48,43,1553,1317,1065,838,839,155,1.042000,0,-1,-1,722,662,-1,-1,-1,-1,-1,-1,-1,-1,-1,0
2016-4-1,9:9:54,POL,3C3360A2,FFFFFFFF,1,194,39.50,31.36,1010000034,9532752,3159,51,41,50,49,44,1553,1317,1065,838,839,160,1.042000,0,-1,-1,722,662,-1,-1,-1,-1,-1,-1,-1,-1,-1,0
2016-4-1,9:9:54,POL,3C3360A2,FFFFFFFF,1,194,39.50,31.36,1010000034,9532752,3159,52,42,51,50,45,1553,1317,1065,838,839,165,1.042000,0,-1,-1,722,662,-1,-1,-1,-1,-1,-1,-1,-1,-1,0
2016-4-1,9:9:54,POL,3C3360A2,FFFFFFFF,1,194,39.50,31.36,1010000034,9532752,3159,53,43,52,51,46,1553,1317,1065,838,839,170,1.042000,0,-1,-1,722,662,-1,-1,-1,-1,-1,-1,-1,-1,-1,0
2016-4-1,9:9:54,POL,3C3360A2,FFFFFFFF,1,194,39.50,31.36,1010000034,9532752,3159,54,44,53,52,47,1553,1317,1065,838,839,175,1.042000,0,-1,-1,722,662,-1,-1,-1,-1,-1,-1,-1,-1,-1,0
2016-4-1,9:9:54,POL,3C3360A2,FFFFFFFF,1,194,39.50,31.36,1010000034,9532752,3159,55,45,54,53,48,1553,1317,1065,838,839,180,1.042000,0,-1,-1,722,662,-1,-1,-1,-1,-1,-1,-1,-1,-1,0
2016-4-1,9:9:54,POL,3C3360A2,FFFFFFFF,1,194,39.50,31.36,1010000034,9532752,3159,56,46,55,54,49,1553,1317,1065,838,839,185,1.042000,0,-1,-1,722,662,-1,-1,-1,-1,-1,-1,-1,-1,-1,0
2016-4-1,9:9:54,POL,3C3360A2,FFFFFFFF,1,194,39.50,31.36,1010000034,9532752,3159,57,47,56,55,50,1553,1317,1065,838,839,190,1.042000,0,-1,-1,722,662,-1,-1,-1,-1,-1,-1,-1,-1,-1,0
2016-4-1,9:9:54,POL,3C3360A2,FFFFFFFF,1,194,39.50,31.36,1010000034,9532752,3159,58,48,57,56,51,1553,1317,1065,838,839,195,1.042000,0,-1,-1,722,662,-1,-1,-1,-1,-1,-1,-1,-1,-1,0
2016-4-1,9:9:54,POL,3C3360A2,FFFFFFFF,1,194,39.50,31.36,1010000034,9532752,3159,59,49,58,57,52,1553,1317,1065,838,839,200,1.042000,0,-1,-1,722,662,-1,-1,-1,-1,-1,-1,-1,-1,-1,0
2016-4-1,9:9:54,POL,3C3360A2,FFFFFFFF,1,194,39.50,31.36,1010000034,9532752,3159,60,50,59,58,53,1553,1317,1065,838,839,205,1.042000,0,-1,-1,722,662,-1,-1,-1,-1,-1,-1,-1,-1,-1,0
2016-4-1,9:9:54,POL,3C3360A2,FFFFFFFF,1,194,39.50,31.36,1010000034,9532752,3159,61,51,60,59,54,1553,1317,1065,838,839,210,1.042000,0,-1,-1,722,662,-1,-1,-1,-1,-1,-1,-1,-1,-1,0
2016-4-1,9:9:54,POL,3C3360A2,FFFFFFFF,1,194,39.50,31.36,1010000034,9532752,3159,62,52,61,60,55,1553,1317,1065,838,839,215,1.042000,0,-1,-1,722,662,-1,-1,-1,-1,-1,-1,-1,-1,-1,0
2016-4-1,9:10:3,IOL,101,0,4862460,30501153,1,3C3360A2,FFFFFFFF,414,0,25,194,-1,41.78,29.48,-1,0,0,0,0,0,0,0,0,0,Param0=1604010909,Param1=0,Param2=0,Bind=1
2016-4-1,9:16:50,IOL,101,0,4862460,30501153,1,3C3360A2,FFFFFFFF,414,0,25,1,-1,179.70,130.69,-1,0,0,0,0,0,0,0,0,0,Param0=1604010909,Param1=0,Param2=0,Bind=1
