MIL:3C3360A2,50,2,160.00,165.00,-1,-1,0,0,0,0,0,0,0,0,0,-1,0,151,1459457151 (-578815166)(T0=2016-4-1_5:45:51 T1=160.3490)
MIL:3C3360A2,50,2,160.00,165.00,-1,-1,0,0,0,0,0,0,0,0,0,-1,0,150,0 (-578815166)(T0=2016-4-1_5:45:51 T1=160.3490)
MIL:3C3360A2,50,2,160.00,165.00,-1,-1,0,0,0,0,0,0,0,0,0,-1,0,19,64 (-578815166)(T0=2016-4-1_5:45:55 T1=165.1690)
MIL:3C3360A2,10,2,160.00,165.00,718,210238,0,0,0,0,0,0,0,0,0,22,1,-1,0 (-578815166)(T0=2016-4-1_5:45:55 T1=165.1690)
MIL:3C3360A2,50,2,160.00,165.00,-1,-1,0,0,0,0,0,0,0,0,0,-1,0,165,500 (-578815166)(T0=2016-4-1_5:45:55 T1=165.1690)
MIL:3C3360A2,50,2,160.00,165.00,-1,-1,0,0,0,0,0,0,0,0,0,-1,0,237,0 (-578815166)(T0=2016-4-1_5:45:55 T1=165.1740)
MIL:3C3360A2,50,2,160.06,159.99,-1,-1,0,0,0,0,0,0,0,0,0,-1,0,18,1 (-578815166)(T0=2016-4-1_5:45:58 T1=168.0870)
MIL:3C3360A2,30,2,160.06,159.99,718,210238,0,0,11,0,0,0,0,0,0,22,1,-1,0 (-578815166)(T0=2016-4-1_5:46:47 T1=217.1710)
MIL:3C3360A2,30,2,160.06,159.99,718,210238,0,1,11,0,0,0,0,0,0,22,1,-1,0 (-578815166)(T0=2016-4-1_5:46:47 T1=217.1710)
MIL:3C3360A2,30,2,160.06,159.99,718,210238,0,1,12,0,0,0,0,0,0,22,1,-1,0 (-578815166)(T0=2016-4-1_5:46:47 T1=217.1730)
MIL:3C3360A2,30,2,160.06,159.99,718,210238,0,1,12,0,0,0,0,0,0,22,1,-1,0 (-578815166)(T0=2016-4-1_5:46:47 T1=217.1730)
MIL:3C3360A2,30,2,160.06,159.99,718,210238,0,1,13,0,0,0,0,0,0,22,1,-1,0 (-578815166)(T0=2016-4-1_5:46:47 T1=217.1750)
MIL:3C3360A2,30,2,160.06,159.99,718,210238,0,1,13,0,0,0,0,0,0,22,1,-1,0 (-578815166)(T0=2016-4-1_5:46:47 T1=217.1750)
MIL:3C3360A2,30,2,160.06,159.99,718,210238,0,1,14,0,0,0,0,0,0,22,1,-1,0 (-578815166)(T0=2016-4-1_5:46:47 T1=217.1760)
MIL:3C3360A2,30,2,160.06,159.99,718,210238,0,1,14,0,0,0,0,0,0,22,1,-1,0 (-578815166)(T0=2016-4-1_5:46:47 T1=217.1760)
MIL:3C3360A2,30,2,160.06,159.99,718,210238,0,1,15,0,0,0,0,0,0,22,1,-1,0 (-578815166)(T0=2016-4-1_5:46:47 T1=217.1780)
MIL:3C3360A2,30,2,160.06,159.99,718,210238,0,1,15,0,0,0,0,0,0,22,1,-1,0 (-578815166)(T0=2016-4-1_5:46:47 T1=217.1780)
MIL:3C3360A2,30,2,160.06,159.99,718,210238,0,1,16,0,0,0,0,0,0,22,1,-1,0 (-578815166)(T0=2016-4-1_5:46:47 T1=217.1800)
MIL:3C3360A2,30,2,160.06,159.99,718,210238,0,1,16,0,0,0,0,0,0,22,1,-1,0 (-578815166)(T0=2016-4-1_5:46:47 T1=217.1800)
MIL:3C3360A2,30,2,160.06,159.99,718,210238,0,1,17,0,0,0,0,0,0,22,1,-1,0 (-578815166)(T0=2016-4-1_5:46:47 T1=217.1820)
MIL:3C3360A2,30,2,160.06,159.99,718,210238,0,1,17,0,0,0,0,0,0,22,1,-1,0 (-578815166)(T0=2016-4-1_5:46:47 T1=217.1820)
MIL:3C3360A2,30,2,160.06,159.99,718,210238,0,1,18,0,0,0,0,0,0,22,1,-1,0 (-578815166)(T0=2016-4-1_5:46:47 T1=217.1840)
MIL:3C3360A2,30,2,160.06,159.99,718,210238,0,1,18,0,0,0,0,0,0,22,1,-1,0 (-578815166)(T0=2016-4-1_5:46:47 T1=217.1840)
MIL:3C3360A2,30,2,160.06,159.99,718,210238,0,1,19,0,0,0,0,0,0,22,1,-1,0 (-578815166)(T0=2016-4-1_5:46:47 T1=217.1860)
MIL:3C3360A2,30,2,160.06,159.99,718,210238,0,1,19,0,0,0,0,0,0,22,1,-1,0 (-578815166)(T0=2016-4-1_5:46:47 T1=217.1860)
MIL:3C3360A2,30,2,160.06,159.99,718,210238,0,1,20,0,0,0,0,0,0,22,1,-1,0 (-578815166)(T0=2016-4-1_5:46:47 T1=217.1870)
MIL:3C3360A2,30,2,160.06,159.99,718,210238,0,1,20,0,0,0,0,0,0,22,1,-1,0 (-578815166)(T0=2016-4-1_5:46:47 T1=217.1870)
MIL:3C3360A2,30,2,160.06,159.99,718,210238,0,1,21,0,0,0,0,0,0,22,1,-1,0 (-578815166)(T0=2016-4-1_5:46:47 T1=217.1910)
MIL:3C3360A2,30,2,160.06,159.99,718,210238,0,1,21,0,0,0,0,0,0,22,1,-1,0 (-578815166)(T0=2016-4-1_5:46:47 T1=217.1910)
MIL:3C3360A2,30,2,160.06,159.99,718,210238,0,1,22,0,0,0,0,0,0,22,1,-1,0 (-578815166)(T0=2016-4-1_5:46:47 T1=217.1920)
MIL:3C3360A2,30,2,160.06,159.99,718,210238,0,1,22,0,0,0,0,0,0,22,1,-1,0 (-578815166)(T0=2016-4-1_5:46:47 T1=217.1920)
MIL:3C3360A2,30,2,160.06,159.99,718,210238,0,1,23,0,0,0,0,0,0,22,1,-1,0 (-578815166)(T0=2016-4-1_5:46:47 T1=217.1940)
MIL:3C3360A2,30,2,160.06,159.99,718,210238,0,1,23,0,0,0,0,0,0,22,1,-1,0 (-578815166)(T0=2016-4-1_5:46:47 T1=217.1940)
MIL:3C3360A2,30,2,160.06,159.99,718,210238,0,1,24,0,0,0,0,0,0,22,1,-1,0 (-578815166)(T0=2016-4-1_5:46:47 T1=217.1960)
MIL:3C3360A2,30,2,160.06,159.99,718,210238,0,1,24,0,0,0,0,0,0,22,1,-1,0 (-578815166)(T0=2016-4-1_5:46:47 T1=217.1960)
MIL:3C3360A2,30,2,160.06,159.99,718,210238,0,1,25,0,0,0,0,0,0,22,1,-1,0 (-578815166)(T0=2016-4-1_5:46:47 T1=217.1980)
MIL:3C3360A2,30,2,160.06,159.99,718,210238,0,1,25,0,0,0,0,0,0,22,1,-1,0 (-578815166)(T0=2016-4-1_5:46:47 T1=217.1980)
MIL:3C3360A2,30,2,160.06,159.99,718,210238,0,1,26,0,0,0,0,0,0,22,1,-1,0 (-578815166)(T0=2016-4-1_5:46:47 T1=217.2000)
MIL:3C3360A2,30,2,160.06,159.99,718,210238,0,1,26,0,0,0,0,0,0,22,1,-1,0 (-578815166)(T0=2016-4-1_5:46:47 T1=217.2000)
MIL:3C3360A2,10,2,160.06,159.99,400,1018700,0,0,0,0,0,0,0,0,0,12,1,-1,0 (-578815166)(T0=2016-4-1_5:46:47 T1=217.2000)
MIL:3C3360A2,30,2,160.06,159.99,718,210238,0,1,27,0,0,0,0,0,0,22,1,-1,0 (-578815166)(T0=2016-4-1_5:46:48 T1=217.2020)
MIL:3C3360A2,30,2,160.06,159.99,718,210238,0,1,27,0,0,0,0,0,0,22,1,-1,0 (-578815166)(T0=2016-4-1_5:46:48 T1=217.2020)
MIL:3C3360A2,30,2,160.06,159.99,718,210238,0,1,28,0,0,0,0,0,0,22,1,-1,0 (-578815166)(T0=2016-4-1_5:46:48 T1=217.2040)
MIL:3C3360A2,30,2,160.06,159.99,718,210238,0,1,28,0,0,0,0,0,0,22,1,-1,0 (-578815166)(T0=2016-4-1_5:46:48 T1=217.2040)
MIL:3C3360A2,10,2,160.06,159.99,403,500606,0,0,0,0,0,0,0,0,0,12,1,-1,0 (-578815166)(T0=2016-4-1_5:46:48 T1=217.2040)
MIL:3C3360A2,30,2,160.06,159.99,403,500606,0,1,0,0,0,0,0,0,0,12,1,-1,0 (-578815166)(T0=2016-4-1_5:46:48 T1=217.2040)
MIL:3C3360A2,30,2,160.06,159.99,403,500606,0,1,1,0,0,0,0,0,0,12,1,-1,0 (-578815166)(T0=2016-4-1_5:46:48 T1=217.2040)
MIL:3C3360A2,30,2,160.06,159.99,718,210238,0,1,29,0,0,0,0,0,0,22,1,-1,0 (-578815166)(T0=2016-4-1_5:46:48 T1=217.2060)
MIL:3C3360A2,30,2,160.06,159.99,718,210238,0,1,29,0,0,0,0,0,0,22,1,-1,0 (-578815166)(T0=2016-4-1_5:46:48 T1=217.2060)
MIL:3C3360A2,30,2,160.06,159.99,718,210238,0,1,30,0,0,0,0,0,0,22,1,-1,0 (-578815166)(T0=2016-4-1_5:46:48 T1=217.2070)
MIL:3C3360A2,30,2,160.06,159.99,718,210238,0,1,30,0,0,0,0,0,0,22,1,-1,0 (-578815166)(T0=2016-4-1_5:46:48 T1=217.2070)
MIL:3C3360A2,10,2,160.06,159.99,409,500602,0,0,0,0,0,0,0,0,0,12,1,-1,0 (-578815166)(T0=2016-4-1_5:46:48 T1=217.2080)
MIL:3C3360A2,30,2,160.06,159.99,409,500602,0,1,0,0,0,0,0,0,0,12,1,-1,0 (-578815166)(T0=2016-4-1_5:46:48 T1=217.2080)
MIL:3C3360A2,30,2,160.06,159.99,409,500602,0,1,1,0,0,0,0,0,0,12,1,-1,0 (-578815166)(T0=2016-4-1_5:46:48 T1=217.2080)
MIL:3C3360A2,30,2,160.06,159.99,718,210238,0,1,31,0,0,0,0,0,0,22,1,-1,0 (-578815166)(T0=2016-4-1_5:46:48 T1=217.2090)
MIL:3C3360A2,30,2,160.06,159.99,718,210238,0,1,31,0,0,0,0,0,0,22,1,-1,0 (-578815166)(T0=2016-4-1_5:46:48 T1=217.2090)
MIL:3C3360A2,30,2,160.06,159.99,718,210238,0,1,32,0,0,0,0,0,0,22,1,-1,0 (-578815166)(T0=2016-4-1_5:46:48 T1=217.2110)
MIL:3C3360A2,30,2,160.06,159.99,718,210238,0,1,32,0,0,0,0,0,0,22,1,-1,0 (-578815166)(T0=2016-4-1_5:46:48 T1=217.2110)
MIL:3C3360A2,10,2,160.06,159.99,412,500603,0,0,0,0,0,0,0,0,0,12,1,-1,0 (-578815166)(T0=2016-4-1_5:46:48 T1=217.2120)
MIL:3C3360A2,30,2,160.06,159.99,412,500603,0,1,0,0,0,0,0,0,0,12,1,-1,0 (-578815166)(T0=2016-4-1_5:46:48 T1=217.2120)
MIL:3C3360A2,30,2,160.06,159.99,412,500603,0,1,1,0,0,0,0,0,0,12,1,-1,0 (-578815166)(T0=2016-4-1_5:46:48 T1=217.2120)
MIL:3C3360A2,30,2,160.06,159.99,718,210238,0,1,33,0,0,0,0,0,0,22,1,-1,0 (-578815166)(T0=2016-4-1_5:46:48 T1=217.2130)
MIL:3C3360A2,30,2,160.06,159.99,718,210238,0,1,33,0,0,0,0,0,0,22,1,-1,0 (-578815166)(T0=2016-4-1_5:46:48 T1=217.2130)
MIL:3C3360A2,30,2,160.06,159.99,718,210238,0,1,34,0,0,0,0,0,0,22,1,-1,0 (-578815166)(T0=2016-4-1_5:46:48 T1=217.2150)
MIL:3C3360A2,30,2,160.06,159.99,718,210238,0,1,34,0,0,0,0,0,0,22,1,-1,0 (-578815166)(T0=2016-4-1_5:46:48 T1=217.2150)
MIL:3C3360A2,30,2,160.06,159.99,718,210238,0,1,35,0,0,0,0,0,0,22,1,-1,0 (-578815166)(T0=2016-4-1_5:46:48 T1=217.2170)
MIL:3C3360A2,30,2,160.06,159.99,718,210238,0,1,35,0,0,0,0,0,0,22,1,-1,0 (-578815166)(T0=2016-4-1_5:46:48 T1=217.2170)
MIL:3C3360A2,10,2,160.06,159.99,415,500605,0,0,0,0,0,0,0,0,0,12,1,-1,0 (-578815166)(T0=2016-4-1_5:46:48 T1=217.2180)
MIL:3C3360A2,30,2,160.06,159.99,415,500605,0,1,0,0,0,0,0,0,0,12,1,-1,0 (-578815166)(T0=2016-4-1_5:46:48 T1=217.2180)
MIL:3C3360A2,30,2,160.06,159.99,415,500605,0,1,1,0,0,0,0,0,0,12,1,-1,0 (-578815166)(T0=2016-4-1_5:46:48 T1=217.2180)
MIL:3C3360A2,30,2,160.06,159.99,718,210238,0,1,36,0,0,0,0,0,0,22,1,-1,0 (-578815166)(T0=2016-4-1_5:46:48 T1=217.2190)
MIL:3C3360A2,30,2,160.06,159.99,718,210238,0,1,36,0,0,0,0,0,0,22,1,-1,0 (-578815166)(T0=2016-4-1_5:46:48 T1=217.2190)
MIL:3C3360A2,30,2,160.06,159.99,718,210238,0,1,37,0,0,0,0,0,0,22,1,-1,0 (-578815166)(T0=2016-4-1_5:46:48 T1=217.2210)
MIL:3C3360A2,30,2,160.06,159.99,718,210238,0,1,37,0,0,0,0,0,0,22,1,-1,0 (-578815166)(T0=2016-4-1_5:46:48 T1=217.2210)
MIL:3C3360A2,30,2,160.06,159.99,718,210238,0,1,38,0,0,0,0,0,0,22,1,-1,0 (-578815166)(T0=2016-4-1_5:46:48 T1=217.2220)
MIL:3C3360A2,30,2,160.06,159.99,718,210238,0,1,38,0,0,0,0,0,0,22,1,-1,0 (-578815166)(T0=2016-4-1_5:46:48 T1=217.2220)
MIL:3C3360A2,10,2,160.06,159.99,418,500608,0,0,0,0,0,0,0,0,0,13,1,-1,0 (-578815166)(T0=2016-4-1_5:46:48 T1=217.2230)
MIL:3C3360A2,30,2,160.06,159.99,418,500608,0,1,0,0,0,0,0,0,0,13,1,-1,0 (-578815166)(T0=2016-4-1_5:46:48 T1=217.2230)
MIL:3C3360A2,30,2,160.06,159.99,418,500608,0,1,1,0,0,0,0,0,0,13,1,-1,0 (-578815166)(T0=2016-4-1_5:46:48 T1=217.2230)
MIL:3C3360A2,30,2,160.06,159.99,718,210238,0,1,39,0,0,0,0,0,0,22,1,-1,0 (-578815166)(T0=2016-4-1_5:46:48 T1=217.2240)
MIL:3C3360A2,30,2,160.06,159.99,718,210238,0,1,39,0,0,0,0,0,0,22,1,-1,0 (-578815166)(T0=2016-4-1_5:46:48 T1=217.2240)
MIL:3C3360A2,30,2,160.06,159.99,718,210238,0,1,40,0,0,0,0,0,0,22,1,-1,0 (-578815166)(T0=2016-4-1_5:46:48 T1=217.2260)
MIL:3C3360A2,30,2,160.06,159.99,718,210238,0,1,40,0,0,0,0,0,0,22,1,-1,0 (-578815166)(T0=2016-4-1_5:46:48 T1=217.2260)
MIL:3C3360A2,10,2,160.06,159.99,428,500612,0,0,0,0,0,0,0,0,0,13,1,-1,0 (-578815166)(T0=2016-4-1_5:46:48 T1=217.2270)
MIL:3C3360A2,30,2,160.06,159.99,428,500612,0,1,0,0,0,0,0,0,0,13,1,-1,0 (-578815166)(T0=2016-4-1_5:46:48 T1=217.2270)
MIL:3C3360A2,30,2,160.06,159.99,428,500612,0,1,1,0,0,0,0,0,0,13,1,-1,0 (-578815166)(T0=2016-4-1_5:46:48 T1=217.2270)
MIL:3C3360A2,30,2,160.06,159.99,718,210238,0,1,41,0,0,0,0,0,0,22,1,-1,0 (-578815166)(T0=2016-4-1_5:46:48 T1=217.2280)
MIL:3C3360A2,30,2,160.06,159.99,718,210238,0,1,41,0,0,0,0,0,0,22,1,-1,0 (-578815166)(T0=2016-4-1_5:46:48 T1=217.2280)
MIL:3C3360A2,30,2,160.06,159.99,718,210238,0,1,42,0,0,0,0,0,0,22,1,-1,0 (-578815166)(T0=2016-4-1_5:46:48 T1=217.2300)
MIL:3C3360A2,30,2,160.06,159.99,718,210238,0,1,42,0,0,0,0,0,0,22,1,-1,0 (-578815166)(T0=2016-4-1_5:46:48 T1=217.2300)
MIL:3C3360A2,10,2,160.06,159.99,433,500613,0,0,0,0,0,0,0,0,0,13,1,-1,0 (-578815166)(T0=2016-4-1_5:46:48 T1=217.2310)
MIL:3C3360A2,30,2,160.06,159.99,433,500613,0,1,0,0,0,0,0,0,0,13,1,-1,0 (-578815166)(T0=2016-4-1_5:46:48 T1=217.2310)
MIL:3C3360A2,30,2,160.06,159.99,433,500613,0,1,1,0,0,0,0,0,0,13,1,-1,0 (-578815166)(T0=2016-4-1_5:46:48 T1=217.2310)
MIL:3C3360A2,30,2,160.06,159.99,718,210238,0,1,43,0,0,0,0,0,0,22,1,-1,0 (-578815166)(T0=2016-4-1_5:46:48 T1=217.2330)
MIL:3C3360A2,30,2,160.06,159.99,718,210238,0,1,43,0,0,0,0,0,0,22,1,-1,0 (-578815166)(T0=2016-4-1_5:46:48 T1=217.2330)
MIL:3C3360A2,30,2,160.06,159.99,718,210238,0,1,44,0,0,0,0,0,0,22,1,-1,0 (-578815166)(T0=2016-4-1_5:46:48 T1=217.2350)
MIL:3C3360A2,30,2,160.06,159.99,718,210238,0,1,44,0,0,0,0,0,0,22,1,-1,0 (-578815166)(T0=2016-4-1_5:46:48 T1=217.2350)
MIL:3C3360A2,30,2,160.06,159.99,718,210238,0,1,45,0,0,0,0,0,0,22,1,-1,0 (-578815166)(T0=2016-4-1_5:46:48 T1=217.2370)
MIL:3C3360A2,30,2,160.06,159.99,718,210238,0,1,45,0,0,0,0,0,0,22,1,-1,0 (-578815166)(T0=2016-4-1_5:46:48 T1=217.2370)
MIL:3C3360A2,10,2,160.06,159.99,437,500614,0,0,0,0,0,0,0,0,0,13,1,-1,0 (-578815166)(T0=2016-4-1_5:46:48 T1=217.2380)
MIL:3C3360A2,30,2,160.06,159.99,437,500614,0,1,0,0,0,0,0,0,0,13,1,-1,0 (-578815166)(T0=2016-4-1_5:46:48 T1=217.2380)
MIL:3C3360A2,30,2,160.06,159.99,437,500614,0,1,1,0,0,0,0,0,0,13,1,-1,0 (-578815166)(T0=2016-4-1_5:46:48 T1=217.2380)
MIL:3C3360A2,30,2,160.06,159.99,718,210238,0,1,46,0,0,0,0,0,0,22,1,-1,0 (-578815166)(T0=2016-4-1_5:46:48 T1=217.2390)
MIL:3C3360A2,30,2,160.06,159.99,718,210238,0,1,46,0,0,0,0,0,0,22,1,-1,0 (-578815166)(T0=2016-4-1_5:46:48 T1=217.2390)
MIL:3C3360A2,30,2,160.06,159.99,718,210238,0,1,47,0,0,0,0,0,0,22,1,-1,0 (-578815166)(T0=2016-4-1_5:46:48 T1=217.2410)
MIL:3C3360A2,30,2,160.06,159.99,718,210238,0,1,47,0,0,0,0,0,0,22,1,-1,0 (-578815166)(T0=2016-4-1_5:46:48 T1=217.2410)
MIL:3C3360A2,30,2,160.06,159.99,718,210238,0,1,48,0,0,0,0,0,0,22,1,-1,0 (-578815166)(T0=2016-4-1_5:46:48 T1=217.2430)
MIL:3C3360A2,30,2,160.06,159.99,718,210238,0,1,48,0,0,0,0,0,0,22,1,-1,0 (-578815166)(T0=2016-4-1_5:46:48 T1=217.2430)
MIL:3C3360A2,10,2,160.06,159.99,476,500615,0,0,0,0,0,0,0,0,0,14,1,-1,0 (-578815166)(T0=2016-4-1_5:46:48 T1=217.2440)
MIL:3C3360A2,30,2,160.06,159.99,476,500615,0,1,0,0,0,0,0,0,0,14,1,-1,0 (-578815166)(T0=2016-4-1_5:46:48 T1=217.2440)
MIL:3C3360A2,30,2,160.06,159.99,476,500615,0,1,1,0,0,0,0,0,0,14,1,-1,0 (-578815166)(T0=2016-4-1_5:46:48 T1=217.2440)
MIL:3C3360A2,30,2,160.06,159.99,718,210238,0,1,49,0,0,0,0,0,0,22,1,-1,0 (-578815166)(T0=2016-4-1_5:46:48 T1=217.2450)
MIL:3C3360A2,30,2,160.06,159.99,718,210238,0,1,49,0,0,0,0,0,0,22,1,-1,0 (-578815166)(T0=2016-4-1_5:46:48 T1=217.2450)
MIL:3C3360A2,30,2,160.06,159.99,718,210238,0,1,50,0,0,0,0,0,0,22,1,-1,0 (-578815166)(T0=2016-4-1_5:46:48 T1=217.2470)
MIL:3C3360A2,30,2,160.06,159.99,718,210238,0,1,50,0,0,0,0,0,0,22,1,-1,0 (-578815166)(T0=2016-4-1_5:46:48 T1=217.2470)
MIL:3C3360A2,10,2,160.06,159.99,480,500616,0,0,0,0,0,0,0,0,0,15,1,-1,0 (-578815166)(T0=2016-4-1_5:46:48 T1=217.2470)
MIL:3C3360A2,30,2,160.06,159.99,480,500616,0,1,0,0,0,0,0,0,0,15,1,-1,0 (-578815166)(T0=2016-4-1_5:46:48 T1=217.2470)
MIL:3C3360A2,30,2,160.06,159.99,480,500616,0,1,1,0,0,0,0,0,0,15,1,-1,0 (-578815166)(T0=2016-4-1_5:46:48 T1=217.2470)
MIL:3C3360A2,30,2,160.06,159.99,718,210238,0,1,51,0,0,0,0,0,0,22,1,-1,0 (-578815166)(T0=2016-4-1_5:46:48 T1=217.2490)
MIL:3C3360A2,30,2,160.06,159.99,718,210238,0,1,51,0,0,0,0,0,0,22,1,-1,0 (-578815166)(T0=2016-4-1_5:46:48 T1=217.2490)
MIL:3C3360A2,30,2,160.06,159.99,718,210238,0,1,52,0,0,0,0,0,0,22,1,-1,0 (-578815166)(T0=2016-4-1_5:46:48 T1=217.2510)
MIL:3C3360A2,30,2,160.06,159.99,718,210238,0,1,52,0,0,0,0,0,0,22,1,-1,0 (-578815166)(T0=2016-4-1_5:46:48 T1=217.2510)
MIL:3C3360A2,30,2,160.06,159.99,718,210238,0,1,53,0,0,0,0,0,0,22,1,-1,0 (-578815166)(T0=2016-4-1_5:46:48 T1=217.2520)
MIL:3C3360A2,30,2,160.06,159.99,718,210238,0,1,53,0,0,0,0,0,0,22,1,-1,0 (-578815166)(T0=2016-4-1_5:46:48 T1=217.2520)
MIL:3C3360A2,30,2,160.06,159.99,718,210238,0,1,54,0,0,0,0,0,0,22,1,-1,0 (-578815166)(T0=2016-4-1_5:46:48 T1=217.2540)
MIL:3C3360A2,30,2,160.06,159.99,718,210238,0,1,54,0,0,0,0,0,0,22,1,-1,0 (-578815166)(T0=2016-4-1_5:46:48 T1=217.2540)
MIL:3C3360A2,30,2,160.06,159.99,718,210238,0,1,55,0,0,0,0,0,0,22,1,-1,0 (-578815166)(T0=2016-4-1_5:46:48 T1=217.2560)
MIL:3C3360A2,30,2,160.06,159.99,718,210238,0,1,55,0,0,0,0,0,0,22,1,-1,0 (-578815166)(T0=2016-4-1_5:46:48 T1=217.2560)
MIL:3C3360A2,30,2,160.06,159.99,718,210238,0,1,56,0,0,0,0,0,0,22,1,-1,0 (-578815166)(T0=2016-4-1_5:46:48 T1=217.2580)
MIL:3C3360A2,30,2,160.06,159.99,718,210238,0,1,56,0,0,0,0,0,0,22,1,-1,0 (-578815166)(T0=2016-4-1_5:46:48 T1=217.2580)
MIL:3C3360A2,30,2,160.06,159.99,718,210238,0,1,57,0,0,0,0,0,0,22,1,-1,0 (-578815166)(T0=2016-4-1_5:46:48 T1=217.2600)
MIL:3C3360A2,30,2,160.06,159.99,718,210238,0,1,57,0,0,0,0,0,0,22,1,-1,0 (-578815166)(T0=2016-4-1_5:46:48 T1=217.2600)
MIL:3C3360A2,30,2,160.06,159.99,718,210238,0,1,58,0,0,0,0,0,0,22,1,-1,0 (-578815166)(T0=2016-4-1_5:46:48 T1=217.2620)
MIL:3C3360A2,30,2,160.06,159.99,718,210238,0,1,58,0,0,0,0,0,0,22,1,-1,0 (-578815166)(T0=2016-4-1_5:46:48 T1=217.2620)
MIL:3C3360A2,30,2,160.06,159.99,718,210238,0,1,59,0,0,0,0,0,0,22,1,-1,0 (-578815166)(T0=2016-4-1_5:46:48 T1=217.2640)
MIL:3C3360A2,30,2,160.06,159.99,718,210238,0,1,59,0,0,0,0,0,0,22,1,-1,0 (-578815166)(T0=2016-4-1_5:46:48 T1=217.2640)
MIL:3C3360A2,30,2,160.06,159.99,718,210238,0,1,60,0,0,0,0,0,0,22,1,-1,0 (-578815166)(T0=2016-4-1_5:46:48 T1=217.2660)
MIL:3C3360A2,30,2,160.06,159.99,718,210238,0,1,60,0,0,0,0,0,0,22,1,-1,0 (-578815166)(T0=2016-4-1_5:46:48 T1=217.2660)
MIL:3C3360A2,30,2,160.06,159.99,718,210238,0,1,61,0,0,0,0,0,0,22,1,-1,0 (-578815166)(T0=2016-4-1_5:46:48 T1=217.2670)
MIL:3C3360A2,30,2,160.06,159.99,718,210238,0,1,61,0,0,0,0,0,0,22,1,-1,0 (-578815166)(T0=2016-4-1_5:46:48 T1=217.2670)
MIL:3C3360A2,30,2,160.06,159.99,718,210238,0,1,62,0,0,0,0,0,0,22,1,-1,0 (-578815166)(T0=2016-4-1_5:46:48 T1=217.2690)
MIL:3C3360A2,30,2,160.06,159.99,718,210238,0,1,62,0,0,0,0,0,0,22,1,-1,0 (-578815166)(T0=2016-4-1_5:46:48 T1=217.2690)
MIL:3C3360A2,30,2,160.06,159.99,718,210238,0,1,63,0,0,0,0,0,0,22,1,-1,0 (-578815166)(T0=2016-4-1_5:46:48 T1=217.2710)
MIL:3C3360A2,30,2,160.06,159.99,718,210238,0,1,63,0,0,0,0,0,0,22,1,-1,0 (-578815166)(T0=2016-4-1_5:46:48 T1=217.2710)
MIL:3C3360A2,30,2,160.06,159.99,718,210238,0,1,64,0,0,0,0,0,0,22,1,-1,0 (-578815166)(T0=2016-4-1_5:46:48 T1=217.2730)
MIL:3C3360A2,30,2,160.06,159.99,718,210238,0,1,64,0,0,0,0,0,0,22,1,-1,0 (-578815166)(T0=2016-4-1_5:46:48 T1=217.2730)
MIL:3C3360A2,30,2,160.06,159.99,718,210238,0,1,65,0,0,0,0,0,0,22,1,-1,0 (-578815166)(T0=2016-4-1_5:46:48 T1=217.2760)
MIL:3C3360A2,30,2,160.06,159.99,718,210238,0,1,65,0,0,0,0,0,0,22,1,-1,0 (-578815166)(T0=2016-4-1_5:46:48 T1=217.2760)
MIL:3C3360A2,30,2,160.06,159.99,718,210238,0,1,66,0,0,0,0,0,0,22,1,-1,0 (-578815166)(T0=2016-4-1_5:46:48 T1=217.2780)
MIL:3C3360A2,30,2,160.06,159.99,718,210238,0,1,66,0,0,0,0,0,0,22,1,-1,0 (-578815166)(T0=2016-4-1_5:46:48 T1=217.2780)
MIL:3C3360A2,30,2,160.06,159.99,718,210238,0,1,67,0,0,0,0,0,0,22,1,-1,0 (-578815166)(T0=2016-4-1_5:46:48 T1=217.2800)
MIL:3C3360A2,30,2,160.06,159.99,718,210238,0,1,67,0,0,0,0,0,0,22,1,-1,0 (-578815166)(T0=2016-4-1_5:46:48 T1=217.2800)
MIL:3C3360A2,30,2,160.06,159.99,718,210238,0,1,68,0,0,0,0,0,0,22,1,-1,0 (-578815166)(T0=2016-4-1_5:46:48 T1=217.2820)
MIL:3C3360A2,30,2,160.06,159.99,718,210238,0,1,68,0,0,0,0,0,0,22,1,-1,0 (-578815166)(T0=2016-4-1_5:46:48 T1=217.2820)
MIL:3C3360A2,30,2,160.06,159.99,718,210238,0,1,69,0,0,0,0,0,0,22,1,-1,0 (-578815166)(T0=2016-4-1_5:46:48 T1=217.2840)
MIL:3C3360A2,30,2,160.06,159.99,718,210238,0,1,69,0,0,0,0,0,0,22,1,-1,0 (-578815166)(T0=2016-4-1_5:46:48 T1=217.2840)
MIL:3C3360A2,30,2,160.06,159.99,718,210238,0,1,70,0,0,0,0,0,0,22,1,-1,0 (-578815166)(T0=2016-4-1_5:46:48 T1=217.2860)
MIL:3C3360A2,30,2,160.06,159.99,718,210238,0,1,70,0,0,0,0,0,0,22,1,-1,0 (-578815166)(T0=2016-4-1_5:46:48 T1=217.2860)
MIL:3C3360A2,20,2,162.19,155.52,718,210238,0,1,70,0,0,0,0,0,0,22,1,-1,0 (-578815166)(T0=2016-4-1_6:43:21 T1=3611.0470)
MIL:3C3360A2,40,2,162.19,155.52,718,0,0,0,0,0,0,0,0,1090519040,184549389,22,1,-1,0 (-578815166)(T0=2016-4-1_6:43:21 T1=3611.0470)
MIL:3C3360A2,10,2,162.19,155.52,440,210200,0,0,0,0,0,0,0,0,0,13,1,-1,0 (-578815166)(T0=2016-4-1_6:43:24 T1=3613.3610)
MIL:3C3360A2,30,2,162.19,155.52,440,210200,0,1,0,0,0,0,0,0,0,13,1,-1,0 (-578815166)(T0=2016-4-1_6:43:24 T1=3613.3620)
MIL:3C3360A2,30,2,162.19,155.52,440,210200,0,1,1,0,0,0,0,0,0,13,1,-1,0 (-578815166)(T0=2016-4-1_6:43:24 T1=3613.3620)
MIL:3C3360A2,50,2,225.63,150.93,-1,-1,0,0,0,0,0,0,0,0,0,-1,0,237,0 (-578815166)(T0=2016-4-1_7:33:43 T1=6632.5140)
MIL:3C3360A2,50,2,225.63,150.93,-1,-1,0,0,0,0,0,0,0,0,0,-1,0,18,268435457 (-578815166)(T0=2016-4-1_7:33:43 T1=6632.5140)
MIL:3C3360A3,50,2,160.00,165.00,-1,-1,0,0,0,0,0,0,0,0,0,-1,0,151,1459463670 (-578815166)(T0=2016-4-1_7:34:30 T1=6679.6690)
MIL:3C3360A3,50,2,160.00,165.00,-1,-1,0,0,0,0,0,0,0,0,0,-1,0,150,0 (-578815166)(T0=2016-4-1_7:34:30 T1=6679.6690)
MIL:3C3360A3,50,2,160.00,165.00,-1,-1,0,0,0,0,0,0,0,0,0,-1,0,19,64 (-578815166)(T0=2016-4-1_7:34:31 T1=6681.1740)
MIL:3C3360A3,10,2,160.00,165.00,718,210238,0,0,0,0,0,0,0,0,0,22,1,-1,0 (-578815166)(T0=2016-4-1_7:34:31 T1=6681.1740)
MIL:3C3360A3,50,2,160.00,165.00,-1,-1,0,0,0,0,0,0,0,0,0,-1,0,165,500 (-578815166)(T0=2016-4-1_7:34:31 T1=6681.1740)
MIL:3C3360A3,50,2,160.00,165.00,-1,-1,0,0,0,0,0,0,0,0,0,-1,0,237,0 (-578815166)(T0=2016-4-1_7:34:31 T1=6681.1780)
MIL:3C3360A3,50,2,160.06,159.99,-1,-1,0,0,0,0,0,0,0,0,0,-1,0,18,1 (-578815166)(T0=2016-4-1_7:34:34 T1=6683.9900)
MIL:3C3360A3,50,2,160.06,159.99,-1,-1,0,0,0,0,0,0,0,0,0,-1,0,237,0 (-578815166)(T0=2016-4-1_7:42:23 T1=7152.6520)
MIL:3C3360A3,50,2,160.06,159.99,-1,-1,0,0,0,0,0,0,0,0,0,-1,0,237,0 (-578815166)(T0=2016-4-1_7:56:45 T1=8014.2970)
MIL:3C3360A2,50,2,159.24,160.06,-1,-1,0,0,0,0,0,0,0,0,0,-1,0,237,0 (-578815166)(T0=2016-4-1_8:0:3 T1=8212.4320)
MIL:3C3360A3,50,2,160.06,159.99,-1,-1,0,0,0,0,0,0,0,0,0,-1,0,237,0 (-578815166)(T0=2016-4-1_8:0:10 T1=8219.6650)
MIL:3C3360A2,50,2,159.24,160.06,-1,-1,0,0,0,0,0,0,0,0,0,-1,0,237,0 (-578815166)(T0=2016-4-1_8:11:11 T1=8880.3210)
MIL:3C3360A2,50,2,165.29,165.56,-1,-1,0,0,0,0,0,0,0,0,0,-1,0,0,0 (-578815166)(T0=2016-4-1_8:17:31 T1=9260.5030)
MIL:3C3360A2,50,2,165.29,165.56,-1,-1,0,0,0,0,0,0,0,0,0,-1,0,92,649 (-578815166)(T0=2016-4-1_8:19:15 T1=9364.7210)
MIL:3C3360A2,50,2,165.29,165.56,-1,-1,0,0,0,0,0,0,0,0,0,-1,0,93,649 (-578815166)(T0=2016-4-1_8:19:15 T1=9364.7210)
MIL:3C3360A2,50,2,165.29,165.56,-1,-1,0,0,0,0,0,0,0,0,0,-1,0,94,639 (-578815166)(T0=2016-4-1_8:19:15 T1=9364.7210)
MIL:3C3360A2,50,2,165.29,165.56,-1,-1,0,0,0,0,0,0,0,0,0,-1,0,95,589 (-578815166)(T0=2016-4-1_8:19:15 T1=9364.7210)
MIL:3C3360A2,50,2,165.29,165.56,-1,-1,0,0,0,0,0,0,0,0,0,-1,0,96,619 (-578815166)(T0=2016-4-1_8:19:15 T1=9364.7210)
MIL:3C3360A2,50,2,165.29,165.56,-1,-1,0,0,0,0,0,0,0,0,0,-1,0,97,619 (-578815166)(T0=2016-4-1_8:19:15 T1=9364.7210)
MIL:3C3360A2,50,2,165.29,165.56,-1,-1,0,0,0,0,0,0,0,0,0,-1,0,98,500 (-578815166)(T0=2016-4-1_8:19:15 T1=9364.7210)
MIL:3C3360A2,50,2,165.29,165.56,-1,-1,0,0,0,0,0,0,0,0,0,-1,0,99,180 (-578815166)(T0=2016-4-1_8:19:15 T1=9364.7210)
MIL:3C3360A2,50,2,165.29,165.56,-1,-1,0,0,0,0,0,0,0,0,0,-1,0,100,500 (-578815166)(T0=2016-4-1_8:19:15 T1=9364.7210)
MIL:3C3360A2,50,2,165.29,165.56,-1,-1,0,0,0,0,0,0,0,0,0,-1,0,101,500 (-578815166)(T0=2016-4-1_8:19:15 T1=9364.7210)
MIL:3C3360A2,50,2,165.29,165.56,-1,-1,0,0,0,0,0,0,0,0,0,-1,0,102,500 (-578815166)(T0=2016-4-1_8:19:15 T1=9364.7210)
MIL:3C3360A2,50,2,165.29,165.56,-1,-1,0,0,0,0,0,0,0,0,0,-1,0,103,664 (-578815166)(T0=2016-4-1_8:19:15 T1=9364.7210)
MIL:3C3360A2,50,2,165.29,165.56,-1,-1,0,0,0,0,0,0,0,0,0,-1,0,104,649 (-578815166)(T0=2016-4-1_8:19:15 T1=9364.7210)
MIL:3C3360A2,50,2,165.29,165.56,-1,-1,0,0,0,0,0,0,0,0,0,-1,0,96,900 (-578815166)(T0=2016-4-1_8:19:15 T1=9364.7210)
MIL:3C3360A2,50,2,165.29,165.56,-1,-1,0,0,0,0,0,0,0,0,0,-1,0,23,4 (-578815166)(T0=2016-4-1_8:19:15 T1=9364.7210)
MIL:3C3360A2,50,2,165.29,165.56,-1,-1,0,0,0,0,0,0,0,0,0,-1,0,237,0 (-578815166)(T0=2016-4-1_8:19:15 T1=9364.7220)
MIL:3C3360A2,50,194,43.10,55.24,-1,-1,0,0,0,0,0,0,0,0,0,-1,0,237,0 (-960541694)(T0=2016-4-1_8:38:16 T1=10505.4620)
MIL:3C3360A2,50,194,41.63,64.32,-1,-1,0,0,0,0,0,0,0,0,0,-1,0,237,0 (-960541694)(T0=2016-4-1_8:51:11 T1=11280.6960)
MIL:3C3360A2,50,194,42.80,42.06,-1,-1,0,0,0,0,0,0,0,0,0,-1,0,237,0 (-960541694)(T0=2016-4-1_8:54:59 T1=11508.7520)
MIL:3C3360A2,50,194,41.74,29.55,-1,-1,0,0,0,0,0,0,0,0,0,-1,0,237,0 (-960541694)(T0=2016-4-1_8:58:44 T1=11733.3440)
MIL:3C3360A2,50,194,41.74,29.55,-1,-1,0,0,0,0,0,0,0,0,0,-1,0,237,0 (-960541694)(T0=2016-4-1_9:1:53 T1=11922.6940)
MIL:3C3360A2,50,194,41.74,29.55,-1,-1,0,0,0,0,0,0,0,0,0,-1,0,237,0 (-960541694)(T0=2016-4-1_9:5:39 T1=12148.2790)
MIL:3C3360A2,50,1,178.00,132.00,-1,-1,0,0,0,0,0,0,0,0,0,-1,0,237,0 (-960541887)(T0=2016-4-1_9:11:20 T1=12489.3840)
MIL:3C3360A2,50,1,179.70,130.69,-1,-1,0,0,0,0,0,0,0,0,0,-1,0,237,0 (-960541887)(T0=2016-4-1_9:13:45 T1=12634.3870)
