MIL:3C3360A2,50,2,160.00,165.00,-1,-1,0,0,0,0,0,0,0,0,0,-1,0,151,1459833289 (-578815166)(T0=2016-4-5_14:14:49 T1=154.3860)
MIL:3C3360A2,50,2,160.00,165.00,-1,-1,0,0,0,0,0,0,0,0,0,-1,0,150,0 (-578815166)(T0=2016-4-5_14:14:49 T1=154.3860)
MIL:3C3360A2,50,2,160.00,165.00,-1,-1,0,0,0,0,0,0,0,0,0,-1,0,19,64 (-578815166)(T0=2016-4-5_14:14:54 T1=159.3410)
MIL:3C3360A2,10,2,160.00,165.00,718,210238,0,0,0,0,0,0,0,0,0,22,1,-1,0 (-578815166)(T0=2016-4-5_14:14:54 T1=159.3410)
MIL:3C3360A2,50,2,160.00,165.00,-1,-1,0,0,0,0,0,0,0,0,0,-1,0,165,500 (-578815166)(T0=2016-4-5_14:14:54 T1=159.3410)
MIL:3C3360A2,50,2,160.00,165.00,-1,-1,0,0,0,0,0,0,0,0,0,-1,0,237,0 (-578815166)(T0=2016-4-5_14:14:54 T1=159.4230)
MIL:3C3360A2,30,7,42.70,267.20,718,210238,0,0,2,0,0,0,0,0,0,22,1,-1,0 (-595600569)(T0=2016-4-5_14:15:38 T1=203.2520)
MIL:3C3360A2,30,7,50.20,271.30,718,210238,0,0,3,0,0,0,0,0,0,22,1,-1,0 (-595600569)(T0=2016-4-5_14:15:46 T1=211.2500)
MIL:3C3360A2,30,7,51.79,274.97,718,210238,0,0,4,0,0,0,0,0,0,22,1,-1,0 (-595600569)(T0=2016-4-5_14:15:51 T1=216.6050)
MIL:3C3360A2,30,7,51.79,274.97,718,210238,0,0,5,0,0,0,0,0,0,22,1,-1,0 (-595600569)(T0=2016-4-5_14:15:51 T1=216.9090)
MIL:3C3360A2,30,7,52.00,272.98,718,210238,0,0,6,0,0,0,0,0,0,22,1,-1,0 (-595600569)(T0=2016-4-5_14:15:55 T1=220.4290)
MIL:3C3360A2,30,7,52.82,270.65,718,210238,0,0,7,0,0,0,0,0,0,22,1,-1,0 (-595600569)(T0=2016-4-5_14:15:58 T1=223.7510)
MIL:3C3360A2,30,7,55.08,268.64,718,210238,0,0,8,0,0,0,0,0,0,22,1,-1,0 (-595600569)(T0=2016-4-5_14:16:3 T1=228.3870)
MIL:3C3360A2,30,7,55.08,268.64,718,210238,0,0,9,0,0,0,0,0,0,22,1,-1,0 (-595600569)(T0=2016-4-5_14:16:3 T1=228.6020)
MIL:3C3360A2,30,7,55.08,268.64,718,210238,0,0,10,0,0,0,0,0,0,22,1,-1,0 (-595600569)(T0=2016-4-5_14:16:3 T1=228.6040)
MIL:3C3360A2,30,7,55.08,268.64,718,210238,0,1,10,0,0,0,0,0,0,22,1,-1,0 (-595600569)(T0=2016-4-5_14:16:3 T1=228.6040)
MIL:3C3360A2,50,2,157.05,156.41,-1,-1,0,0,0,0,0,0,0,0,0,-1,0,18,1 (-578815166)(T0=2016-4-5_14:17:10 T1=295.2380)
MIL:3C3360A2,50,14,123.10,145.22,-1,-1,0,0,0,0,0,0,0,0,0,-1,0,92,649 (-824181938)(T0=2016-4-5_14:18:3 T1=348.6620)
MIL:3C3360A2,50,14,123.10,145.22,-1,-1,0,0,0,0,0,0,0,0,0,-1,0,93,649 (-824181938)(T0=2016-4-5_14:18:3 T1=348.6620)
MIL:3C3360A2,50,14,123.10,145.22,-1,-1,0,0,0,0,0,0,0,0,0,-1,0,94,589 (-824181938)(T0=2016-4-5_14:18:3 T1=348.6620)
MIL:3C3360A2,50,14,123.10,145.22,-1,-1,0,0,0,0,0,0,0,0,0,-1,0,95,727 (-824181938)(T0=2016-4-5_14:18:3 T1=348.6620)
MIL:3C3360A2,50,14,123.10,145.22,-1,-1,0,0,0,0,0,0,0,0,0,-1,0,96,529 (-824181938)(T0=2016-4-5_14:18:3 T1=348.6620)
MIL:3C3360A2,50,14,123.10,145.22,-1,-1,0,0,0,0,0,0,0,0,0,-1,0,97,774 (-824181938)(T0=2016-4-5_14:18:3 T1=348.6620)
MIL:3C3360A2,50,14,123.10,145.22,-1,-1,0,0,0,0,0,0,0,0,0,-1,0,98,1874 (-824181938)(T0=2016-4-5_14:18:3 T1=348.6620)
MIL:3C3360A2,50,14,123.10,145.22,-1,-1,0,0,0,0,0,0,0,0,0,-1,0,99,574 (-824181938)(T0=2016-4-5_14:18:3 T1=348.6620)
MIL:3C3360A2,50,14,123.10,145.22,-1,-1,0,0,0,0,0,0,0,0,0,-1,0,100,100 (-824181938)(T0=2016-4-5_14:18:3 T1=348.6620)
MIL:3C3360A2,50,14,123.10,145.22,-1,-1,0,0,0,0,0,0,0,0,0,-1,0,101,500 (-824181938)(T0=2016-4-5_14:18:3 T1=348.6630)
MIL:3C3360A2,50,14,123.10,145.22,-1,-1,0,0,0,0,0,0,0,0,0,-1,0,102,1047 (-824181938)(T0=2016-4-5_14:18:3 T1=348.6630)
MIL:3C3360A2,50,14,123.10,145.22,-1,-1,0,0,0,0,0,0,0,0,0,-1,0,103,664 (-824181938)(T0=2016-4-5_14:18:3 T1=348.6630)
MIL:3C3360A2,50,14,123.10,145.22,-1,-1,0,0,0,0,0,0,0,0,0,-1,0,104,500 (-824181938)(T0=2016-4-5_14:18:3 T1=348.6630)
MIL:3C3360A2,50,14,123.10,145.22,-1,-1,0,0,0,0,0,0,0,0,0,-1,0,96,900 (-824181938)(T0=2016-4-5_14:18:3 T1=348.6630)
MIL:3C3360A2,50,14,123.10,145.22,-1,-1,0,0,0,0,0,0,0,0,0,-1,0,23,4 (-824181938)(T0=2016-4-5_14:18:3 T1=348.6630)
MIL:3C3360A2,10,14,123.10,145.22,1089,225900,0,0,0,0,0,0,0,0,0,34,1,-1,0 (-824181938)(T0=2016-4-5_14:18:4 T1=349.9790)
MIL:3C3360A2,30,14,123.10,145.22,718,210238,0,1,11,0,0,0,0,0,0,22,1,-1,0 (-824181938)(T0=2016-4-5_14:18:6 T1=351.7850)
MIL:3C3360A2,30,14,123.10,145.22,718,210238,0,1,11,0,0,0,0,0,0,22,1,-1,0 (-824181938)(T0=2016-4-5_14:18:6 T1=351.7850)
MIL:3C3360A2,30,14,123.10,145.22,718,210238,0,1,12,0,0,0,0,0,0,22,1,-1,0 (-824181938)(T0=2016-4-5_14:18:6 T1=352.0680)
MIL:3C3360A2,30,14,123.10,145.22,718,210238,0,1,12,0,0,0,0,0,0,22,1,-1,0 (-824181938)(T0=2016-4-5_14:18:6 T1=352.0680)
MIL:3C3360A2,30,14,123.10,145.22,718,210238,0,1,13,0,0,0,0,0,0,22,1,-1,0 (-824181938)(T0=2016-4-5_14:18:7 T1=352.1880)
MIL:3C3360A2,30,14,123.10,145.22,718,210238,0,1,13,0,0,0,0,0,0,22,1,-1,0 (-824181938)(T0=2016-4-5_14:18:7 T1=352.1880)
MIL:3C3360A2,30,6,68.41,165.19,718,210238,0,1,14,0,0,0,0,0,0,22,1,-1,0 (-587207866)(T0=2016-4-5_14:21:14 T1=539.4840)
MIL:3C3360A2,30,6,68.41,165.19,718,210238,0,1,14,0,0,0,0,0,0,22,1,-1,0 (-587207866)(T0=2016-4-5_14:21:14 T1=539.4840)
MIL:3C3360A2,30,6,68.41,165.19,718,210238,0,1,15,0,0,0,0,0,0,22,1,-1,0 (-587207866)(T0=2016-4-5_14:21:14 T1=539.5860)
MIL:3C3360A2,30,6,68.41,165.19,718,210238,0,1,15,0,0,0,0,0,0,22,1,-1,0 (-587207866)(T0=2016-4-5_14:21:14 T1=539.5860)
MIL:3C3360A2,30,6,68.41,165.19,718,210238,0,1,16,0,0,0,0,0,0,22,1,-1,0 (-587207866)(T0=2016-4-5_14:21:14 T1=539.7900)
MIL:3C3360A2,30,6,68.41,165.19,718,210238,0,1,16,0,0,0,0,0,0,22,1,-1,0 (-587207866)(T0=2016-4-5_14:21:14 T1=539.7900)
MIL:3C3360A3,50,2,160.00,165.00,-1,-1,0,0,0,0,0,0,0,0,0,-1,0,151,1459834913 (-578815166)(T0=2016-4-5_14:41:53 T1=1778.1760)
MIL:3C3360A3,50,2,160.00,165.00,-1,-1,0,0,0,0,0,0,0,0,0,-1,0,150,0 (-578815166)(T0=2016-4-5_14:41:53 T1=1778.1770)
MIL:3C3360A3,50,2,160.00,165.00,-1,-1,0,0,0,0,0,0,0,0,0,-1,0,19,64 (-578815166)(T0=2016-4-5_14:41:54 T1=1779.6830)
MIL:3C3360A3,10,2,160.00,165.00,718,210238,0,0,0,0,0,0,0,0,0,22,1,-1,0 (-578815166)(T0=2016-4-5_14:41:54 T1=1779.6830)
MIL:3C3360A3,50,2,160.00,165.00,-1,-1,0,0,0,0,0,0,0,0,0,-1,0,165,500 (-578815166)(T0=2016-4-5_14:41:54 T1=1779.6830)
MIL:3C3360A3,50,2,160.00,165.00,-1,-1,0,0,0,0,0,0,0,0,0,-1,0,237,0 (-578815166)(T0=2016-4-5_14:41:54 T1=1779.6860)
MIL:3C3360A3,50,2,160.06,159.98,-1,-1,0,0,0,0,0,0,0,0,0,-1,0,18,1 (-578815166)(T0=2016-4-5_14:41:57 T1=1782.4940)
MIL:3C3360A3,30,2,162.00,152.59,718,210238,0,0,2,0,0,0,0,0,0,22,1,-1,0 (-578815166)(T0=2016-4-5_14:42:7 T1=1792.5330)
MIL:3C3360A3,30,2,162.00,152.59,718,210238,0,0,3,0,0,0,0,0,0,22,1,-1,0 (-578815166)(T0=2016-4-5_14:42:7 T1=1792.5350)
MIL:3C3360A3,30,2,162.00,152.59,718,210238,0,0,4,0,0,0,0,0,0,22,1,-1,0 (-578815166)(T0=2016-4-5_14:42:7 T1=1792.5370)
MIL:3C3360A3,30,2,162.00,152.59,718,210238,0,0,5,0,0,0,0,0,0,22,1,-1,0 (-578815166)(T0=2016-4-5_14:42:7 T1=1792.5390)
MIL:3C3360A3,30,2,162.00,152.59,718,210238,0,0,6,0,0,0,0,0,0,22,1,-1,0 (-578815166)(T0=2016-4-5_14:42:7 T1=1792.5410)
MIL:3C3360A3,30,2,162.00,152.59,718,210238,0,0,7,0,0,0,0,0,0,22,1,-1,0 (-578815166)(T0=2016-4-5_14:42:7 T1=1792.5430)
MIL:3C3360A3,30,2,162.00,152.59,718,210238,0,0,8,0,0,0,0,0,0,22,1,-1,0 (-578815166)(T0=2016-4-5_14:42:7 T1=1792.5450)
MIL:3C3360A3,30,2,162.00,152.59,718,210238,0,0,9,0,0,0,0,0,0,22,1,-1,0 (-578815166)(T0=2016-4-5_14:42:7 T1=1792.5470)
MIL:3C3360A3,30,2,162.00,152.59,718,210238,0,0,10,0,0,0,0,0,0,22,1,-1,0 (-578815166)(T0=2016-4-5_14:42:7 T1=1792.5490)
MIL:3C3360A3,30,2,162.00,152.59,718,210238,0,1,10,0,0,0,0,0,0,22,1,-1,0 (-578815166)(T0=2016-4-5_14:42:7 T1=1792.5490)
MIL:3C3360A3,30,2,162.00,152.59,718,210238,0,1,11,0,0,0,0,0,0,22,1,-1,0 (-578815166)(T0=2016-4-5_14:42:7 T1=1792.5510)
MIL:3C3360A3,30,2,162.00,152.59,718,210238,0,1,11,0,0,0,0,0,0,22,1,-1,0 (-578815166)(T0=2016-4-5_14:42:7 T1=1792.5510)
MIL:3C3360A3,30,2,162.00,152.59,718,210238,0,1,12,0,0,0,0,0,0,22,1,-1,0 (-578815166)(T0=2016-4-5_14:42:7 T1=1792.5530)
MIL:3C3360A3,30,2,162.00,152.59,718,210238,0,1,12,0,0,0,0,0,0,22,1,-1,0 (-578815166)(T0=2016-4-5_14:42:7 T1=1792.5530)
MIL:3C3360A3,30,2,162.00,152.59,718,210238,0,1,13,0,0,0,0,0,0,22,1,-1,0 (-578815166)(T0=2016-4-5_14:42:7 T1=1792.5550)
MIL:3C3360A3,30,2,162.00,152.59,718,210238,0,1,13,0,0,0,0,0,0,22,1,-1,0 (-578815166)(T0=2016-4-5_14:42:7 T1=1792.5550)
MIL:3C3360A3,30,2,162.00,152.59,718,210238,0,1,14,0,0,0,0,0,0,22,1,-1,0 (-578815166)(T0=2016-4-5_14:42:7 T1=1792.5570)
MIL:3C3360A3,30,2,162.00,152.59,718,210238,0,1,14,0,0,0,0,0,0,22,1,-1,0 (-578815166)(T0=2016-4-5_14:42:7 T1=1792.5570)
MIL:3C3360A3,30,2,162.00,152.59,718,210238,0,1,15,0,0,0,0,0,0,22,1,-1,0 (-578815166)(T0=2016-4-5_14:42:7 T1=1792.5590)
MIL:3C3360A3,30,2,162.00,152.59,718,210238,0,1,15,0,0,0,0,0,0,22,1,-1,0 (-578815166)(T0=2016-4-5_14:42:7 T1=1792.5590)
MIL:3C3360A3,30,2,162.00,152.59,718,210238,0,1,16,0,0,0,0,0,0,22,1,-1,0 (-578815166)(T0=2016-4-5_14:42:7 T1=1792.5630)
MIL:3C3360A3,30,2,162.00,152.59,718,210238,0,1,16,0,0,0,0,0,0,22,1,-1,0 (-578815166)(T0=2016-4-5_14:42:7 T1=1792.5630)
MIL:3C3360A3,30,2,162.00,152.59,718,210238,0,1,17,0,0,0,0,0,0,22,1,-1,0 (-578815166)(T0=2016-4-5_14:42:7 T1=1792.5650)
MIL:3C3360A3,30,2,162.00,152.59,718,210238,0,1,17,0,0,0,0,0,0,22,1,-1,0 (-578815166)(T0=2016-4-5_14:42:7 T1=1792.5650)
MIL:3C3360A3,30,2,162.00,152.59,718,210238,0,1,18,0,0,0,0,0,0,22,1,-1,0 (-578815166)(T0=2016-4-5_14:42:7 T1=1792.5670)
MIL:3C3360A3,30,2,162.00,152.59,718,210238,0,1,18,0,0,0,0,0,0,22,1,-1,0 (-578815166)(T0=2016-4-5_14:42:7 T1=1792.5670)
MIL:3C3360A3,30,2,162.00,152.59,718,210238,0,1,19,0,0,0,0,0,0,22,1,-1,0 (-578815166)(T0=2016-4-5_14:42:7 T1=1792.5690)
MIL:3C3360A3,30,2,162.00,152.59,718,210238,0,1,19,0,0,0,0,0,0,22,1,-1,0 (-578815166)(T0=2016-4-5_14:42:7 T1=1792.5690)
MIL:3C3360A3,30,2,162.00,152.59,718,210238,0,1,20,0,0,0,0,0,0,22,1,-1,0 (-578815166)(T0=2016-4-5_14:42:7 T1=1792.5700)
MIL:3C3360A3,30,2,162.00,152.59,718,210238,0,1,20,0,0,0,0,0,0,22,1,-1,0 (-578815166)(T0=2016-4-5_14:42:7 T1=1792.5700)
MIL:3C3360A3,50,10,93.74,101.13,-1,-1,0,0,0,0,0,0,0,0,0,-1,0,92,649 (-622875830)(T0=2016-4-5_14:42:37 T1=1822.5740)
MIL:3C3360A3,50,10,93.74,101.13,-1,-1,0,0,0,0,0,0,0,0,0,-1,0,93,649 (-622875830)(T0=2016-4-5_14:42:37 T1=1822.5740)
MIL:3C3360A3,50,10,93.74,101.13,-1,-1,0,0,0,0,0,0,0,0,0,-1,0,94,719 (-622875830)(T0=2016-4-5_14:42:37 T1=1822.5740)
MIL:3C3360A3,50,10,93.74,101.13,-1,-1,0,0,0,0,0,0,0,0,0,-1,0,95,709 (-622875830)(T0=2016-4-5_14:42:37 T1=1822.5740)
MIL:3C3360A3,50,10,93.74,101.13,-1,-1,0,0,0,0,0,0,0,0,0,-1,0,96,589 (-622875830)(T0=2016-4-5_14:42:37 T1=1822.5740)
MIL:3C3360A3,50,10,93.74,101.13,-1,-1,0,0,0,0,0,0,0,0,0,-1,0,97,619 (-622875830)(T0=2016-4-5_14:42:37 T1=1822.5740)
MIL:3C3360A3,50,10,93.74,101.13,-1,-1,0,0,0,0,0,0,0,0,0,-1,0,98,500 (-622875830)(T0=2016-4-5_14:42:37 T1=1822.5740)
MIL:3C3360A3,50,10,93.74,101.13,-1,-1,0,0,0,0,0,0,0,0,0,-1,0,99,1539 (-622875830)(T0=2016-4-5_14:42:37 T1=1822.5740)
MIL:3C3360A3,50,10,93.74,101.13,-1,-1,0,0,0,0,0,0,0,0,0,-1,0,100,500 (-622875830)(T0=2016-4-5_14:42:37 T1=1822.5740)
MIL:3C3360A3,50,10,93.74,101.13,-1,-1,0,0,0,0,0,0,0,0,0,-1,0,101,589 (-622875830)(T0=2016-4-5_14:42:37 T1=1822.5740)
MIL:3C3360A3,50,10,93.74,101.13,-1,-1,0,0,0,0,0,0,0,0,0,-1,0,102,529 (-622875830)(T0=2016-4-5_14:42:37 T1=1822.5740)
MIL:3C3360A3,50,10,93.74,101.13,-1,-1,0,0,0,0,0,0,0,0,0,-1,0,103,704 (-622875830)(T0=2016-4-5_14:42:37 T1=1822.5740)
MIL:3C3360A3,50,10,93.74,101.13,-1,-1,0,0,0,0,0,0,0,0,0,-1,0,104,500 (-622875830)(T0=2016-4-5_14:42:37 T1=1822.5740)
MIL:3C3360A3,50,10,93.74,101.13,-1,-1,0,0,0,0,0,0,0,0,0,-1,0,96,900 (-622875830)(T0=2016-4-5_14:42:37 T1=1822.5740)
MIL:3C3360A3,50,10,93.74,101.13,-1,-1,0,0,0,0,0,0,0,0,0,-1,0,23,4 (-622875830)(T0=2016-4-5_14:42:37 T1=1822.5740)
MIL:3C3360A3,10,10,91.39,98.66,1069,221900,0,0,0,0,0,0,0,0,0,33,1,-1,0 (-622875830)(T0=2016-4-5_14:44:56 T1=1961.3430)
MIL:3C3360A2,50,2,274.88,158.92,-1,-1,0,0,0,0,0,0,0,0,0,-1,0,237,0 (-578815166)(T0=2016-4-5_14:54:30 T1=2535.4530)
MIL:3C3360A2,30,2,163.34,163.05,718,210238,0,1,17,0,0,0,0,0,0,22,1,-1,0 (-578815166)(T0=2016-4-5_14:56:4 T1=2629.3150)
MIL:3C3360A2,30,2,163.34,163.05,718,210238,0,1,17,0,0,0,0,0,0,22,1,-1,0 (-578815166)(T0=2016-4-5_14:56:4 T1=2629.3150)
MIL:3C3360A2,30,2,163.34,163.05,718,210238,0,1,18,0,0,0,0,0,0,22,1,-1,0 (-578815166)(T0=2016-4-5_14:56:4 T1=2629.3170)
MIL:3C3360A2,30,2,163.34,163.05,718,210238,0,1,18,0,0,0,0,0,0,22,1,-1,0 (-578815166)(T0=2016-4-5_14:56:4 T1=2629.3170)
MIL:3C3360A2,30,2,163.34,163.05,718,210238,0,1,19,0,0,0,0,0,0,22,1,-1,0 (-578815166)(T0=2016-4-5_14:56:4 T1=2629.3190)
MIL:3C3360A2,30,2,163.34,163.05,718,210238,0,1,19,0,0,0,0,0,0,22,1,-1,0 (-578815166)(T0=2016-4-5_14:56:4 T1=2629.3190)
MIL:3C3360A2,30,2,163.34,163.05,718,210238,0,1,20,0,0,0,0,0,0,22,1,-1,0 (-578815166)(T0=2016-4-5_14:56:4 T1=2629.3210)
MIL:3C3360A2,30,2,163.34,163.05,718,210238,0,1,20,0,0,0,0,0,0,22,1,-1,0 (-578815166)(T0=2016-4-5_14:56:4 T1=2629.3210)
MIL:3C3360A2,30,2,163.34,163.05,718,210238,0,1,21,0,0,0,0,0,0,22,1,-1,0 (-578815166)(T0=2016-4-5_14:56:4 T1=2629.3220)
MIL:3C3360A2,30,2,163.34,163.05,718,210238,0,1,21,0,0,0,0,0,0,22,1,-1,0 (-578815166)(T0=2016-4-5_14:56:4 T1=2629.3220)
MIL:3C3360A2,30,2,163.34,163.05,718,210238,0,1,22,0,0,0,0,0,0,22,1,-1,0 (-578815166)(T0=2016-4-5_14:56:4 T1=2629.3240)
MIL:3C3360A2,30,2,163.34,163.05,718,210238,0,1,22,0,0,0,0,0,0,22,1,-1,0 (-578815166)(T0=2016-4-5_14:56:4 T1=2629.3240)
MIL:3C3360A2,30,2,163.34,163.05,718,210238,0,1,23,0,0,0,0,0,0,22,1,-1,0 (-578815166)(T0=2016-4-5_14:56:4 T1=2629.3260)
MIL:3C3360A2,30,2,163.34,163.05,718,210238,0,1,23,0,0,0,0,0,0,22,1,-1,0 (-578815166)(T0=2016-4-5_14:56:4 T1=2629.3260)
MIL:3C3360A2,30,2,163.34,163.05,718,210238,0,1,24,0,0,0,0,0,0,22,1,-1,0 (-578815166)(T0=2016-4-5_14:56:4 T1=2629.3280)
MIL:3C3360A2,30,2,163.34,163.05,718,210238,0,1,24,0,0,0,0,0,0,22,1,-1,0 (-578815166)(T0=2016-4-5_14:56:4 T1=2629.3280)
MIL:3C3360A2,30,2,163.34,163.05,718,210238,0,1,25,0,0,0,0,0,0,22,1,-1,0 (-578815166)(T0=2016-4-5_14:56:4 T1=2629.3300)
MIL:3C3360A2,30,2,163.34,163.05,718,210238,0,1,25,0,0,0,0,0,0,22,1,-1,0 (-578815166)(T0=2016-4-5_14:56:4 T1=2629.3300)
MIL:3C3360A2,30,2,163.34,163.05,718,210238,0,1,26,0,0,0,0,0,0,22,1,-1,0 (-578815166)(T0=2016-4-5_14:56:4 T1=2629.3320)
MIL:3C3360A2,30,2,163.34,163.05,718,210238,0,1,26,0,0,0,0,0,0,22,1,-1,0 (-578815166)(T0=2016-4-5_14:56:4 T1=2629.3320)
MIL:3C3360A2,10,2,163.34,163.05,400,1018700,0,0,0,0,0,0,0,0,0,12,1,-1,0 (-578815166)(T0=2016-4-5_14:56:4 T1=2629.3330)
MIL:3C3360A2,30,2,163.34,163.05,718,210238,0,1,27,0,0,0,0,0,0,22,1,-1,0 (-578815166)(T0=2016-4-5_14:56:4 T1=2629.3340)
MIL:3C3360A2,30,2,163.34,163.05,718,210238,0,1,27,0,0,0,0,0,0,22,1,-1,0 (-578815166)(T0=2016-4-5_14:56:4 T1=2629.3340)
MIL:3C3360A2,30,2,163.34,163.05,718,210238,0,1,28,0,0,0,0,0,0,22,1,-1,0 (-578815166)(T0=2016-4-5_14:56:4 T1=2629.3360)
MIL:3C3360A2,30,2,163.34,163.05,718,210238,0,1,28,0,0,0,0,0,0,22,1,-1,0 (-578815166)(T0=2016-4-5_14:56:4 T1=2629.3360)
MIL:3C3360A2,10,2,163.34,163.05,403,500606,0,0,0,0,0,0,0,0,0,12,1,-1,0 (-578815166)(T0=2016-4-5_14:56:4 T1=2629.3360)
MIL:3C3360A2,30,2,163.34,163.05,403,500606,0,1,0,0,0,0,0,0,0,12,1,-1,0 (-578815166)(T0=2016-4-5_14:56:4 T1=2629.3360)
MIL:3C3360A2,30,2,163.34,163.05,403,500606,0,1,1,0,0,0,0,0,0,12,1,-1,0 (-578815166)(T0=2016-4-5_14:56:4 T1=2629.3360)
MIL:3C3360A2,30,2,163.34,163.05,718,210238,0,1,29,0,0,0,0,0,0,22,1,-1,0 (-578815166)(T0=2016-4-5_14:56:4 T1=2629.3380)
MIL:3C3360A2,30,2,163.34,163.05,718,210238,0,1,29,0,0,0,0,0,0,22,1,-1,0 (-578815166)(T0=2016-4-5_14:56:4 T1=2629.3380)
MIL:3C3360A2,30,2,163.34,163.05,718,210238,0,1,30,0,0,0,0,0,0,22,1,-1,0 (-578815166)(T0=2016-4-5_14:56:4 T1=2629.3390)
MIL:3C3360A2,30,2,163.34,163.05,718,210238,0,1,30,0,0,0,0,0,0,22,1,-1,0 (-578815166)(T0=2016-4-5_14:56:4 T1=2629.3390)
MIL:3C3360A2,10,2,163.34,163.05,409,500602,0,0,0,0,0,0,0,0,0,12,1,-1,0 (-578815166)(T0=2016-4-5_14:56:4 T1=2629.3400)
MIL:3C3360A2,30,2,163.34,163.05,409,500602,0,1,0,0,0,0,0,0,0,12,1,-1,0 (-578815166)(T0=2016-4-5_14:56:4 T1=2629.3400)
MIL:3C3360A2,30,2,163.34,163.05,409,500602,0,1,1,0,0,0,0,0,0,12,1,-1,0 (-578815166)(T0=2016-4-5_14:56:4 T1=2629.3400)
MIL:3C3360A2,30,2,163.34,163.05,718,210238,0,1,31,0,0,0,0,0,0,22,1,-1,0 (-578815166)(T0=2016-4-5_14:56:4 T1=2629.3410)
MIL:3C3360A2,30,2,163.34,163.05,718,210238,0,1,31,0,0,0,0,0,0,22,1,-1,0 (-578815166)(T0=2016-4-5_14:56:4 T1=2629.3410)
MIL:3C3360A2,30,2,163.34,163.05,718,210238,0,1,32,0,0,0,0,0,0,22,1,-1,0 (-578815166)(T0=2016-4-5_14:56:4 T1=2629.3440)
MIL:3C3360A2,30,2,163.34,163.05,718,210238,0,1,32,0,0,0,0,0,0,22,1,-1,0 (-578815166)(T0=2016-4-5_14:56:4 T1=2629.3440)
MIL:3C3360A2,10,2,163.34,163.05,412,500603,0,0,0,0,0,0,0,0,0,12,1,-1,0 (-578815166)(T0=2016-4-5_14:56:4 T1=2629.3440)
MIL:3C3360A2,30,2,163.34,163.05,412,500603,0,1,0,0,0,0,0,0,0,12,1,-1,0 (-578815166)(T0=2016-4-5_14:56:4 T1=2629.3440)
MIL:3C3360A2,30,2,163.34,163.05,412,500603,0,1,1,0,0,0,0,0,0,12,1,-1,0 (-578815166)(T0=2016-4-5_14:56:4 T1=2629.3440)
MIL:3C3360A2,30,2,163.34,163.05,718,210238,0,1,33,0,0,0,0,0,0,22,1,-1,0 (-578815166)(T0=2016-4-5_14:56:4 T1=2629.3450)
MIL:3C3360A2,30,2,163.34,163.05,718,210238,0,1,33,0,0,0,0,0,0,22,1,-1,0 (-578815166)(T0=2016-4-5_14:56:4 T1=2629.3450)
MIL:3C3360A2,30,2,163.34,163.05,718,210238,0,1,34,0,0,0,0,0,0,22,1,-1,0 (-578815166)(T0=2016-4-5_14:56:4 T1=2629.3470)
MIL:3C3360A2,30,2,163.34,163.05,718,210238,0,1,34,0,0,0,0,0,0,22,1,-1,0 (-578815166)(T0=2016-4-5_14:56:4 T1=2629.3470)
MIL:3C3360A2,30,2,163.34,163.05,718,210238,0,1,35,0,0,0,0,0,0,22,1,-1,0 (-578815166)(T0=2016-4-5_14:56:4 T1=2629.3500)
MIL:3C3360A2,30,2,163.34,163.05,718,210238,0,1,35,0,0,0,0,0,0,22,1,-1,0 (-578815166)(T0=2016-4-5_14:56:4 T1=2629.3500)
MIL:3C3360A2,10,2,163.34,163.05,415,500605,0,0,0,0,0,0,0,0,0,12,1,-1,0 (-578815166)(T0=2016-4-5_14:56:4 T1=2629.3510)
MIL:3C3360A2,30,2,163.34,163.05,415,500605,0,1,0,0,0,0,0,0,0,12,1,-1,0 (-578815166)(T0=2016-4-5_14:56:4 T1=2629.3510)
MIL:3C3360A2,30,2,163.34,163.05,415,500605,0,1,1,0,0,0,0,0,0,12,1,-1,0 (-578815166)(T0=2016-4-5_14:56:4 T1=2629.3510)
MIL:3C3360A2,30,2,163.34,163.05,718,210238,0,1,36,0,0,0,0,0,0,22,1,-1,0 (-578815166)(T0=2016-4-5_14:56:4 T1=2629.3530)
MIL:3C3360A2,30,2,163.34,163.05,718,210238,0,1,36,0,0,0,0,0,0,22,1,-1,0 (-578815166)(T0=2016-4-5_14:56:4 T1=2629.3530)
MIL:3C3360A2,30,2,163.34,163.05,718,210238,0,1,37,0,0,0,0,0,0,22,1,-1,0 (-578815166)(T0=2016-4-5_14:56:4 T1=2629.3540)
MIL:3C3360A2,30,2,163.34,163.05,718,210238,0,1,37,0,0,0,0,0,0,22,1,-1,0 (-578815166)(T0=2016-4-5_14:56:4 T1=2629.3540)
MIL:3C3360A2,30,2,163.34,163.05,718,210238,0,1,38,0,0,0,0,0,0,22,1,-1,0 (-578815166)(T0=2016-4-5_14:56:4 T1=2629.3560)
MIL:3C3360A2,30,2,163.34,163.05,718,210238,0,1,38,0,0,0,0,0,0,22,1,-1,0 (-578815166)(T0=2016-4-5_14:56:4 T1=2629.3560)
MIL:3C3360A2,10,2,163.34,163.05,418,500608,0,0,0,0,0,0,0,0,0,13,1,-1,0 (-578815166)(T0=2016-4-5_14:56:4 T1=2629.3570)
MIL:3C3360A2,30,2,163.34,163.05,418,500608,0,1,0,0,0,0,0,0,0,13,1,-1,0 (-578815166)(T0=2016-4-5_14:56:4 T1=2629.3570)
MIL:3C3360A2,30,2,163.34,163.05,418,500608,0,1,1,0,0,0,0,0,0,13,1,-1,0 (-578815166)(T0=2016-4-5_14:56:4 T1=2629.3570)
MIL:3C3360A2,30,2,163.34,163.05,718,210238,0,1,39,0,0,0,0,0,0,22,1,-1,0 (-578815166)(T0=2016-4-5_14:56:4 T1=2629.3580)
MIL:3C3360A2,30,2,163.34,163.05,718,210238,0,1,39,0,0,0,0,0,0,22,1,-1,0 (-578815166)(T0=2016-4-5_14:56:4 T1=2629.3580)
MIL:3C3360A2,30,2,163.34,163.05,718,210238,0,1,40,0,0,0,0,0,0,22,1,-1,0 (-578815166)(T0=2016-4-5_14:56:4 T1=2629.3600)
MIL:3C3360A2,30,2,163.34,163.05,718,210238,0,1,40,0,0,0,0,0,0,22,1,-1,0 (-578815166)(T0=2016-4-5_14:56:4 T1=2629.3600)
MIL:3C3360A2,10,2,163.34,163.05,428,500612,0,0,0,0,0,0,0,0,0,13,1,-1,0 (-578815166)(T0=2016-4-5_14:56:4 T1=2629.3610)
MIL:3C3360A2,30,2,163.34,163.05,428,500612,0,1,0,0,0,0,0,0,0,13,1,-1,0 (-578815166)(T0=2016-4-5_14:56:4 T1=2629.3610)
MIL:3C3360A2,30,2,163.34,163.05,428,500612,0,1,1,0,0,0,0,0,0,13,1,-1,0 (-578815166)(T0=2016-4-5_14:56:4 T1=2629.3610)
MIL:3C3360A2,30,2,163.34,163.05,718,210238,0,1,41,0,0,0,0,0,0,22,1,-1,0 (-578815166)(T0=2016-4-5_14:56:4 T1=2629.3620)
MIL:3C3360A2,30,2,163.34,163.05,718,210238,0,1,41,0,0,0,0,0,0,22,1,-1,0 (-578815166)(T0=2016-4-5_14:56:4 T1=2629.3620)
MIL:3C3360A2,30,2,163.34,163.05,718,210238,0,1,42,0,0,0,0,0,0,22,1,-1,0 (-578815166)(T0=2016-4-5_14:56:4 T1=2629.3630)
MIL:3C3360A2,30,2,163.34,163.05,718,210238,0,1,42,0,0,0,0,0,0,22,1,-1,0 (-578815166)(T0=2016-4-5_14:56:4 T1=2629.3630)
MIL:3C3360A2,10,2,163.34,163.05,433,500613,0,0,0,0,0,0,0,0,0,13,1,-1,0 (-578815166)(T0=2016-4-5_14:56:4 T1=2629.3640)
MIL:3C3360A2,30,2,163.34,163.05,433,500613,0,1,0,0,0,0,0,0,0,13,1,-1,0 (-578815166)(T0=2016-4-5_14:56:4 T1=2629.3640)
MIL:3C3360A2,30,2,163.34,163.05,433,500613,0,1,1,0,0,0,0,0,0,13,1,-1,0 (-578815166)(T0=2016-4-5_14:56:4 T1=2629.3640)
MIL:3C3360A2,30,2,163.34,163.05,718,210238,0,1,43,0,0,0,0,0,0,22,1,-1,0 (-578815166)(T0=2016-4-5_14:56:4 T1=2629.3650)
MIL:3C3360A2,30,2,163.34,163.05,718,210238,0,1,43,0,0,0,0,0,0,22,1,-1,0 (-578815166)(T0=2016-4-5_14:56:4 T1=2629.3650)
MIL:3C3360A2,30,2,163.34,163.05,718,210238,0,1,44,0,0,0,0,0,0,22,1,-1,0 (-578815166)(T0=2016-4-5_14:56:4 T1=2629.3670)
MIL:3C3360A2,30,2,163.34,163.05,718,210238,0,1,44,0,0,0,0,0,0,22,1,-1,0 (-578815166)(T0=2016-4-5_14:56:4 T1=2629.3670)
MIL:3C3360A2,30,2,163.34,163.05,718,210238,0,1,45,0,0,0,0,0,0,22,1,-1,0 (-578815166)(T0=2016-4-5_14:56:4 T1=2629.3690)
MIL:3C3360A2,30,2,163.34,163.05,718,210238,0,1,45,0,0,0,0,0,0,22,1,-1,0 (-578815166)(T0=2016-4-5_14:56:4 T1=2629.3690)
MIL:3C3360A2,10,2,163.34,163.05,437,500614,0,0,0,0,0,0,0,0,0,13,1,-1,0 (-578815166)(T0=2016-4-5_14:56:4 T1=2629.3700)
MIL:3C3360A2,30,2,163.34,163.05,437,500614,0,1,0,0,0,0,0,0,0,13,1,-1,0 (-578815166)(T0=2016-4-5_14:56:4 T1=2629.3700)
MIL:3C3360A2,30,2,163.34,163.05,437,500614,0,1,1,0,0,0,0,0,0,13,1,-1,0 (-578815166)(T0=2016-4-5_14:56:4 T1=2629.3700)
MIL:3C3360A2,30,2,163.34,163.05,718,210238,0,1,46,0,0,0,0,0,0,22,1,-1,0 (-578815166)(T0=2016-4-5_14:56:4 T1=2629.3710)
MIL:3C3360A2,30,2,163.34,163.05,718,210238,0,1,46,0,0,0,0,0,0,22,1,-1,0 (-578815166)(T0=2016-4-5_14:56:4 T1=2629.3710)
MIL:3C3360A2,30,2,163.34,163.05,718,210238,0,1,47,0,0,0,0,0,0,22,1,-1,0 (-578815166)(T0=2016-4-5_14:56:4 T1=2629.3730)
MIL:3C3360A2,30,2,163.34,163.05,718,210238,0,1,47,0,0,0,0,0,0,22,1,-1,0 (-578815166)(T0=2016-4-5_14:56:4 T1=2629.3730)
MIL:3C3360A2,30,2,163.34,163.05,718,210238,0,1,48,0,0,0,0,0,0,22,1,-1,0 (-578815166)(T0=2016-4-5_14:56:4 T1=2629.3740)
MIL:3C3360A2,30,2,163.34,163.05,718,210238,0,1,48,0,0,0,0,0,0,22,1,-1,0 (-578815166)(T0=2016-4-5_14:56:4 T1=2629.3740)
MIL:3C3360A2,10,2,163.34,163.05,476,500615,0,0,0,0,0,0,0,0,0,14,1,-1,0 (-578815166)(T0=2016-4-5_14:56:4 T1=2629.3750)
MIL:3C3360A2,30,2,163.34,163.05,476,500615,0,1,0,0,0,0,0,0,0,14,1,-1,0 (-578815166)(T0=2016-4-5_14:56:4 T1=2629.3750)
MIL:3C3360A2,30,2,163.34,163.05,476,500615,0,1,1,0,0,0,0,0,0,14,1,-1,0 (-578815166)(T0=2016-4-5_14:56:4 T1=2629.3750)
MIL:3C3360A2,30,2,163.34,163.05,718,210238,0,1,49,0,0,0,0,0,0,22,1,-1,0 (-578815166)(T0=2016-4-5_14:56:4 T1=2629.3760)
MIL:3C3360A2,30,2,163.34,163.05,718,210238,0,1,49,0,0,0,0,0,0,22,1,-1,0 (-578815166)(T0=2016-4-5_14:56:4 T1=2629.3760)
MIL:3C3360A2,30,2,163.34,163.05,718,210238,0,1,50,0,0,0,0,0,0,22,1,-1,0 (-578815166)(T0=2016-4-5_14:56:4 T1=2629.3780)
MIL:3C3360A2,30,2,163.34,163.05,718,210238,0,1,50,0,0,0,0,0,0,22,1,-1,0 (-578815166)(T0=2016-4-5_14:56:4 T1=2629.3780)
MIL:3C3360A2,10,2,163.34,163.05,480,500616,0,0,0,0,0,0,0,0,0,15,1,-1,0 (-578815166)(T0=2016-4-5_14:56:4 T1=2629.3790)
MIL:3C3360A2,30,2,163.34,163.05,480,500616,0,1,0,0,0,0,0,0,0,15,1,-1,0 (-578815166)(T0=2016-4-5_14:56:4 T1=2629.3790)
MIL:3C3360A2,30,2,163.34,163.05,480,500616,0,1,1,0,0,0,0,0,0,15,1,-1,0 (-578815166)(T0=2016-4-5_14:56:4 T1=2629.3790)
MIL:3C3360A2,30,2,163.34,163.05,718,210238,0,1,51,0,0,0,0,0,0,22,1,-1,0 (-578815166)(T0=2016-4-5_14:56:4 T1=2629.3800)
MIL:3C3360A2,30,2,163.34,163.05,718,210238,0,1,51,0,0,0,0,0,0,22,1,-1,0 (-578815166)(T0=2016-4-5_14:56:4 T1=2629.3800)
MIL:3C3360A2,30,2,163.34,163.05,718,210238,0,1,52,0,0,0,0,0,0,22,1,-1,0 (-578815166)(T0=2016-4-5_14:56:4 T1=2629.3820)
MIL:3C3360A2,30,2,163.34,163.05,718,210238,0,1,52,0,0,0,0,0,0,22,1,-1,0 (-578815166)(T0=2016-4-5_14:56:4 T1=2629.3820)
MIL:3C3360A2,30,2,163.34,163.05,718,210238,0,1,53,0,0,0,0,0,0,22,1,-1,0 (-578815166)(T0=2016-4-5_14:56:4 T1=2629.3850)
MIL:3C3360A2,30,2,163.34,163.05,718,210238,0,1,53,0,0,0,0,0,0,22,1,-1,0 (-578815166)(T0=2016-4-5_14:56:4 T1=2629.3850)
MIL:3C3360A2,30,2,163.34,163.05,718,210238,0,1,54,0,0,0,0,0,0,22,1,-1,0 (-578815166)(T0=2016-4-5_14:56:4 T1=2629.3870)
MIL:3C3360A2,30,2,163.34,163.05,718,210238,0,1,54,0,0,0,0,0,0,22,1,-1,0 (-578815166)(T0=2016-4-5_14:56:4 T1=2629.3870)
MIL:3C3360A2,30,2,163.34,163.05,718,210238,0,1,55,0,0,0,0,0,0,22,1,-1,0 (-578815166)(T0=2016-4-5_14:56:4 T1=2629.3890)
MIL:3C3360A2,30,2,163.34,163.05,718,210238,0,1,55,0,0,0,0,0,0,22,1,-1,0 (-578815166)(T0=2016-4-5_14:56:4 T1=2629.3890)
MIL:3C3360A2,30,2,163.34,163.05,718,210238,0,1,56,0,0,0,0,0,0,22,1,-1,0 (-578815166)(T0=2016-4-5_14:56:4 T1=2629.3910)
MIL:3C3360A2,30,2,163.34,163.05,718,210238,0,1,56,0,0,0,0,0,0,22,1,-1,0 (-578815166)(T0=2016-4-5_14:56:4 T1=2629.3910)
MIL:3C3360A2,30,2,163.34,163.05,718,210238,0,1,57,0,0,0,0,0,0,22,1,-1,0 (-578815166)(T0=2016-4-5_14:56:4 T1=2629.3930)
MIL:3C3360A2,30,2,163.34,163.05,718,210238,0,1,57,0,0,0,0,0,0,22,1,-1,0 (-578815166)(T0=2016-4-5_14:56:4 T1=2629.3930)
MIL:3C3360A2,30,2,163.34,163.05,718,210238,0,1,58,0,0,0,0,0,0,22,1,-1,0 (-578815166)(T0=2016-4-5_14:56:4 T1=2629.3950)
MIL:3C3360A2,30,2,163.34,163.05,718,210238,0,1,58,0,0,0,0,0,0,22,1,-1,0 (-578815166)(T0=2016-4-5_14:56:4 T1=2629.3950)
MIL:3C3360A2,30,2,163.34,163.05,718,210238,0,1,59,0,0,0,0,0,0,22,1,-1,0 (-578815166)(T0=2016-4-5_14:56:4 T1=2629.3960)
MIL:3C3360A2,30,2,163.34,163.05,718,210238,0,1,59,0,0,0,0,0,0,22,1,-1,0 (-578815166)(T0=2016-4-5_14:56:4 T1=2629.3960)
MIL:3C3360A2,30,2,163.34,163.05,718,210238,0,1,60,0,0,0,0,0,0,22,1,-1,0 (-578815166)(T0=2016-4-5_14:56:4 T1=2629.3990)
MIL:3C3360A2,30,2,163.34,163.05,718,210238,0,1,60,0,0,0,0,0,0,22,1,-1,0 (-578815166)(T0=2016-4-5_14:56:4 T1=2629.3990)
MIL:3C3360A2,30,2,163.34,163.05,718,210238,0,1,61,0,0,0,0,0,0,22,1,-1,0 (-578815166)(T0=2016-4-5_14:56:4 T1=2629.4010)
MIL:3C3360A2,30,2,163.34,163.05,718,210238,0,1,61,0,0,0,0,0,0,22,1,-1,0 (-578815166)(T0=2016-4-5_14:56:4 T1=2629.4010)
MIL:3C3360A2,30,2,163.34,163.05,718,210238,0,1,62,0,0,0,0,0,0,22,1,-1,0 (-578815166)(T0=2016-4-5_14:56:4 T1=2629.4030)
MIL:3C3360A2,30,2,163.34,163.05,718,210238,0,1,62,0,0,0,0,0,0,22,1,-1,0 (-578815166)(T0=2016-4-5_14:56:4 T1=2629.4030)
MIL:3C3360A2,30,2,163.34,163.05,718,210238,0,1,63,0,0,0,0,0,0,22,1,-1,0 (-578815166)(T0=2016-4-5_14:56:4 T1=2629.4040)
MIL:3C3360A2,30,2,163.34,163.05,718,210238,0,1,63,0,0,0,0,0,0,22,1,-1,0 (-578815166)(T0=2016-4-5_14:56:4 T1=2629.4040)
MIL:3C3360A2,30,2,163.34,163.05,718,210238,0,1,64,0,0,0,0,0,0,22,1,-1,0 (-578815166)(T0=2016-4-5_14:56:4 T1=2629.4060)
MIL:3C3360A2,30,2,163.34,163.05,718,210238,0,1,64,0,0,0,0,0,0,22,1,-1,0 (-578815166)(T0=2016-4-5_14:56:4 T1=2629.4060)
MIL:3C3360A2,30,2,163.34,163.05,718,210238,0,1,65,0,0,0,0,0,0,22,1,-1,0 (-578815166)(T0=2016-4-5_14:56:4 T1=2629.4080)
MIL:3C3360A2,30,2,163.34,163.05,718,210238,0,1,65,0,0,0,0,0,0,22,1,-1,0 (-578815166)(T0=2016-4-5_14:56:4 T1=2629.4080)
MIL:3C3360A2,30,2,163.34,163.05,718,210238,0,1,66,0,0,0,0,0,0,22,1,-1,0 (-578815166)(T0=2016-4-5_14:56:4 T1=2629.4100)
MIL:3C3360A2,30,2,163.34,163.05,718,210238,0,1,66,0,0,0,0,0,0,22,1,-1,0 (-578815166)(T0=2016-4-5_14:56:4 T1=2629.4100)
MIL:3C3360A2,30,2,163.34,163.05,718,210238,0,1,67,0,0,0,0,0,0,22,1,-1,0 (-578815166)(T0=2016-4-5_14:56:4 T1=2629.4110)
MIL:3C3360A2,30,2,163.34,163.05,718,210238,0,1,67,0,0,0,0,0,0,22,1,-1,0 (-578815166)(T0=2016-4-5_14:56:4 T1=2629.4110)
MIL:3C3360A2,30,2,163.34,163.05,718,210238,0,1,68,0,0,0,0,0,0,22,1,-1,0 (-578815166)(T0=2016-4-5_14:56:4 T1=2629.4130)
MIL:3C3360A2,30,2,163.34,163.05,718,210238,0,1,68,0,0,0,0,0,0,22,1,-1,0 (-578815166)(T0=2016-4-5_14:56:4 T1=2629.4130)
MIL:3C3360A2,30,2,163.34,163.05,718,210238,0,1,69,0,0,0,0,0,0,22,1,-1,0 (-578815166)(T0=2016-4-5_14:56:4 T1=2629.4150)
MIL:3C3360A2,30,2,163.34,163.05,718,210238,0,1,69,0,0,0,0,0,0,22,1,-1,0 (-578815166)(T0=2016-4-5_14:56:4 T1=2629.4150)
MIL:3C3360A2,30,2,163.34,163.05,718,210238,0,1,70,0,0,0,0,0,0,22,1,-1,0 (-578815166)(T0=2016-4-5_14:56:4 T1=2629.4170)
MIL:3C3360A2,30,2,163.34,163.05,718,210238,0,1,70,0,0,0,0,0,0,22,1,-1,0 (-578815166)(T0=2016-4-5_14:56:4 T1=2629.4170)
MIL:3C3360A2,30,2,163.34,163.05,718,210238,0,1,71,0,0,0,0,0,0,22,1,-1,0 (-578815166)(T0=2016-4-5_14:56:4 T1=2629.4190)
MIL:3C3360A2,30,2,163.34,163.05,718,210238,0,1,71,0,0,0,0,0,0,22,1,-1,0 (-578815166)(T0=2016-4-5_14:56:4 T1=2629.4190)
MIL:3C3360A2,30,2,163.34,163.05,718,210238,0,1,72,0,0,0,0,0,0,22,1,-1,0 (-578815166)(T0=2016-4-5_14:56:4 T1=2629.4220)
MIL:3C3360A2,30,2,163.34,163.05,718,210238,0,1,72,0,0,0,0,0,0,22,1,-1,0 (-578815166)(T0=2016-4-5_14:56:4 T1=2629.4220)
MIL:3C3360A2,30,2,163.34,163.05,718,210238,0,1,73,0,0,0,0,0,0,22,1,-1,0 (-578815166)(T0=2016-4-5_14:56:4 T1=2629.4240)
MIL:3C3360A2,30,2,163.34,163.05,718,210238,0,1,73,0,0,0,0,0,0,22,1,-1,0 (-578815166)(T0=2016-4-5_14:56:4 T1=2629.4240)
MIL:3C3360A2,30,2,163.34,163.05,718,210238,0,1,74,0,0,0,0,0,0,22,1,-1,0 (-578815166)(T0=2016-4-5_14:56:4 T1=2629.4260)
MIL:3C3360A2,30,2,163.34,163.05,718,210238,0,1,74,0,0,0,0,0,0,22,1,-1,0 (-578815166)(T0=2016-4-5_14:56:4 T1=2629.4260)
MIL:3C3360A2,30,2,163.34,163.05,718,210238,0,1,75,0,0,0,0,0,0,22,1,-1,0 (-578815166)(T0=2016-4-5_14:56:4 T1=2629.4280)
MIL:3C3360A2,30,2,163.34,163.05,718,210238,0,1,75,0,0,0,0,0,0,22,1,-1,0 (-578815166)(T0=2016-4-5_14:56:4 T1=2629.4280)
MIL:3C3360A2,30,2,163.34,163.05,718,210238,0,1,76,0,0,0,0,0,0,22,1,-1,0 (-578815166)(T0=2016-4-5_14:56:4 T1=2629.4300)
MIL:3C3360A2,30,2,163.34,163.05,718,210238,0,1,76,0,0,0,0,0,0,22,1,-1,0 (-578815166)(T0=2016-4-5_14:56:4 T1=2629.4300)
MIL:3C3360A2,30,2,163.34,163.05,718,210238,0,1,77,0,0,0,0,0,0,22,1,-1,0 (-578815166)(T0=2016-4-5_14:56:4 T1=2629.4320)
MIL:3C3360A2,30,2,163.34,163.05,718,210238,0,1,77,0,0,0,0,0,0,22,1,-1,0 (-578815166)(T0=2016-4-5_14:56:4 T1=2629.4320)
MIL:3C3360A2,30,2,163.34,163.05,718,210238,0,1,78,0,0,0,0,0,0,22,1,-1,0 (-578815166)(T0=2016-4-5_14:56:4 T1=2629.4330)
MIL:3C3360A2,30,2,163.34,163.05,718,210238,0,1,78,0,0,0,0,0,0,22,1,-1,0 (-578815166)(T0=2016-4-5_14:56:4 T1=2629.4330)
MIL:3C3360A2,30,2,163.34,163.05,718,210238,0,1,79,0,0,0,0,0,0,22,1,-1,0 (-578815166)(T0=2016-4-5_14:56:4 T1=2629.4350)
MIL:3C3360A2,30,2,163.34,163.05,718,210238,0,1,79,0,0,0,0,0,0,22,1,-1,0 (-578815166)(T0=2016-4-5_14:56:4 T1=2629.4350)
MIL:3C3360A2,30,2,163.34,163.05,718,210238,0,1,80,0,0,0,0,0,0,22,1,-1,0 (-578815166)(T0=2016-4-5_14:56:4 T1=2629.4370)
MIL:3C3360A2,30,2,163.34,163.05,718,210238,0,1,80,0,0,0,0,0,0,22,1,-1,0 (-578815166)(T0=2016-4-5_14:56:4 T1=2629.4370)
MIL:3C3360A2,30,2,163.34,163.05,718,210238,0,1,81,0,0,0,0,0,0,22,1,-1,0 (-578815166)(T0=2016-4-5_14:56:4 T1=2629.4390)
MIL:3C3360A2,30,2,163.34,163.05,718,210238,0,1,81,0,0,0,0,0,0,22,1,-1,0 (-578815166)(T0=2016-4-5_14:56:4 T1=2629.4390)
MIL:3C3360A2,30,2,163.34,163.05,718,210238,0,1,82,0,0,0,0,0,0,22,1,-1,0 (-578815166)(T0=2016-4-5_14:56:4 T1=2629.4410)
MIL:3C3360A2,30,2,163.34,163.05,718,210238,0,1,82,0,0,0,0,0,0,22,1,-1,0 (-578815166)(T0=2016-4-5_14:56:4 T1=2629.4410)
MIL:3C3360A2,30,2,163.34,163.05,718,210238,0,1,83,0,0,0,0,0,0,22,1,-1,0 (-578815166)(T0=2016-4-5_14:56:4 T1=2629.4420)
MIL:3C3360A2,30,2,163.34,163.05,718,210238,0,1,83,0,0,0,0,0,0,22,1,-1,0 (-578815166)(T0=2016-4-5_14:56:4 T1=2629.4420)
MIL:3C3360A2,30,2,163.34,163.05,718,210238,0,1,84,0,0,0,0,0,0,22,1,-1,0 (-578815166)(T0=2016-4-5_14:56:4 T1=2629.4440)
MIL:3C3360A2,30,2,163.34,163.05,718,210238,0,1,84,0,0,0,0,0,0,22,1,-1,0 (-578815166)(T0=2016-4-5_14:56:4 T1=2629.4440)
MIL:3C3360A2,30,2,163.34,163.05,718,210238,0,1,85,0,0,0,0,0,0,22,1,-1,0 (-578815166)(T0=2016-4-5_14:56:4 T1=2629.4460)
MIL:3C3360A2,30,2,163.34,163.05,718,210238,0,1,85,0,0,0,0,0,0,22,1,-1,0 (-578815166)(T0=2016-4-5_14:56:4 T1=2629.4460)
MIL:3C3360A2,30,2,163.34,163.05,718,210238,0,1,86,0,0,0,0,0,0,22,1,-1,0 (-578815166)(T0=2016-4-5_14:56:4 T1=2629.4480)
MIL:3C3360A2,30,2,163.34,163.05,718,210238,0,1,86,0,0,0,0,0,0,22,1,-1,0 (-578815166)(T0=2016-4-5_14:56:4 T1=2629.4480)
MIL:3C3360A2,30,2,163.34,163.05,718,210238,0,1,87,0,0,0,0,0,0,22,1,-1,0 (-578815166)(T0=2016-4-5_14:56:4 T1=2629.4500)
MIL:3C3360A2,30,2,163.34,163.05,718,210238,0,1,87,0,0,0,0,0,0,22,1,-1,0 (-578815166)(T0=2016-4-5_14:56:4 T1=2629.4500)
MIL:3C3360A2,30,2,163.34,163.05,718,210238,0,1,88,0,0,0,0,0,0,22,1,-1,0 (-578815166)(T0=2016-4-5_14:56:4 T1=2629.4520)
MIL:3C3360A2,30,2,163.34,163.05,718,210238,0,1,88,0,0,0,0,0,0,22,1,-1,0 (-578815166)(T0=2016-4-5_14:56:4 T1=2629.4520)
MIL:3C3360A2,30,2,163.34,163.05,718,210238,0,1,89,0,0,0,0,0,0,22,1,-1,0 (-578815166)(T0=2016-4-5_14:56:4 T1=2629.4540)
MIL:3C3360A2,30,2,163.34,163.05,718,210238,0,1,89,0,0,0,0,0,0,22,1,-1,0 (-578815166)(T0=2016-4-5_14:56:4 T1=2629.4540)
MIL:3C3360A2,30,2,163.34,163.05,718,210238,0,1,90,0,0,0,0,0,0,22,1,-1,0 (-578815166)(T0=2016-4-5_14:56:4 T1=2629.4550)
MIL:3C3360A2,30,2,163.34,163.05,718,210238,0,1,90,0,0,0,0,0,0,22,1,-1,0 (-578815166)(T0=2016-4-5_14:56:4 T1=2629.4550)
MIL:3C3360A2,30,2,163.34,163.05,718,210238,0,1,91,0,0,0,0,0,0,22,1,-1,0 (-578815166)(T0=2016-4-5_14:56:4 T1=2629.4580)
MIL:3C3360A2,30,2,163.34,163.05,718,210238,0,1,91,0,0,0,0,0,0,22,1,-1,0 (-578815166)(T0=2016-4-5_14:56:4 T1=2629.4590)
MIL:3C3360A2,30,2,163.34,163.05,718,210238,0,1,92,0,0,0,0,0,0,22,1,-1,0 (-578815166)(T0=2016-4-5_14:56:4 T1=2629.4610)
MIL:3C3360A2,30,2,163.34,163.05,718,210238,0,1,92,0,0,0,0,0,0,22,1,-1,0 (-578815166)(T0=2016-4-5_14:56:4 T1=2629.4610)
MIL:3C3360A2,30,2,163.34,163.05,718,210238,0,1,93,0,0,0,0,0,0,22,1,-1,0 (-578815166)(T0=2016-4-5_14:56:4 T1=2629.4630)
MIL:3C3360A2,30,2,163.34,163.05,718,210238,0,1,93,0,0,0,0,0,0,22,1,-1,0 (-578815166)(T0=2016-4-5_14:56:4 T1=2629.4630)
MIL:3C3360A2,30,2,163.34,163.05,718,210238,0,1,94,0,0,0,0,0,0,22,1,-1,0 (-578815166)(T0=2016-4-5_14:56:4 T1=2629.4650)
MIL:3C3360A2,30,2,163.34,163.05,718,210238,0,1,94,0,0,0,0,0,0,22,1,-1,0 (-578815166)(T0=2016-4-5_14:56:4 T1=2629.4650)
MIL:3C3360A2,30,2,163.34,163.05,718,210238,0,1,95,0,0,0,0,0,0,22,1,-1,0 (-578815166)(T0=2016-4-5_14:56:4 T1=2629.4670)
MIL:3C3360A2,30,2,163.34,163.05,718,210238,0,1,95,0,0,0,0,0,0,22,1,-1,0 (-578815166)(T0=2016-4-5_14:56:4 T1=2629.4670)
MIL:3C3360A2,50,0,181.69,155.15,-1,-1,0,0,0,0,0,0,0,0,0,-1,0,237,0 (-775955648)(T0=2016-4-5_15:11:15 T1=3541.0110)
MIL:3C3360A2,50,0,181.69,155.15,-1,-1,0,0,0,0,0,0,0,0,0,-1,0,18,268435457 (-775955648)(T0=2016-4-5_15:11:15 T1=3541.0110)
MIL:3C3360A2,50,0,181.00,155.00,-1,-1,0,0,0,0,0,0,0,0,0,-1,0,237,0 (-775955648)(T0=2016-4-5_15:19:27 T1=4032.7420)
MIL:3C3360A2,50,0,181.00,155.00,-1,-1,0,0,0,0,0,0,0,0,0,-1,0,237,0 (-775955648)(T0=2016-4-5_15:21:40 T1=4165.9940)
