MOL:3C3360A2,FFFFFFFF,142,90000,-1,0.00,0.00,010101609514144916610,,100000,10000,0,0,0,0 (-1128412352)(T0=2016-4-5_14:14:49 T1=154.1660)
MOL:3C3360A3,FFFFFFFF,142,90000,-1,0.00,0.00,010101609514415206110,,100000,10000,0,0,0,0 (-1128412352)(T0=2016-4-5_14:41:52 T1=1778.0610)
MOL:3C3360A3,FFFFFFFF,61,1000,1,113.47,158.47,010101609514435189010,CGStallEstablishHandler::Execute,10000,9000,0,0,0,0 (-960558271)(T0=2016-4-5_14:43:51 T1=1896.8900)
MOL:3C3360A2,FFFFFFFF,300,30000000,2,163.34,163.05,,,0,30000000,0,0,0,0 (-578815166)(T0=2016-4-5_14:54:59 T1=2565.0410)
MOL:3C3360A2,FFFFFFFF,300,300000,2,163.34,163.05,,,30000000,30300000,0,0,0,0 (-578815166)(T0=2016-4-5_14:54:59 T1=2565.0410)
MOL:3C3360A2,FFFFFFFF,310,1,2,163.34,163.05,010101609514555579310,,30300000,30299999,0,0,0,0 (-578815166)(T0=2016-4-5_14:55:55 T1=2620.7930)
MOL:3C3360A2,FFFFFFFF,310,1,0,184.91,154.94,010101609514565154610,,30299999,30299998,0,0,0,0 (-775955648)(T0=2016-4-5_14:56:51 T1=2676.5460)
MOL:3C3360A2,FFFFFFFF,310,1,0,184.91,154.94,010101609514565176210,,30299998,30299997,0,0,0,0 (-775955648)(T0=2016-4-5_14:56:51 T1=2676.7620)
MOL:3C3360A2,FFFFFFFF,310,1,0,184.91,154.94,010101609514565104710,,30299997,30299996,0,0,0,0 (-775955648)(T0=2016-4-5_14:56:51 T1=2677.0470)
MOL:3C3360A2,FFFFFFFF,310,1,0,184.91,154.94,010101609514565355310,,30299996,30299995,0,0,0,0 (-775955648)(T0=2016-4-5_14:56:53 T1=2678.5530)
MOL:3C3360A2,FFFFFFFF,310,1,0,184.91,154.94,010101609514565385410,,30299995,30299994,0,0,0,0 (-775955648)(T0=2016-4-5_14:56:53 T1=2678.8540)
MOL:3C3360A2,FFFFFFFF,310,1,0,184.91,154.94,010101609514565315610,,30299994,30299993,0,0,0,0 (-775955648)(T0=2016-4-5_14:56:53 T1=2679.1560)
MOL:3C3360A2,3C3360A2,130,100,0,181.95,156.17,010101609514570007911,,10000,9900,0,0,0,0 (-775955648)(T0=2016-4-5_14:57:0 T1=2686.0790)
MOL:3C3360A2,FFFFFFFF,131,100000000,2,163.94,162.69,010101609514573923411,x002095_OnEventRequest,9900,100009900,0,0,0,0 (-578815166)(T0=2016-4-5_14:57:39 T1=2724.2340)
MOL:3C3360A2,FFFFFFFF,131,100000000,2,163.94,162.69,010101609514574044211,x002095_OnEventRequest,100009900,200009900,0,0,0,0 (-578815166)(T0=2016-4-5_14:57:40 T1=2725.4420)
MOL:3C3360A2,FFFFFFFF,134,76500,0,181.69,155.15,010101609514581176011,,200009900,199933400,0,0,0,0 (-775955648)(T0=2016-4-5_14:58:11 T1=2756.7600)
MOL:3C3360A2,FFFFFFFF,310,1,0,181.69,155.15,010101609514582650511,,30299993,30299992,0,0,0,0 (-775955648)(T0=2016-4-5_14:58:26 T1=2771.5050)
MOL:3C3360A2,FFFFFFFF,310,1,0,181.69,155.15,010101609514582690611,,30299992,30299991,0,0,0,0 (-775955648)(T0=2016-4-5_14:58:26 T1=2771.9060)
MOL:3C3360A2,FFFFFFFF,310,1,0,181.69,155.15,010101609514582720811,,30299991,30299990,0,0,0,0 (-775955648)(T0=2016-4-5_14:58:27 T1=2772.2080)
MOL:3C3360A2,FFFFFFFF,310,1,0,181.69,155.15,010101609514582761011,,30299990,30299989,0,0,0,0 (-775955648)(T0=2016-4-5_14:58:27 T1=2772.6100)
MOL:3C3360A2,FFFFFFFF,310,1,0,181.69,155.15,010101609514582701211,,30299989,30299988,0,0,0,0 (-775955648)(T0=2016-4-5_14:58:27 T1=2773.0120)
MOL:3C3360A2,FFFFFFFF,138,19000,0,181.69,155.15,010101609514583322711,,199933400,199914400,0,0,0,0 (-775955648)(T0=2016-4-5_14:58:33 T1=2778.2270)
MOL:3C3360A2,FFFFFFFF,138,19000,0,181.69,155.15,010101609514583473212,,199914400,199895400,0,0,0,0 (-775955648)(T0=2016-4-5_14:58:34 T1=2779.7320)
MOL:3C3360A2,FFFFFFFF,138,19000,0,181.69,155.15,010101609514583513412,,199895400,199876400,0,0,0,0 (-775955648)(T0=2016-4-5_14:58:35 T1=2781.1340)
MOL:3C3360A2,FFFFFFFF,142,109626400,-1,0.00,0.00,010101609515111447912,,199876400,90250000,0,0,0,0 (-1128412352)(T0=2016-4-5_15:11:14 T1=3539.4790)
MOL:3C3360A2,FFFFFFFF,134,76500,0,181.69,155.15,010101609515113063412,,90250000,90173500,0,0,0,0 (-775955648)(T0=2016-4-5_15:11:30 T1=3555.6340)
