MOL:3C3360A2,FFFFFFFF,112,1,414,150.21,75.91,010101609105520381110,,100000,99999,0,0,0,0 (-1111610146)(T0=2016-4-1_5:52:3 T1=532.8110)
MOL:3C3360A2,FFFFFFFF,132,10000,414,116.66,88.75,010101609105524040910,,99999,89999,0,0,0,0 (-1111610146)(T0=2016-4-1_5:52:40 T1=569.4090)
MOL:3C3360A3,FFFFFFFF,142,90000,-1,0.00,0.00,010101609107343051010,,100000,10000,0,0,0,0 (-1128395968)(T0=2016-4-1_7:34:30 T1=6679.5100)
MOL:3C3360A2,FFFFFFFF,300,30000000,2,165.29,165.56,,,0,30000000,0,0,0,0 (-578815166)(T0=2016-4-1_8:17:20 T1=9249.6470)
MOL:3C3360A2,FFFFFFFF,300,300000,2,165.29,165.56,,,30000000,30300000,0,0,0,0 (-578815166)(T0=2016-4-1_8:17:20 T1=9249.6470)
MOL:3C3360A2,FFFFFFFF,310,500000,194,40.67,32.44,010101609108234097110,,30300000,29800000,0,0,0,0 (-960541694)(T0=2016-4-1_8:23:40 T1=9629.9710)
MOL:3C3360A2,FFFFFFFF,310,500000,194,40.67,32.44,010101609108234228710,,29800000,29300000,0,0,0,0 (-960541694)(T0=2016-4-1_8:23:42 T1=9631.2870)
MOL:3C3360A2,FFFFFFFF,310,150000,194,40.67,32.44,010101609108235430710,,29300000,29150000,0,0,0,0 (-960541694)(T0=2016-4-1_8:23:54 T1=9643.3070)
MOL:3C3360A2,FFFFFFFF,310,150000,194,40.67,32.44,010101609108235801910,,29150000,29000000,0,0,0,0 (-960541694)(T0=2016-4-1_8:23:58 T1=9648.0190)
MOL:3C3360A2,FFFFFFFF,310,150000,194,40.67,32.44,010101609108235942110,,29000000,28850000,0,0,0,0 (-960541694)(T0=2016-4-1_8:23:59 T1=9648.4210)
MOL:3C3360A2,FFFFFFFF,310,1,194,40.67,32.44,010101609108250402710,,28850000,28849999,0,0,0,0 (-960541694)(T0=2016-4-1_8:25:4 T1=9714.0270)
MOL:3C3360A2,FFFFFFFF,310,1,194,40.67,32.44,010101609108250573110,,28849999,28849998,0,0,0,0 (-960541694)(T0=2016-4-1_8:25:5 T1=9714.7310)
MOL:3C3360A2,FFFFFFFF,310,1,194,40.67,32.44,010101609108250513311,,28849998,28849997,0,0,0,0 (-960541694)(T0=2016-4-1_8:25:5 T1=9715.1330)
MOL:3C3360A2,FFFFFFFF,310,20000,194,42.71,45.78,010101609108255931411,,28849997,28829997,0,0,0,0 (-960541694)(T0=2016-4-1_8:25:59 T1=9768.3140)
MOL:3C3360A2,FFFFFFFF,310,1,194,42.71,45.78,010101609108261686711,,28829997,28829996,0,0,0,0 (-960541694)(T0=2016-4-1_8:26:16 T1=9785.8670)
MOL:3C3360A2,FFFFFFFF,310,1,194,42.71,45.78,010101609108261736811,,28829996,28829995,0,0,0,0 (-960541694)(T0=2016-4-1_8:26:17 T1=9786.3680)
MOL:3C3360A2,FFFFFFFF,310,1,194,42.71,45.78,010101609108261706911,,28829995,28829994,0,0,0,0 (-960541694)(T0=2016-4-1_8:26:17 T1=9787.0690)
MOL:3C3360A2,FFFFFFFF,310,1,194,42.71,45.78,010101609108261957311,,28829994,28829993,0,0,0,0 (-960541694)(T0=2016-4-1_8:26:19 T1=9788.5730)
MOL:3C3360A2,FFFFFFFF,310,500000,194,41.75,28.98,010101609108391603411,,28829993,28329993,0,0,0,0 (-960541694)(T0=2016-4-1_8:39:16 T1=10566.0340)
MOL:3C3360A2,FFFFFFFF,310,500000,194,41.75,28.98,010101609108391753611,,28329993,27829993,0,0,0,0 (-960541694)(T0=2016-4-1_8:39:17 T1=10566.5360)
