(###) main...
 (-147084992)(T0=2016-4-3_11:31:8 T1=0.0420)
ShareMemory Start...
 (-147084992)(T0=2016-4-3_11:31:8 T1=0.0420)
Start Read Config Files... (-147084992)(T0=2016-4-3_11:31:8 T1=0.0420)
Read Config Files...OK! (-147084992)(T0=2016-4-3_11:31:8 T1=0.2690)
Start New Managers... (-147084992)(T0=2016-4-3_11:31:8 T1=0.2690)
new ShareDBManager ...OK (-147084992)(T0=2016-4-3_11:31:8 T1=0.2690)
new SMUPool<HumanSMU>()...OK (-147084992)(T0=2016-4-3_11:31:8 T1=0.2690)
new SMULogicManager<HumanSMU>()...OK (-147084992)(T0=2016-4-3_11:31:8 T1=0.2700)
new SMUPool<GuildSMU>()...OK (-147084992)(T0=2016-4-3_11:31:8 T1=0.2700)
new SMULogicManager<GuildSMU>()...OK (-147084992)(T0=2016-4-3_11:31:8 T1=0.2700)
new SMUPool<MailSMU>()...OK (-147084992)(T0=2016-4-3_11:31:8 T1=0.2700)
new SMULogicManager<MailSMU>()...OK (-147084992)(T0=2016-4-3_11:31:8 T1=0.2700)
new SMUPool<PlayerShopSM>()...OK (-147084992)(T0=2016-4-3_11:31:8 T1=0.2700)
new SMULogicManager<PlayerShopSM>()...OK (-147084992)(T0=2016-4-3_11:31:8 T1=0.2700)
new SMUPool<GlobalDataSMU>()...OK (-147084992)(T0=2016-4-3_11:31:8 T1=0.2700)
new SMULogicManager<GlobalDataSMU>()...OK (-147084992)(T0=2016-4-3_11:31:8 T1=0.2700)
new SMUPool<CommisionShopSMU>()...OK (-147084992)(T0=2016-4-3_11:31:8 T1=0.2700)
new SMULogicManager<CommisionShopSMU>()...OK (-147084992)(T0=2016-4-3_11:31:8 T1=0.2700)
new SMUPool<ItemSerialKeySMU>()...OK (-147084992)(T0=2016-4-3_11:31:8 T1=0.2700)
new SMULogicManager<ItemSerialKeySMU>()...OK (-147084992)(T0=2016-4-3_11:31:8 T1=0.2700)
new SMUPool<PetProcreateItemSM>()...OK (-147084992)(T0=2016-4-3_11:31:8 T1=0.2700)
new SMULogicManager<PetProcreateItemSM>()...OK (-147084992)(T0=2016-4-3_11:31:8 T1=0.2700)
new SMUPool<CitySMU>()...OK (-147084992)(T0=2016-4-3_11:31:8 T1=0.2700)
new SMULogicManager<CitySMU>()...OK (-147084992)(T0=2016-4-3_11:31:8 T1=0.2700)
new SMUPool<GuildLeagueSMU>()...OK (-147084992)(T0=2016-4-3_11:31:8 T1=0.2700)
new SMULogicManager<GuildLeagueSMU>()...OK (-147084992)(T0=2016-4-3_11:31:8 T1=0.2700)
new SMUPool<FindFriendADSMU>()...OK (-147084992)(T0=2016-4-3_11:31:8 T1=0.2700)
new SMULogicManager<FindFriendADSMU>()...OK (-147084992)(T0=2016-4-3_11:31:8 T1=0.2700)
New Managers...OK! (-147084992)(T0=2016-4-3_11:31:8 T1=0.2700)
Start Init Managers... (-147084992)(T0=2016-4-3_11:31:8 T1=0.2700)
g_pDBManager->Init()...OK (-147084992)(T0=2016-4-3_11:31:9 T1=0.5850)
DBGeneralSet::GetValue(4) = 101 Successful! (-147084992)(T0=2016-4-3_11:31:9 T1=0.5860)
DBGeneralSet::GetValue(5) = 0 Successful! (-147084992)(T0=2016-4-3_11:31:9 T1=0.5860)
Config::WorldID=101,Config::ZoneID=0......DB::WorldID=101,DB::ZoneID=0...Compare (-147084992)(T0=2016-4-3_11:31:9 T1=0.5860)
CheckWorldIDZoneID()...OK (-147084992)(T0=2016-4-3_11:31:9 T1=0.5860)
Attach ShareMem Error SM_KET = 1001 (-147084992)(T0=2016-4-3_11:31:9 T1=0.5860)
Create ShareMem Ok SM_KET = 1001 (-147084992)(T0=2016-4-3_11:31:9 T1=0.5860)
Attach ShareMem Error SM_KET = 2001 (-147084992)(T0=2016-4-3_11:31:9 T1=0.5920)
Create ShareMem Ok SM_KET = 2001 (-147084992)(T0=2016-4-3_11:31:9 T1=0.5920)
PostInit GuildSMU_2001 from database  Ok! (-147084992)(T0=2016-4-3_11:31:9 T1=0.8400)
Attach ShareMem Error SM_KET = 3001 (-147084992)(T0=2016-4-3_11:31:9 T1=0.8400)
Create ShareMem Ok SM_KET = 3001 (-147084992)(T0=2016-4-3_11:31:9 T1=0.8400)
PostInit MailSMU_3001 from database  Ok! (-147084992)(T0=2016-4-3_11:31:9 T1=0.8780)
Attach ShareMem Error SM_KET = 4001 (-147084992)(T0=2016-4-3_11:31:9 T1=0.8780)
Create ShareMem Ok SM_KET = 4001 (-147084992)(T0=2016-4-3_11:31:9 T1=0.8780)
PostInit PlayerShopSM_4001 from database  Ok! (-147084992)(T0=2016-4-3_11:31:9 T1=0.8950)
Attach ShareMem Error SM_KET = 5001 (-147084992)(T0=2016-4-3_11:31:9 T1=0.8950)
Create ShareMem Ok SM_KET = 5001 (-147084992)(T0=2016-4-3_11:31:9 T1=0.8950)
PostInit GlobalDataSMU=5001 from database Ok! (-147084992)(T0=2016-4-3_11:31:9 T1=0.9040)
Attach ShareMem Error SM_KET = 6001 (-147084992)(T0=2016-4-3_11:31:9 T1=0.9050)
Create ShareMem Ok SM_KET = 6001 (-147084992)(T0=2016-4-3_11:31:9 T1=0.9050)
PostInit CommisionShopSMU=6001 from database Ok! (-147084992)(T0=2016-4-3_11:31:9 T1=0.9050)
Attach ShareMem Error SM_KET = 7001 (-147084992)(T0=2016-4-3_11:31:9 T1=0.9050)
Create ShareMem Ok SM_KET = 7001 (-147084992)(T0=2016-4-3_11:31:9 T1=0.9050)
PostInit ItemSerialSMU=7001 from database Ok!  Serial = 4784951 (-147084992)(T0=2016-4-3_11:31:9 T1=0.9050)
Attach ShareMem Error SM_KET = 8001 (-147084992)(T0=2016-4-3_11:31:9 T1=0.9050)
Create ShareMem Ok SM_KET = 8001 (-147084992)(T0=2016-4-3_11:31:9 T1=0.9050)
PostInit PetProcreateItemSM8001 from database  Ok! (-147084992)(T0=2016-4-3_11:31:9 T1=0.9060)
Attach ShareMem Error SM_KET = 9001 (-147084992)(T0=2016-4-3_11:31:9 T1=0.9060)
Create ShareMem Ok SM_KET = 9001 (-147084992)(T0=2016-4-3_11:31:9 T1=0.9060)
PostInit CityInfoSM_9001 from database  Ok! (-147084992)(T0=2016-4-3_11:31:9 T1=0.9090)
Attach ShareMem Error SM_KET = 10001 (-147084992)(T0=2016-4-3_11:31:9 T1=0.9090)
Create ShareMem Ok SM_KET = 10001 (-147084992)(T0=2016-4-3_11:31:9 T1=0.9090)
PostInit GuildLeagueSMU_10001 from database  Ok! (-147084992)(T0=2016-4-3_11:31:9 T1=0.9090)
Attach ShareMem Error SM_KET = 11001 (-147084992)(T0=2016-4-3_11:31:9 T1=0.9090)
Create ShareMem Ok SM_KET = 11001 (-147084992)(T0=2016-4-3_11:31:9 T1=0.9090)
PostInit FindFriendADSMU_11001 from database  Ok! (-147084992)(T0=2016-4-3_11:31:9 T1=0.9130)
Init Managers...OK! (-147084992)(T0=2016-4-3_11:31:9 T1=0.9130)
Loop...Start (-147084992)(T0=2016-4-3_11:31:9 T1=0.9130)
GlobalData Save...OK! (-147084992)(T0=2016-4-3_11:31:39 T1=30.9410)
CommisionShop Save...OK! (-147084992)(T0=2016-4-3_11:31:39 T1=30.9410)
ItemSerial Save...OK! Serial = 4784951 ,ServerID = 0 (-147084992)(T0=2016-4-3_11:31:39 T1=30.9920)
GlobalData Save...OK! (-147084992)(T0=2016-4-3_11:32:9 T1=61.0170)
CommisionShop Save...OK! (-147084992)(T0=2016-4-3_11:32:9 T1=61.0170)
ItemSerial Save...OK! Serial = 4784951 ,ServerID = 0 (-147084992)(T0=2016-4-3_11:32:9 T1=61.0680)
GlobalData Save...OK! (-147084992)(T0=2016-4-3_11:32:39 T1=91.0900)
CommisionShop Save...OK! (-147084992)(T0=2016-4-3_11:32:39 T1=91.0910)
ItemSerial Save...OK! Serial = 4784951 ,ServerID = 0 (-147084992)(T0=2016-4-3_11:32:39 T1=91.2290)
GlobalData Save...OK! (-147084992)(T0=2016-4-3_11:33:9 T1=121.2570)
CommisionShop Save...OK! (-147084992)(T0=2016-4-3_11:33:9 T1=121.2570)
ItemSerial Save...OK! Serial = 4785050 ,ServerID = 0 (-147084992)(T0=2016-4-3_11:33:9 T1=121.3060)
GlobalData Save...OK! (-147084992)(T0=2016-4-3_11:33:39 T1=151.3310)
CommisionShop Save...OK! (-147084992)(T0=2016-4-3_11:33:39 T1=151.3310)
ItemSerial Save...OK! Serial = 4785253 ,ServerID = 0 (-147084992)(T0=2016-4-3_11:33:39 T1=151.3860)
GlobalData Save...OK! (-147084992)(T0=2016-4-3_11:34:9 T1=181.4120)
CommisionShop Save...OK! (-147084992)(T0=2016-4-3_11:34:9 T1=181.4120)
ItemSerial Save...OK! Serial = 4785456 ,ServerID = 0 (-147084992)(T0=2016-4-3_11:34:9 T1=181.4570)
GlobalData Save...OK! (-147084992)(T0=2016-4-3_11:34:39 T1=211.4840)
CommisionShop Save...OK! (-147084992)(T0=2016-4-3_11:34:39 T1=211.4840)
ItemSerial Save...OK! Serial = 4785617 ,ServerID = 0 (-147084992)(T0=2016-4-3_11:34:40 T1=211.5660)
GlobalData Save...OK! (-147084992)(T0=2016-4-3_11:35:10 T1=241.5870)
CommisionShop Save...OK! (-147084992)(T0=2016-4-3_11:35:10 T1=241.5870)
ItemSerial Save...OK! Serial = 4785637 ,ServerID = 0 (-147084992)(T0=2016-4-3_11:35:10 T1=241.6510)
GlobalData Save...OK! (-147084992)(T0=2016-4-3_11:35:40 T1=271.6790)
CommisionShop Save...OK! (-147084992)(T0=2016-4-3_11:35:40 T1=271.6790)
ItemSerial Save...OK! Serial = 4785771 ,ServerID = 0 (-147084992)(T0=2016-4-3_11:35:40 T1=271.7260)
GlobalData Save...OK! (-147084992)(T0=2016-4-3_11:36:10 T1=301.7540)
CommisionShop Save...OK! (-147084992)(T0=2016-4-3_11:36:10 T1=301.7540)
ItemSerial Save...OK! Serial = 4785789 ,ServerID = 0 (-147084992)(T0=2016-4-3_11:36:10 T1=301.7990)
GlobalData Save...OK! (-147084992)(T0=2016-4-3_11:36:40 T1=331.8270)
CommisionShop Save...OK! (-147084992)(T0=2016-4-3_11:36:40 T1=331.8270)
ItemSerial Save...OK! Serial = 4785911 ,ServerID = 0 (-147084992)(T0=2016-4-3_11:36:40 T1=331.8800)
GlobalData Save...OK! (-147084992)(T0=2016-4-3_11:37:10 T1=361.9050)
CommisionShop Save...OK! (-147084992)(T0=2016-4-3_11:37:10 T1=361.9060)
ItemSerial Save...OK! Serial = 4785930 ,ServerID = 0 (-147084992)(T0=2016-4-3_11:37:10 T1=361.9550)
GlobalData Save...OK! (-147084992)(T0=2016-4-3_11:37:40 T1=391.9800)
CommisionShop Save...OK! (-147084992)(T0=2016-4-3_11:37:40 T1=391.9800)
ItemSerial Save...OK! Serial = 4786036 ,ServerID = 0 (-147084992)(T0=2016-4-3_11:37:40 T1=392.0250)
GlobalData Save...OK! (-147084992)(T0=2016-4-3_11:38:10 T1=422.0510)
CommisionShop Save...OK! (-147084992)(T0=2016-4-3_11:38:10 T1=422.0510)
ItemSerial Save...OK! Serial = 4786056 ,ServerID = 0 (-147084992)(T0=2016-4-3_11:38:10 T1=422.0990)
GlobalData Save...OK! (-147084992)(T0=2016-4-3_11:38:40 T1=452.1130)
CommisionShop Save...OK! (-147084992)(T0=2016-4-3_11:38:40 T1=452.1130)
ItemSerial Save...OK! Serial = 4786167 ,ServerID = 0 (-147084992)(T0=2016-4-3_11:38:40 T1=452.1560)
GlobalData Save...OK! (-147084992)(T0=2016-4-3_11:39:10 T1=482.1700)
CommisionShop Save...OK! (-147084992)(T0=2016-4-3_11:39:10 T1=482.1700)
ItemSerial Save...OK! Serial = 4786232 ,ServerID = 0 (-147084992)(T0=2016-4-3_11:39:10 T1=482.2140)
GlobalData Save...OK! (-147084992)(T0=2016-4-3_11:39:40 T1=512.2280)
CommisionShop Save...OK! (-147084992)(T0=2016-4-3_11:39:40 T1=512.2280)
ItemSerial Save...OK! Serial = 4786335 ,ServerID = 0 (-147084992)(T0=2016-4-3_11:39:40 T1=512.2760)
GlobalData Save...OK! (-147084992)(T0=2016-4-3_11:40:10 T1=542.2970)
CommisionShop Save...OK! (-147084992)(T0=2016-4-3_11:40:10 T1=542.2970)
ItemSerial Save...OK! Serial = 4786356 ,ServerID = 0 (-147084992)(T0=2016-4-3_11:40:10 T1=542.3460)
GlobalData Save...OK! (-147084992)(T0=2016-4-3_11:40:40 T1=572.3690)
CommisionShop Save...OK! (-147084992)(T0=2016-4-3_11:40:40 T1=572.3690)
ItemSerial Save...OK! Serial = 4786457 ,ServerID = 0 (-147084992)(T0=2016-4-3_11:40:40 T1=572.4760)
GlobalData Save...OK! (-147084992)(T0=2016-4-3_11:41:11 T1=602.4990)
CommisionShop Save...OK! (-147084992)(T0=2016-4-3_11:41:11 T1=602.4990)
ItemSerial Save...OK! Serial = 4786478 ,ServerID = 0 (-147084992)(T0=2016-4-3_11:41:11 T1=602.5440)
GlobalData Save...OK! (-147084992)(T0=2016-4-3_11:41:41 T1=632.5660)
CommisionShop Save...OK! (-147084992)(T0=2016-4-3_11:41:41 T1=632.5660)
ItemSerial Save...OK! Serial = 4786567 ,ServerID = 0 (-147084992)(T0=2016-4-3_11:41:41 T1=632.6100)
GlobalData Save...OK! (-147084992)(T0=2016-4-3_11:42:11 T1=662.6270)
CommisionShop Save...OK! (-147084992)(T0=2016-4-3_11:42:11 T1=662.6270)
ItemSerial Save...OK! Serial = 4786586 ,ServerID = 0 (-147084992)(T0=2016-4-3_11:42:11 T1=662.6790)
GlobalData Save...OK! (-147084992)(T0=2016-4-3_11:42:41 T1=692.6940)
CommisionShop Save...OK! (-147084992)(T0=2016-4-3_11:42:41 T1=692.6940)
ItemSerial Save...OK! Serial = 4786677 ,ServerID = 0 (-147084992)(T0=2016-4-3_11:42:41 T1=692.7300)
GlobalData Save...OK! (-147084992)(T0=2016-4-3_11:43:11 T1=722.7430)
CommisionShop Save...OK! (-147084992)(T0=2016-4-3_11:43:11 T1=722.7430)
ItemSerial Save...OK! Serial = 4786697 ,ServerID = 0 (-147084992)(T0=2016-4-3_11:43:11 T1=722.7880)
GlobalData Save...OK! (-147084992)(T0=2016-4-3_11:43:41 T1=752.8030)
CommisionShop Save...OK! (-147084992)(T0=2016-4-3_11:43:41 T1=752.8030)
ItemSerial Save...OK! Serial = 4786745 ,ServerID = 0 (-147084992)(T0=2016-4-3_11:43:41 T1=752.8490)
GlobalData Save...OK! (-147084992)(T0=2016-4-3_11:44:11 T1=782.8620)
CommisionShop Save...OK! (-147084992)(T0=2016-4-3_11:44:11 T1=782.8620)
ItemSerial Save...OK! Serial = 4786764 ,ServerID = 0 (-147084992)(T0=2016-4-3_11:44:11 T1=782.9060)
GlobalData Save...OK! (-147084992)(T0=2016-4-3_11:44:41 T1=812.9190)
CommisionShop Save...OK! (-147084992)(T0=2016-4-3_11:44:41 T1=812.9190)
ItemSerial Save...OK! Serial = 4786812 ,ServerID = 0 (-147084992)(T0=2016-4-3_11:44:41 T1=812.9630)
GlobalData Save...OK! (-147084992)(T0=2016-4-3_11:45:11 T1=842.9830)
CommisionShop Save...OK! (-147084992)(T0=2016-4-3_11:45:11 T1=842.9830)
ItemSerial Save...OK! Serial = 4786832 ,ServerID = 0 (-147084992)(T0=2016-4-3_11:45:11 T1=843.0290)
GlobalData Save...OK! (-147084992)(T0=2016-4-3_11:45:41 T1=873.0580)
CommisionShop Save...OK! (-147084992)(T0=2016-4-3_11:45:41 T1=873.0580)
ItemSerial Save...OK! Serial = 4786867 ,ServerID = 0 (-147084992)(T0=2016-4-3_11:45:41 T1=873.1110)
GlobalData Save...OK! (-147084992)(T0=2016-4-3_11:46:11 T1=903.1260)
CommisionShop Save...OK! (-147084992)(T0=2016-4-3_11:46:11 T1=903.1260)
ItemSerial Save...OK! Serial = 4786869 ,ServerID = 0 (-147084992)(T0=2016-4-3_11:46:11 T1=903.1760)
GlobalData Save...OK! (-147084992)(T0=2016-4-3_11:46:41 T1=933.1980)
CommisionShop Save...OK! (-147084992)(T0=2016-4-3_11:46:41 T1=933.1980)
ItemSerial Save...OK! Serial = 4786897 ,ServerID = 0 (-147084992)(T0=2016-4-3_11:46:41 T1=933.2440)
GlobalData Save...OK! (-147084992)(T0=2016-4-3_11:47:11 T1=963.2700)
CommisionShop Save...OK! (-147084992)(T0=2016-4-3_11:47:11 T1=963.2710)
ItemSerial Save...OK! Serial = 4786899 ,ServerID = 0 (-147084992)(T0=2016-4-3_11:47:11 T1=963.3130)
GlobalData Save...OK! (-147084992)(T0=2016-4-3_11:47:41 T1=993.3320)
CommisionShop Save...OK! (-147084992)(T0=2016-4-3_11:47:41 T1=993.3320)
ItemSerial Save...OK! Serial = 4786924 ,ServerID = 0 (-147084992)(T0=2016-4-3_11:47:41 T1=993.3710)
GlobalData Save...OK! (-147084992)(T0=2016-4-3_11:48:11 T1=1023.3960)
CommisionShop Save...OK! (-147084992)(T0=2016-4-3_11:48:11 T1=1023.3960)
ItemSerial Save...OK! Serial = 4786926 ,ServerID = 0 (-147084992)(T0=2016-4-3_11:48:12 T1=1023.5540)
GlobalData Save...OK! (-147084992)(T0=2016-4-3_11:48:42 T1=1053.5800)
CommisionShop Save...OK! (-147084992)(T0=2016-4-3_11:48:42 T1=1053.5810)
ItemSerial Save...OK! Serial = 4786954 ,ServerID = 0 (-147084992)(T0=2016-4-3_11:48:42 T1=1053.6210)
GlobalData Save...OK! (-147084992)(T0=2016-4-3_11:49:12 T1=1083.6480)
CommisionShop Save...OK! (-147084992)(T0=2016-4-3_11:49:12 T1=1083.6480)
ItemSerial Save...OK! Serial = 4786956 ,ServerID = 0 (-147084992)(T0=2016-4-3_11:49:12 T1=1083.8120)
GlobalData Save...OK! (-147084992)(T0=2016-4-3_11:49:42 T1=1113.8350)
CommisionShop Save...OK! (-147084992)(T0=2016-4-3_11:49:42 T1=1113.8360)
ItemSerial Save...OK! Serial = 4786983 ,ServerID = 0 (-147084992)(T0=2016-4-3_11:49:42 T1=1113.9710)
GlobalData Save...OK! (-147084992)(T0=2016-4-3_11:50:12 T1=1143.9960)
CommisionShop Save...OK! (-147084992)(T0=2016-4-3_11:50:12 T1=1143.9960)
ItemSerial Save...OK! Serial = 4786985 ,ServerID = 0 (-147084992)(T0=2016-4-3_11:50:12 T1=1144.0370)
GlobalData Save...OK! (-147084992)(T0=2016-4-3_11:50:42 T1=1174.0550)
CommisionShop Save...OK! (-147084992)(T0=2016-4-3_11:50:42 T1=1174.0550)
ItemSerial Save...OK! Serial = 4787012 ,ServerID = 0 (-147084992)(T0=2016-4-3_11:50:42 T1=1174.0990)
