(###) main...
 (-147662528)(T0=2016-4-3_11:51:29 T1=0.0220)
ShareMemory Start...
 (-147662528)(T0=2016-4-3_11:51:29 T1=0.0220)
Start Read Config Files... (-147662528)(T0=2016-4-3_11:51:29 T1=0.0220)
Read Config Files...OK! (-147662528)(T0=2016-4-3_11:51:29 T1=0.2020)
Start New Managers... (-147662528)(T0=2016-4-3_11:51:29 T1=0.2020)
new ShareDBManager ...OK (-147662528)(T0=2016-4-3_11:51:29 T1=0.2020)
new SMUPool<HumanSMU>()...OK (-147662528)(T0=2016-4-3_11:51:29 T1=0.2020)
new SMULogicManager<HumanSMU>()...OK (-147662528)(T0=2016-4-3_11:51:29 T1=0.2020)
new SMUPool<GuildSMU>()...OK (-147662528)(T0=2016-4-3_11:51:29 T1=0.2020)
new SMULogicManager<GuildSMU>()...OK (-147662528)(T0=2016-4-3_11:51:29 T1=0.2020)
new SMUPool<MailSMU>()...OK (-147662528)(T0=2016-4-3_11:51:29 T1=0.2020)
new SMULogicManager<MailSMU>()...OK (-147662528)(T0=2016-4-3_11:51:29 T1=0.2020)
new SMUPool<PlayerShopSM>()...OK (-147662528)(T0=2016-4-3_11:51:29 T1=0.2020)
new SMULogicManager<PlayerShopSM>()...OK (-147662528)(T0=2016-4-3_11:51:29 T1=0.2020)
new SMUPool<GlobalDataSMU>()...OK (-147662528)(T0=2016-4-3_11:51:29 T1=0.2020)
new SMULogicManager<GlobalDataSMU>()...OK (-147662528)(T0=2016-4-3_11:51:29 T1=0.2020)
new SMUPool<CommisionShopSMU>()...OK (-147662528)(T0=2016-4-3_11:51:29 T1=0.2020)
new SMULogicManager<CommisionShopSMU>()...OK (-147662528)(T0=2016-4-3_11:51:29 T1=0.2020)
new SMUPool<ItemSerialKeySMU>()...OK (-147662528)(T0=2016-4-3_11:51:29 T1=0.2020)
new SMULogicManager<ItemSerialKeySMU>()...OK (-147662528)(T0=2016-4-3_11:51:29 T1=0.2020)
new SMUPool<PetProcreateItemSM>()...OK (-147662528)(T0=2016-4-3_11:51:29 T1=0.2020)
new SMULogicManager<PetProcreateItemSM>()...OK (-147662528)(T0=2016-4-3_11:51:29 T1=0.2020)
new SMUPool<CitySMU>()...OK (-147662528)(T0=2016-4-3_11:51:29 T1=0.2020)
new SMULogicManager<CitySMU>()...OK (-147662528)(T0=2016-4-3_11:51:29 T1=0.2020)
new SMUPool<GuildLeagueSMU>()...OK (-147662528)(T0=2016-4-3_11:51:29 T1=0.2020)
new SMULogicManager<GuildLeagueSMU>()...OK (-147662528)(T0=2016-4-3_11:51:29 T1=0.2020)
new SMUPool<FindFriendADSMU>()...OK (-147662528)(T0=2016-4-3_11:51:29 T1=0.2020)
new SMULogicManager<FindFriendADSMU>()...OK (-147662528)(T0=2016-4-3_11:51:29 T1=0.2020)
New Managers...OK! (-147662528)(T0=2016-4-3_11:51:29 T1=0.2020)
Start Init Managers... (-147662528)(T0=2016-4-3_11:51:29 T1=0.2020)
g_pDBManager->Init()...OK (-147662528)(T0=2016-4-3_11:51:29 T1=0.2060)
DBGeneralSet::GetValue(4) = 101 Successful! (-147662528)(T0=2016-4-3_11:51:29 T1=0.2060)
DBGeneralSet::GetValue(5) = 0 Successful! (-147662528)(T0=2016-4-3_11:51:29 T1=0.2060)
Config::WorldID=101,Config::ZoneID=0......DB::WorldID=101,DB::ZoneID=0...Compare (-147662528)(T0=2016-4-3_11:51:29 T1=0.2060)
CheckWorldIDZoneID()...OK (-147662528)(T0=2016-4-3_11:51:29 T1=0.2060)
Attach ShareMem Error SM_KET = 1001 (-147662528)(T0=2016-4-3_11:51:29 T1=0.2060)
Create ShareMem Ok SM_KET = 1001 (-147662528)(T0=2016-4-3_11:51:29 T1=0.2060)
Attach ShareMem Error SM_KET = 2001 (-147662528)(T0=2016-4-3_11:51:29 T1=0.2090)
Create ShareMem Ok SM_KET = 2001 (-147662528)(T0=2016-4-3_11:51:29 T1=0.2090)
PostInit GuildSMU_2001 from database  Ok! (-147662528)(T0=2016-4-3_11:51:29 T1=0.2380)
Attach ShareMem Error SM_KET = 3001 (-147662528)(T0=2016-4-3_11:51:29 T1=0.2380)
Create ShareMem Ok SM_KET = 3001 (-147662528)(T0=2016-4-3_11:51:29 T1=0.2380)
PostInit MailSMU_3001 from database  Ok! (-147662528)(T0=2016-4-3_11:51:29 T1=0.2630)
Attach ShareMem Error SM_KET = 4001 (-147662528)(T0=2016-4-3_11:51:29 T1=0.2640)
Create ShareMem Ok SM_KET = 4001 (-147662528)(T0=2016-4-3_11:51:29 T1=0.2640)
PostInit PlayerShopSM_4001 from database  Ok! (-147662528)(T0=2016-4-3_11:51:29 T1=0.2790)
Attach ShareMem Error SM_KET = 5001 (-147662528)(T0=2016-4-3_11:51:29 T1=0.2790)
Create ShareMem Ok SM_KET = 5001 (-147662528)(T0=2016-4-3_11:51:29 T1=0.2790)
PostInit GlobalDataSMU=5001 from database Ok! (-147662528)(T0=2016-4-3_11:51:29 T1=0.2790)
Attach ShareMem Error SM_KET = 6001 (-147662528)(T0=2016-4-3_11:51:29 T1=0.2790)
Create ShareMem Ok SM_KET = 6001 (-147662528)(T0=2016-4-3_11:51:29 T1=0.2790)
PostInit CommisionShopSMU=6001 from database Ok! (-147662528)(T0=2016-4-3_11:51:29 T1=0.2800)
Attach ShareMem Error SM_KET = 7001 (-147662528)(T0=2016-4-3_11:51:29 T1=0.2800)
Create ShareMem Ok SM_KET = 7001 (-147662528)(T0=2016-4-3_11:51:29 T1=0.2800)
PostInit ItemSerialSMU=7001 from database Ok!  Serial = 4797012 (-147662528)(T0=2016-4-3_11:51:29 T1=0.2800)
Attach ShareMem Error SM_KET = 8001 (-147662528)(T0=2016-4-3_11:51:29 T1=0.2800)
Create ShareMem Ok SM_KET = 8001 (-147662528)(T0=2016-4-3_11:51:29 T1=0.2800)
PostInit PetProcreateItemSM8001 from database  Ok! (-147662528)(T0=2016-4-3_11:51:29 T1=0.2800)
Attach ShareMem Error SM_KET = 9001 (-147662528)(T0=2016-4-3_11:51:29 T1=0.2800)
Create ShareMem Ok SM_KET = 9001 (-147662528)(T0=2016-4-3_11:51:29 T1=0.2800)
PostInit CityInfoSM_9001 from database  Ok! (-147662528)(T0=2016-4-3_11:51:29 T1=0.2830)
Attach ShareMem Error SM_KET = 10001 (-147662528)(T0=2016-4-3_11:51:29 T1=0.2830)
Create ShareMem Ok SM_KET = 10001 (-147662528)(T0=2016-4-3_11:51:29 T1=0.2830)
PostInit GuildLeagueSMU_10001 from database  Ok! (-147662528)(T0=2016-4-3_11:51:29 T1=0.2830)
Attach ShareMem Error SM_KET = 11001 (-147662528)(T0=2016-4-3_11:51:29 T1=0.2830)
Create ShareMem Ok SM_KET = 11001 (-147662528)(T0=2016-4-3_11:51:29 T1=0.2830)
PostInit FindFriendADSMU_11001 from database  Ok! (-147662528)(T0=2016-4-3_11:51:29 T1=0.2870)
Init Managers...OK! (-147662528)(T0=2016-4-3_11:51:29 T1=0.2870)
Loop...Start (-147662528)(T0=2016-4-3_11:51:29 T1=0.2870)
GlobalData Save...OK! (-147662528)(T0=2016-4-3_11:51:59 T1=30.3060)
CommisionShop Save...OK! (-147662528)(T0=2016-4-3_11:51:59 T1=30.3060)
ItemSerial Save...OK! Serial = 4797012 ,ServerID = 0 (-147662528)(T0=2016-4-3_11:51:59 T1=30.3500)
GlobalData Save...OK! (-147662528)(T0=2016-4-3_11:52:30 T1=60.3770)
CommisionShop Save...OK! (-147662528)(T0=2016-4-3_11:52:30 T1=60.3780)
ItemSerial Save...OK! Serial = 4797012 ,ServerID = 0 (-147662528)(T0=2016-4-3_11:52:30 T1=60.4210)
GlobalData Save...OK! (-147662528)(T0=2016-4-3_11:53:0 T1=90.4430)
CommisionShop Save...OK! (-147662528)(T0=2016-4-3_11:53:0 T1=90.4440)
ItemSerial Save...OK! Serial = 4797012 ,ServerID = 0 (-147662528)(T0=2016-4-3_11:53:0 T1=90.6040)
GlobalData Save...OK! (-147662528)(T0=2016-4-3_11:53:30 T1=120.6210)
CommisionShop Save...OK! (-147662528)(T0=2016-4-3_11:53:30 T1=120.6210)
ItemSerial Save...OK! Serial = 4797012 ,ServerID = 0 (-147662528)(T0=2016-4-3_11:53:30 T1=120.6600)
GlobalData Save...OK! (-147662528)(T0=2016-4-3_11:54:0 T1=150.6840)
CommisionShop Save...OK! (-147662528)(T0=2016-4-3_11:54:0 T1=150.6840)
ItemSerial Save...OK! Serial = 4797012 ,ServerID = 0 (-147662528)(T0=2016-4-3_11:54:0 T1=150.7290)
