(###) main...
 (-146941632)(T0=2016-4-3_11:54:23 T1=0.0290)
ShareMemory Start...
 (-146941632)(T0=2016-4-3_11:54:23 T1=0.0290)
Start Read Config Files... (-146941632)(T0=2016-4-3_11:54:23 T1=0.0290)
Read Config Files...OK! (-146941632)(T0=2016-4-3_11:54:23 T1=0.2220)
Start New Managers... (-146941632)(T0=2016-4-3_11:54:23 T1=0.2220)
new ShareDBManager ...OK (-146941632)(T0=2016-4-3_11:54:23 T1=0.2220)
new SMUPool<HumanSMU>()...OK (-146941632)(T0=2016-4-3_11:54:23 T1=0.2220)
new SMULogicManager<HumanSMU>()...OK (-146941632)(T0=2016-4-3_11:54:23 T1=0.2220)
new SMUPool<GuildSMU>()...OK (-146941632)(T0=2016-4-3_11:54:23 T1=0.2220)
new SMULogicManager<GuildSMU>()...OK (-146941632)(T0=2016-4-3_11:54:23 T1=0.2220)
new SMUPool<MailSMU>()...OK (-146941632)(T0=2016-4-3_11:54:23 T1=0.2220)
new SMULogicManager<MailSMU>()...OK (-146941632)(T0=2016-4-3_11:54:23 T1=0.2220)
new SMUPool<PlayerShopSM>()...OK (-146941632)(T0=2016-4-3_11:54:23 T1=0.2220)
new SMULogicManager<PlayerShopSM>()...OK (-146941632)(T0=2016-4-3_11:54:23 T1=0.2220)
new SMUPool<GlobalDataSMU>()...OK (-146941632)(T0=2016-4-3_11:54:23 T1=0.2220)
new SMULogicManager<GlobalDataSMU>()...OK (-146941632)(T0=2016-4-3_11:54:23 T1=0.2220)
new SMUPool<CommisionShopSMU>()...OK (-146941632)(T0=2016-4-3_11:54:23 T1=0.2220)
new SMULogicManager<CommisionShopSMU>()...OK (-146941632)(T0=2016-4-3_11:54:23 T1=0.2220)
new SMUPool<ItemSerialKeySMU>()...OK (-146941632)(T0=2016-4-3_11:54:23 T1=0.2220)
new SMULogicManager<ItemSerialKeySMU>()...OK (-146941632)(T0=2016-4-3_11:54:23 T1=0.2220)
new SMUPool<PetProcreateItemSM>()...OK (-146941632)(T0=2016-4-3_11:54:23 T1=0.2220)
new SMULogicManager<PetProcreateItemSM>()...OK (-146941632)(T0=2016-4-3_11:54:23 T1=0.2220)
new SMUPool<CitySMU>()...OK (-146941632)(T0=2016-4-3_11:54:23 T1=0.2220)
new SMULogicManager<CitySMU>()...OK (-146941632)(T0=2016-4-3_11:54:23 T1=0.2220)
new SMUPool<GuildLeagueSMU>()...OK (-146941632)(T0=2016-4-3_11:54:23 T1=0.2220)
new SMULogicManager<GuildLeagueSMU>()...OK (-146941632)(T0=2016-4-3_11:54:23 T1=0.2220)
new SMUPool<FindFriendADSMU>()...OK (-146941632)(T0=2016-4-3_11:54:23 T1=0.2220)
new SMULogicManager<FindFriendADSMU>()...OK (-146941632)(T0=2016-4-3_11:54:23 T1=0.2220)
New Managers...OK! (-146941632)(T0=2016-4-3_11:54:23 T1=0.2220)
Start Init Managers... (-146941632)(T0=2016-4-3_11:54:23 T1=0.2220)
g_pDBManager->Init()...OK (-146941632)(T0=2016-4-3_11:54:23 T1=0.2260)
DBGeneralSet::GetValue(4) = 101 Successful! (-146941632)(T0=2016-4-3_11:54:23 T1=0.2260)
DBGeneralSet::GetValue(5) = 0 Successful! (-146941632)(T0=2016-4-3_11:54:23 T1=0.2260)
Config::WorldID=101,Config::ZoneID=0......DB::WorldID=101,DB::ZoneID=0...Compare (-146941632)(T0=2016-4-3_11:54:23 T1=0.2260)
CheckWorldIDZoneID()...OK (-146941632)(T0=2016-4-3_11:54:23 T1=0.2260)
Attach ShareMem Error SM_KET = 1001 (-146941632)(T0=2016-4-3_11:54:23 T1=0.2260)
Create ShareMem Ok SM_KET = 1001 (-146941632)(T0=2016-4-3_11:54:23 T1=0.2260)
Attach ShareMem Error SM_KET = 2001 (-146941632)(T0=2016-4-3_11:54:23 T1=0.2290)
Create ShareMem Ok SM_KET = 2001 (-146941632)(T0=2016-4-3_11:54:23 T1=0.2290)
PostInit GuildSMU_2001 from database  Ok! (-146941632)(T0=2016-4-3_11:54:23 T1=0.2700)
Attach ShareMem Error SM_KET = 3001 (-146941632)(T0=2016-4-3_11:54:23 T1=0.2700)
Create ShareMem Ok SM_KET = 3001 (-146941632)(T0=2016-4-3_11:54:23 T1=0.2700)
PostInit MailSMU_3001 from database  Ok! (-146941632)(T0=2016-4-3_11:54:23 T1=0.3020)
Attach ShareMem Error SM_KET = 4001 (-146941632)(T0=2016-4-3_11:54:23 T1=0.3020)
Create ShareMem Ok SM_KET = 4001 (-146941632)(T0=2016-4-3_11:54:23 T1=0.3020)
PostInit PlayerShopSM_4001 from database  Ok! (-146941632)(T0=2016-4-3_11:54:23 T1=0.3200)
Attach ShareMem Error SM_KET = 5001 (-146941632)(T0=2016-4-3_11:54:23 T1=0.3200)
Create ShareMem Ok SM_KET = 5001 (-146941632)(T0=2016-4-3_11:54:23 T1=0.3200)
PostInit GlobalDataSMU=5001 from database Ok! (-146941632)(T0=2016-4-3_11:54:23 T1=0.3200)
Attach ShareMem Error SM_KET = 6001 (-146941632)(T0=2016-4-3_11:54:23 T1=0.3200)
Create ShareMem Ok SM_KET = 6001 (-146941632)(T0=2016-4-3_11:54:23 T1=0.3200)
PostInit CommisionShopSMU=6001 from database Ok! (-146941632)(T0=2016-4-3_11:54:23 T1=0.3210)
Attach ShareMem Error SM_KET = 7001 (-146941632)(T0=2016-4-3_11:54:23 T1=0.3210)
Create ShareMem Ok SM_KET = 7001 (-146941632)(T0=2016-4-3_11:54:23 T1=0.3210)
PostInit ItemSerialSMU=7001 from database Ok!  Serial = 4807012 (-146941632)(T0=2016-4-3_11:54:23 T1=0.3210)
Attach ShareMem Error SM_KET = 8001 (-146941632)(T0=2016-4-3_11:54:23 T1=0.3210)
Create ShareMem Ok SM_KET = 8001 (-146941632)(T0=2016-4-3_11:54:23 T1=0.3210)
PostInit PetProcreateItemSM8001 from database  Ok! (-146941632)(T0=2016-4-3_11:54:23 T1=0.3210)
Attach ShareMem Error SM_KET = 9001 (-146941632)(T0=2016-4-3_11:54:23 T1=0.3210)
Create ShareMem Ok SM_KET = 9001 (-146941632)(T0=2016-4-3_11:54:23 T1=0.3210)
PostInit CityInfoSM_9001 from database  Ok! (-146941632)(T0=2016-4-3_11:54:23 T1=0.3240)
Attach ShareMem Error SM_KET = 10001 (-146941632)(T0=2016-4-3_11:54:23 T1=0.3240)
Create ShareMem Ok SM_KET = 10001 (-146941632)(T0=2016-4-3_11:54:23 T1=0.3240)
PostInit GuildLeagueSMU_10001 from database  Ok! (-146941632)(T0=2016-4-3_11:54:23 T1=0.3240)
Attach ShareMem Error SM_KET = 11001 (-146941632)(T0=2016-4-3_11:54:23 T1=0.3250)
Create ShareMem Ok SM_KET = 11001 (-146941632)(T0=2016-4-3_11:54:23 T1=0.3250)
PostInit FindFriendADSMU_11001 from database  Ok! (-146941632)(T0=2016-4-3_11:54:23 T1=0.3290)
Init Managers...OK! (-146941632)(T0=2016-4-3_11:54:23 T1=0.3290)
Loop...Start (-146941632)(T0=2016-4-3_11:54:23 T1=0.3290)
GlobalData Save...OK! (-146941632)(T0=2016-4-3_11:54:53 T1=30.3540)
CommisionShop Save...OK! (-146941632)(T0=2016-4-3_11:54:53 T1=30.3540)
ItemSerial Save...OK! Serial = 4807012 ,ServerID = 0 (-146941632)(T0=2016-4-3_11:54:54 T1=30.3960)
GlobalData Save...OK! (-146941632)(T0=2016-4-3_11:55:24 T1=60.4230)
CommisionShop Save...OK! (-146941632)(T0=2016-4-3_11:55:24 T1=60.4230)
ItemSerial Save...OK! Serial = 4807012 ,ServerID = 0 (-146941632)(T0=2016-4-3_11:55:24 T1=60.4600)
GlobalData Save...OK! (-146941632)(T0=2016-4-3_11:55:54 T1=90.4840)
CommisionShop Save...OK! (-146941632)(T0=2016-4-3_11:55:54 T1=90.4840)
ItemSerial Save...OK! Serial = 4807012 ,ServerID = 0 (-146941632)(T0=2016-4-3_11:55:54 T1=90.5280)
GlobalData Save...OK! (-146941632)(T0=2016-4-3_11:56:24 T1=120.5510)
CommisionShop Save...OK! (-146941632)(T0=2016-4-3_11:56:24 T1=120.5510)
ItemSerial Save...OK! Serial = 4807012 ,ServerID = 0 (-146941632)(T0=2016-4-3_11:56:24 T1=120.6020)
GlobalData Save...OK! (-146941632)(T0=2016-4-3_11:56:54 T1=150.6230)
CommisionShop Save...OK! (-146941632)(T0=2016-4-3_11:56:54 T1=150.6230)
ItemSerial Save...OK! Serial = 4807012 ,ServerID = 0 (-146941632)(T0=2016-4-3_11:56:54 T1=150.6700)
GlobalData Save...OK! (-146941632)(T0=2016-4-3_11:57:24 T1=180.6930)
CommisionShop Save...OK! (-146941632)(T0=2016-4-3_11:57:24 T1=180.6930)
ItemSerial Save...OK! Serial = 4807012 ,ServerID = 0 (-146941632)(T0=2016-4-3_11:57:24 T1=180.7340)
GlobalData Save...OK! (-146941632)(T0=2016-4-3_11:57:54 T1=210.7580)
CommisionShop Save...OK! (-146941632)(T0=2016-4-3_11:57:54 T1=210.7580)
ItemSerial Save...OK! Serial = 4807012 ,ServerID = 0 (-146941632)(T0=2016-4-3_11:57:54 T1=210.8280)
GlobalData Save...OK! (-146941632)(T0=2016-4-3_11:58:24 T1=240.8510)
CommisionShop Save...OK! (-146941632)(T0=2016-4-3_11:58:24 T1=240.8510)
ItemSerial Save...OK! Serial = 4807012 ,ServerID = 0 (-146941632)(T0=2016-4-3_11:58:24 T1=240.8960)
GlobalData Save...OK! (-146941632)(T0=2016-4-3_11:58:54 T1=270.9210)
CommisionShop Save...OK! (-146941632)(T0=2016-4-3_11:58:54 T1=270.9210)
ItemSerial Save...OK! Serial = 4807012 ,ServerID = 0 (-146941632)(T0=2016-4-3_11:58:54 T1=270.9630)
GlobalData Save...OK! (-146941632)(T0=2016-4-3_11:59:24 T1=300.9910)
CommisionShop Save...OK! (-146941632)(T0=2016-4-3_11:59:24 T1=300.9910)
ItemSerial Save...OK! Serial = 4807012 ,ServerID = 0 (-146941632)(T0=2016-4-3_11:59:24 T1=301.0390)
GlobalData Save...OK! (-146941632)(T0=2016-4-3_11:59:54 T1=331.0650)
CommisionShop Save...OK! (-146941632)(T0=2016-4-3_11:59:54 T1=331.0650)
ItemSerial Save...OK! Serial = 4807012 ,ServerID = 0 (-146941632)(T0=2016-4-3_11:59:54 T1=331.1060)
