(###) main...
 (-147044032)(T0=2016-4-5_14:11:28 T1=0.0540)
ShareMemory Start...
 (-147044032)(T0=2016-4-5_14:11:28 T1=0.0550)
Start Read Config Files... (-147044032)(T0=2016-4-5_14:11:28 T1=0.0550)
Read Config Files...OK! (-147044032)(T0=2016-4-5_14:11:28 T1=0.2560)
Start New Managers... (-147044032)(T0=2016-4-5_14:11:28 T1=0.2560)
new ShareDBManager ...OK (-147044032)(T0=2016-4-5_14:11:28 T1=0.2560)
new SMUPool<HumanSMU>()...OK (-147044032)(T0=2016-4-5_14:11:28 T1=0.2560)
new SMULogicManager<HumanSMU>()...OK (-147044032)(T0=2016-4-5_14:11:28 T1=0.2560)
new SMUPool<GuildSMU>()...OK (-147044032)(T0=2016-4-5_14:11:28 T1=0.2560)
new SMULogicManager<GuildSMU>()...OK (-147044032)(T0=2016-4-5_14:11:28 T1=0.2560)
new SMUPool<MailSMU>()...OK (-147044032)(T0=2016-4-5_14:11:28 T1=0.2560)
new SMULogicManager<MailSMU>()...OK (-147044032)(T0=2016-4-5_14:11:28 T1=0.2560)
new SMUPool<PlayerShopSM>()...OK (-147044032)(T0=2016-4-5_14:11:28 T1=0.2560)
new SMULogicManager<PlayerShopSM>()...OK (-147044032)(T0=2016-4-5_14:11:28 T1=0.2560)
new SMUPool<GlobalDataSMU>()...OK (-147044032)(T0=2016-4-5_14:11:28 T1=0.2560)
new SMULogicManager<GlobalDataSMU>()...OK (-147044032)(T0=2016-4-5_14:11:28 T1=0.2560)
new SMUPool<CommisionShopSMU>()...OK (-147044032)(T0=2016-4-5_14:11:28 T1=0.2570)
new SMULogicManager<CommisionShopSMU>()...OK (-147044032)(T0=2016-4-5_14:11:28 T1=0.2570)
new SMUPool<ItemSerialKeySMU>()...OK (-147044032)(T0=2016-4-5_14:11:28 T1=0.2570)
new SMULogicManager<ItemSerialKeySMU>()...OK (-147044032)(T0=2016-4-5_14:11:28 T1=0.2570)
new SMUPool<PetProcreateItemSM>()...OK (-147044032)(T0=2016-4-5_14:11:28 T1=0.2570)
new SMULogicManager<PetProcreateItemSM>()...OK (-147044032)(T0=2016-4-5_14:11:28 T1=0.2570)
new SMUPool<CitySMU>()...OK (-147044032)(T0=2016-4-5_14:11:28 T1=0.2570)
new SMULogicManager<CitySMU>()...OK (-147044032)(T0=2016-4-5_14:11:28 T1=0.2570)
new SMUPool<GuildLeagueSMU>()...OK (-147044032)(T0=2016-4-5_14:11:28 T1=0.2570)
new SMULogicManager<GuildLeagueSMU>()...OK (-147044032)(T0=2016-4-5_14:11:28 T1=0.2570)
new SMUPool<FindFriendADSMU>()...OK (-147044032)(T0=2016-4-5_14:11:28 T1=0.2570)
new SMULogicManager<FindFriendADSMU>()...OK (-147044032)(T0=2016-4-5_14:11:28 T1=0.2570)
New Managers...OK! (-147044032)(T0=2016-4-5_14:11:28 T1=0.2570)
Start Init Managers... (-147044032)(T0=2016-4-5_14:11:28 T1=0.2570)
g_pDBManager->Init()...OK (-147044032)(T0=2016-4-5_14:11:29 T1=0.5850)
DBGeneralSet::GetValue(4) = 101 Successful! (-147044032)(T0=2016-4-5_14:11:29 T1=0.5860)
DBGeneralSet::GetValue(5) = 0 Successful! (-147044032)(T0=2016-4-5_14:11:29 T1=0.5870)
Config::WorldID=101,Config::ZoneID=0......DB::WorldID=101,DB::ZoneID=0...Compare (-147044032)(T0=2016-4-5_14:11:29 T1=0.5870)
CheckWorldIDZoneID()...OK (-147044032)(T0=2016-4-5_14:11:29 T1=0.5870)
Attach ShareMem Error SM_KET = 1001 (-147044032)(T0=2016-4-5_14:11:29 T1=0.5870)
Create ShareMem Ok SM_KET = 1001 (-147044032)(T0=2016-4-5_14:11:29 T1=0.5870)
Attach ShareMem Error SM_KET = 2001 (-147044032)(T0=2016-4-5_14:11:29 T1=0.5930)
Create ShareMem Ok SM_KET = 2001 (-147044032)(T0=2016-4-5_14:11:29 T1=0.5930)
PostInit GuildSMU_2001 from database  Ok! (-147044032)(T0=2016-4-5_14:11:29 T1=0.8400)
Attach ShareMem Error SM_KET = 3001 (-147044032)(T0=2016-4-5_14:11:29 T1=0.8410)
Create ShareMem Ok SM_KET = 3001 (-147044032)(T0=2016-4-5_14:11:29 T1=0.8410)
PostInit MailSMU_3001 from database  Ok! (-147044032)(T0=2016-4-5_14:11:29 T1=0.8910)
Attach ShareMem Error SM_KET = 4001 (-147044032)(T0=2016-4-5_14:11:29 T1=0.8910)
Create ShareMem Ok SM_KET = 4001 (-147044032)(T0=2016-4-5_14:11:29 T1=0.8910)
PostInit PlayerShopSM_4001 from database  Ok! (-147044032)(T0=2016-4-5_14:11:29 T1=0.9230)
Attach ShareMem Error SM_KET = 5001 (-147044032)(T0=2016-4-5_14:11:29 T1=0.9240)
Create ShareMem Ok SM_KET = 5001 (-147044032)(T0=2016-4-5_14:11:29 T1=0.9240)
PostInit GlobalDataSMU=5001 from database Ok! (-147044032)(T0=2016-4-5_14:11:29 T1=0.9380)
Attach ShareMem Error SM_KET = 6001 (-147044032)(T0=2016-4-5_14:11:29 T1=0.9380)
Create ShareMem Ok SM_KET = 6001 (-147044032)(T0=2016-4-5_14:11:29 T1=0.9380)
PostInit CommisionShopSMU=6001 from database Ok! (-147044032)(T0=2016-4-5_14:11:29 T1=0.9390)
Attach ShareMem Error SM_KET = 7001 (-147044032)(T0=2016-4-5_14:11:29 T1=0.9390)
Create ShareMem Ok SM_KET = 7001 (-147044032)(T0=2016-4-5_14:11:29 T1=0.9390)
PostInit ItemSerialSMU=7001 from database Ok!  Serial = 4817012 (-147044032)(T0=2016-4-5_14:11:29 T1=0.9400)
Attach ShareMem Error SM_KET = 8001 (-147044032)(T0=2016-4-5_14:11:29 T1=0.9400)
Create ShareMem Ok SM_KET = 8001 (-147044032)(T0=2016-4-5_14:11:29 T1=0.9400)
PostInit PetProcreateItemSM8001 from database  Ok! (-147044032)(T0=2016-4-5_14:11:29 T1=0.9400)
Attach ShareMem Error SM_KET = 9001 (-147044032)(T0=2016-4-5_14:11:29 T1=0.9410)
Create ShareMem Ok SM_KET = 9001 (-147044032)(T0=2016-4-5_14:11:29 T1=0.9410)
PostInit CityInfoSM_9001 from database  Ok! (-147044032)(T0=2016-4-5_14:11:29 T1=0.9460)
Attach ShareMem Error SM_KET = 10001 (-147044032)(T0=2016-4-5_14:11:29 T1=0.9460)
Create ShareMem Ok SM_KET = 10001 (-147044032)(T0=2016-4-5_14:11:29 T1=0.9460)
PostInit GuildLeagueSMU_10001 from database  Ok! (-147044032)(T0=2016-4-5_14:11:29 T1=0.9460)
Attach ShareMem Error SM_KET = 11001 (-147044032)(T0=2016-4-5_14:11:29 T1=0.9470)
Create ShareMem Ok SM_KET = 11001 (-147044032)(T0=2016-4-5_14:11:29 T1=0.9470)
PostInit FindFriendADSMU_11001 from database  Ok! (-147044032)(T0=2016-4-5_14:11:29 T1=0.9520)
Init Managers...OK! (-147044032)(T0=2016-4-5_14:11:29 T1=0.9520)
Loop...Start (-147044032)(T0=2016-4-5_14:11:29 T1=0.9520)
GlobalData Save...OK! (-147044032)(T0=2016-4-5_14:11:59 T1=30.9800)
CommisionShop Save...OK! (-147044032)(T0=2016-4-5_14:11:59 T1=30.9800)
ItemSerial Save...OK! Serial = 4817012 ,ServerID = 0 (-147044032)(T0=2016-4-5_14:11:59 T1=31.0330)
GlobalData Save...OK! (-147044032)(T0=2016-4-5_14:12:29 T1=61.0590)
CommisionShop Save...OK! (-147044032)(T0=2016-4-5_14:12:29 T1=61.0590)
ItemSerial Save...OK! Serial = 4817012 ,ServerID = 0 (-147044032)(T0=2016-4-5_14:12:29 T1=61.4370)
GlobalData Save...OK! (-147044032)(T0=2016-4-5_14:13:0 T1=91.4620)
CommisionShop Save...OK! (-147044032)(T0=2016-4-5_14:13:0 T1=91.4620)
ItemSerial Save...OK! Serial = 4817039 ,ServerID = 0 (-147044032)(T0=2016-4-5_14:13:0 T1=91.7570)
GlobalData Save...OK! (-147044032)(T0=2016-4-5_14:13:30 T1=121.7820)
CommisionShop Save...OK! (-147044032)(T0=2016-4-5_14:13:30 T1=121.7820)
ItemSerial Save...OK! Serial = 4817141 ,ServerID = 0 (-147044032)(T0=2016-4-5_14:13:30 T1=121.8340)
GlobalData Save...OK! (-147044032)(T0=2016-4-5_14:14:0 T1=151.8540)
CommisionShop Save...OK! (-147044032)(T0=2016-4-5_14:14:0 T1=151.8540)
ItemSerial Save...OK! Serial = 4817455 ,ServerID = 0 (-147044032)(T0=2016-4-5_14:14:0 T1=151.9060)
GlobalData Save...OK! (-147044032)(T0=2016-4-5_14:14:30 T1=181.9310)
CommisionShop Save...OK! (-147044032)(T0=2016-4-5_14:14:30 T1=181.9310)
ItemSerial Save...OK! Serial = 4817556 ,ServerID = 0 (-147044032)(T0=2016-4-5_14:14:30 T1=181.9820)
普通存盘成功	PlayerPool Index=0,Player Guid=3C3360A2 (-147044032)(T0=2016-4-5_14:14:51 T1=202.7890)
系统信息: 档案总数 = 1,总等待存盘数量 =0,已经存储数量 = 0 (-147044032)(T0=2016-4-5_14:14:51 T1=202.7890)
GlobalData Save...OK! (-147044032)(T0=2016-4-5_14:15:1 T1=212.7970)
CommisionShop Save...OK! (-147044032)(T0=2016-4-5_14:15:1 T1=212.7970)
ItemSerial Save...OK! Serial = 4817692 ,ServerID = 0 (-147044032)(T0=2016-4-5_14:15:1 T1=212.8450)
GlobalData Save...OK! (-147044032)(T0=2016-4-5_14:15:31 T1=242.8600)
CommisionShop Save...OK! (-147044032)(T0=2016-4-5_14:15:31 T1=242.8600)
ItemSerial Save...OK! Serial = 4817712 ,ServerID = 0 (-147044032)(T0=2016-4-5_14:15:31 T1=242.8990)
GlobalData Save...OK! (-147044032)(T0=2016-4-5_14:16:1 T1=272.9140)
CommisionShop Save...OK! (-147044032)(T0=2016-4-5_14:16:1 T1=272.9140)
ItemSerial Save...OK! Serial = 4817843 ,ServerID = 0 (-147044032)(T0=2016-4-5_14:16:1 T1=272.9560)
GlobalData Save...OK! (-147044032)(T0=2016-4-5_14:16:31 T1=302.9720)
CommisionShop Save...OK! (-147044032)(T0=2016-4-5_14:16:31 T1=302.9720)
ItemSerial Save...OK! Serial = 4817863 ,ServerID = 0 (-147044032)(T0=2016-4-5_14:16:31 T1=303.0150)
GlobalData Save...OK! (-147044032)(T0=2016-4-5_14:17:1 T1=333.0330)
CommisionShop Save...OK! (-147044032)(T0=2016-4-5_14:17:1 T1=333.0330)
ItemSerial Save...OK! Serial = 4817982 ,ServerID = 0 (-147044032)(T0=2016-4-5_14:17:1 T1=333.0730)
GlobalData Save...OK! (-147044032)(T0=2016-4-5_14:17:31 T1=363.0880)
CommisionShop Save...OK! (-147044032)(T0=2016-4-5_14:17:31 T1=363.0880)
ItemSerial Save...OK! Serial = 4818002 ,ServerID = 0 (-147044032)(T0=2016-4-5_14:17:31 T1=363.1350)
GlobalData Save...OK! (-147044032)(T0=2016-4-5_14:18:1 T1=393.1510)
CommisionShop Save...OK! (-147044032)(T0=2016-4-5_14:18:1 T1=393.1510)
ItemSerial Save...OK! Serial = 4818106 ,ServerID = 0 (-147044032)(T0=2016-4-5_14:18:1 T1=393.2040)
GlobalData Save...OK! (-147044032)(T0=2016-4-5_14:18:31 T1=423.2230)
CommisionShop Save...OK! (-147044032)(T0=2016-4-5_14:18:31 T1=423.2230)
ItemSerial Save...OK! Serial = 4818128 ,ServerID = 0 (-147044032)(T0=2016-4-5_14:18:31 T1=423.2620)
GlobalData Save...OK! (-147044032)(T0=2016-4-5_14:19:1 T1=453.2820)
CommisionShop Save...OK! (-147044032)(T0=2016-4-5_14:19:1 T1=453.2820)
ItemSerial Save...OK! Serial = 4818240 ,ServerID = 0 (-147044032)(T0=2016-4-5_14:19:1 T1=453.3180)
GlobalData Save...OK! (-147044032)(T0=2016-4-5_14:19:31 T1=483.3360)
CommisionShop Save...OK! (-147044032)(T0=2016-4-5_14:19:31 T1=483.3360)
ItemSerial Save...OK! Serial = 4818306 ,ServerID = 0 (-147044032)(T0=2016-4-5_14:19:31 T1=483.3820)
GlobalData Save...OK! (-147044032)(T0=2016-4-5_14:20:1 T1=513.4030)
CommisionShop Save...OK! (-147044032)(T0=2016-4-5_14:20:1 T1=513.4030)
ItemSerial Save...OK! Serial = 4818407 ,ServerID = 0 (-147044032)(T0=2016-4-5_14:20:2 T1=513.4490)
GlobalData Save...OK! (-147044032)(T0=2016-4-5_14:20:32 T1=543.4680)
CommisionShop Save...OK! (-147044032)(T0=2016-4-5_14:20:32 T1=543.4680)
ItemSerial Save...OK! Serial = 4818427 ,ServerID = 0 (-147044032)(T0=2016-4-5_14:20:32 T1=543.5200)
GlobalData Save...OK! (-147044032)(T0=2016-4-5_14:21:2 T1=573.5370)
CommisionShop Save...OK! (-147044032)(T0=2016-4-5_14:21:2 T1=573.5370)
ItemSerial Save...OK! Serial = 4818537 ,ServerID = 0 (-147044032)(T0=2016-4-5_14:21:2 T1=573.5820)
GlobalData Save...OK! (-147044032)(T0=2016-4-5_14:21:32 T1=603.6000)
CommisionShop Save...OK! (-147044032)(T0=2016-4-5_14:21:32 T1=603.6000)
ItemSerial Save...OK! Serial = 4818565 ,ServerID = 0 (-147044032)(T0=2016-4-5_14:21:32 T1=603.6580)
GlobalData Save...OK! (-147044032)(T0=2016-4-5_14:22:2 T1=633.6790)
CommisionShop Save...OK! (-147044032)(T0=2016-4-5_14:22:2 T1=633.6790)
ItemSerial Save...OK! Serial = 4818649 ,ServerID = 0 (-147044032)(T0=2016-4-5_14:22:2 T1=633.7250)
GlobalData Save...OK! (-147044032)(T0=2016-4-5_14:22:32 T1=663.7470)
CommisionShop Save...OK! (-147044032)(T0=2016-4-5_14:22:32 T1=663.7470)
ItemSerial Save...OK! Serial = 4818669 ,ServerID = 0 (-147044032)(T0=2016-4-5_14:22:32 T1=663.7920)
GlobalData Save...OK! (-147044032)(T0=2016-4-5_14:23:2 T1=693.8130)
CommisionShop Save...OK! (-147044032)(T0=2016-4-5_14:23:2 T1=693.8140)
ItemSerial Save...OK! Serial = 4818757 ,ServerID = 0 (-147044032)(T0=2016-4-5_14:23:2 T1=693.8490)
GlobalData Save...OK! (-147044032)(T0=2016-4-5_14:23:32 T1=723.8680)
CommisionShop Save...OK! (-147044032)(T0=2016-4-5_14:23:32 T1=723.8680)
ItemSerial Save...OK! Serial = 4818777 ,ServerID = 0 (-147044032)(T0=2016-4-5_14:23:32 T1=724.0390)
GlobalData Save...OK! (-147044032)(T0=2016-4-5_14:24:2 T1=754.0570)
CommisionShop Save...OK! (-147044032)(T0=2016-4-5_14:24:2 T1=754.0570)
ItemSerial Save...OK! Serial = 4818821 ,ServerID = 0 (-147044032)(T0=2016-4-5_14:24:2 T1=754.0950)
离线存盘成功	PlayerPool Index=0,Player Guid=3C3360A2 (-147044032)(T0=2016-4-5_14:24:32 T1=783.6820)
系统信息: 档案总数 = 1,总等待存盘数量 =1,已经存储数量 = 1 (-147044032)(T0=2016-4-5_14:24:32 T1=783.6820)
GlobalData Save...OK! (-147044032)(T0=2016-4-5_14:24:33 T1=784.6860)
CommisionShop Save...OK! (-147044032)(T0=2016-4-5_14:24:33 T1=784.6860)
ItemSerial Save...OK! Serial = 4818841 ,ServerID = 0 (-147044032)(T0=2016-4-5_14:24:33 T1=784.7380)
GlobalData Save...OK! (-147044032)(T0=2016-4-5_14:25:3 T1=814.7620)
CommisionShop Save...OK! (-147044032)(T0=2016-4-5_14:25:3 T1=814.7620)
ItemSerial Save...OK! Serial = 4818887 ,ServerID = 0 (-147044032)(T0=2016-4-5_14:25:3 T1=814.8030)
GlobalData Save...OK! (-147044032)(T0=2016-4-5_14:25:33 T1=844.8260)
CommisionShop Save...OK! (-147044032)(T0=2016-4-5_14:25:33 T1=844.8270)
ItemSerial Save...OK! Serial = 4818907 ,ServerID = 0 (-147044032)(T0=2016-4-5_14:25:33 T1=844.8950)
GlobalData Save...OK! (-147044032)(T0=2016-4-5_14:26:3 T1=874.9210)
CommisionShop Save...OK! (-147044032)(T0=2016-4-5_14:26:3 T1=874.9210)
ItemSerial Save...OK! Serial = 4818933 ,ServerID = 0 (-147044032)(T0=2016-4-5_14:26:3 T1=874.9570)
GlobalData Save...OK! (-147044032)(T0=2016-4-5_14:26:33 T1=904.9820)
CommisionShop Save...OK! (-147044032)(T0=2016-4-5_14:26:33 T1=904.9820)
ItemSerial Save...OK! Serial = 4818935 ,ServerID = 0 (-147044032)(T0=2016-4-5_14:26:33 T1=905.0490)
GlobalData Save...OK! (-147044032)(T0=2016-4-5_14:27:3 T1=935.0720)
CommisionShop Save...OK! (-147044032)(T0=2016-4-5_14:27:3 T1=935.0720)
ItemSerial Save...OK! Serial = 4818964 ,ServerID = 0 (-147044032)(T0=2016-4-5_14:27:3 T1=935.1220)
GlobalData Save...OK! (-147044032)(T0=2016-4-5_14:27:33 T1=965.1460)
CommisionShop Save...OK! (-147044032)(T0=2016-4-5_14:27:33 T1=965.1460)
ItemSerial Save...OK! Serial = 4818966 ,ServerID = 0 (-147044032)(T0=2016-4-5_14:27:33 T1=965.1810)
GlobalData Save...OK! (-147044032)(T0=2016-4-5_14:28:3 T1=995.2060)
CommisionShop Save...OK! (-147044032)(T0=2016-4-5_14:28:3 T1=995.2060)
ItemSerial Save...OK! Serial = 4818993 ,ServerID = 0 (-147044032)(T0=2016-4-5_14:28:3 T1=995.2510)
GlobalData Save...OK! (-147044032)(T0=2016-4-5_14:28:33 T1=1025.2730)
CommisionShop Save...OK! (-147044032)(T0=2016-4-5_14:28:33 T1=1025.2730)
ItemSerial Save...OK! Serial = 4818995 ,ServerID = 0 (-147044032)(T0=2016-4-5_14:28:33 T1=1025.3260)
GlobalData Save...OK! (-147044032)(T0=2016-4-5_14:29:3 T1=1055.3510)
CommisionShop Save...OK! (-147044032)(T0=2016-4-5_14:29:3 T1=1055.3510)
ItemSerial Save...OK! Serial = 4819019 ,ServerID = 0 (-147044032)(T0=2016-4-5_14:29:3 T1=1055.4060)
GlobalData Save...OK! (-147044032)(T0=2016-4-5_14:29:33 T1=1085.4310)
CommisionShop Save...OK! (-147044032)(T0=2016-4-5_14:29:33 T1=1085.4310)
ItemSerial Save...OK! Serial = 4819021 ,ServerID = 0 (-147044032)(T0=2016-4-5_14:29:34 T1=1085.4800)
GlobalData Save...OK! (-147044032)(T0=2016-4-5_14:30:4 T1=1115.5040)
CommisionShop Save...OK! (-147044032)(T0=2016-4-5_14:30:4 T1=1115.5040)
ItemSerial Save...OK! Serial = 4819045 ,ServerID = 0 (-147044032)(T0=2016-4-5_14:30:4 T1=1115.5480)
GlobalData Save...OK! (-147044032)(T0=2016-4-5_14:30:34 T1=1145.5730)
CommisionShop Save...OK! (-147044032)(T0=2016-4-5_14:30:34 T1=1145.5730)
ItemSerial Save...OK! Serial = 4819089 ,ServerID = 0 (-147044032)(T0=2016-4-5_14:30:34 T1=1145.6120)
GlobalData Save...OK! (-147044032)(T0=2016-4-5_14:31:4 T1=1175.6370)
CommisionShop Save...OK! (-147044032)(T0=2016-4-5_14:31:4 T1=1175.6370)
ItemSerial Save...OK! Serial = 4819114 ,ServerID = 0 (-147044032)(T0=2016-4-5_14:31:4 T1=1175.6810)
End GuildSMU_2001 SaveAll...OK! (-147044032)(T0=2016-4-5_14:33:4 T1=1295.4850)
SMUCount = 0 (-147044032)(T0=2016-4-5_14:33:4 T1=1295.4850)
TotalSMUSize = 0 (-147044032)(T0=2016-4-5_14:33:4 T1=1295.4850)
DBGeneralSet::GetValue(2) = 1 Successful! (-147044032)(T0=2016-4-5_14:33:4 T1=1295.4850)
End MailSMU_3001 SaveAll...OK! (-147044032)(T0=2016-4-5_14:33:5 T1=1296.4680)
SMUCount = 0 (-147044032)(T0=2016-4-5_14:33:5 T1=1296.4680)
TotalSMUSize = 0 (-147044032)(T0=2016-4-5_14:33:5 T1=1296.4680)
End PlayerShopSM_4001 SaveAll...OK! (-147044032)(T0=2016-4-5_14:33:7 T1=1298.5100)
SMUCount = 0 (-147044032)(T0=2016-4-5_14:33:7 T1=1298.5100)
TotalSMUSize = 0 (-147044032)(T0=2016-4-5_14:33:7 T1=1298.5100)
DBGeneralSet::GetValue(1) = 1 Successful! (-147044032)(T0=2016-4-5_14:33:7 T1=1298.5110)
GlobalData Save...OK! (-147044032)(T0=2016-4-5_14:33:7 T1=1298.5130)
CommisionShop Save...OK! (-147044032)(T0=2016-4-5_14:33:7 T1=1298.5130)
ItemSerial Save...OK! Serial = 4819167 ,ServerID = 0 (-147044032)(T0=2016-4-5_14:33:7 T1=1298.5550)
End PetProcreateItemSM_8001 SaveAll...OK! (-147044032)(T0=2016-4-5_14:33:7 T1=1298.5550)
SMUCount = 0 (-147044032)(T0=2016-4-5_14:33:7 T1=1298.5550)
TotalSMUSize = 0 (-147044032)(T0=2016-4-5_14:33:7 T1=1298.5550)
End CityInfoSM_9001 SaveAll...OK! (-147044032)(T0=2016-4-5_14:33:31 T1=1322.5190)
SMUCount = 0 (-147044032)(T0=2016-4-5_14:33:31 T1=1322.5190)
TotalSMUSize = 0 (-147044032)(T0=2016-4-5_14:33:31 T1=1322.5190)
DBGeneralSet::GetValue(3) = 1 Successful! (-147044032)(T0=2016-4-5_14:33:31 T1=1322.5200)
End GuildLeagueSMU_10001 SaveAll...OK! (-147044032)(T0=2016-4-5_14:33:31 T1=1322.5200)
SMUCount = 0 (-147044032)(T0=2016-4-5_14:33:31 T1=1322.5200)
TotalSMUSize = 0 (-147044032)(T0=2016-4-5_14:33:31 T1=1322.5200)
End FindFreindADSMU_11001 SaveAll...OK! (-147044032)(T0=2016-4-5_14:33:31 T1=1322.5200)
SMUCount = 0 (-147044032)(T0=2016-4-5_14:33:31 T1=1322.5200)
TotalSMUSize = 0 (-147044032)(T0=2016-4-5_14:33:31 T1=1322.5200)
GlobalData Save...OK! (-147044032)(T0=2016-4-5_14:33:37 T1=1328.5270)
CommisionShop Save...OK! (-147044032)(T0=2016-4-5_14:33:37 T1=1328.5270)
ItemSerial Save...OK! Serial = 4819169 ,ServerID = 0 (-147044032)(T0=2016-4-5_14:33:37 T1=1328.5630)
GlobalData Save...OK! (-147044032)(T0=2016-4-5_14:34:7 T1=1358.5860)
CommisionShop Save...OK! (-147044032)(T0=2016-4-5_14:34:7 T1=1358.5860)
ItemSerial Save...OK! Serial = 4819171 ,ServerID = 0 (-147044032)(T0=2016-4-5_14:34:7 T1=1358.6390)
GlobalData Save...OK! (-147044032)(T0=2016-4-5_14:34:37 T1=1388.6640)
CommisionShop Save...OK! (-147044032)(T0=2016-4-5_14:34:37 T1=1388.6650)
ItemSerial Save...OK! Serial = 4819173 ,ServerID = 0 (-147044032)(T0=2016-4-5_14:34:37 T1=1388.7450)
GlobalData Save...OK! (-147044032)(T0=2016-4-5_14:35:7 T1=1418.7710)
CommisionShop Save...OK! (-147044032)(T0=2016-4-5_14:35:7 T1=1418.7710)
ItemSerial Save...OK! Serial = 4819175 ,ServerID = 0 (-147044032)(T0=2016-4-5_14:35:7 T1=1418.8120)
GlobalData Save...OK! (-147044032)(T0=2016-4-5_14:35:37 T1=1448.8360)
CommisionShop Save...OK! (-147044032)(T0=2016-4-5_14:35:37 T1=1448.8370)
ItemSerial Save...OK! Serial = 4819177 ,ServerID = 0 (-147044032)(T0=2016-4-5_14:35:37 T1=1448.8890)
GlobalData Save...OK! (-147044032)(T0=2016-4-5_14:36:7 T1=1478.9140)
CommisionShop Save...OK! (-147044032)(T0=2016-4-5_14:36:7 T1=1478.9140)
ItemSerial Save...OK! Serial = 4819179 ,ServerID = 0 (-147044032)(T0=2016-4-5_14:36:7 T1=1478.9640)
GlobalData Save...OK! (-147044032)(T0=2016-4-5_14:36:37 T1=1508.9900)
CommisionShop Save...OK! (-147044032)(T0=2016-4-5_14:36:37 T1=1508.9900)
ItemSerial Save...OK! Serial = 4819181 ,ServerID = 0 (-147044032)(T0=2016-4-5_14:36:37 T1=1509.0300)
GlobalData Save...OK! (-147044032)(T0=2016-4-5_14:37:7 T1=1539.0550)
CommisionShop Save...OK! (-147044032)(T0=2016-4-5_14:37:7 T1=1539.0550)
ItemSerial Save...OK! Serial = 4819183 ,ServerID = 0 (-147044032)(T0=2016-4-5_14:37:7 T1=1539.0970)
GlobalData Save...OK! (-147044032)(T0=2016-4-5_14:37:37 T1=1569.1210)
CommisionShop Save...OK! (-147044032)(T0=2016-4-5_14:37:37 T1=1569.1220)
ItemSerial Save...OK! Serial = 4819185 ,ServerID = 0 (-147044032)(T0=2016-4-5_14:37:37 T1=1569.1650)
GlobalData Save...OK! (-147044032)(T0=2016-4-5_14:38:7 T1=1599.1900)
CommisionShop Save...OK! (-147044032)(T0=2016-4-5_14:38:7 T1=1599.1900)
ItemSerial Save...OK! Serial = 4819187 ,ServerID = 0 (-147044032)(T0=2016-4-5_14:38:7 T1=1599.2360)
GlobalData Save...OK! (-147044032)(T0=2016-4-5_14:38:37 T1=1629.2600)
CommisionShop Save...OK! (-147044032)(T0=2016-4-5_14:38:37 T1=1629.2610)
ItemSerial Save...OK! Serial = 4819187 ,ServerID = 0 (-147044032)(T0=2016-4-5_14:38:37 T1=1629.3230)
GlobalData Save...OK! (-147044032)(T0=2016-4-5_14:39:7 T1=1659.3480)
CommisionShop Save...OK! (-147044032)(T0=2016-4-5_14:39:7 T1=1659.3480)
ItemSerial Save...OK! Serial = 4819187 ,ServerID = 0 (-147044032)(T0=2016-4-5_14:39:7 T1=1659.4240)
GlobalData Save...OK! (-147044032)(T0=2016-4-5_14:39:38 T1=1689.4490)
CommisionShop Save...OK! (-147044032)(T0=2016-4-5_14:39:38 T1=1689.4500)
ItemSerial Save...OK! Serial = 4819187 ,ServerID = 0 (-147044032)(T0=2016-4-5_14:39:38 T1=1689.5100)
GlobalData Save...OK! (-147044032)(T0=2016-4-5_14:40:8 T1=1719.5350)
CommisionShop Save...OK! (-147044032)(T0=2016-4-5_14:40:8 T1=1719.5360)
ItemSerial Save...OK! Serial = 4819187 ,ServerID = 0 (-147044032)(T0=2016-4-5_14:40:8 T1=1719.5870)
GlobalData Save...OK! (-147044032)(T0=2016-4-5_14:40:38 T1=1749.6080)
CommisionShop Save...OK! (-147044032)(T0=2016-4-5_14:40:38 T1=1749.6080)
ItemSerial Save...OK! Serial = 4819187 ,ServerID = 0 (-147044032)(T0=2016-4-5_14:40:38 T1=1749.6500)
GlobalData Save...OK! (-147044032)(T0=2016-4-5_14:41:8 T1=1779.6770)
CommisionShop Save...OK! (-147044032)(T0=2016-4-5_14:41:8 T1=1779.6770)
ItemSerial Save...OK! Serial = 4819187 ,ServerID = 0 (-147044032)(T0=2016-4-5_14:41:8 T1=1779.7150)
GlobalData Save...OK! (-147044032)(T0=2016-4-5_14:41:38 T1=1809.7350)
CommisionShop Save...OK! (-147044032)(T0=2016-4-5_14:41:38 T1=1809.7350)
ItemSerial Save...OK! Serial = 4819187 ,ServerID = 0 (-147044032)(T0=2016-4-5_14:41:38 T1=1809.7790)
普通存盘成功	PlayerPool Index=1,Player Guid=3C3360A3 (-147044032)(T0=2016-4-5_14:41:54 T1=1826.4350)
系统信息: 档案总数 = 1,总等待存盘数量 =0,已经存储数量 = 0 (-147044032)(T0=2016-4-5_14:41:54 T1=1826.4360)
GlobalData Save...OK! (-147044032)(T0=2016-4-5_14:42:8 T1=1840.4450)
CommisionShop Save...OK! (-147044032)(T0=2016-4-5_14:42:8 T1=1840.4450)
ItemSerial Save...OK! Serial = 4819193 ,ServerID = 0 (-147044032)(T0=2016-4-5_14:42:9 T1=1840.4860)
GlobalData Save...OK! (-147044032)(T0=2016-4-5_14:42:39 T1=1870.5010)
CommisionShop Save...OK! (-147044032)(T0=2016-4-5_14:42:39 T1=1870.5020)
ItemSerial Save...OK! Serial = 4819238 ,ServerID = 0 (-147044032)(T0=2016-4-5_14:42:39 T1=1870.5470)
GlobalData Save...OK! (-147044032)(T0=2016-4-5_14:43:9 T1=1900.5620)
CommisionShop Save...OK! (-147044032)(T0=2016-4-5_14:43:9 T1=1900.5620)
ItemSerial Save...OK! Serial = 4819288 ,ServerID = 0 (-147044032)(T0=2016-4-5_14:43:9 T1=1900.6040)
GlobalData Save...OK! (-147044032)(T0=2016-4-5_14:43:39 T1=1930.6200)
CommisionShop Save...OK! (-147044032)(T0=2016-4-5_14:43:39 T1=1930.6200)
ItemSerial Save...OK! Serial = 4819409 ,ServerID = 0 (-147044032)(T0=2016-4-5_14:43:39 T1=1930.6610)
GlobalData Save...OK! (-147044032)(T0=2016-4-5_14:44:9 T1=1960.6780)
CommisionShop Save...OK! (-147044032)(T0=2016-4-5_14:44:9 T1=1960.6780)
ItemSerial Save...OK! Serial = 4819409 ,ServerID = 0 (-147044032)(T0=2016-4-5_14:44:9 T1=1960.7300)
GlobalData Save...OK! (-147044032)(T0=2016-4-5_14:44:39 T1=1990.7460)
CommisionShop Save...OK! (-147044032)(T0=2016-4-5_14:44:39 T1=1990.7460)
ItemSerial Save...OK! Serial = 4819458 ,ServerID = 0 (-147044032)(T0=2016-4-5_14:44:39 T1=1990.7990)
GlobalData Save...OK! (-147044032)(T0=2016-4-5_14:45:9 T1=2020.8170)
CommisionShop Save...OK! (-147044032)(T0=2016-4-5_14:45:9 T1=2020.8170)
ItemSerial Save...OK! Serial = 4819506 ,ServerID = 0 (-147044032)(T0=2016-4-5_14:45:9 T1=2020.8670)
离线存盘成功	PlayerPool Index=1,Player Guid=3C3360A3 (-147044032)(T0=2016-4-5_14:45:40 T1=2052.1170)
系统信息: 档案总数 = 1,总等待存盘数量 =1,已经存储数量 = 1 (-147044032)(T0=2016-4-5_14:45:40 T1=2052.1170)
GlobalData Save...OK! (-147044032)(T0=2016-4-5_14:45:40 T1=2052.1180)
CommisionShop Save...OK! (-147044032)(T0=2016-4-5_14:45:40 T1=2052.1180)
ItemSerial Save...OK! Serial = 4819538 ,ServerID = 0 (-147044032)(T0=2016-4-5_14:45:40 T1=2052.1730)
GlobalData Save...OK! (-147044032)(T0=2016-4-5_14:46:10 T1=2082.1970)
CommisionShop Save...OK! (-147044032)(T0=2016-4-5_14:46:10 T1=2082.1980)
ItemSerial Save...OK! Serial = 4819615 ,ServerID = 0 (-147044032)(T0=2016-4-5_14:46:10 T1=2082.2490)
GlobalData Save...OK! (-147044032)(T0=2016-4-5_14:46:40 T1=2112.2730)
CommisionShop Save...OK! (-147044032)(T0=2016-4-5_14:46:40 T1=2112.2730)
ItemSerial Save...OK! Serial = 4819660 ,ServerID = 0 (-147044032)(T0=2016-4-5_14:46:40 T1=2112.3210)
GlobalData Save...OK! (-147044032)(T0=2016-4-5_14:47:10 T1=2142.3470)
CommisionShop Save...OK! (-147044032)(T0=2016-4-5_14:47:10 T1=2142.3470)
ItemSerial Save...OK! Serial = 4819704 ,ServerID = 0 (-147044032)(T0=2016-4-5_14:47:10 T1=2142.3890)
GlobalData Save...OK! (-147044032)(T0=2016-4-5_14:47:40 T1=2172.4140)
CommisionShop Save...OK! (-147044032)(T0=2016-4-5_14:47:40 T1=2172.4140)
ItemSerial Save...OK! Serial = 4819704 ,ServerID = 0 (-147044032)(T0=2016-4-5_14:47:41 T1=2172.4640)
GlobalData Save...OK! (-147044032)(T0=2016-4-5_14:48:11 T1=2202.4900)
CommisionShop Save...OK! (-147044032)(T0=2016-4-5_14:48:11 T1=2202.4900)
ItemSerial Save...OK! Serial = 4819704 ,ServerID = 0 (-147044032)(T0=2016-4-5_14:48:11 T1=2202.5720)
GlobalData Save...OK! (-147044032)(T0=2016-4-5_14:48:41 T1=2232.5980)
CommisionShop Save...OK! (-147044032)(T0=2016-4-5_14:48:41 T1=2232.5980)
ItemSerial Save...OK! Serial = 4819744 ,ServerID = 0 (-147044032)(T0=2016-4-5_14:48:41 T1=2232.6420)
GlobalData Save...OK! (-147044032)(T0=2016-4-5_14:49:11 T1=2262.6680)
CommisionShop Save...OK! (-147044032)(T0=2016-4-5_14:49:11 T1=2262.6680)
ItemSerial Save...OK! Serial = 4819744 ,ServerID = 0 (-147044032)(T0=2016-4-5_14:49:11 T1=2262.7200)
GlobalData Save...OK! (-147044032)(T0=2016-4-5_14:49:41 T1=2292.7440)
CommisionShop Save...OK! (-147044032)(T0=2016-4-5_14:49:41 T1=2292.7440)
ItemSerial Save...OK! Serial = 4819792 ,ServerID = 0 (-147044032)(T0=2016-4-5_14:49:41 T1=2292.7840)
GlobalData Save...OK! (-147044032)(T0=2016-4-5_14:50:11 T1=2322.8090)
CommisionShop Save...OK! (-147044032)(T0=2016-4-5_14:50:11 T1=2322.8090)
ItemSerial Save...OK! Serial = 4819883 ,ServerID = 0 (-147044032)(T0=2016-4-5_14:50:11 T1=2322.8510)
GlobalData Save...OK! (-147044032)(T0=2016-4-5_14:50:41 T1=2352.8770)
CommisionShop Save...OK! (-147044032)(T0=2016-4-5_14:50:41 T1=2352.8770)
ItemSerial Save...OK! Serial = 4819922 ,ServerID = 0 (-147044032)(T0=2016-4-5_14:50:41 T1=2352.9190)
GlobalData Save...OK! (-147044032)(T0=2016-4-5_14:51:11 T1=2382.9460)
CommisionShop Save...OK! (-147044032)(T0=2016-4-5_14:51:11 T1=2382.9460)
ItemSerial Save...OK! Serial = 4819922 ,ServerID = 0 (-147044032)(T0=2016-4-5_14:51:11 T1=2382.9860)
End GuildSMU_2001 SaveAll...OK! (-147044032)(T0=2016-4-5_14:52:57 T1=2489.0330)
SMUCount = 0 (-147044032)(T0=2016-4-5_14:52:57 T1=2489.0330)
TotalSMUSize = 0 (-147044032)(T0=2016-4-5_14:52:57 T1=2489.0330)
DBGeneralSet::GetValue(2) = 1 Successful! (-147044032)(T0=2016-4-5_14:52:57 T1=2489.0330)
GlobalData Save...OK! (-147044032)(T0=2016-4-5_14:52:57 T1=2489.0360)
CommisionShop Save...OK! (-147044032)(T0=2016-4-5_14:52:57 T1=2489.0360)
ItemSerial Save...OK! Serial = 4820350 ,ServerID = 0 (-147044032)(T0=2016-4-5_14:52:57 T1=2489.0810)
End MailSMU_3001 SaveAll...OK! (-147044032)(T0=2016-4-5_14:53:5 T1=2497.0060)
SMUCount = 0 (-147044032)(T0=2016-4-5_14:53:5 T1=2497.0060)
TotalSMUSize = 0 (-147044032)(T0=2016-4-5_14:53:5 T1=2497.0060)
End PlayerShopSM_4001 SaveAll...OK! (-147044032)(T0=2016-4-5_14:53:7 T1=2499.0330)
SMUCount = 0 (-147044032)(T0=2016-4-5_14:53:7 T1=2499.0330)
TotalSMUSize = 0 (-147044032)(T0=2016-4-5_14:53:7 T1=2499.0330)
DBGeneralSet::GetValue(1) = 1 Successful! (-147044032)(T0=2016-4-5_14:53:7 T1=2499.0340)
End PetProcreateItemSM_8001 SaveAll...OK! (-147044032)(T0=2016-4-5_14:53:7 T1=2499.0340)
SMUCount = 0 (-147044032)(T0=2016-4-5_14:53:7 T1=2499.0340)
TotalSMUSize = 0 (-147044032)(T0=2016-4-5_14:53:7 T1=2499.0340)
End CityInfoSM_9001 SaveAll...OK! (-147044032)(T0=2016-4-5_14:53:31 T1=2523.1500)
SMUCount = 0 (-147044032)(T0=2016-4-5_14:53:31 T1=2523.1510)
TotalSMUSize = 0 (-147044032)(T0=2016-4-5_14:53:31 T1=2523.1510)
DBGeneralSet::GetValue(3) = 1 Successful! (-147044032)(T0=2016-4-5_14:53:31 T1=2523.1510)
End GuildLeagueSMU_10001 SaveAll...OK! (-147044032)(T0=2016-4-5_14:53:31 T1=2523.1510)
SMUCount = 0 (-147044032)(T0=2016-4-5_14:53:31 T1=2523.1510)
TotalSMUSize = 0 (-147044032)(T0=2016-4-5_14:53:31 T1=2523.1510)
End FindFreindADSMU_11001 SaveAll...OK! (-147044032)(T0=2016-4-5_14:53:31 T1=2523.1510)
SMUCount = 0 (-147044032)(T0=2016-4-5_14:53:31 T1=2523.1510)
TotalSMUSize = 0 (-147044032)(T0=2016-4-5_14:53:31 T1=2523.1510)
GlobalData Save...OK! (-147044032)(T0=2016-4-5_14:53:32 T1=2524.1540)
CommisionShop Save...OK! (-147044032)(T0=2016-4-5_14:53:32 T1=2524.1540)
ItemSerial Save...OK! Serial = 4820350 ,ServerID = 0 (-147044032)(T0=2016-4-5_14:53:32 T1=2524.1930)
GlobalData Save...OK! (-147044032)(T0=2016-4-5_14:54:2 T1=2554.2120)
CommisionShop Save...OK! (-147044032)(T0=2016-4-5_14:54:2 T1=2554.2130)
ItemSerial Save...OK! Serial = 4820448 ,ServerID = 0 (-147044032)(T0=2016-4-5_14:54:2 T1=2554.2590)
普通存盘成功	PlayerPool Index=2,Player Guid=3C3360A2 (-147044032)(T0=2016-4-5_14:54:32 T1=2584.1220)
系统信息: 档案总数 = 1,总等待存盘数量 =0,已经存储数量 = 0 (-147044032)(T0=2016-4-5_14:54:32 T1=2584.1230)
GlobalData Save...OK! (-147044032)(T0=2016-4-5_14:54:33 T1=2585.1250)
CommisionShop Save...OK! (-147044032)(T0=2016-4-5_14:54:33 T1=2585.1250)
ItemSerial Save...OK! Serial = 4820531 ,ServerID = 0 (-147044032)(T0=2016-4-5_14:54:33 T1=2585.1790)
GlobalData Save...OK! (-147044032)(T0=2016-4-5_14:55:3 T1=2615.1950)
CommisionShop Save...OK! (-147044032)(T0=2016-4-5_14:55:3 T1=2615.1950)
ItemSerial Save...OK! Serial = 4820573 ,ServerID = 0 (-147044032)(T0=2016-4-5_14:55:3 T1=2615.2440)
GlobalData Save...OK! (-147044032)(T0=2016-4-5_14:55:33 T1=2645.2590)
CommisionShop Save...OK! (-147044032)(T0=2016-4-5_14:55:33 T1=2645.2590)
ItemSerial Save...OK! Serial = 4820620 ,ServerID = 0 (-147044032)(T0=2016-4-5_14:55:33 T1=2645.2960)
GlobalData Save...OK! (-147044032)(T0=2016-4-5_14:56:3 T1=2675.3110)
CommisionShop Save...OK! (-147044032)(T0=2016-4-5_14:56:3 T1=2675.3110)
ItemSerial Save...OK! Serial = 4820669 ,ServerID = 0 (-147044032)(T0=2016-4-5_14:56:3 T1=2675.3610)
GlobalData Save...OK! (-147044032)(T0=2016-4-5_14:56:33 T1=2705.3770)
CommisionShop Save...OK! (-147044032)(T0=2016-4-5_14:56:33 T1=2705.3770)
ItemSerial Save...OK! Serial = 4820669 ,ServerID = 0 (-147044032)(T0=2016-4-5_14:56:34 T1=2705.4510)
GlobalData Save...OK! (-147044032)(T0=2016-4-5_14:57:4 T1=2735.4670)
CommisionShop Save...OK! (-147044032)(T0=2016-4-5_14:57:4 T1=2735.4670)
ItemSerial Save...OK! Serial = 4820675 ,ServerID = 0 (-147044032)(T0=2016-4-5_14:57:4 T1=2735.5090)
GlobalData Save...OK! (-147044032)(T0=2016-4-5_14:57:34 T1=2765.5250)
CommisionShop Save...OK! (-147044032)(T0=2016-4-5_14:57:34 T1=2765.5250)
ItemSerial Save...OK! Serial = 4820675 ,ServerID = 0 (-147044032)(T0=2016-4-5_14:57:34 T1=2765.5720)
GlobalData Save...OK! (-147044032)(T0=2016-4-5_14:58:4 T1=2795.5870)
CommisionShop Save...OK! (-147044032)(T0=2016-4-5_14:58:4 T1=2795.5880)
ItemSerial Save...OK! Serial = 4820675 ,ServerID = 0 (-147044032)(T0=2016-4-5_14:58:4 T1=2795.6280)
GlobalData Save...OK! (-147044032)(T0=2016-4-5_14:58:34 T1=2825.6440)
CommisionShop Save...OK! (-147044032)(T0=2016-4-5_14:58:34 T1=2825.6440)
ItemSerial Save...OK! Serial = 4820680 ,ServerID = 0 (-147044032)(T0=2016-4-5_14:58:34 T1=2825.7070)
GlobalData Save...OK! (-147044032)(T0=2016-4-5_14:59:4 T1=2855.7270)
CommisionShop Save...OK! (-147044032)(T0=2016-4-5_14:59:4 T1=2855.7270)
ItemSerial Save...OK! Serial = 4820680 ,ServerID = 0 (-147044032)(T0=2016-4-5_14:59:4 T1=2855.7780)
GlobalData Save...OK! (-147044032)(T0=2016-4-5_14:59:34 T1=2885.7990)
CommisionShop Save...OK! (-147044032)(T0=2016-4-5_14:59:34 T1=2885.7990)
ItemSerial Save...OK! Serial = 4820680 ,ServerID = 0 (-147044032)(T0=2016-4-5_14:59:34 T1=2885.8410)
GlobalData Save...OK! (-147044032)(T0=2016-4-5_15:0:4 T1=2915.8620)
CommisionShop Save...OK! (-147044032)(T0=2016-4-5_15:0:4 T1=2915.8620)
ItemSerial Save...OK! Serial = 4820763 ,ServerID = 0 (-147044032)(T0=2016-4-5_15:0:4 T1=2915.9080)
GlobalData Save...OK! (-147044032)(T0=2016-4-5_15:0:34 T1=2945.9280)
CommisionShop Save...OK! (-147044032)(T0=2016-4-5_15:0:34 T1=2945.9280)
ItemSerial Save...OK! Serial = 4820811 ,ServerID = 0 (-147044032)(T0=2016-4-5_15:0:34 T1=2946.0110)
GlobalData Save...OK! (-147044032)(T0=2016-4-5_15:1:4 T1=2976.0330)
CommisionShop Save...OK! (-147044032)(T0=2016-4-5_15:1:4 T1=2976.0340)
ItemSerial Save...OK! Serial = 4820811 ,ServerID = 0 (-147044032)(T0=2016-4-5_15:1:4 T1=2976.0730)
GlobalData Save...OK! (-147044032)(T0=2016-4-5_15:1:34 T1=3006.0940)
CommisionShop Save...OK! (-147044032)(T0=2016-4-5_15:1:34 T1=3006.0940)
ItemSerial Save...OK! Serial = 4820891 ,ServerID = 0 (-147044032)(T0=2016-4-5_15:1:34 T1=3006.1580)
GlobalData Save...OK! (-147044032)(T0=2016-4-5_15:2:4 T1=3036.1780)
CommisionShop Save...OK! (-147044032)(T0=2016-4-5_15:2:4 T1=3036.1780)
ItemSerial Save...OK! Serial = 4820891 ,ServerID = 0 (-147044032)(T0=2016-4-5_15:2:4 T1=3036.2230)
GlobalData Save...OK! (-147044032)(T0=2016-4-5_15:2:34 T1=3066.2440)
CommisionShop Save...OK! (-147044032)(T0=2016-4-5_15:2:34 T1=3066.2440)
ItemSerial Save...OK! Serial = 4820891 ,ServerID = 0 (-147044032)(T0=2016-4-5_15:2:34 T1=3066.2930)
GlobalData Save...OK! (-147044032)(T0=2016-4-5_15:3:4 T1=3096.3140)
CommisionShop Save...OK! (-147044032)(T0=2016-4-5_15:3:4 T1=3096.3150)
ItemSerial Save...OK! Serial = 4820891 ,ServerID = 0 (-147044032)(T0=2016-4-5_15:3:4 T1=3096.3640)
GlobalData Save...OK! (-147044032)(T0=2016-4-5_15:3:34 T1=3126.3840)
CommisionShop Save...OK! (-147044032)(T0=2016-4-5_15:3:34 T1=3126.3840)
ItemSerial Save...OK! Serial = 4820891 ,ServerID = 0 (-147044032)(T0=2016-4-5_15:3:34 T1=3126.4240)
GlobalData Save...OK! (-147044032)(T0=2016-4-5_15:4:5 T1=3156.4460)
CommisionShop Save...OK! (-147044032)(T0=2016-4-5_15:4:5 T1=3156.4460)
ItemSerial Save...OK! Serial = 4820891 ,ServerID = 0 (-147044032)(T0=2016-4-5_15:4:5 T1=3156.4860)
GlobalData Save...OK! (-147044032)(T0=2016-4-5_15:4:35 T1=3186.5090)
CommisionShop Save...OK! (-147044032)(T0=2016-4-5_15:4:35 T1=3186.5090)
ItemSerial Save...OK! Serial = 4820891 ,ServerID = 0 (-147044032)(T0=2016-4-5_15:4:35 T1=3186.5550)
GlobalData Save...OK! (-147044032)(T0=2016-4-5_15:5:5 T1=3216.5750)
CommisionShop Save...OK! (-147044032)(T0=2016-4-5_15:5:5 T1=3216.5750)
ItemSerial Save...OK! Serial = 4820891 ,ServerID = 0 (-147044032)(T0=2016-4-5_15:5:5 T1=3216.6210)
GlobalData Save...OK! (-147044032)(T0=2016-4-5_15:5:35 T1=3246.6420)
CommisionShop Save...OK! (-147044032)(T0=2016-4-5_15:5:35 T1=3246.6420)
ItemSerial Save...OK! Serial = 4820891 ,ServerID = 0 (-147044032)(T0=2016-4-5_15:5:35 T1=3246.6950)
GlobalData Save...OK! (-147044032)(T0=2016-4-5_15:6:5 T1=3276.7160)
CommisionShop Save...OK! (-147044032)(T0=2016-4-5_15:6:5 T1=3276.7160)
ItemSerial Save...OK! Serial = 4820891 ,ServerID = 0 (-147044032)(T0=2016-4-5_15:6:5 T1=3276.7810)
GlobalData Save...OK! (-147044032)(T0=2016-4-5_15:6:35 T1=3306.8030)
CommisionShop Save...OK! (-147044032)(T0=2016-4-5_15:6:35 T1=3306.8030)
ItemSerial Save...OK! Serial = 4820891 ,ServerID = 0 (-147044032)(T0=2016-4-5_15:6:35 T1=3306.8420)
GlobalData Save...OK! (-147044032)(T0=2016-4-5_15:7:5 T1=3336.8650)
CommisionShop Save...OK! (-147044032)(T0=2016-4-5_15:7:5 T1=3336.8650)
ItemSerial Save...OK! Serial = 4820891 ,ServerID = 0 (-147044032)(T0=2016-4-5_15:7:5 T1=3336.9100)
GlobalData Save...OK! (-147044032)(T0=2016-4-5_15:7:35 T1=3366.9320)
CommisionShop Save...OK! (-147044032)(T0=2016-4-5_15:7:35 T1=3366.9320)
ItemSerial Save...OK! Serial = 4820891 ,ServerID = 0 (-147044032)(T0=2016-4-5_15:7:35 T1=3367.0000)
GlobalData Save...OK! (-147044032)(T0=2016-4-5_15:8:5 T1=3397.0210)
CommisionShop Save...OK! (-147044032)(T0=2016-4-5_15:8:5 T1=3397.0210)
ItemSerial Save...OK! Serial = 4820935 ,ServerID = 0 (-147044032)(T0=2016-4-5_15:8:5 T1=3397.0860)
GlobalData Save...OK! (-147044032)(T0=2016-4-5_15:8:35 T1=3427.1090)
CommisionShop Save...OK! (-147044032)(T0=2016-4-5_15:8:35 T1=3427.1090)
ItemSerial Save...OK! Serial = 4820935 ,ServerID = 0 (-147044032)(T0=2016-4-5_15:8:35 T1=3427.1460)
GlobalData Save...OK! (-147044032)(T0=2016-4-5_15:9:5 T1=3457.1660)
CommisionShop Save...OK! (-147044032)(T0=2016-4-5_15:9:5 T1=3457.1660)
ItemSerial Save...OK! Serial = 4820935 ,ServerID = 0 (-147044032)(T0=2016-4-5_15:9:5 T1=3457.2030)
普通存盘成功	PlayerPool Index=2,Player Guid=3C3360A2 (-147044032)(T0=2016-4-5_15:9:34 T1=3485.4840)
系统信息: 档案总数 = 1,总等待存盘数量 =0,已经存储数量 = 0 (-147044032)(T0=2016-4-5_15:9:34 T1=3485.4840)
GlobalData Save...OK! (-147044032)(T0=2016-4-5_15:9:36 T1=3487.4880)
CommisionShop Save...OK! (-147044032)(T0=2016-4-5_15:9:36 T1=3487.4890)
ItemSerial Save...OK! Serial = 4820935 ,ServerID = 0 (-147044032)(T0=2016-4-5_15:9:36 T1=3487.5290)
离线存盘成功	PlayerPool Index=2,Player Guid=3C3360A2 (-147044032)(T0=2016-4-5_15:9:44 T1=3495.7820)
系统信息: 档案总数 = 1,总等待存盘数量 =1,已经存储数量 = 1 (-147044032)(T0=2016-4-5_15:9:44 T1=3495.7820)
GlobalData Save...OK! (-147044032)(T0=2016-4-5_15:10:6 T1=3517.8030)
CommisionShop Save...OK! (-147044032)(T0=2016-4-5_15:10:6 T1=3517.8030)
ItemSerial Save...OK! Serial = 4820935 ,ServerID = 0 (-147044032)(T0=2016-4-5_15:10:6 T1=3517.8500)
GlobalData Save...OK! (-147044032)(T0=2016-4-5_15:10:36 T1=3547.8740)
CommisionShop Save...OK! (-147044032)(T0=2016-4-5_15:10:36 T1=3547.8750)
ItemSerial Save...OK! Serial = 4820935 ,ServerID = 0 (-147044032)(T0=2016-4-5_15:10:36 T1=3547.9170)
GlobalData Save...OK! (-147044032)(T0=2016-4-5_15:11:6 T1=3577.9410)
CommisionShop Save...OK! (-147044032)(T0=2016-4-5_15:11:6 T1=3577.9410)
ItemSerial Save...OK! Serial = 4820935 ,ServerID = 0 (-147044032)(T0=2016-4-5_15:11:6 T1=3577.9830)
普通存盘成功	PlayerPool Index=3,Player Guid=3C3360A2 (-147044032)(T0=2016-4-5_15:11:19 T1=3590.5270)
系统信息: 档案总数 = 1,总等待存盘数量 =0,已经存储数量 = 0 (-147044032)(T0=2016-4-5_15:11:19 T1=3590.5280)
End GuildSMU_2001 SaveAll...OK! (-147044032)(T0=2016-4-5_15:12:43 T1=3674.9310)
SMUCount = 0 (-147044032)(T0=2016-4-5_15:12:43 T1=3674.9310)
TotalSMUSize = 0 (-147044032)(T0=2016-4-5_15:12:43 T1=3674.9320)
DBGeneralSet::GetValue(2) = 1 Successful! (-147044032)(T0=2016-4-5_15:12:43 T1=3674.9320)
GlobalData Save...OK! (-147044032)(T0=2016-4-5_15:12:43 T1=3674.9330)
CommisionShop Save...OK! (-147044032)(T0=2016-4-5_15:12:43 T1=3674.9330)
ItemSerial Save...OK! Serial = 4820935 ,ServerID = 0 (-147044032)(T0=2016-4-5_15:12:43 T1=3674.9670)
End MailSMU_3001 SaveAll...OK! (-147044032)(T0=2016-4-5_15:13:10 T1=3701.4610)
SMUCount = 0 (-147044032)(T0=2016-4-5_15:13:10 T1=3701.4610)
TotalSMUSize = 0 (-147044032)(T0=2016-4-5_15:13:10 T1=3701.4610)
End PlayerShopSM_4001 SaveAll...OK! (-147044032)(T0=2016-4-5_15:13:11 T1=3703.3640)
SMUCount = 0 (-147044032)(T0=2016-4-5_15:13:11 T1=3703.3640)
TotalSMUSize = 0 (-147044032)(T0=2016-4-5_15:13:11 T1=3703.3640)
DBGeneralSet::GetValue(1) = 1 Successful! (-147044032)(T0=2016-4-5_15:13:11 T1=3703.3650)
End PetProcreateItemSM_8001 SaveAll...OK! (-147044032)(T0=2016-4-5_15:13:11 T1=3703.3650)
SMUCount = 0 (-147044032)(T0=2016-4-5_15:13:11 T1=3703.3650)
TotalSMUSize = 0 (-147044032)(T0=2016-4-5_15:13:11 T1=3703.3650)
End CityInfoSM_9001 SaveAll...OK! (-147044032)(T0=2016-4-5_15:13:38 T1=3729.6270)
SMUCount = 0 (-147044032)(T0=2016-4-5_15:13:38 T1=3729.6270)
TotalSMUSize = 0 (-147044032)(T0=2016-4-5_15:13:38 T1=3729.6270)
DBGeneralSet::GetValue(3) = 1 Successful! (-147044032)(T0=2016-4-5_15:13:38 T1=3729.6270)
End GuildLeagueSMU_10001 SaveAll...OK! (-147044032)(T0=2016-4-5_15:13:38 T1=3729.6270)
SMUCount = 0 (-147044032)(T0=2016-4-5_15:13:38 T1=3729.6270)
TotalSMUSize = 0 (-147044032)(T0=2016-4-5_15:13:38 T1=3729.6270)
End FindFreindADSMU_11001 SaveAll...OK! (-147044032)(T0=2016-4-5_15:13:38 T1=3729.6270)
SMUCount = 0 (-147044032)(T0=2016-4-5_15:13:38 T1=3729.6270)
TotalSMUSize = 0 (-147044032)(T0=2016-4-5_15:13:38 T1=3729.6270)
GlobalData Save...OK! (-147044032)(T0=2016-4-5_15:13:39 T1=3730.6300)
CommisionShop Save...OK! (-147044032)(T0=2016-4-5_15:13:39 T1=3730.6300)
ItemSerial Save...OK! Serial = 4820938 ,ServerID = 0 (-147044032)(T0=2016-4-5_15:13:39 T1=3730.6840)
GlobalData Save...OK! (-147044032)(T0=2016-4-5_15:14:9 T1=3760.7040)
CommisionShop Save...OK! (-147044032)(T0=2016-4-5_15:14:9 T1=3760.7050)
ItemSerial Save...OK! Serial = 4820950 ,ServerID = 0 (-147044032)(T0=2016-4-5_15:14:9 T1=3760.7510)
GlobalData Save...OK! (-147044032)(T0=2016-4-5_15:14:39 T1=3790.7700)
CommisionShop Save...OK! (-147044032)(T0=2016-4-5_15:14:39 T1=3790.7700)
ItemSerial Save...OK! Serial = 4820950 ,ServerID = 0 (-147044032)(T0=2016-4-5_15:14:39 T1=3790.8220)
GlobalData Save...OK! (-147044032)(T0=2016-4-5_15:15:9 T1=3820.8430)
CommisionShop Save...OK! (-147044032)(T0=2016-4-5_15:15:9 T1=3820.8430)
ItemSerial Save...OK! Serial = 4820950 ,ServerID = 0 (-147044032)(T0=2016-4-5_15:15:9 T1=3820.8790)
离线存盘成功	PlayerPool Index=3,Player Guid=3C3360A2 (-147044032)(T0=2016-4-5_15:15:36 T1=3847.7390)
系统信息: 档案总数 = 1,总等待存盘数量 =1,已经存储数量 = 1 (-147044032)(T0=2016-4-5_15:15:36 T1=3847.7390)
GlobalData Save...OK! (-147044032)(T0=2016-4-5_15:15:40 T1=3851.7460)
CommisionShop Save...OK! (-147044032)(T0=2016-4-5_15:15:40 T1=3851.7460)
ItemSerial Save...OK! Serial = 4820950 ,ServerID = 0 (-147044032)(T0=2016-4-5_15:15:40 T1=3851.7870)
GlobalData Save...OK! (-147044032)(T0=2016-4-5_15:16:10 T1=3881.8140)
CommisionShop Save...OK! (-147044032)(T0=2016-4-5_15:16:10 T1=3881.8140)
ItemSerial Save...OK! Serial = 4820950 ,ServerID = 0 (-147044032)(T0=2016-4-5_15:16:10 T1=3882.0900)
GlobalData Save...OK! (-147044032)(T0=2016-4-5_15:16:40 T1=3912.1150)
CommisionShop Save...OK! (-147044032)(T0=2016-4-5_15:16:40 T1=3912.1160)
ItemSerial Save...OK! Serial = 4820950 ,ServerID = 0 (-147044032)(T0=2016-4-5_15:16:40 T1=3912.1700)
GlobalData Save...OK! (-147044032)(T0=2016-4-5_15:17:10 T1=3942.1940)
CommisionShop Save...OK! (-147044032)(T0=2016-4-5_15:17:10 T1=3942.1940)
ItemSerial Save...OK! Serial = 4820950 ,ServerID = 0 (-147044032)(T0=2016-4-5_15:17:10 T1=3942.2370)
GlobalData Save...OK! (-147044032)(T0=2016-4-5_15:17:40 T1=3972.2590)
CommisionShop Save...OK! (-147044032)(T0=2016-4-5_15:17:40 T1=3972.2600)
ItemSerial Save...OK! Serial = 4820950 ,ServerID = 0 (-147044032)(T0=2016-4-5_15:17:40 T1=3972.3050)
GlobalData Save...OK! (-147044032)(T0=2016-4-5_15:18:10 T1=4002.3270)
CommisionShop Save...OK! (-147044032)(T0=2016-4-5_15:18:10 T1=4002.3270)
ItemSerial Save...OK! Serial = 4820951 ,ServerID = 0 (-147044032)(T0=2016-4-5_15:18:10 T1=4002.3730)
GlobalData Save...OK! (-147044032)(T0=2016-4-5_15:18:40 T1=4032.3960)
CommisionShop Save...OK! (-147044032)(T0=2016-4-5_15:18:40 T1=4032.3960)
ItemSerial Save...OK! Serial = 4820952 ,ServerID = 0 (-147044032)(T0=2016-4-5_15:18:41 T1=4032.4500)
GlobalData Save...OK! (-147044032)(T0=2016-4-5_15:19:11 T1=4062.4700)
CommisionShop Save...OK! (-147044032)(T0=2016-4-5_15:19:11 T1=4062.4700)
ItemSerial Save...OK! Serial = 4820953 ,ServerID = 0 (-147044032)(T0=2016-4-5_15:19:11 T1=4062.5170)
普通存盘成功	PlayerPool Index=4,Player Guid=3C3360A2 (-147044032)(T0=2016-4-5_15:19:31 T1=4083.0470)
系统信息: 档案总数 = 1,总等待存盘数量 =0,已经存储数量 = 0 (-147044032)(T0=2016-4-5_15:19:31 T1=4083.0470)
GlobalData Save...OK! (-147044032)(T0=2016-4-5_15:19:41 T1=4093.0580)
CommisionShop Save...OK! (-147044032)(T0=2016-4-5_15:19:41 T1=4093.0580)
ItemSerial Save...OK! Serial = 4820953 ,ServerID = 0 (-147044032)(T0=2016-4-5_15:19:41 T1=4093.1490)
离线存盘成功	PlayerPool Index=4,Player Guid=3C3360A2 (-147044032)(T0=2016-4-5_15:20:16 T1=4127.6320)
系统信息: 档案总数 = 1,总等待存盘数量 =1,已经存储数量 = 1 (-147044032)(T0=2016-4-5_15:20:16 T1=4127.6320)
GlobalData Save...OK! (-147044032)(T0=2016-4-5_15:20:16 T1=4127.6360)
CommisionShop Save...OK! (-147044032)(T0=2016-4-5_15:20:16 T1=4127.6360)
ItemSerial Save...OK! Serial = 4820953 ,ServerID = 0 (-147044032)(T0=2016-4-5_15:20:16 T1=4127.6770)
GlobalData Save...OK! (-147044032)(T0=2016-4-5_15:20:46 T1=4157.7030)
CommisionShop Save...OK! (-147044032)(T0=2016-4-5_15:20:46 T1=4157.7030)
ItemSerial Save...OK! Serial = 4820953 ,ServerID = 0 (-147044032)(T0=2016-4-5_15:20:46 T1=4157.7490)
GlobalData Save...OK! (-147044032)(T0=2016-4-5_15:21:16 T1=4187.7690)
CommisionShop Save...OK! (-147044032)(T0=2016-4-5_15:21:16 T1=4187.7690)
ItemSerial Save...OK! Serial = 4820995 ,ServerID = 0 (-147044032)(T0=2016-4-5_15:21:16 T1=4187.8160)
普通存盘成功	PlayerPool Index=5,Player Guid=3C3360A2 (-147044032)(T0=2016-4-5_15:21:44 T1=4215.7860)
系统信息: 档案总数 = 1,总等待存盘数量 =0,已经存储数量 = 0 (-147044032)(T0=2016-4-5_15:21:44 T1=4215.7860)
GlobalData Save...OK! (-147044032)(T0=2016-4-5_15:21:46 T1=4217.7890)
CommisionShop Save...OK! (-147044032)(T0=2016-4-5_15:21:46 T1=4217.7890)
ItemSerial Save...OK! Serial = 4820995 ,ServerID = 0 (-147044032)(T0=2016-4-5_15:21:46 T1=4217.8330)
GlobalData Save...OK! (-147044032)(T0=2016-4-5_15:22:16 T1=4247.8550)
CommisionShop Save...OK! (-147044032)(T0=2016-4-5_15:22:16 T1=4247.8560)
ItemSerial Save...OK! Serial = 4820995 ,ServerID = 0 (-147044032)(T0=2016-4-5_15:22:16 T1=4247.9310)
GlobalData Save...OK! (-147044032)(T0=2016-4-5_15:22:46 T1=4277.9510)
CommisionShop Save...OK! (-147044032)(T0=2016-4-5_15:22:46 T1=4277.9510)
ItemSerial Save...OK! Serial = 4820995 ,ServerID = 0 (-147044032)(T0=2016-4-5_15:22:46 T1=4277.9950)
GlobalData Save...OK! (-147044032)(T0=2016-4-5_15:23:16 T1=4308.0160)
CommisionShop Save...OK! (-147044032)(T0=2016-4-5_15:23:16 T1=4308.0160)
ItemSerial Save...OK! Serial = 4820995 ,ServerID = 0 (-147044032)(T0=2016-4-5_15:23:16 T1=4308.0580)
GlobalData Save...OK! (-147044032)(T0=2016-4-5_15:23:46 T1=4338.0790)
CommisionShop Save...OK! (-147044032)(T0=2016-4-5_15:23:46 T1=4338.0790)
ItemSerial Save...OK! Serial = 4820995 ,ServerID = 0 (-147044032)(T0=2016-4-5_15:23:46 T1=4338.1300)
GlobalData Save...OK! (-147044032)(T0=2016-4-5_15:24:16 T1=4368.1520)
CommisionShop Save...OK! (-147044032)(T0=2016-4-5_15:24:16 T1=4368.1520)
ItemSerial Save...OK! Serial = 4820996 ,ServerID = 0 (-147044032)(T0=2016-4-5_15:24:16 T1=4368.3920)
GlobalData Save...OK! (-147044032)(T0=2016-4-5_15:24:46 T1=4398.4120)
CommisionShop Save...OK! (-147044032)(T0=2016-4-5_15:24:46 T1=4398.4120)
ItemSerial Save...OK! Serial = 4820996 ,ServerID = 0 (-147044032)(T0=2016-4-5_15:24:47 T1=4398.4660)
GlobalData Save...OK! (-147044032)(T0=2016-4-5_15:25:17 T1=4428.4870)
CommisionShop Save...OK! (-147044032)(T0=2016-4-5_15:25:17 T1=4428.4870)
ItemSerial Save...OK! Serial = 4820996 ,ServerID = 0 (-147044032)(T0=2016-4-5_15:25:17 T1=4428.5550)
GlobalData Save...OK! (-147044032)(T0=2016-4-5_15:25:47 T1=4458.5760)
CommisionShop Save...OK! (-147044032)(T0=2016-4-5_15:25:47 T1=4458.5760)
ItemSerial Save...OK! Serial = 4820997 ,ServerID = 0 (-147044032)(T0=2016-4-5_15:25:47 T1=4458.6210)
GlobalData Save...OK! (-147044032)(T0=2016-4-5_15:26:17 T1=4488.6400)
CommisionShop Save...OK! (-147044032)(T0=2016-4-5_15:26:17 T1=4488.6400)
ItemSerial Save...OK! Serial = 4820997 ,ServerID = 0 (-147044032)(T0=2016-4-5_15:26:17 T1=4488.6850)
GlobalData Save...OK! (-147044032)(T0=2016-4-5_15:26:47 T1=4518.7060)
CommisionShop Save...OK! (-147044032)(T0=2016-4-5_15:26:47 T1=4518.7060)
ItemSerial Save...OK! Serial = 4820997 ,ServerID = 0 (-147044032)(T0=2016-4-5_15:26:47 T1=4518.7500)
GlobalData Save...OK! (-147044032)(T0=2016-4-5_15:27:17 T1=4548.7730)
CommisionShop Save...OK! (-147044032)(T0=2016-4-5_15:27:17 T1=4548.7730)
ItemSerial Save...OK! Serial = 4820997 ,ServerID = 0 (-147044032)(T0=2016-4-5_15:27:17 T1=4548.8100)
GlobalData Save...OK! (-147044032)(T0=2016-4-5_15:27:47 T1=4578.8310)
CommisionShop Save...OK! (-147044032)(T0=2016-4-5_15:27:47 T1=4578.8310)
ItemSerial Save...OK! Serial = 4820997 ,ServerID = 0 (-147044032)(T0=2016-4-5_15:27:47 T1=4578.9410)
GlobalData Save...OK! (-147044032)(T0=2016-4-5_15:28:17 T1=4608.9630)
CommisionShop Save...OK! (-147044032)(T0=2016-4-5_15:28:17 T1=4608.9630)
ItemSerial Save...OK! Serial = 4820997 ,ServerID = 0 (-147044032)(T0=2016-4-5_15:28:17 T1=4609.0060)
GlobalData Save...OK! (-147044032)(T0=2016-4-5_15:28:47 T1=4639.0290)
CommisionShop Save...OK! (-147044032)(T0=2016-4-5_15:28:47 T1=4639.0290)
ItemSerial Save...OK! Serial = 4821004 ,ServerID = 0 (-147044032)(T0=2016-4-5_15:28:47 T1=4639.0710)
GlobalData Save...OK! (-147044032)(T0=2016-4-5_15:29:17 T1=4669.0920)
CommisionShop Save...OK! (-147044032)(T0=2016-4-5_15:29:17 T1=4669.0920)
ItemSerial Save...OK! Serial = 4821004 ,ServerID = 0 (-147044032)(T0=2016-4-5_15:29:17 T1=4669.1420)
GlobalData Save...OK! (-147044032)(T0=2016-4-5_15:29:47 T1=4699.1630)
CommisionShop Save...OK! (-147044032)(T0=2016-4-5_15:29:47 T1=4699.1630)
ItemSerial Save...OK! Serial = 4821004 ,ServerID = 0 (-147044032)(T0=2016-4-5_15:29:47 T1=4699.2080)
GlobalData Save...OK! (-147044032)(T0=2016-4-5_15:30:17 T1=4729.2290)
CommisionShop Save...OK! (-147044032)(T0=2016-4-5_15:30:17 T1=4729.2290)
ItemSerial Save...OK! Serial = 4821004 ,ServerID = 0 (-147044032)(T0=2016-4-5_15:30:17 T1=4729.2800)
GlobalData Save...OK! (-147044032)(T0=2016-4-5_15:30:47 T1=4759.3010)
CommisionShop Save...OK! (-147044032)(T0=2016-4-5_15:30:47 T1=4759.3010)
ItemSerial Save...OK! Serial = 4821004 ,ServerID = 0 (-147044032)(T0=2016-4-5_15:30:47 T1=4759.3390)
GlobalData Save...OK! (-147044032)(T0=2016-4-5_15:31:17 T1=4789.3600)
CommisionShop Save...OK! (-147044032)(T0=2016-4-5_15:31:17 T1=4789.3600)
ItemSerial Save...OK! Serial = 4821005 ,ServerID = 0 (-147044032)(T0=2016-4-5_15:31:17 T1=4789.4090)
End GuildSMU_2001 SaveAll...OK! (-147044032)(T0=2016-4-5_15:32:50 T1=4881.8520)
SMUCount = 0 (-147044032)(T0=2016-4-5_15:32:50 T1=4881.8520)
TotalSMUSize = 0 (-147044032)(T0=2016-4-5_15:32:50 T1=4881.8520)
DBGeneralSet::GetValue(2) = 1 Successful! (-147044032)(T0=2016-4-5_15:32:50 T1=4881.8520)
GlobalData Save...OK! (-147044032)(T0=2016-4-5_15:32:50 T1=4881.8530)
CommisionShop Save...OK! (-147044032)(T0=2016-4-5_15:32:50 T1=4881.8530)
ItemSerial Save...OK! Serial = 4821005 ,ServerID = 0 (-147044032)(T0=2016-4-5_15:32:50 T1=4881.9220)
End MailSMU_3001 SaveAll...OK! (-147044032)(T0=2016-4-5_15:33:6 T1=4897.9390)
SMUCount = 0 (-147044032)(T0=2016-4-5_15:33:6 T1=4897.9390)
TotalSMUSize = 0 (-147044032)(T0=2016-4-5_15:33:6 T1=4897.9400)
End PlayerShopSM_4001 SaveAll...OK! (-147044032)(T0=2016-4-5_15:33:12 T1=4903.5420)
SMUCount = 0 (-147044032)(T0=2016-4-5_15:33:12 T1=4903.5420)
TotalSMUSize = 0 (-147044032)(T0=2016-4-5_15:33:12 T1=4903.5420)
DBGeneralSet::GetValue(1) = 1 Successful! (-147044032)(T0=2016-4-5_15:33:12 T1=4903.5430)
End PetProcreateItemSM_8001 SaveAll...OK! (-147044032)(T0=2016-4-5_15:33:12 T1=4903.5430)
SMUCount = 0 (-147044032)(T0=2016-4-5_15:33:12 T1=4903.5430)
TotalSMUSize = 0 (-147044032)(T0=2016-4-5_15:33:12 T1=4903.5430)
End CityInfoSM_9001 SaveAll...OK! (-147044032)(T0=2016-4-5_15:33:36 T1=4927.7130)
SMUCount = 0 (-147044032)(T0=2016-4-5_15:33:36 T1=4927.7130)
TotalSMUSize = 0 (-147044032)(T0=2016-4-5_15:33:36 T1=4927.7130)
DBGeneralSet::GetValue(3) = 1 Successful! (-147044032)(T0=2016-4-5_15:33:36 T1=4927.7130)
GlobalData Save...OK! (-147044032)(T0=2016-4-5_15:33:37 T1=4928.7150)
CommisionShop Save...OK! (-147044032)(T0=2016-4-5_15:33:37 T1=4928.7160)
ItemSerial Save...OK! Serial = 4821005 ,ServerID = 0 (-147044032)(T0=2016-4-5_15:33:37 T1=4928.7560)
End GuildLeagueSMU_10001 SaveAll...OK! (-147044032)(T0=2016-4-5_15:33:38 T1=4929.7560)
SMUCount = 0 (-147044032)(T0=2016-4-5_15:33:38 T1=4929.7570)
TotalSMUSize = 0 (-147044032)(T0=2016-4-5_15:33:38 T1=4929.7570)
End FindFreindADSMU_11001 SaveAll...OK! (-147044032)(T0=2016-4-5_15:33:38 T1=4929.7570)
SMUCount = 0 (-147044032)(T0=2016-4-5_15:33:38 T1=4929.7570)
TotalSMUSize = 0 (-147044032)(T0=2016-4-5_15:33:38 T1=4929.7570)
GlobalData Save...OK! (-147044032)(T0=2016-4-5_15:34:7 T1=4958.7770)
CommisionShop Save...OK! (-147044032)(T0=2016-4-5_15:34:7 T1=4958.7770)
ItemSerial Save...OK! Serial = 4821005 ,ServerID = 0 (-147044032)(T0=2016-4-5_15:34:7 T1=4958.8240)
GlobalData Save...OK! (-147044032)(T0=2016-4-5_15:34:37 T1=4988.8430)
CommisionShop Save...OK! (-147044032)(T0=2016-4-5_15:34:37 T1=4988.8430)
ItemSerial Save...OK! Serial = 4821005 ,ServerID = 0 (-147044032)(T0=2016-4-5_15:34:37 T1=4988.9620)
GlobalData Save...OK! (-147044032)(T0=2016-4-5_15:35:7 T1=5018.9820)
CommisionShop Save...OK! (-147044032)(T0=2016-4-5_15:35:7 T1=5018.9820)
ItemSerial Save...OK! Serial = 4821053 ,ServerID = 0 (-147044032)(T0=2016-4-5_15:35:7 T1=5019.0540)
GlobalData Save...OK! (-147044032)(T0=2016-4-5_15:35:37 T1=5049.0760)
CommisionShop Save...OK! (-147044032)(T0=2016-4-5_15:35:37 T1=5049.0760)
ItemSerial Save...OK! Serial = 4821053 ,ServerID = 0 (-147044032)(T0=2016-4-5_15:35:37 T1=5049.1180)
GlobalData Save...OK! (-147044032)(T0=2016-4-5_15:36:7 T1=5079.1410)
CommisionShop Save...OK! (-147044032)(T0=2016-4-5_15:36:7 T1=5079.1420)
ItemSerial Save...OK! Serial = 4821053 ,ServerID = 0 (-147044032)(T0=2016-4-5_15:36:7 T1=5079.1790)
GlobalData Save...OK! (-147044032)(T0=2016-4-5_15:36:37 T1=5109.2010)
CommisionShop Save...OK! (-147044032)(T0=2016-4-5_15:36:37 T1=5109.2010)
ItemSerial Save...OK! Serial = 4821053 ,ServerID = 0 (-147044032)(T0=2016-4-5_15:36:37 T1=5109.2880)
普通存盘成功	PlayerPool Index=5,Player Guid=3C3360A2 (-147044032)(T0=2016-4-5_15:36:44 T1=5115.9280)
系统信息: 档案总数 = 1,总等待存盘数量 =0,已经存储数量 = 0 (-147044032)(T0=2016-4-5_15:36:44 T1=5115.9280)
GlobalData Save...OK! (-147044032)(T0=2016-4-5_15:37:8 T1=5139.9470)
CommisionShop Save...OK! (-147044032)(T0=2016-4-5_15:37:8 T1=5139.9470)
ItemSerial Save...OK! Serial = 4821053 ,ServerID = 0 (-147044032)(T0=2016-4-5_15:37:8 T1=5140.0140)
GlobalData Save...OK! (-147044032)(T0=2016-4-5_15:37:38 T1=5170.0360)
CommisionShop Save...OK! (-147044032)(T0=2016-4-5_15:37:38 T1=5170.0360)
ItemSerial Save...OK! Serial = 4821054 ,ServerID = 0 (-147044032)(T0=2016-4-5_15:37:38 T1=5170.0810)
GlobalData Save...OK! (-147044032)(T0=2016-4-5_15:38:8 T1=5200.1030)
CommisionShop Save...OK! (-147044032)(T0=2016-4-5_15:38:8 T1=5200.1030)
ItemSerial Save...OK! Serial = 4821054 ,ServerID = 0 (-147044032)(T0=2016-4-5_15:38:8 T1=5200.1440)
GlobalData Save...OK! (-147044032)(T0=2016-4-5_15:38:38 T1=5230.1650)
CommisionShop Save...OK! (-147044032)(T0=2016-4-5_15:38:38 T1=5230.1650)
ItemSerial Save...OK! Serial = 4821054 ,ServerID = 0 (-147044032)(T0=2016-4-5_15:38:38 T1=5230.2110)
GlobalData Save...OK! (-147044032)(T0=2016-4-5_15:39:8 T1=5260.2330)
CommisionShop Save...OK! (-147044032)(T0=2016-4-5_15:39:8 T1=5260.2330)
ItemSerial Save...OK! Serial = 4821054 ,ServerID = 0 (-147044032)(T0=2016-4-5_15:39:8 T1=5260.2770)
GlobalData Save...OK! (-147044032)(T0=2016-4-5_15:39:38 T1=5290.2970)
CommisionShop Save...OK! (-147044032)(T0=2016-4-5_15:39:38 T1=5290.2970)
ItemSerial Save...OK! Serial = 4821054 ,ServerID = 0 (-147044032)(T0=2016-4-5_15:39:38 T1=5290.3620)
GlobalData Save...OK! (-147044032)(T0=2016-4-5_15:40:8 T1=5320.3830)
CommisionShop Save...OK! (-147044032)(T0=2016-4-5_15:40:8 T1=5320.3830)
ItemSerial Save...OK! Serial = 4821054 ,ServerID = 0 (-147044032)(T0=2016-4-5_15:40:8 T1=5320.4190)
GlobalData Save...OK! (-147044032)(T0=2016-4-5_15:40:38 T1=5350.4390)
CommisionShop Save...OK! (-147044032)(T0=2016-4-5_15:40:38 T1=5350.4390)
ItemSerial Save...OK! Serial = 4821054 ,ServerID = 0 (-147044032)(T0=2016-4-5_15:40:39 T1=5350.4840)
GlobalData Save...OK! (-147044032)(T0=2016-4-5_15:41:9 T1=5380.5050)
CommisionShop Save...OK! (-147044032)(T0=2016-4-5_15:41:9 T1=5380.5050)
ItemSerial Save...OK! Serial = 4821054 ,ServerID = 0 (-147044032)(T0=2016-4-5_15:41:9 T1=5380.5540)
GlobalData Save...OK! (-147044032)(T0=2016-4-5_15:41:39 T1=5410.5740)
CommisionShop Save...OK! (-147044032)(T0=2016-4-5_15:41:39 T1=5410.5740)
ItemSerial Save...OK! Serial = 4821054 ,ServerID = 0 (-147044032)(T0=2016-4-5_15:41:39 T1=5410.6250)
GlobalData Save...OK! (-147044032)(T0=2016-4-5_15:42:9 T1=5440.6460)
CommisionShop Save...OK! (-147044032)(T0=2016-4-5_15:42:9 T1=5440.6460)
ItemSerial Save...OK! Serial = 4821054 ,ServerID = 0 (-147044032)(T0=2016-4-5_15:42:9 T1=5440.6910)
GlobalData Save...OK! (-147044032)(T0=2016-4-5_15:42:39 T1=5470.7110)
CommisionShop Save...OK! (-147044032)(T0=2016-4-5_15:42:39 T1=5470.7110)
ItemSerial Save...OK! Serial = 4821055 ,ServerID = 0 (-147044032)(T0=2016-4-5_15:42:39 T1=5470.7560)
GlobalData Save...OK! (-147044032)(T0=2016-4-5_15:43:9 T1=5500.7760)
CommisionShop Save...OK! (-147044032)(T0=2016-4-5_15:43:9 T1=5500.7760)
ItemSerial Save...OK! Serial = 4821055 ,ServerID = 0 (-147044032)(T0=2016-4-5_15:43:9 T1=5500.8250)
GlobalData Save...OK! (-147044032)(T0=2016-4-5_15:43:39 T1=5530.8460)
CommisionShop Save...OK! (-147044032)(T0=2016-4-5_15:43:39 T1=5530.8460)
ItemSerial Save...OK! Serial = 4821094 ,ServerID = 0 (-147044032)(T0=2016-4-5_15:43:39 T1=5530.8990)
GlobalData Save...OK! (-147044032)(T0=2016-4-5_15:44:9 T1=5560.9210)
CommisionShop Save...OK! (-147044032)(T0=2016-4-5_15:44:9 T1=5560.9210)
ItemSerial Save...OK! Serial = 4821094 ,ServerID = 0 (-147044032)(T0=2016-4-5_15:44:9 T1=5560.9650)
GlobalData Save...OK! (-147044032)(T0=2016-4-5_15:44:39 T1=5590.9870)
CommisionShop Save...OK! (-147044032)(T0=2016-4-5_15:44:39 T1=5590.9870)
ItemSerial Save...OK! Serial = 4821094 ,ServerID = 0 (-147044032)(T0=2016-4-5_15:44:39 T1=5591.0550)
GlobalData Save...OK! (-147044032)(T0=2016-4-5_15:45:9 T1=5621.0750)
CommisionShop Save...OK! (-147044032)(T0=2016-4-5_15:45:9 T1=5621.0750)
ItemSerial Save...OK! Serial = 4821094 ,ServerID = 0 (-147044032)(T0=2016-4-5_15:45:9 T1=5621.1620)
GlobalData Save...OK! (-147044032)(T0=2016-4-5_15:45:39 T1=5651.1820)
CommisionShop Save...OK! (-147044032)(T0=2016-4-5_15:45:39 T1=5651.1820)
ItemSerial Save...OK! Serial = 4821094 ,ServerID = 0 (-147044032)(T0=2016-4-5_15:45:39 T1=5651.2370)
GlobalData Save...OK! (-147044032)(T0=2016-4-5_15:46:9 T1=5681.2570)
CommisionShop Save...OK! (-147044032)(T0=2016-4-5_15:46:9 T1=5681.2570)
ItemSerial Save...OK! Serial = 4821133 ,ServerID = 0 (-147044032)(T0=2016-4-5_15:46:9 T1=5681.2990)
GlobalData Save...OK! (-147044032)(T0=2016-4-5_15:46:39 T1=5711.3180)
CommisionShop Save...OK! (-147044032)(T0=2016-4-5_15:46:39 T1=5711.3180)
ItemSerial Save...OK! Serial = 4821165 ,ServerID = 0 (-147044032)(T0=2016-4-5_15:46:39 T1=5711.4350)
GlobalData Save...OK! (-147044032)(T0=2016-4-5_15:47:10 T1=5741.4570)
CommisionShop Save...OK! (-147044032)(T0=2016-4-5_15:47:10 T1=5741.4570)
ItemSerial Save...OK! Serial = 4821165 ,ServerID = 0 (-147044032)(T0=2016-4-5_15:47:10 T1=5741.5000)
GlobalData Save...OK! (-147044032)(T0=2016-4-5_15:47:40 T1=5771.5200)
CommisionShop Save...OK! (-147044032)(T0=2016-4-5_15:47:40 T1=5771.5200)
ItemSerial Save...OK! Serial = 4821210 ,ServerID = 0 (-147044032)(T0=2016-4-5_15:47:40 T1=5771.5640)
GlobalData Save...OK! (-147044032)(T0=2016-4-5_15:48:10 T1=5801.5830)
CommisionShop Save...OK! (-147044032)(T0=2016-4-5_15:48:10 T1=5801.5830)
ItemSerial Save...OK! Serial = 4821210 ,ServerID = 0 (-147044032)(T0=2016-4-5_15:48:10 T1=5801.6300)
GlobalData Save...OK! (-147044032)(T0=2016-4-5_15:48:40 T1=5831.6510)
CommisionShop Save...OK! (-147044032)(T0=2016-4-5_15:48:40 T1=5831.6510)
ItemSerial Save...OK! Serial = 4821210 ,ServerID = 0 (-147044032)(T0=2016-4-5_15:48:40 T1=5831.6940)
GlobalData Save...OK! (-147044032)(T0=2016-4-5_15:49:10 T1=5861.7150)
CommisionShop Save...OK! (-147044032)(T0=2016-4-5_15:49:10 T1=5861.7150)
ItemSerial Save...OK! Serial = 4821210 ,ServerID = 0 (-147044032)(T0=2016-4-5_15:49:10 T1=5861.7600)
离线存盘成功	PlayerPool Index=5,Player Guid=3C3360A2 (-147044032)(T0=2016-4-5_15:49:19 T1=5871.3330)
系统信息: 档案总数 = 1,总等待存盘数量 =1,已经存储数量 = 1 (-147044032)(T0=2016-4-5_15:49:19 T1=5871.3330)
GlobalData Save...OK! (-147044032)(T0=2016-4-5_15:49:40 T1=5892.3510)
CommisionShop Save...OK! (-147044032)(T0=2016-4-5_15:49:40 T1=5892.3510)
ItemSerial Save...OK! Serial = 4821210 ,ServerID = 0 (-147044032)(T0=2016-4-5_15:49:40 T1=5892.4000)
GlobalData Save...OK! (-147044032)(T0=2016-4-5_15:50:10 T1=5922.4250)
CommisionShop Save...OK! (-147044032)(T0=2016-4-5_15:50:10 T1=5922.4250)
ItemSerial Save...OK! Serial = 4821285 ,ServerID = 0 (-147044032)(T0=2016-4-5_15:50:11 T1=5922.4640)
GlobalData Save...OK! (-147044032)(T0=2016-4-5_15:50:41 T1=5952.4840)
CommisionShop Save...OK! (-147044032)(T0=2016-4-5_15:50:41 T1=5952.4840)
ItemSerial Save...OK! Serial = 4821285 ,ServerID = 0 (-147044032)(T0=2016-4-5_15:50:41 T1=5952.5300)
GlobalData Save...OK! (-147044032)(T0=2016-4-5_15:51:11 T1=5982.5470)
CommisionShop Save...OK! (-147044032)(T0=2016-4-5_15:51:11 T1=5982.5470)
ItemSerial Save...OK! Serial = 4821328 ,ServerID = 0 (-147044032)(T0=2016-4-5_15:51:11 T1=5982.6150)
End GuildSMU_2001 SaveAll...OK! (-147044032)(T0=2016-4-5_15:52:38 T1=6069.8750)
SMUCount = 0 (-147044032)(T0=2016-4-5_15:52:38 T1=6069.8750)
TotalSMUSize = 0 (-147044032)(T0=2016-4-5_15:52:38 T1=6069.8750)
DBGeneralSet::GetValue(2) = 1 Successful! (-147044032)(T0=2016-4-5_15:52:38 T1=6069.8750)
GlobalData Save...OK! (-147044032)(T0=2016-4-5_15:52:38 T1=6069.8760)
CommisionShop Save...OK! (-147044032)(T0=2016-4-5_15:52:38 T1=6069.8760)
ItemSerial Save...OK! Serial = 4821328 ,ServerID = 0 (-147044032)(T0=2016-4-5_15:52:38 T1=6069.9220)
Get Exit Commands (-147044032)(T0=2016-4-5_15:52:39 T1=6070.9220)
End GuildSMU_2001 SaveAll...OK! (-147044032)(T0=2016-4-5_15:53:46 T1=6137.4930)
SMUCount = 0 (-147044032)(T0=2016-4-5_15:53:46 T1=6137.4930)
TotalSMUSize = 0 (-147044032)(T0=2016-4-5_15:53:46 T1=6137.4930)
DBGeneralSet::GetValue(2) = 1 Successful! (-147044032)(T0=2016-4-5_15:53:46 T1=6137.4940)
End MailSMU_3001 SaveAll...OK! (-147044032)(T0=2016-4-5_15:53:46 T1=6137.4990)
SMUCount = 0 (-147044032)(T0=2016-4-5_15:53:46 T1=6137.4990)
TotalSMUSize = 0 (-147044032)(T0=2016-4-5_15:53:46 T1=6137.4990)
Receive Server Crash command.. (-147044032)(T0=2016-4-5_15:53:46 T1=6137.4990)
End PlayerShopSM_4001 SaveAll...OK! (-147044032)(T0=2016-4-5_15:53:47 T1=6139.0320)
SMUCount = 0 (-147044032)(T0=2016-4-5_15:53:47 T1=6139.0320)
TotalSMUSize = 0 (-147044032)(T0=2016-4-5_15:53:47 T1=6139.0320)
DBGeneralSet::GetValue(1) = 1 Successful! (-147044032)(T0=2016-4-5_15:53:47 T1=6139.0320)
GlobalData Save...OK! (-147044032)(T0=2016-4-5_15:53:47 T1=6139.0340)
Receive Server Crash command.. (-147044032)(T0=2016-4-5_15:53:47 T1=6139.0340)
CommisionShop Save...OK! (-147044032)(T0=2016-4-5_15:53:47 T1=6139.0340)
Receive Server Crash command.. (-147044032)(T0=2016-4-5_15:53:47 T1=6139.0340)
ItemSerial Save...OK! Serial = 4821328 ,ServerID = 0 (-147044032)(T0=2016-4-5_15:53:47 T1=6139.0770)
End PetProcreateItemSM_8001 SaveAll...OK! (-147044032)(T0=2016-4-5_15:53:47 T1=6139.0770)
SMUCount = 0 (-147044032)(T0=2016-4-5_15:53:47 T1=6139.0770)
TotalSMUSize = 0 (-147044032)(T0=2016-4-5_15:53:47 T1=6139.0770)
End CityInfoSM_9001 SaveAll...OK! (-147044032)(T0=2016-4-5_15:54:11 T1=6162.7430)
SMUCount = 0 (-147044032)(T0=2016-4-5_15:54:11 T1=6162.7430)
TotalSMUSize = 0 (-147044032)(T0=2016-4-5_15:54:11 T1=6162.7430)
DBGeneralSet::GetValue(3) = 1 Successful! (-147044032)(T0=2016-4-5_15:54:11 T1=6162.7430)
End GuildLeagueSMU_10001 SaveAll...OK! (-147044032)(T0=2016-4-5_15:54:11 T1=6162.7430)
SMUCount = 0 (-147044032)(T0=2016-4-5_15:54:11 T1=6162.7430)
TotalSMUSize = 0 (-147044032)(T0=2016-4-5_15:54:11 T1=6162.7430)
End FindFreindADSMU_11001 SaveAll...OK! (-147044032)(T0=2016-4-5_15:54:11 T1=6162.7430)
SMUCount = 0 (-147044032)(T0=2016-4-5_15:54:11 T1=6162.7430)
TotalSMUSize = 0 (-147044032)(T0=2016-4-5_15:54:11 T1=6162.7430)
Loop...End (-147044032)(T0=2016-4-5_15:54:11 T1=6162.7430)
del SMUPool<HumanSMU>()...OK (-147044032)(T0=2016-4-5_15:54:11 T1=6162.7430)
del SMULogicManager<HumanSMU>()...OK (-147044032)(T0=2016-4-5_15:54:11 T1=6162.7430)
del SMUPool<GuildSMU>()...OK (-147044032)(T0=2016-4-5_15:54:11 T1=6162.7430)
del SMULogicManager<GuildSMU>()...OK (-147044032)(T0=2016-4-5_15:54:11 T1=6162.7430)
del SMUPool<MailSMU>()...OK (-147044032)(T0=2016-4-5_15:54:11 T1=6162.7430)
del SMULogicManager<MailSMU>()...OK (-147044032)(T0=2016-4-5_15:54:11 T1=6162.7430)
del SMUPool<PlayerShopSM>()...OK (-147044032)(T0=2016-4-5_15:54:11 T1=6162.7430)
del SMULogicManager<PlayerShopSM>()...OK (-147044032)(T0=2016-4-5_15:54:11 T1=6162.7430)
del SMUPool<GlobalDataSMU>()...OK (-147044032)(T0=2016-4-5_15:54:11 T1=6162.7430)
del SMULogicManager<GlobalDataSMU>()...OK (-147044032)(T0=2016-4-5_15:54:11 T1=6162.7430)
del SMUPool<CommisionShopSMU>()...OK (-147044032)(T0=2016-4-5_15:54:11 T1=6162.7430)
del SMULogicManager<CommisionShopSMU>()...OK (-147044032)(T0=2016-4-5_15:54:11 T1=6162.7430)
del SMUPool<ItemSerialKeySMU>()...OK (-147044032)(T0=2016-4-5_15:54:11 T1=6162.7430)
del SMULogicManager<ItemSerialKeySMU>()...OK (-147044032)(T0=2016-4-5_15:54:11 T1=6162.7430)
del SMUPool<PetProcreateItemSM>()...OK (-147044032)(T0=2016-4-5_15:54:11 T1=6162.7430)
del SMULogicManager<PetProcreateItemSM>()...OK (-147044032)(T0=2016-4-5_15:54:11 T1=6162.7430)
del SMUPool<CitySMU>()...OK (-147044032)(T0=2016-4-5_15:54:11 T1=6162.7430)
del SMULogicManager<CitySMU>()...OK (-147044032)(T0=2016-4-5_15:54:11 T1=6162.7430)
del SMUPool<GuildLeagueSMU>()...OK (-147044032)(T0=2016-4-5_15:54:11 T1=6162.7430)
del SMULogicManager<GuildLeagueSMU>()...OK (-147044032)(T0=2016-4-5_15:54:11 T1=6162.7430)
del SMUPool<FindFriendADSMU>()...OK (-147044032)(T0=2016-4-5_15:54:11 T1=6162.7430)
del SMULogicManager<FindFriendADSMU>()...OK (-147044032)(T0=2016-4-5_15:54:11 T1=6162.7430)
Exit ShareMemory Program (-147044032)(T0=2016-4-5_15:54:11 T1=6162.7430)
