(###) main...
 (-146892480)(T0=2016-4-7_0:13:53 T1=0.0330)
ShareMemory Start...
 (-146892480)(T0=2016-4-7_0:13:53 T1=0.0520)
Start Read Config Files... (-146892480)(T0=2016-4-7_0:13:53 T1=0.0520)
Read Config Files...OK! (-146892480)(T0=2016-4-7_0:13:54 T1=0.2980)
Start New Managers... (-146892480)(T0=2016-4-7_0:13:54 T1=0.2980)
new ShareDBManager ...OK (-146892480)(T0=2016-4-7_0:13:54 T1=0.2980)
new SMUPool<HumanSMU>()...OK (-146892480)(T0=2016-4-7_0:13:54 T1=0.2980)
new SMULogicManager<HumanSMU>()...OK (-146892480)(T0=2016-4-7_0:13:54 T1=0.2980)
new SMUPool<GuildSMU>()...OK (-146892480)(T0=2016-4-7_0:13:54 T1=0.2980)
new SMULogicManager<GuildSMU>()...OK (-146892480)(T0=2016-4-7_0:13:54 T1=0.2980)
new SMUPool<MailSMU>()...OK (-146892480)(T0=2016-4-7_0:13:54 T1=0.2980)
new SMULogicManager<MailSMU>()...OK (-146892480)(T0=2016-4-7_0:13:54 T1=0.2980)
new SMUPool<PlayerShopSM>()...OK (-146892480)(T0=2016-4-7_0:13:54 T1=0.2980)
new SMULogicManager<PlayerShopSM>()...OK (-146892480)(T0=2016-4-7_0:13:54 T1=0.2980)
new SMUPool<GlobalDataSMU>()...OK (-146892480)(T0=2016-4-7_0:13:54 T1=0.2980)
new SMULogicManager<GlobalDataSMU>()...OK (-146892480)(T0=2016-4-7_0:13:54 T1=0.2980)
new SMUPool<CommisionShopSMU>()...OK (-146892480)(T0=2016-4-7_0:13:54 T1=0.2980)
new SMULogicManager<CommisionShopSMU>()...OK (-146892480)(T0=2016-4-7_0:13:54 T1=0.2980)
new SMUPool<ItemSerialKeySMU>()...OK (-146892480)(T0=2016-4-7_0:13:54 T1=0.2980)
new SMULogicManager<ItemSerialKeySMU>()...OK (-146892480)(T0=2016-4-7_0:13:54 T1=0.2980)
new SMUPool<PetProcreateItemSM>()...OK (-146892480)(T0=2016-4-7_0:13:54 T1=0.2980)
new SMULogicManager<PetProcreateItemSM>()...OK (-146892480)(T0=2016-4-7_0:13:54 T1=0.2980)
new SMUPool<CitySMU>()...OK (-146892480)(T0=2016-4-7_0:13:54 T1=0.2980)
new SMULogicManager<CitySMU>()...OK (-146892480)(T0=2016-4-7_0:13:54 T1=0.2980)
new SMUPool<GuildLeagueSMU>()...OK (-146892480)(T0=2016-4-7_0:13:54 T1=0.2980)
new SMULogicManager<GuildLeagueSMU>()...OK (-146892480)(T0=2016-4-7_0:13:54 T1=0.2980)
new SMUPool<FindFriendADSMU>()...OK (-146892480)(T0=2016-4-7_0:13:54 T1=0.2980)
new SMULogicManager<FindFriendADSMU>()...OK (-146892480)(T0=2016-4-7_0:13:54 T1=0.2980)
New Managers...OK! (-146892480)(T0=2016-4-7_0:13:54 T1=0.2980)
Start Init Managers... (-146892480)(T0=2016-4-7_0:13:54 T1=0.2980)
g_pDBManager->Init()...OK (-146892480)(T0=2016-4-7_0:13:54 T1=0.6150)
DBGeneralSet::GetValue(4) = 101 Successful! (-146892480)(T0=2016-4-7_0:13:54 T1=0.6160)
DBGeneralSet::GetValue(5) = 0 Successful! (-146892480)(T0=2016-4-7_0:13:54 T1=0.6160)
Config::WorldID=101,Config::ZoneID=0......DB::WorldID=101,DB::ZoneID=0...Compare (-146892480)(T0=2016-4-7_0:13:54 T1=0.6160)
CheckWorldIDZoneID()...OK (-146892480)(T0=2016-4-7_0:13:54 T1=0.6160)
Attach ShareMem Error SM_KET = 1001 (-146892480)(T0=2016-4-7_0:13:54 T1=0.6160)
Create ShareMem Ok SM_KET = 1001 (-146892480)(T0=2016-4-7_0:13:54 T1=0.6160)
Attach ShareMem Error SM_KET = 2001 (-146892480)(T0=2016-4-7_0:13:54 T1=0.6220)
Create ShareMem Ok SM_KET = 2001 (-146892480)(T0=2016-4-7_0:13:54 T1=0.6220)
PostInit GuildSMU_2001 from database  Ok! (-146892480)(T0=2016-4-7_0:13:54 T1=0.8810)
Attach ShareMem Error SM_KET = 3001 (-146892480)(T0=2016-4-7_0:13:54 T1=0.8820)
Create ShareMem Ok SM_KET = 3001 (-146892480)(T0=2016-4-7_0:13:54 T1=0.8820)
PostInit MailSMU_3001 from database  Ok! (-146892480)(T0=2016-4-7_0:13:54 T1=0.9310)
Attach ShareMem Error SM_KET = 4001 (-146892480)(T0=2016-4-7_0:13:54 T1=0.9310)
Create ShareMem Ok SM_KET = 4001 (-146892480)(T0=2016-4-7_0:13:54 T1=0.9310)
PostInit PlayerShopSM_4001 from database  Ok! (-146892480)(T0=2016-4-7_0:13:54 T1=0.9640)
Attach ShareMem Error SM_KET = 5001 (-146892480)(T0=2016-4-7_0:13:54 T1=0.9640)
Create ShareMem Ok SM_KET = 5001 (-146892480)(T0=2016-4-7_0:13:54 T1=0.9640)
PostInit GlobalDataSMU=5001 from database Ok! (-146892480)(T0=2016-4-7_0:13:54 T1=0.9790)
Attach ShareMem Error SM_KET = 6001 (-146892480)(T0=2016-4-7_0:13:54 T1=0.9790)
Create ShareMem Ok SM_KET = 6001 (-146892480)(T0=2016-4-7_0:13:54 T1=0.9800)
PostInit CommisionShopSMU=6001 from database Ok! (-146892480)(T0=2016-4-7_0:13:54 T1=0.9800)
Attach ShareMem Error SM_KET = 7001 (-146892480)(T0=2016-4-7_0:13:54 T1=0.9800)
Create ShareMem Ok SM_KET = 7001 (-146892480)(T0=2016-4-7_0:13:54 T1=0.9800)
PostInit ItemSerialSMU=7001 from database Ok!  Serial = 4831328 (-146892480)(T0=2016-4-7_0:13:54 T1=0.9810)
Attach ShareMem Error SM_KET = 8001 (-146892480)(T0=2016-4-7_0:13:54 T1=0.9810)
Create ShareMem Ok SM_KET = 8001 (-146892480)(T0=2016-4-7_0:13:54 T1=0.9810)
PostInit PetProcreateItemSM8001 from database  Ok! (-146892480)(T0=2016-4-7_0:13:54 T1=0.9810)
Attach ShareMem Error SM_KET = 9001 (-146892480)(T0=2016-4-7_0:13:54 T1=0.9810)
Create ShareMem Ok SM_KET = 9001 (-146892480)(T0=2016-4-7_0:13:54 T1=0.9820)
PostInit CityInfoSM_9001 from database  Ok! (-146892480)(T0=2016-4-7_0:13:54 T1=0.9880)
Attach ShareMem Error SM_KET = 10001 (-146892480)(T0=2016-4-7_0:13:54 T1=0.9880)
Create ShareMem Ok SM_KET = 10001 (-146892480)(T0=2016-4-7_0:13:54 T1=0.9880)
PostInit GuildLeagueSMU_10001 from database  Ok! (-146892480)(T0=2016-4-7_0:13:54 T1=0.9890)
Attach ShareMem Error SM_KET = 11001 (-146892480)(T0=2016-4-7_0:13:54 T1=0.9890)
Create ShareMem Ok SM_KET = 11001 (-146892480)(T0=2016-4-7_0:13:54 T1=0.9890)
PostInit FindFriendADSMU_11001 from database  Ok! (-146892480)(T0=2016-4-7_0:13:54 T1=0.9960)
Init Managers...OK! (-146892480)(T0=2016-4-7_0:13:54 T1=0.9960)
Loop...Start (-146892480)(T0=2016-4-7_0:13:54 T1=0.9960)
GlobalData Save...OK! (-146892480)(T0=2016-4-7_0:14:24 T1=31.0180)
CommisionShop Save...OK! (-146892480)(T0=2016-4-7_0:14:24 T1=31.0180)
ItemSerial Save...OK! Serial = 4831328 ,ServerID = 0 (-146892480)(T0=2016-4-7_0:14:24 T1=31.0660)
GlobalData Save...OK! (-146892480)(T0=2016-4-7_0:14:55 T1=61.0890)
CommisionShop Save...OK! (-146892480)(T0=2016-4-7_0:14:55 T1=61.0890)
ItemSerial Save...OK! Serial = 4831328 ,ServerID = 0 (-146892480)(T0=2016-4-7_0:14:55 T1=61.1700)
GlobalData Save...OK! (-146892480)(T0=2016-4-7_0:15:25 T1=91.1920)
CommisionShop Save...OK! (-146892480)(T0=2016-4-7_0:15:25 T1=91.1920)
ItemSerial Save...OK! Serial = 4831328 ,ServerID = 0 (-146892480)(T0=2016-4-7_0:15:25 T1=91.2870)
GlobalData Save...OK! (-146892480)(T0=2016-4-7_0:15:55 T1=121.3100)
CommisionShop Save...OK! (-146892480)(T0=2016-4-7_0:15:55 T1=121.3110)
ItemSerial Save...OK! Serial = 4831328 ,ServerID = 0 (-146892480)(T0=2016-4-7_0:15:55 T1=121.5020)
GlobalData Save...OK! (-146892480)(T0=2016-4-7_0:16:25 T1=151.5240)
CommisionShop Save...OK! (-146892480)(T0=2016-4-7_0:16:25 T1=151.5240)
ItemSerial Save...OK! Serial = 4831328 ,ServerID = 0 (-146892480)(T0=2016-4-7_0:16:25 T1=151.5710)
GlobalData Save...OK! (-146892480)(T0=2016-4-7_0:16:55 T1=181.5930)
CommisionShop Save...OK! (-146892480)(T0=2016-4-7_0:16:55 T1=181.5930)
ItemSerial Save...OK! Serial = 4831430 ,ServerID = 0 (-146892480)(T0=2016-4-7_0:16:55 T1=181.6380)
GlobalData Save...OK! (-146892480)(T0=2016-4-7_0:17:25 T1=211.6560)
CommisionShop Save...OK! (-146892480)(T0=2016-4-7_0:17:25 T1=211.6560)
ItemSerial Save...OK! Serial = 4831746 ,ServerID = 0 (-146892480)(T0=2016-4-7_0:17:25 T1=211.7030)
普通存盘成功	PlayerPool Index=0,Player Guid=3C3360A2 (-146892480)(T0=2016-4-7_0:17:56 T1=242.5400)
系统信息: 档案总数 = 1,总等待存盘数量 =0,已经存储数量 = 0 (-146892480)(T0=2016-4-7_0:17:56 T1=242.5400)
GlobalData Save...OK! (-146892480)(T0=2016-4-7_0:17:56 T1=242.5430)
CommisionShop Save...OK! (-146892480)(T0=2016-4-7_0:17:56 T1=242.5430)
ItemSerial Save...OK! Serial = 4831847 ,ServerID = 0 (-146892480)(T0=2016-4-7_0:17:56 T1=242.5850)
GlobalData Save...OK! (-146892480)(T0=2016-4-7_0:18:26 T1=272.6050)
CommisionShop Save...OK! (-146892480)(T0=2016-4-7_0:18:26 T1=272.6050)
ItemSerial Save...OK! Serial = 4831998 ,ServerID = 0 (-146892480)(T0=2016-4-7_0:18:26 T1=272.6500)
GlobalData Save...OK! (-146892480)(T0=2016-4-7_0:18:56 T1=302.6700)
CommisionShop Save...OK! (-146892480)(T0=2016-4-7_0:18:56 T1=302.6700)
ItemSerial Save...OK! Serial = 4832018 ,ServerID = 0 (-146892480)(T0=2016-4-7_0:18:56 T1=302.7180)
GlobalData Save...OK! (-146892480)(T0=2016-4-7_0:19:26 T1=332.7390)
CommisionShop Save...OK! (-146892480)(T0=2016-4-7_0:19:26 T1=332.7390)
ItemSerial Save...OK! Serial = 4832141 ,ServerID = 0 (-146892480)(T0=2016-4-7_0:19:26 T1=332.7890)
GlobalData Save...OK! (-146892480)(T0=2016-4-7_0:19:56 T1=362.8110)
CommisionShop Save...OK! (-146892480)(T0=2016-4-7_0:19:56 T1=362.8110)
ItemSerial Save...OK! Serial = 4832161 ,ServerID = 0 (-146892480)(T0=2016-4-7_0:19:56 T1=362.8870)
GlobalData Save...OK! (-146892480)(T0=2016-4-7_0:20:26 T1=392.9090)
CommisionShop Save...OK! (-146892480)(T0=2016-4-7_0:20:26 T1=392.9090)
ItemSerial Save...OK! Serial = 4832287 ,ServerID = 0 (-146892480)(T0=2016-4-7_0:20:26 T1=392.9580)
GlobalData Save...OK! (-146892480)(T0=2016-4-7_0:20:56 T1=422.9830)
CommisionShop Save...OK! (-146892480)(T0=2016-4-7_0:20:56 T1=422.9830)
ItemSerial Save...OK! Serial = 4832307 ,ServerID = 0 (-146892480)(T0=2016-4-7_0:20:56 T1=423.0710)
GlobalData Save...OK! (-146892480)(T0=2016-4-7_0:21:27 T1=453.0960)
CommisionShop Save...OK! (-146892480)(T0=2016-4-7_0:21:27 T1=453.0960)
ItemSerial Save...OK! Serial = 4832419 ,ServerID = 0 (-146892480)(T0=2016-4-7_0:21:27 T1=453.1430)
GlobalData Save...OK! (-146892480)(T0=2016-4-7_0:21:57 T1=483.1660)
CommisionShop Save...OK! (-146892480)(T0=2016-4-7_0:21:57 T1=483.1660)
ItemSerial Save...OK! Serial = 4832439 ,ServerID = 0 (-146892480)(T0=2016-4-7_0:21:57 T1=483.2090)
GlobalData Save...OK! (-146892480)(T0=2016-4-7_0:22:27 T1=513.2290)
CommisionShop Save...OK! (-146892480)(T0=2016-4-7_0:22:27 T1=513.2290)
ItemSerial Save...OK! Serial = 4832545 ,ServerID = 0 (-146892480)(T0=2016-4-7_0:22:27 T1=513.2750)
GlobalData Save...OK! (-146892480)(T0=2016-4-7_0:22:57 T1=543.2970)
CommisionShop Save...OK! (-146892480)(T0=2016-4-7_0:22:57 T1=543.2970)
ItemSerial Save...OK! Serial = 4832605 ,ServerID = 0 (-146892480)(T0=2016-4-7_0:22:57 T1=543.3410)
GlobalData Save...OK! (-146892480)(T0=2016-4-7_0:23:27 T1=573.3610)
CommisionShop Save...OK! (-146892480)(T0=2016-4-7_0:23:27 T1=573.3610)
ItemSerial Save...OK! Serial = 4832719 ,ServerID = 0 (-146892480)(T0=2016-4-7_0:23:27 T1=573.4120)
GlobalData Save...OK! (-146892480)(T0=2016-4-7_0:23:57 T1=603.4330)
CommisionShop Save...OK! (-146892480)(T0=2016-4-7_0:23:57 T1=603.4330)
ItemSerial Save...OK! Serial = 4832739 ,ServerID = 0 (-146892480)(T0=2016-4-7_0:23:57 T1=603.4820)
GlobalData Save...OK! (-146892480)(T0=2016-4-7_0:24:27 T1=633.5020)
CommisionShop Save...OK! (-146892480)(T0=2016-4-7_0:24:27 T1=633.5020)
ItemSerial Save...OK! Serial = 4832849 ,ServerID = 0 (-146892480)(T0=2016-4-7_0:24:27 T1=633.5520)
GlobalData Save...OK! (-146892480)(T0=2016-4-7_0:24:57 T1=663.5740)
CommisionShop Save...OK! (-146892480)(T0=2016-4-7_0:24:57 T1=663.5740)
ItemSerial Save...OK! Serial = 4832869 ,ServerID = 0 (-146892480)(T0=2016-4-7_0:24:57 T1=663.6220)
GlobalData Save...OK! (-146892480)(T0=2016-4-7_0:25:27 T1=693.6470)
CommisionShop Save...OK! (-146892480)(T0=2016-4-7_0:25:27 T1=693.6470)
ItemSerial Save...OK! Serial = 4832957 ,ServerID = 0 (-146892480)(T0=2016-4-7_0:25:27 T1=693.6850)
GlobalData Save...OK! (-146892480)(T0=2016-4-7_0:25:57 T1=723.7090)
CommisionShop Save...OK! (-146892480)(T0=2016-4-7_0:25:57 T1=723.7090)
ItemSerial Save...OK! Serial = 4832977 ,ServerID = 0 (-146892480)(T0=2016-4-7_0:25:57 T1=723.7540)
GlobalData Save...OK! (-146892480)(T0=2016-4-7_0:26:27 T1=753.7760)
CommisionShop Save...OK! (-146892480)(T0=2016-4-7_0:26:27 T1=753.7760)
ItemSerial Save...OK! Serial = 4833067 ,ServerID = 0 (-146892480)(T0=2016-4-7_0:26:27 T1=753.8280)
GlobalData Save...OK! (-146892480)(T0=2016-4-7_0:26:57 T1=783.8520)
CommisionShop Save...OK! (-146892480)(T0=2016-4-7_0:26:57 T1=783.8520)
ItemSerial Save...OK! Serial = 4833087 ,ServerID = 0 (-146892480)(T0=2016-4-7_0:26:57 T1=783.8870)
GlobalData Save...OK! (-146892480)(T0=2016-4-7_0:27:27 T1=813.9060)
CommisionShop Save...OK! (-146892480)(T0=2016-4-7_0:27:27 T1=813.9060)
ItemSerial Save...OK! Serial = 4833134 ,ServerID = 0 (-146892480)(T0=2016-4-7_0:27:27 T1=813.9550)
GlobalData Save...OK! (-146892480)(T0=2016-4-7_0:27:57 T1=843.9720)
CommisionShop Save...OK! (-146892480)(T0=2016-4-7_0:27:57 T1=843.9730)
ItemSerial Save...OK! Serial = 4833154 ,ServerID = 0 (-146892480)(T0=2016-4-7_0:27:57 T1=844.0190)
GlobalData Save...OK! (-146892480)(T0=2016-4-7_0:28:27 T1=874.0380)
CommisionShop Save...OK! (-146892480)(T0=2016-4-7_0:28:27 T1=874.0380)
ItemSerial Save...OK! Serial = 4833201 ,ServerID = 0 (-146892480)(T0=2016-4-7_0:28:29 T1=875.5170)
GlobalData Save...OK! (-146892480)(T0=2016-4-7_0:28:58 T1=904.5350)
CommisionShop Save...OK! (-146892480)(T0=2016-4-7_0:28:58 T1=904.5350)
ItemSerial Save...OK! Serial = 4833221 ,ServerID = 0 (-146892480)(T0=2016-4-7_0:28:58 T1=904.7180)
GlobalData Save...OK! (-146892480)(T0=2016-4-7_0:29:28 T1=934.7360)
CommisionShop Save...OK! (-146892480)(T0=2016-4-7_0:29:28 T1=934.7360)
ItemSerial Save...OK! Serial = 4833249 ,ServerID = 0 (-146892480)(T0=2016-4-7_0:29:28 T1=934.7910)
GlobalData Save...OK! (-146892480)(T0=2016-4-7_0:29:58 T1=964.8120)
CommisionShop Save...OK! (-146892480)(T0=2016-4-7_0:29:58 T1=964.8120)
ItemSerial Save...OK! Serial = 4833251 ,ServerID = 0 (-146892480)(T0=2016-4-7_0:29:58 T1=964.8490)
GlobalData Save...OK! (-146892480)(T0=2016-4-7_0:30:28 T1=994.8660)
CommisionShop Save...OK! (-146892480)(T0=2016-4-7_0:30:28 T1=994.8660)
ItemSerial Save...OK! Serial = 4833280 ,ServerID = 0 (-146892480)(T0=2016-4-7_0:30:28 T1=994.9090)
GlobalData Save...OK! (-146892480)(T0=2016-4-7_0:30:58 T1=1024.9290)
CommisionShop Save...OK! (-146892480)(T0=2016-4-7_0:30:58 T1=1024.9290)
ItemSerial Save...OK! Serial = 4833282 ,ServerID = 0 (-146892480)(T0=2016-4-7_0:30:59 T1=1025.2010)
GlobalData Save...OK! (-146892480)(T0=2016-4-7_0:31:29 T1=1055.2220)
CommisionShop Save...OK! (-146892480)(T0=2016-4-7_0:31:29 T1=1055.2220)
ItemSerial Save...OK! Serial = 4833307 ,ServerID = 0 (-146892480)(T0=2016-4-7_0:31:29 T1=1055.2710)
GlobalData Save...OK! (-146892480)(T0=2016-4-7_0:31:59 T1=1085.2920)
CommisionShop Save...OK! (-146892480)(T0=2016-4-7_0:31:59 T1=1085.2930)
ItemSerial Save...OK! Serial = 4833309 ,ServerID = 0 (-146892480)(T0=2016-4-7_0:31:59 T1=1085.4160)
GlobalData Save...OK! (-146892480)(T0=2016-4-7_0:32:29 T1=1115.4380)
CommisionShop Save...OK! (-146892480)(T0=2016-4-7_0:32:29 T1=1115.4380)
ItemSerial Save...OK! Serial = 4833333 ,ServerID = 0 (-146892480)(T0=2016-4-7_0:32:29 T1=1115.5230)
普通存盘成功	PlayerPool Index=0,Player Guid=3C3360A2 (-146892480)(T0=2016-4-7_0:32:56 T1=1143.0840)
系统信息: 档案总数 = 1,总等待存盘数量 =0,已经存储数量 = 0 (-146892480)(T0=2016-4-7_0:32:56 T1=1143.0840)
GlobalData Save...OK! (-146892480)(T0=2016-4-7_0:33:0 T1=1146.0890)
CommisionShop Save...OK! (-146892480)(T0=2016-4-7_0:33:0 T1=1146.0890)
ItemSerial Save...OK! Serial = 4833335 ,ServerID = 0 (-146892480)(T0=2016-4-7_0:33:0 T1=1146.1300)
GlobalData Save...OK! (-146892480)(T0=2016-4-7_0:33:30 T1=1176.1510)
CommisionShop Save...OK! (-146892480)(T0=2016-4-7_0:33:30 T1=1176.1510)
ItemSerial Save...OK! Serial = 4833363 ,ServerID = 0 (-146892480)(T0=2016-4-7_0:33:30 T1=1176.1930)
End GuildSMU_2001 SaveAll...OK! (-146892480)(T0=2016-4-7_0:35:12 T1=1278.3760)
SMUCount = 0 (-146892480)(T0=2016-4-7_0:35:12 T1=1278.3770)
TotalSMUSize = 0 (-146892480)(T0=2016-4-7_0:35:12 T1=1278.3770)
DBGeneralSet::GetValue(2) = 1 Successful! (-146892480)(T0=2016-4-7_0:35:12 T1=1278.3770)
End MailSMU_3001 SaveAll...OK! (-146892480)(T0=2016-4-7_0:35:12 T1=1278.3900)
SMUCount = 0 (-146892480)(T0=2016-4-7_0:35:12 T1=1278.3900)
TotalSMUSize = 0 (-146892480)(T0=2016-4-7_0:35:12 T1=1278.3900)
End PlayerShopSM_4001 SaveAll...OK! (-146892480)(T0=2016-4-7_0:35:13 T1=1279.9360)
SMUCount = 0 (-146892480)(T0=2016-4-7_0:35:13 T1=1279.9360)
TotalSMUSize = 0 (-146892480)(T0=2016-4-7_0:35:13 T1=1279.9360)
DBGeneralSet::GetValue(1) = 1 Successful! (-146892480)(T0=2016-4-7_0:35:13 T1=1279.9370)
GlobalData Save...OK! (-146892480)(T0=2016-4-7_0:35:13 T1=1279.9380)
CommisionShop Save...OK! (-146892480)(T0=2016-4-7_0:35:13 T1=1279.9380)
ItemSerial Save...OK! Serial = 4833439 ,ServerID = 0 (-146892480)(T0=2016-4-7_0:35:13 T1=1280.0230)
End PetProcreateItemSM_8001 SaveAll...OK! (-146892480)(T0=2016-4-7_0:35:13 T1=1280.0230)
SMUCount = 0 (-146892480)(T0=2016-4-7_0:35:13 T1=1280.0230)
TotalSMUSize = 0 (-146892480)(T0=2016-4-7_0:35:13 T1=1280.0230)
End CityInfoSM_9001 SaveAll...OK! (-146892480)(T0=2016-4-7_0:35:39 T1=1305.8370)
SMUCount = 0 (-146892480)(T0=2016-4-7_0:35:39 T1=1305.8380)
TotalSMUSize = 0 (-146892480)(T0=2016-4-7_0:35:39 T1=1305.8380)
DBGeneralSet::GetValue(3) = 1 Successful! (-146892480)(T0=2016-4-7_0:35:39 T1=1305.8380)
End GuildLeagueSMU_10001 SaveAll...OK! (-146892480)(T0=2016-4-7_0:35:39 T1=1305.8380)
SMUCount = 0 (-146892480)(T0=2016-4-7_0:35:39 T1=1305.8380)
TotalSMUSize = 0 (-146892480)(T0=2016-4-7_0:35:39 T1=1305.8380)
End FindFreindADSMU_11001 SaveAll...OK! (-146892480)(T0=2016-4-7_0:35:39 T1=1305.8390)
SMUCount = 0 (-146892480)(T0=2016-4-7_0:35:39 T1=1305.8390)
TotalSMUSize = 0 (-146892480)(T0=2016-4-7_0:35:39 T1=1305.8390)
离线存盘成功	PlayerPool Index=0,Player Guid=3C3360A2 (-146892480)(T0=2016-4-7_0:35:46 T1=1312.2860)
系统信息: 档案总数 = 1,总等待存盘数量 =1,已经存储数量 = 1 (-146892480)(T0=2016-4-7_0:35:46 T1=1312.2860)
GlobalData Save...OK! (-146892480)(T0=2016-4-7_0:35:46 T1=1312.2890)
CommisionShop Save...OK! (-146892480)(T0=2016-4-7_0:35:46 T1=1312.2890)
ItemSerial Save...OK! Serial = 4833464 ,ServerID = 0 (-146892480)(T0=2016-4-7_0:35:46 T1=1312.3310)
普通存盘成功	PlayerPool Index=1,Player Guid=3C3360A2 (-146892480)(T0=2016-4-7_0:36:19 T1=1345.9420)
系统信息: 档案总数 = 1,总等待存盘数量 =0,已经存储数量 = 0 (-146892480)(T0=2016-4-7_0:36:19 T1=1345.9420)
GlobalData Save...OK! (-146892480)(T0=2016-4-7_0:36:19 T1=1345.9450)
CommisionShop Save...OK! (-146892480)(T0=2016-4-7_0:36:19 T1=1345.9450)
ItemSerial Save...OK! Serial = 4833466 ,ServerID = 0 (-146892480)(T0=2016-4-7_0:36:19 T1=1345.9870)
GlobalData Save...OK! (-146892480)(T0=2016-4-7_0:36:49 T1=1376.0110)
CommisionShop Save...OK! (-146892480)(T0=2016-4-7_0:36:49 T1=1376.0110)
ItemSerial Save...OK! Serial = 4833491 ,ServerID = 0 (-146892480)(T0=2016-4-7_0:36:49 T1=1376.0740)
离线存盘成功	PlayerPool Index=1,Player Guid=3C3360A2 (-146892480)(T0=2016-4-7_0:37:2 T1=1388.5760)
系统信息: 档案总数 = 1,总等待存盘数量 =1,已经存储数量 = 1 (-146892480)(T0=2016-4-7_0:37:2 T1=1388.5760)
GlobalData Save...OK! (-146892480)(T0=2016-4-7_0:37:20 T1=1406.5920)
CommisionShop Save...OK! (-146892480)(T0=2016-4-7_0:37:20 T1=1406.5930)
ItemSerial Save...OK! Serial = 4833493 ,ServerID = 0 (-146892480)(T0=2016-4-7_0:37:20 T1=1406.6640)
GlobalData Save...OK! (-146892480)(T0=2016-4-7_0:37:50 T1=1436.6890)
CommisionShop Save...OK! (-146892480)(T0=2016-4-7_0:37:50 T1=1436.6890)
ItemSerial Save...OK! Serial = 4833495 ,ServerID = 0 (-146892480)(T0=2016-4-7_0:37:50 T1=1436.7350)
GlobalData Save...OK! (-146892480)(T0=2016-4-7_0:38:20 T1=1466.7600)
CommisionShop Save...OK! (-146892480)(T0=2016-4-7_0:38:20 T1=1466.7600)
ItemSerial Save...OK! Serial = 4833497 ,ServerID = 0 (-146892480)(T0=2016-4-7_0:38:20 T1=1466.7990)
GlobalData Save...OK! (-146892480)(T0=2016-4-7_0:38:50 T1=1496.8240)
CommisionShop Save...OK! (-146892480)(T0=2016-4-7_0:38:50 T1=1496.8240)
ItemSerial Save...OK! Serial = 4833499 ,ServerID = 0 (-146892480)(T0=2016-4-7_0:38:50 T1=1496.8720)
GlobalData Save...OK! (-146892480)(T0=2016-4-7_0:39:20 T1=1526.8970)
CommisionShop Save...OK! (-146892480)(T0=2016-4-7_0:39:20 T1=1526.8970)
ItemSerial Save...OK! Serial = 4833501 ,ServerID = 0 (-146892480)(T0=2016-4-7_0:39:20 T1=1526.9430)
GlobalData Save...OK! (-146892480)(T0=2016-4-7_0:39:50 T1=1556.9660)
CommisionShop Save...OK! (-146892480)(T0=2016-4-7_0:39:50 T1=1556.9660)
ItemSerial Save...OK! Serial = 4833503 ,ServerID = 0 (-146892480)(T0=2016-4-7_0:39:50 T1=1557.0180)
GlobalData Save...OK! (-146892480)(T0=2016-4-7_0:40:20 T1=1587.0420)
CommisionShop Save...OK! (-146892480)(T0=2016-4-7_0:40:20 T1=1587.0420)
ItemSerial Save...OK! Serial = 4833505 ,ServerID = 0 (-146892480)(T0=2016-4-7_0:40:20 T1=1587.0860)
GlobalData Save...OK! (-146892480)(T0=2016-4-7_0:40:51 T1=1617.1090)
CommisionShop Save...OK! (-146892480)(T0=2016-4-7_0:40:51 T1=1617.1090)
ItemSerial Save...OK! Serial = 4833507 ,ServerID = 0 (-146892480)(T0=2016-4-7_0:40:51 T1=1617.1760)
GlobalData Save...OK! (-146892480)(T0=2016-4-7_0:41:21 T1=1647.2000)
CommisionShop Save...OK! (-146892480)(T0=2016-4-7_0:41:21 T1=1647.2010)
ItemSerial Save...OK! Serial = 4833509 ,ServerID = 0 (-146892480)(T0=2016-4-7_0:41:21 T1=1647.2830)
GlobalData Save...OK! (-146892480)(T0=2016-4-7_0:41:51 T1=1677.3070)
CommisionShop Save...OK! (-146892480)(T0=2016-4-7_0:41:51 T1=1677.3070)
ItemSerial Save...OK! Serial = 4833510 ,ServerID = 0 (-146892480)(T0=2016-4-7_0:41:51 T1=1677.3540)
GlobalData Save...OK! (-146892480)(T0=2016-4-7_0:42:21 T1=1707.3790)
CommisionShop Save...OK! (-146892480)(T0=2016-4-7_0:42:21 T1=1707.3790)
ItemSerial Save...OK! Serial = 4833510 ,ServerID = 0 (-146892480)(T0=2016-4-7_0:42:21 T1=1707.4220)
GlobalData Save...OK! (-146892480)(T0=2016-4-7_0:42:51 T1=1737.4450)
CommisionShop Save...OK! (-146892480)(T0=2016-4-7_0:42:51 T1=1737.4450)
ItemSerial Save...OK! Serial = 4833510 ,ServerID = 0 (-146892480)(T0=2016-4-7_0:42:51 T1=1737.4940)
GlobalData Save...OK! (-146892480)(T0=2016-4-7_0:43:21 T1=1767.5170)
CommisionShop Save...OK! (-146892480)(T0=2016-4-7_0:43:21 T1=1767.5180)
ItemSerial Save...OK! Serial = 4833510 ,ServerID = 0 (-146892480)(T0=2016-4-7_0:43:21 T1=1767.5980)
GlobalData Save...OK! (-146892480)(T0=2016-4-7_0:43:51 T1=1797.6230)
CommisionShop Save...OK! (-146892480)(T0=2016-4-7_0:43:51 T1=1797.6230)
ItemSerial Save...OK! Serial = 4833510 ,ServerID = 0 (-146892480)(T0=2016-4-7_0:43:51 T1=1797.6710)
GlobalData Save...OK! (-146892480)(T0=2016-4-7_0:44:21 T1=1827.6970)
CommisionShop Save...OK! (-146892480)(T0=2016-4-7_0:44:21 T1=1827.6970)
ItemSerial Save...OK! Serial = 4833510 ,ServerID = 0 (-146892480)(T0=2016-4-7_0:44:21 T1=1827.7410)
GlobalData Save...OK! (-146892480)(T0=2016-4-7_0:44:51 T1=1857.7650)
CommisionShop Save...OK! (-146892480)(T0=2016-4-7_0:44:51 T1=1857.7650)
ItemSerial Save...OK! Serial = 4833510 ,ServerID = 0 (-146892480)(T0=2016-4-7_0:44:51 T1=1857.8090)
GlobalData Save...OK! (-146892480)(T0=2016-4-7_0:45:21 T1=1887.8330)
CommisionShop Save...OK! (-146892480)(T0=2016-4-7_0:45:21 T1=1887.8330)
ItemSerial Save...OK! Serial = 4833510 ,ServerID = 0 (-146892480)(T0=2016-4-7_0:45:21 T1=1887.8740)
GlobalData Save...OK! (-146892480)(T0=2016-4-7_0:45:51 T1=1917.9010)
CommisionShop Save...OK! (-146892480)(T0=2016-4-7_0:45:51 T1=1917.9010)
ItemSerial Save...OK! Serial = 4833510 ,ServerID = 0 (-146892480)(T0=2016-4-7_0:45:51 T1=1917.9430)
GlobalData Save...OK! (-146892480)(T0=2016-4-7_0:46:21 T1=1947.9670)
CommisionShop Save...OK! (-146892480)(T0=2016-4-7_0:46:21 T1=1947.9670)
ItemSerial Save...OK! Serial = 4833510 ,ServerID = 0 (-146892480)(T0=2016-4-7_0:46:21 T1=1948.0130)
GlobalData Save...OK! (-146892480)(T0=2016-4-7_0:46:51 T1=1978.0380)
CommisionShop Save...OK! (-146892480)(T0=2016-4-7_0:46:51 T1=1978.0380)
ItemSerial Save...OK! Serial = 4833609 ,ServerID = 0 (-146892480)(T0=2016-4-7_0:46:52 T1=1978.0890)
GlobalData Save...OK! (-146892480)(T0=2016-4-7_0:47:22 T1=2008.1110)
CommisionShop Save...OK! (-146892480)(T0=2016-4-7_0:47:22 T1=2008.1110)
ItemSerial Save...OK! Serial = 4833691 ,ServerID = 0 (-146892480)(T0=2016-4-7_0:47:22 T1=2008.1690)
GlobalData Save...OK! (-146892480)(T0=2016-4-7_0:47:52 T1=2038.1920)
CommisionShop Save...OK! (-146892480)(T0=2016-4-7_0:47:52 T1=2038.1920)
ItemSerial Save...OK! Serial = 4833736 ,ServerID = 0 (-146892480)(T0=2016-4-7_0:47:52 T1=2038.2320)
GlobalData Save...OK! (-146892480)(T0=2016-4-7_0:48:22 T1=2068.2580)
CommisionShop Save...OK! (-146892480)(T0=2016-4-7_0:48:22 T1=2068.2580)
ItemSerial Save...OK! Serial = 4833784 ,ServerID = 0 (-146892480)(T0=2016-4-7_0:48:22 T1=2068.2900)
GlobalData Save...OK! (-146892480)(T0=2016-4-7_0:48:52 T1=2098.3130)
CommisionShop Save...OK! (-146892480)(T0=2016-4-7_0:48:52 T1=2098.3130)
ItemSerial Save...OK! Serial = 4833832 ,ServerID = 0 (-146892480)(T0=2016-4-7_0:48:52 T1=2098.4620)
GlobalData Save...OK! (-146892480)(T0=2016-4-7_0:49:22 T1=2128.4850)
CommisionShop Save...OK! (-146892480)(T0=2016-4-7_0:49:22 T1=2128.4850)
ItemSerial Save...OK! Serial = 4833872 ,ServerID = 0 (-146892480)(T0=2016-4-7_0:49:22 T1=2128.5220)
GlobalData Save...OK! (-146892480)(T0=2016-4-7_0:49:52 T1=2158.5480)
CommisionShop Save...OK! (-146892480)(T0=2016-4-7_0:49:52 T1=2158.5480)
ItemSerial Save...OK! Serial = 4833993 ,ServerID = 0 (-146892480)(T0=2016-4-7_0:49:52 T1=2158.6230)
GlobalData Save...OK! (-146892480)(T0=2016-4-7_0:50:22 T1=2188.6500)
CommisionShop Save...OK! (-146892480)(T0=2016-4-7_0:50:22 T1=2188.6500)
ItemSerial Save...OK! Serial = 4833993 ,ServerID = 0 (-146892480)(T0=2016-4-7_0:50:22 T1=2188.7160)
GlobalData Save...OK! (-146892480)(T0=2016-4-7_0:50:52 T1=2218.7420)
CommisionShop Save...OK! (-146892480)(T0=2016-4-7_0:50:52 T1=2218.7420)
ItemSerial Save...OK! Serial = 4834041 ,ServerID = 0 (-146892480)(T0=2016-4-7_0:50:52 T1=2218.7860)
GlobalData Save...OK! (-146892480)(T0=2016-4-7_0:51:22 T1=2248.8110)
CommisionShop Save...OK! (-146892480)(T0=2016-4-7_0:51:22 T1=2248.8110)
ItemSerial Save...OK! Serial = 4834041 ,ServerID = 0 (-146892480)(T0=2016-4-7_0:51:22 T1=2248.8540)
GlobalData Save...OK! (-146892480)(T0=2016-4-7_0:51:52 T1=2278.8780)
CommisionShop Save...OK! (-146892480)(T0=2016-4-7_0:51:52 T1=2278.8780)
ItemSerial Save...OK! Serial = 4834041 ,ServerID = 0 (-146892480)(T0=2016-4-7_0:51:52 T1=2278.9180)
GlobalData Save...OK! (-146892480)(T0=2016-4-7_0:52:22 T1=2308.9400)
CommisionShop Save...OK! (-146892480)(T0=2016-4-7_0:52:22 T1=2308.9400)
ItemSerial Save...OK! Serial = 4834089 ,ServerID = 0 (-146892480)(T0=2016-4-7_0:52:22 T1=2308.9900)
GlobalData Save...OK! (-146892480)(T0=2016-4-7_0:52:52 T1=2339.0150)
CommisionShop Save...OK! (-146892480)(T0=2016-4-7_0:52:52 T1=2339.0150)
ItemSerial Save...OK! Serial = 4834137 ,ServerID = 0 (-146892480)(T0=2016-4-7_0:52:52 T1=2339.0670)
GlobalData Save...OK! (-146892480)(T0=2016-4-7_0:53:23 T1=2369.0910)
CommisionShop Save...OK! (-146892480)(T0=2016-4-7_0:53:23 T1=2369.0910)
ItemSerial Save...OK! Serial = 4834137 ,ServerID = 0 (-146892480)(T0=2016-4-7_0:53:23 T1=2369.1330)
GlobalData Save...OK! (-146892480)(T0=2016-4-7_0:53:53 T1=2399.1560)
CommisionShop Save...OK! (-146892480)(T0=2016-4-7_0:53:53 T1=2399.1560)
ItemSerial Save...OK! Serial = 4834268 ,ServerID = 0 (-146892480)(T0=2016-4-7_0:53:53 T1=2399.2040)
End GuildSMU_2001 SaveAll...OK! (-146892480)(T0=2016-4-7_0:55:24 T1=2490.4260)
SMUCount = 0 (-146892480)(T0=2016-4-7_0:55:24 T1=2490.4270)
TotalSMUSize = 0 (-146892480)(T0=2016-4-7_0:55:24 T1=2490.4270)
DBGeneralSet::GetValue(2) = 1 Successful! (-146892480)(T0=2016-4-7_0:55:24 T1=2490.4270)
End MailSMU_3001 SaveAll...OK! (-146892480)(T0=2016-4-7_0:55:24 T1=2490.4330)
SMUCount = 0 (-146892480)(T0=2016-4-7_0:55:24 T1=2490.4330)
TotalSMUSize = 0 (-146892480)(T0=2016-4-7_0:55:24 T1=2490.4330)
End PlayerShopSM_4001 SaveAll...OK! (-146892480)(T0=2016-4-7_0:55:26 T1=2492.1250)
SMUCount = 0 (-146892480)(T0=2016-4-7_0:55:26 T1=2492.1250)
TotalSMUSize = 0 (-146892480)(T0=2016-4-7_0:55:26 T1=2492.1250)
DBGeneralSet::GetValue(1) = 1 Successful! (-146892480)(T0=2016-4-7_0:55:26 T1=2492.1250)
GlobalData Save...OK! (-146892480)(T0=2016-4-7_0:55:26 T1=2492.1270)
CommisionShop Save...OK! (-146892480)(T0=2016-4-7_0:55:26 T1=2492.1270)
ItemSerial Save...OK! Serial = 4834399 ,ServerID = 0 (-146892480)(T0=2016-4-7_0:55:26 T1=2492.1700)
End PetProcreateItemSM_8001 SaveAll...OK! (-146892480)(T0=2016-4-7_0:55:26 T1=2492.1700)
SMUCount = 0 (-146892480)(T0=2016-4-7_0:55:26 T1=2492.1710)
TotalSMUSize = 0 (-146892480)(T0=2016-4-7_0:55:26 T1=2492.1710)
End CityInfoSM_9001 SaveAll...OK! (-146892480)(T0=2016-4-7_0:55:50 T1=2516.2900)
SMUCount = 0 (-146892480)(T0=2016-4-7_0:55:50 T1=2516.2900)
TotalSMUSize = 0 (-146892480)(T0=2016-4-7_0:55:50 T1=2516.2900)
DBGeneralSet::GetValue(3) = 1 Successful! (-146892480)(T0=2016-4-7_0:55:50 T1=2516.2900)
End GuildLeagueSMU_10001 SaveAll...OK! (-146892480)(T0=2016-4-7_0:55:50 T1=2516.2900)
SMUCount = 0 (-146892480)(T0=2016-4-7_0:55:50 T1=2516.2900)
TotalSMUSize = 0 (-146892480)(T0=2016-4-7_0:55:50 T1=2516.2900)
End FindFreindADSMU_11001 SaveAll...OK! (-146892480)(T0=2016-4-7_0:55:50 T1=2516.2910)
SMUCount = 0 (-146892480)(T0=2016-4-7_0:55:50 T1=2516.2910)
TotalSMUSize = 0 (-146892480)(T0=2016-4-7_0:55:50 T1=2516.2910)
GlobalData Save...OK! (-146892480)(T0=2016-4-7_0:55:56 T1=2522.2980)
CommisionShop Save...OK! (-146892480)(T0=2016-4-7_0:55:56 T1=2522.2980)
ItemSerial Save...OK! Serial = 4834499 ,ServerID = 0 (-146892480)(T0=2016-4-7_0:55:56 T1=2522.3370)
GlobalData Save...OK! (-146892480)(T0=2016-4-7_0:56:26 T1=2552.3600)
CommisionShop Save...OK! (-146892480)(T0=2016-4-7_0:56:26 T1=2552.3610)
ItemSerial Save...OK! Serial = 4834683 ,ServerID = 0 (-146892480)(T0=2016-4-7_0:56:26 T1=2552.4040)
GlobalData Save...OK! (-146892480)(T0=2016-4-7_0:56:56 T1=2582.4290)
CommisionShop Save...OK! (-146892480)(T0=2016-4-7_0:56:56 T1=2582.4300)
ItemSerial Save...OK! Serial = 4834683 ,ServerID = 0 (-146892480)(T0=2016-4-7_0:56:56 T1=2582.4800)
GlobalData Save...OK! (-146892480)(T0=2016-4-7_0:57:26 T1=2612.5050)
CommisionShop Save...OK! (-146892480)(T0=2016-4-7_0:57:26 T1=2612.5050)
ItemSerial Save...OK! Serial = 4834774 ,ServerID = 0 (-146892480)(T0=2016-4-7_0:57:26 T1=2612.5540)
GlobalData Save...OK! (-146892480)(T0=2016-4-7_0:57:56 T1=2642.5790)
CommisionShop Save...OK! (-146892480)(T0=2016-4-7_0:57:56 T1=2642.5790)
ItemSerial Save...OK! Serial = 4834818 ,ServerID = 0 (-146892480)(T0=2016-4-7_0:57:56 T1=2642.6290)
GlobalData Save...OK! (-146892480)(T0=2016-4-7_0:58:26 T1=2672.6550)
CommisionShop Save...OK! (-146892480)(T0=2016-4-7_0:58:26 T1=2672.6550)
ItemSerial Save...OK! Serial = 4834904 ,ServerID = 0 (-146892480)(T0=2016-4-7_0:58:26 T1=2672.7070)
GlobalData Save...OK! (-146892480)(T0=2016-4-7_0:58:56 T1=2702.7320)
CommisionShop Save...OK! (-146892480)(T0=2016-4-7_0:58:56 T1=2702.7320)
ItemSerial Save...OK! Serial = 4834904 ,ServerID = 0 (-146892480)(T0=2016-4-7_0:58:56 T1=2702.7830)
GlobalData Save...OK! (-146892480)(T0=2016-4-7_0:59:26 T1=2732.8070)
CommisionShop Save...OK! (-146892480)(T0=2016-4-7_0:59:26 T1=2732.8070)
ItemSerial Save...OK! Serial = 4834955 ,ServerID = 0 (-146892480)(T0=2016-4-7_0:59:26 T1=2732.8500)
GlobalData Save...OK! (-146892480)(T0=2016-4-7_0:59:56 T1=2762.8750)
CommisionShop Save...OK! (-146892480)(T0=2016-4-7_0:59:56 T1=2762.8760)
ItemSerial Save...OK! Serial = 4834955 ,ServerID = 0 (-146892480)(T0=2016-4-7_0:59:56 T1=2762.9210)
GlobalData Save...OK! (-146892480)(T0=2016-4-7_1:0:26 T1=2792.9450)
CommisionShop Save...OK! (-146892480)(T0=2016-4-7_1:0:26 T1=2792.9450)
ItemSerial Save...OK! Serial = 4834955 ,ServerID = 0 (-146892480)(T0=2016-4-7_1:0:26 T1=2792.9860)
GlobalData Save...OK! (-146892480)(T0=2016-4-7_1:0:56 T1=2823.0110)
CommisionShop Save...OK! (-146892480)(T0=2016-4-7_1:0:56 T1=2823.0110)
ItemSerial Save...OK! Serial = 4834955 ,ServerID = 0 (-146892480)(T0=2016-4-7_1:0:56 T1=2823.0500)
GlobalData Save...OK! (-146892480)(T0=2016-4-7_1:1:26 T1=2853.0740)
CommisionShop Save...OK! (-146892480)(T0=2016-4-7_1:1:26 T1=2853.0750)
ItemSerial Save...OK! Serial = 4834955 ,ServerID = 0 (-146892480)(T0=2016-4-7_1:1:27 T1=2853.1260)
GlobalData Save...OK! (-146892480)(T0=2016-4-7_1:1:57 T1=2883.1480)
CommisionShop Save...OK! (-146892480)(T0=2016-4-7_1:1:57 T1=2883.1480)
ItemSerial Save...OK! Serial = 4834955 ,ServerID = 0 (-146892480)(T0=2016-4-7_1:1:57 T1=2883.1890)
GlobalData Save...OK! (-146892480)(T0=2016-4-7_1:2:27 T1=2913.2110)
CommisionShop Save...OK! (-146892480)(T0=2016-4-7_1:2:27 T1=2913.2120)
ItemSerial Save...OK! Serial = 4834999 ,ServerID = 0 (-146892480)(T0=2016-4-7_1:2:27 T1=2913.2770)
GlobalData Save...OK! (-146892480)(T0=2016-4-7_1:2:57 T1=2943.2980)
CommisionShop Save...OK! (-146892480)(T0=2016-4-7_1:2:57 T1=2943.2980)
ItemSerial Save...OK! Serial = 4834999 ,ServerID = 0 (-146892480)(T0=2016-4-7_1:2:57 T1=2943.3430)
GlobalData Save...OK! (-146892480)(T0=2016-4-7_1:3:27 T1=2973.3670)
CommisionShop Save...OK! (-146892480)(T0=2016-4-7_1:3:27 T1=2973.3670)
ItemSerial Save...OK! Serial = 4835073 ,ServerID = 0 (-146892480)(T0=2016-4-7_1:3:27 T1=2973.4150)
GlobalData Save...OK! (-146892480)(T0=2016-4-7_1:3:57 T1=3003.4410)
CommisionShop Save...OK! (-146892480)(T0=2016-4-7_1:3:57 T1=3003.4410)
ItemSerial Save...OK! Serial = 4835073 ,ServerID = 0 (-146892480)(T0=2016-4-7_1:3:57 T1=3003.4840)
GlobalData Save...OK! (-146892480)(T0=2016-4-7_1:4:27 T1=3033.5090)
CommisionShop Save...OK! (-146892480)(T0=2016-4-7_1:4:27 T1=3033.5090)
ItemSerial Save...OK! Serial = 4835128 ,ServerID = 0 (-146892480)(T0=2016-4-7_1:4:27 T1=3033.5510)
GlobalData Save...OK! (-146892480)(T0=2016-4-7_1:4:57 T1=3063.5770)
CommisionShop Save...OK! (-146892480)(T0=2016-4-7_1:4:57 T1=3063.5770)
ItemSerial Save...OK! Serial = 4835173 ,ServerID = 0 (-146892480)(T0=2016-4-7_1:4:57 T1=3063.6150)
GlobalData Save...OK! (-146892480)(T0=2016-4-7_1:5:27 T1=3093.6350)
CommisionShop Save...OK! (-146892480)(T0=2016-4-7_1:5:27 T1=3093.6350)
ItemSerial Save...OK! Serial = 4835216 ,ServerID = 0 (-146892480)(T0=2016-4-7_1:5:27 T1=3093.6880)
普通存盘成功	PlayerPool Index=2,Player Guid=3C3360A2 (-146892480)(T0=2016-4-7_1:5:52 T1=3118.1170)
系统信息: 档案总数 = 1,总等待存盘数量 =0,已经存储数量 = 0 (-146892480)(T0=2016-4-7_1:5:52 T1=3118.1170)
GlobalData Save...OK! (-146892480)(T0=2016-4-7_1:5:58 T1=3124.1240)
CommisionShop Save...OK! (-146892480)(T0=2016-4-7_1:5:58 T1=3124.1240)
ItemSerial Save...OK! Serial = 4835216 ,ServerID = 0 (-146892480)(T0=2016-4-7_1:5:58 T1=3124.2430)
GlobalData Save...OK! (-146892480)(T0=2016-4-7_1:6:28 T1=3154.2660)
CommisionShop Save...OK! (-146892480)(T0=2016-4-7_1:6:28 T1=3154.2660)
ItemSerial Save...OK! Serial = 4835216 ,ServerID = 0 (-146892480)(T0=2016-4-7_1:6:28 T1=3154.3080)
离线存盘成功	PlayerPool Index=2,Player Guid=3C3360A2 (-146892480)(T0=2016-4-7_1:6:34 T1=3160.6890)
系统信息: 档案总数 = 1,总等待存盘数量 =1,已经存储数量 = 1 (-146892480)(T0=2016-4-7_1:6:34 T1=3160.6890)
GlobalData Save...OK! (-146892480)(T0=2016-4-7_1:6:58 T1=3184.7080)
CommisionShop Save...OK! (-146892480)(T0=2016-4-7_1:6:58 T1=3184.7090)
ItemSerial Save...OK! Serial = 4835216 ,ServerID = 0 (-146892480)(T0=2016-4-7_1:6:58 T1=3184.7640)
GlobalData Save...OK! (-146892480)(T0=2016-4-7_1:7:28 T1=3214.7860)
CommisionShop Save...OK! (-146892480)(T0=2016-4-7_1:7:28 T1=3214.7860)
ItemSerial Save...OK! Serial = 4835216 ,ServerID = 0 (-146892480)(T0=2016-4-7_1:7:28 T1=3214.8430)
GlobalData Save...OK! (-146892480)(T0=2016-4-7_1:7:58 T1=3244.8630)
CommisionShop Save...OK! (-146892480)(T0=2016-4-7_1:7:58 T1=3244.8630)
ItemSerial Save...OK! Serial = 4835216 ,ServerID = 0 (-146892480)(T0=2016-4-7_1:7:58 T1=3244.9410)
GlobalData Save...OK! (-146892480)(T0=2016-4-7_1:8:28 T1=3274.9650)
CommisionShop Save...OK! (-146892480)(T0=2016-4-7_1:8:28 T1=3274.9650)
ItemSerial Save...OK! Serial = 4835216 ,ServerID = 0 (-146892480)(T0=2016-4-7_1:8:28 T1=3275.0230)
GlobalData Save...OK! (-146892480)(T0=2016-4-7_1:8:58 T1=3305.0450)
CommisionShop Save...OK! (-146892480)(T0=2016-4-7_1:8:58 T1=3305.0450)
ItemSerial Save...OK! Serial = 4835216 ,ServerID = 0 (-146892480)(T0=2016-4-7_1:8:59 T1=3305.0960)
GlobalData Save...OK! (-146892480)(T0=2016-4-7_1:9:29 T1=3335.1180)
CommisionShop Save...OK! (-146892480)(T0=2016-4-7_1:9:29 T1=3335.1180)
ItemSerial Save...OK! Serial = 4835216 ,ServerID = 0 (-146892480)(T0=2016-4-7_1:9:29 T1=3335.1670)
GlobalData Save...OK! (-146892480)(T0=2016-4-7_1:9:59 T1=3365.1930)
CommisionShop Save...OK! (-146892480)(T0=2016-4-7_1:9:59 T1=3365.1930)
ItemSerial Save...OK! Serial = 4835216 ,ServerID = 0 (-146892480)(T0=2016-4-7_1:9:59 T1=3365.2400)
GlobalData Save...OK! (-146892480)(T0=2016-4-7_1:10:29 T1=3395.2650)
CommisionShop Save...OK! (-146892480)(T0=2016-4-7_1:10:29 T1=3395.2650)
ItemSerial Save...OK! Serial = 4835216 ,ServerID = 0 (-146892480)(T0=2016-4-7_1:10:29 T1=3395.3050)
GlobalData Save...OK! (-146892480)(T0=2016-4-7_1:10:59 T1=3425.3280)
CommisionShop Save...OK! (-146892480)(T0=2016-4-7_1:10:59 T1=3425.3280)
ItemSerial Save...OK! Serial = 4835216 ,ServerID = 0 (-146892480)(T0=2016-4-7_1:10:59 T1=3425.3780)
GlobalData Save...OK! (-146892480)(T0=2016-4-7_1:11:29 T1=3455.4010)
CommisionShop Save...OK! (-146892480)(T0=2016-4-7_1:11:29 T1=3455.4020)
ItemSerial Save...OK! Serial = 4835216 ,ServerID = 0 (-146892480)(T0=2016-4-7_1:11:29 T1=3455.4660)
GlobalData Save...OK! (-146892480)(T0=2016-4-7_1:11:59 T1=3485.4930)
CommisionShop Save...OK! (-146892480)(T0=2016-4-7_1:11:59 T1=3485.4930)
ItemSerial Save...OK! Serial = 4835216 ,ServerID = 0 (-146892480)(T0=2016-4-7_1:11:59 T1=3485.5360)
GlobalData Save...OK! (-146892480)(T0=2016-4-7_1:12:29 T1=3515.5600)
CommisionShop Save...OK! (-146892480)(T0=2016-4-7_1:12:29 T1=3515.5600)
ItemSerial Save...OK! Serial = 4835216 ,ServerID = 0 (-146892480)(T0=2016-4-7_1:12:29 T1=3515.5990)
GlobalData Save...OK! (-146892480)(T0=2016-4-7_1:12:59 T1=3545.6240)
CommisionShop Save...OK! (-146892480)(T0=2016-4-7_1:12:59 T1=3545.6250)
ItemSerial Save...OK! Serial = 4835216 ,ServerID = 0 (-146892480)(T0=2016-4-7_1:12:59 T1=3545.6720)
GlobalData Save...OK! (-146892480)(T0=2016-4-7_1:13:29 T1=3575.6960)
CommisionShop Save...OK! (-146892480)(T0=2016-4-7_1:13:29 T1=3575.6960)
ItemSerial Save...OK! Serial = 4835216 ,ServerID = 0 (-146892480)(T0=2016-4-7_1:13:29 T1=3575.7390)
End GuildSMU_2001 SaveAll...OK! (-146892480)(T0=2016-4-7_1:15:19 T1=3686.0570)
SMUCount = 0 (-146892480)(T0=2016-4-7_1:15:19 T1=3686.0570)
TotalSMUSize = 0 (-146892480)(T0=2016-4-7_1:15:19 T1=3686.0570)
DBGeneralSet::GetValue(2) = 1 Successful! (-146892480)(T0=2016-4-7_1:15:19 T1=3686.0570)
GlobalData Save...OK! (-146892480)(T0=2016-4-7_1:15:19 T1=3686.0600)
CommisionShop Save...OK! (-146892480)(T0=2016-4-7_1:15:19 T1=3686.0600)
ItemSerial Save...OK! Serial = 4835264 ,ServerID = 0 (-146892480)(T0=2016-4-7_1:15:20 T1=3686.1060)
End MailSMU_3001 SaveAll...OK! (-146892480)(T0=2016-4-7_1:15:25 T1=3691.1180)
SMUCount = 0 (-146892480)(T0=2016-4-7_1:15:25 T1=3691.1180)
TotalSMUSize = 0 (-146892480)(T0=2016-4-7_1:15:25 T1=3691.1180)
End PlayerShopSM_4001 SaveAll...OK! (-146892480)(T0=2016-4-7_1:15:26 T1=3692.7260)
SMUCount = 0 (-146892480)(T0=2016-4-7_1:15:26 T1=3692.7260)
TotalSMUSize = 0 (-146892480)(T0=2016-4-7_1:15:26 T1=3692.7260)
DBGeneralSet::GetValue(1) = 1 Successful! (-146892480)(T0=2016-4-7_1:15:26 T1=3692.7260)
End PetProcreateItemSM_8001 SaveAll...OK! (-146892480)(T0=2016-4-7_1:15:26 T1=3692.7260)
SMUCount = 0 (-146892480)(T0=2016-4-7_1:15:26 T1=3692.7260)
TotalSMUSize = 0 (-146892480)(T0=2016-4-7_1:15:26 T1=3692.7260)
End CityInfoSM_9001 SaveAll...OK! (-146892480)(T0=2016-4-7_1:15:50 T1=3716.7240)
SMUCount = 0 (-146892480)(T0=2016-4-7_1:15:50 T1=3716.7240)
TotalSMUSize = 0 (-146892480)(T0=2016-4-7_1:15:50 T1=3716.7240)
DBGeneralSet::GetValue(3) = 1 Successful! (-146892480)(T0=2016-4-7_1:15:50 T1=3716.7240)
End GuildLeagueSMU_10001 SaveAll...OK! (-146892480)(T0=2016-4-7_1:15:50 T1=3716.7240)
SMUCount = 0 (-146892480)(T0=2016-4-7_1:15:50 T1=3716.7240)
TotalSMUSize = 0 (-146892480)(T0=2016-4-7_1:15:50 T1=3716.7240)
End FindFreindADSMU_11001 SaveAll...OK! (-146892480)(T0=2016-4-7_1:15:50 T1=3716.7240)
SMUCount = 0 (-146892480)(T0=2016-4-7_1:15:50 T1=3716.7240)
TotalSMUSize = 0 (-146892480)(T0=2016-4-7_1:15:50 T1=3716.7240)
GlobalData Save...OK! (-146892480)(T0=2016-4-7_1:15:51 T1=3717.7290)
CommisionShop Save...OK! (-146892480)(T0=2016-4-7_1:15:51 T1=3717.7290)
ItemSerial Save...OK! Serial = 4835264 ,ServerID = 0 (-146892480)(T0=2016-4-7_1:15:51 T1=3717.7770)
GlobalData Save...OK! (-146892480)(T0=2016-4-7_1:16:21 T1=3747.8040)
CommisionShop Save...OK! (-146892480)(T0=2016-4-7_1:16:21 T1=3747.8040)
ItemSerial Save...OK! Serial = 4835264 ,ServerID = 0 (-146892480)(T0=2016-4-7_1:16:21 T1=3747.8490)
GlobalData Save...OK! (-146892480)(T0=2016-4-7_1:16:51 T1=3777.8760)
CommisionShop Save...OK! (-146892480)(T0=2016-4-7_1:16:51 T1=3777.8760)
ItemSerial Save...OK! Serial = 4835267 ,ServerID = 0 (-146892480)(T0=2016-4-7_1:16:51 T1=3777.9260)
GlobalData Save...OK! (-146892480)(T0=2016-4-7_1:17:21 T1=3807.9480)
CommisionShop Save...OK! (-146892480)(T0=2016-4-7_1:17:21 T1=3807.9480)
ItemSerial Save...OK! Serial = 4835267 ,ServerID = 0 (-146892480)(T0=2016-4-7_1:17:21 T1=3807.9880)
GlobalData Save...OK! (-146892480)(T0=2016-4-7_1:17:51 T1=3838.0130)
CommisionShop Save...OK! (-146892480)(T0=2016-4-7_1:17:51 T1=3838.0140)
ItemSerial Save...OK! Serial = 4835277 ,ServerID = 0 (-146892480)(T0=2016-4-7_1:17:51 T1=3838.0650)
GlobalData Save...OK! (-146892480)(T0=2016-4-7_1:18:22 T1=3868.0910)
CommisionShop Save...OK! (-146892480)(T0=2016-4-7_1:18:22 T1=3868.0920)
ItemSerial Save...OK! Serial = 4835277 ,ServerID = 0 (-146892480)(T0=2016-4-7_1:18:22 T1=3868.1390)
GlobalData Save...OK! (-146892480)(T0=2016-4-7_1:18:52 T1=3898.1630)
CommisionShop Save...OK! (-146892480)(T0=2016-4-7_1:18:52 T1=3898.1630)
ItemSerial Save...OK! Serial = 4835277 ,ServerID = 0 (-146892480)(T0=2016-4-7_1:18:52 T1=3898.2350)
GlobalData Save...OK! (-146892480)(T0=2016-4-7_1:19:22 T1=3928.2630)
CommisionShop Save...OK! (-146892480)(T0=2016-4-7_1:19:22 T1=3928.2630)
ItemSerial Save...OK! Serial = 4835277 ,ServerID = 0 (-146892480)(T0=2016-4-7_1:19:22 T1=3928.3130)
GlobalData Save...OK! (-146892480)(T0=2016-4-7_1:19:52 T1=3958.3370)
CommisionShop Save...OK! (-146892480)(T0=2016-4-7_1:19:52 T1=3958.3380)
ItemSerial Save...OK! Serial = 4835277 ,ServerID = 0 (-146892480)(T0=2016-4-7_1:19:52 T1=3958.4080)
GlobalData Save...OK! (-146892480)(T0=2016-4-7_1:20:22 T1=3988.4340)
CommisionShop Save...OK! (-146892480)(T0=2016-4-7_1:20:22 T1=3988.4350)
ItemSerial Save...OK! Serial = 4835277 ,ServerID = 0 (-146892480)(T0=2016-4-7_1:20:22 T1=3988.4830)
GlobalData Save...OK! (-146892480)(T0=2016-4-7_1:20:52 T1=4018.5100)
CommisionShop Save...OK! (-146892480)(T0=2016-4-7_1:20:52 T1=4018.5100)
ItemSerial Save...OK! Serial = 4835277 ,ServerID = 0 (-146892480)(T0=2016-4-7_1:20:52 T1=4018.5580)
GlobalData Save...OK! (-146892480)(T0=2016-4-7_1:21:22 T1=4048.5860)
CommisionShop Save...OK! (-146892480)(T0=2016-4-7_1:21:22 T1=4048.5860)
ItemSerial Save...OK! Serial = 4835277 ,ServerID = 0 (-146892480)(T0=2016-4-7_1:21:22 T1=4048.6340)
GlobalData Save...OK! (-146892480)(T0=2016-4-7_1:21:52 T1=4078.6590)
CommisionShop Save...OK! (-146892480)(T0=2016-4-7_1:21:52 T1=4078.6590)
ItemSerial Save...OK! Serial = 4835278 ,ServerID = 0 (-146892480)(T0=2016-4-7_1:21:52 T1=4078.7430)
GlobalData Save...OK! (-146892480)(T0=2016-4-7_1:22:22 T1=4108.7680)
CommisionShop Save...OK! (-146892480)(T0=2016-4-7_1:22:22 T1=4108.7690)
ItemSerial Save...OK! Serial = 4835279 ,ServerID = 0 (-146892480)(T0=2016-4-7_1:22:22 T1=4108.8310)
GlobalData Save...OK! (-146892480)(T0=2016-4-7_1:22:52 T1=4138.8550)
CommisionShop Save...OK! (-146892480)(T0=2016-4-7_1:22:52 T1=4138.8560)
ItemSerial Save...OK! Serial = 4835280 ,ServerID = 0 (-146892480)(T0=2016-4-7_1:22:52 T1=4138.9050)
GlobalData Save...OK! (-146892480)(T0=2016-4-7_1:23:22 T1=4168.9290)
CommisionShop Save...OK! (-146892480)(T0=2016-4-7_1:23:22 T1=4168.9300)
ItemSerial Save...OK! Serial = 4835280 ,ServerID = 0 (-146892480)(T0=2016-4-7_1:23:22 T1=4168.9780)
GlobalData Save...OK! (-146892480)(T0=2016-4-7_1:23:52 T1=4199.0040)
CommisionShop Save...OK! (-146892480)(T0=2016-4-7_1:23:52 T1=4199.0040)
ItemSerial Save...OK! Serial = 4835280 ,ServerID = 0 (-146892480)(T0=2016-4-7_1:23:52 T1=4199.0560)
GlobalData Save...OK! (-146892480)(T0=2016-4-7_1:24:22 T1=4229.0830)
CommisionShop Save...OK! (-146892480)(T0=2016-4-7_1:24:22 T1=4229.0830)
ItemSerial Save...OK! Serial = 4835280 ,ServerID = 0 (-146892480)(T0=2016-4-7_1:24:23 T1=4229.1390)
GlobalData Save...OK! (-146892480)(T0=2016-4-7_1:24:53 T1=4259.1670)
CommisionShop Save...OK! (-146892480)(T0=2016-4-7_1:24:53 T1=4259.1670)
ItemSerial Save...OK! Serial = 4835280 ,ServerID = 0 (-146892480)(T0=2016-4-7_1:24:53 T1=4259.2280)
GlobalData Save...OK! (-146892480)(T0=2016-4-7_1:25:23 T1=4289.2560)
CommisionShop Save...OK! (-146892480)(T0=2016-4-7_1:25:23 T1=4289.2560)
ItemSerial Save...OK! Serial = 4835280 ,ServerID = 0 (-146892480)(T0=2016-4-7_1:25:23 T1=4289.3040)
GlobalData Save...OK! (-146892480)(T0=2016-4-7_1:25:53 T1=4319.3310)
CommisionShop Save...OK! (-146892480)(T0=2016-4-7_1:25:53 T1=4319.3310)
ItemSerial Save...OK! Serial = 4835280 ,ServerID = 0 (-146892480)(T0=2016-4-7_1:25:53 T1=4319.4140)
GlobalData Save...OK! (-146892480)(T0=2016-4-7_1:26:23 T1=4349.4420)
CommisionShop Save...OK! (-146892480)(T0=2016-4-7_1:26:23 T1=4349.4420)
ItemSerial Save...OK! Serial = 4835280 ,ServerID = 0 (-146892480)(T0=2016-4-7_1:26:23 T1=4349.4870)
GlobalData Save...OK! (-146892480)(T0=2016-4-7_1:26:53 T1=4379.5130)
CommisionShop Save...OK! (-146892480)(T0=2016-4-7_1:26:53 T1=4379.5130)
ItemSerial Save...OK! Serial = 4835280 ,ServerID = 0 (-146892480)(T0=2016-4-7_1:26:53 T1=4379.5540)
GlobalData Save...OK! (-146892480)(T0=2016-4-7_1:27:23 T1=4409.5840)
CommisionShop Save...OK! (-146892480)(T0=2016-4-7_1:27:23 T1=4409.5840)
ItemSerial Save...OK! Serial = 4835323 ,ServerID = 0 (-146892480)(T0=2016-4-7_1:27:23 T1=4409.6220)
GlobalData Save...OK! (-146892480)(T0=2016-4-7_1:27:53 T1=4439.6480)
CommisionShop Save...OK! (-146892480)(T0=2016-4-7_1:27:53 T1=4439.6480)
ItemSerial Save...OK! Serial = 4835323 ,ServerID = 0 (-146892480)(T0=2016-4-7_1:27:53 T1=4439.7310)
Receive Server Crash command.. (-146892480)(T0=2016-4-7_1:28:23 T1=4469.7540)
Receive Server Crash command.. (-146892480)(T0=2016-4-7_1:28:23 T1=4469.7550)
ERROR:DBShopStall_Box...connect database is fails (-146892480)(T0=2016-4-7_1:28:23 T1=4469.7560)
