SOL:3C3360A2,31,2,165.29,165.56,371,-1,16 (-578815166)(T0=2016-4-1_8:17:31 T1=9260.5010)
SOL:3C3360A2,31,2,165.29,165.56,372,-1,17 (-578815166)(T0=2016-4-1_8:17:31 T1=9260.5010)
SOL:3C3360A2,31,2,165.29,165.56,373,-1,18 (-578815166)(T0=2016-4-1_8:17:31 T1=9260.5010)
SOL:3C3360A2,31,2,165.29,165.56,374,-1,19 (-578815166)(T0=2016-4-1_8:17:31 T1=9260.5010)
SOL:3C3360A2,31,2,165.29,165.56,375,-1,20 (-578815166)(T0=2016-4-1_8:17:31 T1=9260.5010)
SOL:3C3360A2,31,2,165.29,165.56,376,-1,21 (-578815166)(T0=2016-4-1_8:17:31 T1=9260.5010)
SOL:3C3360A2,31,2,165.29,165.56,377,-1,22 (-578815166)(T0=2016-4-1_8:17:31 T1=9260.5010)
SOL:3C3360A2,31,2,165.29,165.56,378,-1,23 (-578815166)(T0=2016-4-1_8:17:31 T1=9260.5010)
SOL:3C3360A2,31,2,165.29,165.56,379,-1,24 (-578815166)(T0=2016-4-1_8:17:31 T1=9260.5010)
SOL:3C3360A2,31,2,165.29,165.56,380,-1,25 (-578815166)(T0=2016-4-1_8:17:31 T1=9260.5010)
SOL:3C3360A2,31,2,165.29,165.56,381,-1,26 (-578815166)(T0=2016-4-1_8:17:31 T1=9260.5010)
SOL:3C3360A2,31,2,165.29,165.56,382,-1,27 (-578815166)(T0=2016-4-1_8:17:31 T1=9260.5010)
SOL:3C3360A2,31,2,165.29,165.56,383,-1,28 (-578815166)(T0=2016-4-1_8:17:31 T1=9260.5010)
SOL:3C3360A2,31,2,165.29,165.56,384,-1,29 (-578815166)(T0=2016-4-1_8:17:31 T1=9260.5010)
SOL:3C3360A2,31,2,165.29,165.56,385,-1,30 (-578815166)(T0=2016-4-1_8:17:31 T1=9260.5010)
SOL:3C3360A2,31,2,165.29,165.56,386,-1,31 (-578815166)(T0=2016-4-1_8:17:31 T1=9260.5010)
SOL:3C3360A2,31,2,165.29,165.56,387,-1,32 (-578815166)(T0=2016-4-1_8:17:31 T1=9260.5010)
SOL:3C3360A2,31,2,165.29,165.56,388,-1,33 (-578815166)(T0=2016-4-1_8:17:31 T1=9260.5010)
SOL:3C3360A2,31,2,165.29,165.56,389,-1,34 (-578815166)(T0=2016-4-1_8:17:31 T1=9260.5010)
SOL:3C3360A2,31,2,165.29,165.56,390,-1,35 (-578815166)(T0=2016-4-1_8:17:31 T1=9260.5010)
SOL:3C3360A2,31,2,165.29,165.56,392,-1,36 (-578815166)(T0=2016-4-1_8:17:31 T1=9260.5010)
