SOL:3C3360A2,31,14,123.10,145.22,521,-1,16 (-824181938)(T0=2016-4-5_14:18:3 T1=348.6600)
SOL:3C3360A2,31,14,123.10,145.22,522,-1,17 (-824181938)(T0=2016-4-5_14:18:3 T1=348.6600)
SOL:3C3360A2,31,14,123.10,145.22,523,-1,18 (-824181938)(T0=2016-4-5_14:18:3 T1=348.6600)
SOL:3C3360A2,31,14,123.10,145.22,524,-1,19 (-824181938)(T0=2016-4-5_14:18:3 T1=348.6600)
SOL:3C3360A2,31,14,123.10,145.22,525,-1,20 (-824181938)(T0=2016-4-5_14:18:3 T1=348.6600)
SOL:3C3360A2,31,14,123.10,145.22,526,-1,21 (-824181938)(T0=2016-4-5_14:18:3 T1=348.6600)
SOL:3C3360A2,31,14,123.10,145.22,527,-1,22 (-824181938)(T0=2016-4-5_14:18:3 T1=348.6600)
SOL:3C3360A2,31,14,123.10,145.22,528,-1,23 (-824181938)(T0=2016-4-5_14:18:3 T1=348.6600)
SOL:3C3360A2,31,14,123.10,145.22,529,-1,24 (-824181938)(T0=2016-4-5_14:18:3 T1=348.6600)
SOL:3C3360A2,31,14,123.10,145.22,530,-1,25 (-824181938)(T0=2016-4-5_14:18:3 T1=348.6600)
SOL:3C3360A2,31,14,123.10,145.22,531,-1,26 (-824181938)(T0=2016-4-5_14:18:3 T1=348.6600)
SOL:3C3360A2,31,14,123.10,145.22,532,-1,27 (-824181938)(T0=2016-4-5_14:18:3 T1=348.6600)
SOL:3C3360A2,31,14,123.10,145.22,533,-1,28 (-824181938)(T0=2016-4-5_14:18:3 T1=348.6600)
SOL:3C3360A2,31,14,123.10,145.22,534,-1,29 (-824181938)(T0=2016-4-5_14:18:3 T1=348.6600)
SOL:3C3360A2,31,14,123.10,145.22,535,-1,30 (-824181938)(T0=2016-4-5_14:18:3 T1=348.6600)
SOL:3C3360A2,31,14,123.10,145.22,536,-1,31 (-824181938)(T0=2016-4-5_14:18:3 T1=348.6600)
SOL:3C3360A2,31,14,123.10,145.22,537,-1,32 (-824181938)(T0=2016-4-5_14:18:3 T1=348.6600)
SOL:3C3360A2,31,14,123.10,145.22,538,-1,33 (-824181938)(T0=2016-4-5_14:18:3 T1=348.6600)
SOL:3C3360A2,31,14,123.10,145.22,539,-1,34 (-824181938)(T0=2016-4-5_14:18:3 T1=348.6600)
SOL:3C3360A2,31,14,123.10,145.22,540,-1,35 (-824181938)(T0=2016-4-5_14:18:3 T1=348.6600)
SOL:3C3360A2,31,14,123.10,145.22,542,-1,36 (-824181938)(T0=2016-4-5_14:18:3 T1=348.6600)
SOL:3C3360A3,31,10,93.74,101.13,341,-1,16 (-622875830)(T0=2016-4-5_14:42:37 T1=1822.5690)
SOL:3C3360A3,31,10,93.74,101.13,342,-1,17 (-622875830)(T0=2016-4-5_14:42:37 T1=1822.5690)
SOL:3C3360A3,31,10,93.74,101.13,343,-1,18 (-622875830)(T0=2016-4-5_14:42:37 T1=1822.5690)
SOL:3C3360A3,31,10,93.74,101.13,344,-1,19 (-622875830)(T0=2016-4-5_14:42:37 T1=1822.5690)
SOL:3C3360A3,31,10,93.74,101.13,345,-1,20 (-622875830)(T0=2016-4-5_14:42:37 T1=1822.5690)
SOL:3C3360A3,31,10,93.74,101.13,346,-1,21 (-622875830)(T0=2016-4-5_14:42:37 T1=1822.5690)
SOL:3C3360A3,31,10,93.74,101.13,347,-1,22 (-622875830)(T0=2016-4-5_14:42:37 T1=1822.5690)
SOL:3C3360A3,31,10,93.74,101.13,348,-1,23 (-622875830)(T0=2016-4-5_14:42:37 T1=1822.5690)
SOL:3C3360A3,31,10,93.74,101.13,349,-1,24 (-622875830)(T0=2016-4-5_14:42:37 T1=1822.5690)
SOL:3C3360A3,31,10,93.74,101.13,350,-1,25 (-622875830)(T0=2016-4-5_14:42:37 T1=1822.5690)
SOL:3C3360A3,31,10,93.74,101.13,351,-1,26 (-622875830)(T0=2016-4-5_14:42:37 T1=1822.5690)
SOL:3C3360A3,31,10,93.74,101.13,352,-1,27 (-622875830)(T0=2016-4-5_14:42:37 T1=1822.5690)
SOL:3C3360A3,31,10,93.74,101.13,353,-1,28 (-622875830)(T0=2016-4-5_14:42:37 T1=1822.5690)
SOL:3C3360A3,31,10,93.74,101.13,354,-1,29 (-622875830)(T0=2016-4-5_14:42:37 T1=1822.5690)
SOL:3C3360A3,31,10,93.74,101.13,355,-1,30 (-622875830)(T0=2016-4-5_14:42:37 T1=1822.5700)
SOL:3C3360A3,31,10,93.74,101.13,356,-1,31 (-622875830)(T0=2016-4-5_14:42:37 T1=1822.5700)
SOL:3C3360A3,31,10,93.74,101.13,357,-1,32 (-622875830)(T0=2016-4-5_14:42:37 T1=1822.5700)
SOL:3C3360A3,31,10,93.74,101.13,358,-1,33 (-622875830)(T0=2016-4-5_14:42:37 T1=1822.5700)
SOL:3C3360A3,31,10,93.74,101.13,359,-1,34 (-622875830)(T0=2016-4-5_14:42:37 T1=1822.5700)
SOL:3C3360A3,31,10,93.74,101.13,360,-1,35 (-622875830)(T0=2016-4-5_14:42:37 T1=1822.5700)
SOL:3C3360A3,31,10,93.74,101.13,362,-1,36 (-622875830)(T0=2016-4-5_14:42:37 T1=1822.5700)
