InterKey:  0, 0, 0, 0, 0, 0, 0, 0
 (-1128395968)(T0=2016-4-1_5:45:50 T1=159.8220)
InterKey:  0, 0, 0, 0, 0, 0, 0, 0
 (-1128395968)(T0=2016-4-1_7:33:41 T1=6630.5020)
InterKey:  0, 0, 0, 0, 0, 0, 0, 0
 (-1128395968)(T0=2016-4-1_7:34:30 T1=6679.2590)
InterKey:  0, 0, 0, 0, 0, 0, 0, 0
 (-1128395968)(T0=2016-4-1_7:42:21 T1=7150.7480)
InterKey:  0, 0, 0, 0, 0, 0, 0, 0
 (-1128395968)(T0=2016-4-1_7:56:43 T1=8012.4430)
InterKey:  0, 0, 0, 0, 0, 0, 0, 0
 (-1128395968)(T0=2016-4-1_8:0:1 T1=8210.4310)
InterKey:  0, 0, 0, 0, 0, 0, 0, 0
 (-1128395968)(T0=2016-4-1_8:0:8 T1=8217.7610)
InterKey:  0, 0, 0, 0, 0, 0, 0, 0
 (-1128395968)(T0=2016-4-1_8:11:9 T1=8878.3620)
InterKey:  0, 0, 0, 0, 0, 0, 0, 0
 (-1128395968)(T0=2016-4-1_8:19:13 T1=9362.8640)
InterKey:  0, 0, 0, 0, 0, 0, 0, 0
 (-1128395968)(T0=2016-4-1_8:27:2 T1=9831.9040)
InterKey:  0, 0, 0, 0, 0, 0, 0, 0
 (-1128395968)(T0=2016-4-1_8:38:15 T1=10504.6750)
InterKey:  0, 0, 0, 0, 0, 0, 0, 0
 (-1128395968)(T0=2016-4-1_8:51:10 T1=11279.9340)
InterKey:  0, 0, 0, 0, 0, 0, 0, 0
 (-1128395968)(T0=2016-4-1_8:54:58 T1=11508.0520)
InterKey:  0, 0, 0, 0, 0, 0, 0, 0
 (-1128395968)(T0=2016-4-1_8:58:43 T1=11732.6090)
InterKey:  0, 0, 0, 0, 0, 0, 0, 0
 (-1128395968)(T0=2016-4-1_9:1:52 T1=11921.9170)
InterKey:  0, 0, 0, 0, 0, 0, 0, 0
 (-1128395968)(T0=2016-4-1_9:5:38 T1=12147.4760)
InterKey:  0, 0, 0, 0, 0, 0, 0, 0
 (-1128395968)(T0=2016-4-1_9:11:18 T1=12487.6290)
InterKey:  0, 0, 0, 0, 0, 0, 0, 0
 (-1128395968)(T0=2016-4-1_9:13:43 T1=12632.5390)
