SendPacket! ID=287 (-146303232)(T0=2016-4-3_11:32:27 T1=25.3360)
SSConnectHandler...ServerID=2 (-146303232)(T0=2016-4-3_11:32:27 T1=25.3360)
LWNotifyUserHandler...LNOTIFY_BILLING_DISCONNECT received, abandon all prize! (-146303232)(T0=2016-4-3_11:32:27 T1=25.3360)
LWNotifyUserHandler...LNOTIFY_BILLING_DISCONNECT received, abandon all prize! (-146303232)(T0=2016-4-3_11:32:29 T1=27.4680)
LWNotifyUserHandler...LNOTIFY_BILLING_DISCONNECT received, abandon all prize! (-146303232)(T0=2016-4-3_11:32:32 T1=29.6990)
LWNotifyUserHandler...LNOTIFY_BILLING_DISCONNECT received, abandon all prize! (-146303232)(T0=2016-4-3_11:32:34 T1=31.9310)
LWNotifyUserHandler...LNOTIFY_BILLING_DISCONNECT received, abandon all prize! (-146303232)(T0=2016-4-3_11:32:36 T1=34.1550)
LWNotifyUserHandler...LNOTIFY_BILLING_DISCONNECT received, abandon all prize! (-146303232)(T0=2016-4-3_11:32:38 T1=36.2810)
SendPacket! ID=66 (-146303232)(T0=2016-4-3_11:32:39 T1=36.6890)
SendPacket! ID=193 (-146303232)(T0=2016-4-3_11:32:39 T1=36.6890)
SSConnectHandler...ServerID=0 (-146303232)(T0=2016-4-3_11:32:39 T1=36.6890)
SendPacket! ID=414 (-146303232)(T0=2016-4-3_11:32:39 T1=36.6900)
SendPacket! ID=414 (-146303232)(T0=2016-4-3_11:32:39 T1=36.6900)
SendPacket! ID=414 (-146303232)(T0=2016-4-3_11:32:39 T1=36.6900)
SendPacket! ID=414 (-146303232)(T0=2016-4-3_11:32:39 T1=36.6900)
SendPacket! ID=414 (-146303232)(T0=2016-4-3_11:32:39 T1=36.6910)
SendPacket! ID=414 (-146303232)(T0=2016-4-3_11:32:39 T1=36.6910)
SendPacket! ID=414 (-146303232)(T0=2016-4-3_11:32:39 T1=36.6910)
SendPacket! ID=414 (-146303232)(T0=2016-4-3_11:32:39 T1=36.6910)
SendPacket! ID=414 (-146303232)(T0=2016-4-3_11:32:39 T1=36.6910)
SendPacket! ID=414 (-146303232)(T0=2016-4-3_11:32:39 T1=36.6910)
SendPacket! ID=414 (-146303232)(T0=2016-4-3_11:32:39 T1=36.6910)
SendPacket! ID=414 (-146303232)(T0=2016-4-3_11:32:39 T1=36.6910)
SendPacket! ID=414 (-146303232)(T0=2016-4-3_11:32:39 T1=36.6910)
SendPacket! ID=248 (-146303232)(T0=2016-4-3_11:32:39 T1=37.3000)
GWChatHandler...GUID=FFFFFFFF ChatType=4 Contex=@*;SrvMsg;SCA:#{CYR_20080317_01} (-146303232)(T0=2016-4-3_11:32:39 T1=37.3000)
SendPacket! ID=248 (-146303232)(T0=2016-4-3_11:32:39 T1=37.3000)
GWChatHandler...GUID=FFFFFFFF ChatType=4 Contex=@*;SrvMsg;SCA:#{BGZ_20080317_01} (-146303232)(T0=2016-4-3_11:32:39 T1=37.3000)
SendPacket! ID=248 (-146303232)(T0=2016-4-3_11:32:39 T1=37.3000)
GWChatHandler...GUID=FFFFFFFF ChatType=4 Contex=@*;SrvMsg;SCA:#cff99ccTr§n ð¤u C¥u Mây ðßþc mong ðþi nh¤t trong tháng vào lúc #Y19:00 #cff99ccs¨ chính thÑc khai mÕc ! Mong các v¸ anh hùng, ðÕi hi®p hãy chu¦n b¸ t± ðµi, lînh song kinh nghi®m, thu¯c dßþc... ð¬ tham gia sñ ki®n ðÕt ðßþc thành công ! (-146303232)(T0=2016-4-3_11:32:39 T1=37.3000)
LWNotifyUserHandler...LNOTIFY_BILLING_DISCONNECT received, abandon all prize! (-146303232)(T0=2016-4-3_11:32:41 T1=38.5220)
LWNotifyUserHandler...LNOTIFY_BILLING_DISCONNECT received, abandon all prize! (-146303232)(T0=2016-4-3_11:32:43 T1=40.7590)
LWNotifyUserHandler...LNOTIFY_BILLING_DISCONNECT received, abandon all prize! (-146303232)(T0=2016-4-3_11:32:45 T1=42.8980)
LWNotifyUserHandler...LNOTIFY_BILLING_DISCONNECT received, abandon all prize! (-146303232)(T0=2016-4-3_11:32:47 T1=45.1400)
LWNotifyUserHandler...LNOTIFY_BILLING_DISCONNECT received, abandon all prize! (-146303232)(T0=2016-4-3_11:32:49 T1=47.2780)
LWNotifyUserHandler...LNOTIFY_BILLING_DISCONNECT received, abandon all prize! (-146303232)(T0=2016-4-3_11:32:50 T1=47.4810)
SendPacket! ID=248 (-146303232)(T0=2016-4-3_11:32:52 T1=50.1340)
GWChatHandler...GUID=FFFFFFFF ChatType=4 Contex=#cff99ccChü nhân th§t sñ cüa #GNgân Ngai Tuyªt Nguyên là Xí Nga Vß½ng #cff99ccvî ðÕi ðã vung quy«n trßþng xu¤t hi®n tÕi lãnh th± cüa nó r°i! (-146303232)(T0=2016-4-3_11:32:52 T1=50.1340)
SendPacket! ID=614 (-146303232)(T0=2016-4-3_11:32:56 T1=53.5970)
SendPacket! ID=614 (-146303232)(T0=2016-4-3_11:32:56 T1=53.5970)
GWHeartBeatHandler...Deamon ServerID=0 (-146303232)(T0=2016-4-3_11:32:56 T1=53.5970)
GWHeartBeatHandler...Incoming ServerID=0 (-146303232)(T0=2016-4-3_11:32:56 T1=53.5970)
SendPacket! ID=614 (-146303232)(T0=2016-4-3_11:33:11 T1=68.5730)
SendPacket! ID=614 (-146303232)(T0=2016-4-3_11:33:11 T1=68.5730)
GWHeartBeatHandler...Deamon ServerID=0 (-146303232)(T0=2016-4-3_11:33:11 T1=68.5730)
GWHeartBeatHandler...Incoming ServerID=0 (-146303232)(T0=2016-4-3_11:33:11 T1=68.5730)
SendPacket! ID=614 (-146303232)(T0=2016-4-3_11:33:26 T1=83.6210)
SendPacket! ID=614 (-146303232)(T0=2016-4-3_11:33:26 T1=83.6210)
GWHeartBeatHandler...Deamon ServerID=0 (-146303232)(T0=2016-4-3_11:33:26 T1=83.6210)
GWHeartBeatHandler...Incoming ServerID=0 (-146303232)(T0=2016-4-3_11:33:26 T1=83.6210)
SendPacket! ID=614 (-146303232)(T0=2016-4-3_11:33:41 T1=98.5930)
SendPacket! ID=614 (-146303232)(T0=2016-4-3_11:33:41 T1=98.5930)
GWHeartBeatHandler...Deamon ServerID=0 (-146303232)(T0=2016-4-3_11:33:41 T1=98.5930)
GWHeartBeatHandler...Incoming ServerID=0 (-146303232)(T0=2016-4-3_11:33:41 T1=98.6950)
SendPacket! ID=614 (-146303232)(T0=2016-4-3_11:33:56 T1=113.6610)
SendPacket! ID=614 (-146303232)(T0=2016-4-3_11:33:56 T1=113.6610)
GWHeartBeatHandler...Deamon ServerID=0 (-146303232)(T0=2016-4-3_11:33:56 T1=113.6610)
GWHeartBeatHandler...Incoming ServerID=0 (-146303232)(T0=2016-4-3_11:33:56 T1=113.6610)
SendPacket! ID=614 (-146303232)(T0=2016-4-3_11:34:11 T1=128.6240)
SendPacket! ID=614 (-146303232)(T0=2016-4-3_11:34:11 T1=128.6240)
GWHeartBeatHandler...Deamon ServerID=0 (-146303232)(T0=2016-4-3_11:34:11 T1=128.6240)
GWHeartBeatHandler...Incoming ServerID=0 (-146303232)(T0=2016-4-3_11:34:11 T1=128.7260)
SendPacket! ID=614 (-146303232)(T0=2016-4-3_11:34:26 T1=143.6960)
SendPacket! ID=614 (-146303232)(T0=2016-4-3_11:34:26 T1=143.6960)
GWHeartBeatHandler...Deamon ServerID=0 (-146303232)(T0=2016-4-3_11:34:26 T1=143.6960)
GWHeartBeatHandler...Incoming ServerID=0 (-146303232)(T0=2016-4-3_11:34:26 T1=143.6960)
SendPacket! ID=66 (-146303232)(T0=2016-4-3_11:34:33 T1=150.8290)
SendPacket! ID=614 (-146303232)(T0=2016-4-3_11:34:41 T1=158.6760)
SendPacket! ID=614 (-146303232)(T0=2016-4-3_11:34:41 T1=158.6760)
GWHeartBeatHandler...Deamon ServerID=0 (-146303232)(T0=2016-4-3_11:34:41 T1=158.6760)
GWHeartBeatHandler...Incoming ServerID=0 (-146303232)(T0=2016-4-3_11:34:41 T1=158.7780)
SendPacket! ID=614 (-146303232)(T0=2016-4-3_11:34:56 T1=173.6510)
SendPacket! ID=614 (-146303232)(T0=2016-4-3_11:34:56 T1=173.6510)
GWHeartBeatHandler...Deamon ServerID=0 (-146303232)(T0=2016-4-3_11:34:56 T1=173.6510)
GWHeartBeatHandler...Incoming ServerID=0 (-146303232)(T0=2016-4-3_11:34:56 T1=173.7520)
SendPacket! ID=614 (-146303232)(T0=2016-4-3_11:35:11 T1=188.6610)
SendPacket! ID=614 (-146303232)(T0=2016-4-3_11:35:11 T1=188.6610)
GWHeartBeatHandler...Deamon ServerID=0 (-146303232)(T0=2016-4-3_11:35:11 T1=188.6610)
GWHeartBeatHandler...Incoming ServerID=0 (-146303232)(T0=2016-4-3_11:35:11 T1=188.7620)
SendPacket! ID=614 (-146303232)(T0=2016-4-3_11:35:26 T1=203.7370)
SendPacket! ID=614 (-146303232)(T0=2016-4-3_11:35:26 T1=203.7370)
GWHeartBeatHandler...Deamon ServerID=0 (-146303232)(T0=2016-4-3_11:35:26 T1=203.7370)
GWHeartBeatHandler...Incoming ServerID=0 (-146303232)(T0=2016-4-3_11:35:26 T1=203.7370)
SendPacket! ID=614 (-146303232)(T0=2016-4-3_11:35:41 T1=218.7150)
SendPacket! ID=614 (-146303232)(T0=2016-4-3_11:35:41 T1=218.7150)
GWHeartBeatHandler...Deamon ServerID=0 (-146303232)(T0=2016-4-3_11:35:41 T1=218.7150)
GWHeartBeatHandler...Incoming ServerID=0 (-146303232)(T0=2016-4-3_11:35:41 T1=218.8170)
SendPacket! ID=614 (-146303232)(T0=2016-4-3_11:35:56 T1=233.6890)
SendPacket! ID=614 (-146303232)(T0=2016-4-3_11:35:56 T1=233.6890)
GWHeartBeatHandler...Deamon ServerID=0 (-146303232)(T0=2016-4-3_11:35:56 T1=233.6890)
GWHeartBeatHandler...Incoming ServerID=0 (-146303232)(T0=2016-4-3_11:35:56 T1=233.7910)
SendPacket! ID=614 (-146303232)(T0=2016-4-3_11:36:11 T1=248.6720)
SendPacket! ID=614 (-146303232)(T0=2016-4-3_11:36:11 T1=248.6720)
GWHeartBeatHandler...Deamon ServerID=0 (-146303232)(T0=2016-4-3_11:36:11 T1=248.6720)
GWHeartBeatHandler...Incoming ServerID=0 (-146303232)(T0=2016-4-3_11:36:11 T1=248.7740)
SendPacket! ID=614 (-146303232)(T0=2016-4-3_11:36:26 T1=263.7610)
SendPacket! ID=614 (-146303232)(T0=2016-4-3_11:36:26 T1=263.7610)
GWHeartBeatHandler...Deamon ServerID=0 (-146303232)(T0=2016-4-3_11:36:26 T1=263.7610)
GWHeartBeatHandler...Incoming ServerID=0 (-146303232)(T0=2016-4-3_11:36:26 T1=263.8630)
SendPacket! ID=614 (-146303232)(T0=2016-4-3_11:36:41 T1=278.7370)
SendPacket! ID=614 (-146303232)(T0=2016-4-3_11:36:41 T1=278.7370)
GWHeartBeatHandler...Deamon ServerID=0 (-146303232)(T0=2016-4-3_11:36:41 T1=278.7370)
GWHeartBeatHandler...Incoming ServerID=0 (-146303232)(T0=2016-4-3_11:36:41 T1=278.8380)
SendPacket! ID=614 (-146303232)(T0=2016-4-3_11:36:56 T1=293.7090)
SendPacket! ID=614 (-146303232)(T0=2016-4-3_11:36:56 T1=293.7090)
GWHeartBeatHandler...Deamon ServerID=0 (-146303232)(T0=2016-4-3_11:36:56 T1=293.7090)
GWHeartBeatHandler...Incoming ServerID=0 (-146303232)(T0=2016-4-3_11:36:56 T1=293.9130)
SendPacket! ID=66 (-146303232)(T0=2016-4-3_11:37:3 T1=300.8460)
SendPacket! ID=614 (-146303232)(T0=2016-4-3_11:37:11 T1=308.7860)
SendPacket! ID=614 (-146303232)(T0=2016-4-3_11:37:11 T1=308.7860)
GWHeartBeatHandler...Deamon ServerID=0 (-146303232)(T0=2016-4-3_11:37:11 T1=308.7860)
GWHeartBeatHandler...Incoming ServerID=0 (-146303232)(T0=2016-4-3_11:37:11 T1=308.8880)
SendPacket! ID=614 (-146303232)(T0=2016-4-3_11:37:26 T1=323.7690)
SendPacket! ID=614 (-146303232)(T0=2016-4-3_11:37:26 T1=323.7690)
GWHeartBeatHandler...Deamon ServerID=0 (-146303232)(T0=2016-4-3_11:37:26 T1=323.7690)
GWHeartBeatHandler...Incoming ServerID=0 (-146303232)(T0=2016-4-3_11:37:26 T1=323.8710)
SendPacket! ID=614 (-146303232)(T0=2016-4-3_11:37:41 T1=338.7480)
SendPacket! ID=614 (-146303232)(T0=2016-4-3_11:37:41 T1=338.7480)
GWHeartBeatHandler...Deamon ServerID=0 (-146303232)(T0=2016-4-3_11:37:41 T1=338.7480)
GWHeartBeatHandler...Incoming ServerID=0 (-146303232)(T0=2016-4-3_11:37:41 T1=338.8500)
SendPacket! ID=614 (-146303232)(T0=2016-4-3_11:37:56 T1=353.7290)
SendPacket! ID=614 (-146303232)(T0=2016-4-3_11:37:56 T1=353.7290)
GWHeartBeatHandler...Deamon ServerID=0 (-146303232)(T0=2016-4-3_11:37:56 T1=353.7290)
GWHeartBeatHandler...Incoming ServerID=0 (-146303232)(T0=2016-4-3_11:37:56 T1=353.9330)
LWNotifyUserHandler...acc=dark.hades ask status ok! (-146303232)(T0=2016-4-3_11:38:8 T1=365.9580)
SendPacket! ID=358 (-146303232)(T0=2016-4-3_11:38:8 T1=365.9580)
SendPacket! ID=614 (-146303232)(T0=2016-4-3_11:38:11 T1=368.8040)
SendPacket! ID=614 (-146303232)(T0=2016-4-3_11:38:11 T1=368.8040)
GWHeartBeatHandler...Deamon ServerID=0 (-146303232)(T0=2016-4-3_11:38:11 T1=368.8040)
GWHeartBeatHandler...Incoming ServerID=0 (-146303232)(T0=2016-4-3_11:38:11 T1=368.9050)
SendPacket! ID=614 (-146303232)(T0=2016-4-3_11:38:26 T1=383.8460)
SendPacket! ID=614 (-146303232)(T0=2016-4-3_11:38:26 T1=383.8460)
GWHeartBeatHandler...Deamon ServerID=0 (-146303232)(T0=2016-4-3_11:38:26 T1=383.8460)
GWHeartBeatHandler...Incoming ServerID=0 (-146303232)(T0=2016-4-3_11:38:26 T1=383.9470)
SendPacket! ID=614 (-146303232)(T0=2016-4-3_11:38:41 T1=398.7880)
SendPacket! ID=614 (-146303232)(T0=2016-4-3_11:38:41 T1=398.7880)
GWHeartBeatHandler...Deamon ServerID=0 (-146303232)(T0=2016-4-3_11:38:41 T1=398.7880)
GWHeartBeatHandler...Incoming ServerID=0 (-146303232)(T0=2016-4-3_11:38:41 T1=398.9900)
SendPacket! ID=614 (-146303232)(T0=2016-4-3_11:38:56 T1=413.8330)
SendPacket! ID=614 (-146303232)(T0=2016-4-3_11:38:56 T1=413.8330)
GWHeartBeatHandler...Deamon ServerID=0 (-146303232)(T0=2016-4-3_11:38:56 T1=413.8330)
GWHeartBeatHandler...Incoming ServerID=0 (-146303232)(T0=2016-4-3_11:38:56 T1=414.0350)
SendPacket! ID=614 (-146303232)(T0=2016-4-3_11:39:11 T1=428.8730)
SendPacket! ID=614 (-146303232)(T0=2016-4-3_11:39:11 T1=428.8730)
GWHeartBeatHandler...Deamon ServerID=0 (-146303232)(T0=2016-4-3_11:39:11 T1=428.8730)
GWHeartBeatHandler...Incoming ServerID=0 (-146303232)(T0=2016-4-3_11:39:11 T1=428.9740)
SendPacket! ID=91 (-146303232)(T0=2016-4-3_11:39:18 T1=436.2430)
LWAskCharLoginHandler...No User,CharGUID = 3C33609F (-146303232)(T0=2016-4-3_11:39:18 T1=436.2430)
SendPacket! ID=470 (-146303232)(T0=2016-4-3_11:39:19 T1=436.8510)
LWAskCharLoginHandler...ALSCENDDATA GUID=3C33609F Name=Th§p Tamm AccName=dark.hades, AccountSafeSign=0 (-146303232)(T0=2016-4-3_11:39:19 T1=436.8510)
SendPacket! ID=91 (-146303232)(T0=2016-4-3_11:39:20 T1=437.7590)
LWRetBillingStart...acc=dark.hades Success,GUID=3C33609F (-146303232)(T0=2016-4-3_11:39:20 T1=437.7590)
SendPacket! ID=614 (-146303232)(T0=2016-4-3_11:39:20 T1=437.9620)
SendPacket! ID=614 (-146303232)(T0=2016-4-3_11:39:20 T1=437.9620)
SendPacket! ID=614 (-146303232)(T0=2016-4-3_11:39:26 T1=443.8160)
SendPacket! ID=614 (-146303232)(T0=2016-4-3_11:39:26 T1=443.8160)
GWHeartBeatHandler...Deamon ServerID=0 (-146303232)(T0=2016-4-3_11:39:26 T1=443.8160)
GWHeartBeatHandler...Incoming ServerID=0 (-146303232)(T0=2016-4-3_11:39:26 T1=444.0180)
SendPacket! ID=66 (-146303232)(T0=2016-4-3_11:39:33 T1=450.8820)
SendPacket! ID=614 (-146303232)(T0=2016-4-3_11:39:41 T1=458.8570)
SendPacket! ID=614 (-146303232)(T0=2016-4-3_11:39:41 T1=458.8570)
GWHeartBeatHandler...Deamon ServerID=0 (-146303232)(T0=2016-4-3_11:39:41 T1=458.8570)
GWHeartBeatHandler...Incoming ServerID=0 (-146303232)(T0=2016-4-3_11:39:41 T1=459.0590)
SendPacket! ID=614 (-146303232)(T0=2016-4-3_11:39:56 T1=473.9290)
SendPacket! ID=614 (-146303232)(T0=2016-4-3_11:39:56 T1=473.9290)
GWHeartBeatHandler...Deamon ServerID=0 (-146303232)(T0=2016-4-3_11:39:56 T1=473.9290)
GWHeartBeatHandler...Incoming ServerID=0 (-146303232)(T0=2016-4-3_11:39:56 T1=474.0300)
LWNotifyUserHandler...LNOTIFY_BILLING_DISCONNECT received, abandon all prize! (-146303232)(T0=2016-4-3_11:40:3 T1=480.6480)
LWNotifyUserHandler...LNOTIFY_BILLING_DISCONNECT received, abandon all prize! (-146303232)(T0=2016-4-3_11:40:5 T1=482.7870)
LWNotifyUserHandler...LNOTIFY_BILLING_DISCONNECT received, abandon all prize! (-146303232)(T0=2016-4-3_11:40:7 T1=485.0290)
LWNotifyUserHandler...LNOTIFY_BILLING_DISCONNECT received, abandon all prize! (-146303232)(T0=2016-4-3_11:40:9 T1=487.2660)
SendPacket! ID=614 (-146303232)(T0=2016-4-3_11:40:11 T1=488.8940)
SendPacket! ID=614 (-146303232)(T0=2016-4-3_11:40:11 T1=488.8940)
GWHeartBeatHandler...Deamon ServerID=0 (-146303232)(T0=2016-4-3_11:40:11 T1=488.8940)
GWHeartBeatHandler...Incoming ServerID=0 (-146303232)(T0=2016-4-3_11:40:11 T1=489.0980)
LWNotifyUserHandler...LNOTIFY_BILLING_DISCONNECT received, abandon all prize! (-146303232)(T0=2016-4-3_11:40:11 T1=489.4050)
LWNotifyUserHandler...LNOTIFY_BILLING_DISCONNECT received, abandon all prize! (-146303232)(T0=2016-4-3_11:40:14 T1=491.6430)
LWNotifyUserHandler...LNOTIFY_BILLING_DISCONNECT received, abandon all prize! (-146303232)(T0=2016-4-3_11:40:16 T1=493.7850)
LWNotifyUserHandler...LNOTIFY_BILLING_DISCONNECT received, abandon all prize! (-146303232)(T0=2016-4-3_11:40:18 T1=496.0240)
LWNotifyUserHandler...LNOTIFY_BILLING_DISCONNECT received, abandon all prize! (-146303232)(T0=2016-4-3_11:40:20 T1=498.2620)
LWNotifyUserHandler...LNOTIFY_BILLING_DISCONNECT received, abandon all prize! (-146303232)(T0=2016-4-3_11:40:22 T1=500.4000)
LWNotifyUserHandler...LNOTIFY_BILLING_DISCONNECT received, abandon all prize! (-146303232)(T0=2016-4-3_11:40:25 T1=502.6390)
SendPacket! ID=614 (-146303232)(T0=2016-4-3_11:40:26 T1=503.8610)
SendPacket! ID=614 (-146303232)(T0=2016-4-3_11:40:26 T1=503.8610)
GWHeartBeatHandler...Deamon ServerID=0 (-146303232)(T0=2016-4-3_11:40:26 T1=503.8610)
GWHeartBeatHandler...Incoming ServerID=0 (-146303232)(T0=2016-4-3_11:40:26 T1=504.0650)
LWNotifyUserHandler...LNOTIFY_BILLING_DISCONNECT received, abandon all prize! (-146303232)(T0=2016-4-3_11:40:27 T1=504.8800)
LWNotifyUserHandler...LNOTIFY_BILLING_DISCONNECT received, abandon all prize! (-146303232)(T0=2016-4-3_11:40:29 T1=507.0180)
LWNotifyUserHandler...LNOTIFY_BILLING_DISCONNECT received, abandon all prize! (-146303232)(T0=2016-4-3_11:40:31 T1=509.2570)
LWNotifyUserHandler...LNOTIFY_BILLING_DISCONNECT received, abandon all prize! (-146303232)(T0=2016-4-3_11:40:33 T1=511.3970)
LWNotifyUserHandler...LNOTIFY_BILLING_DISCONNECT received, abandon all prize! (-146303232)(T0=2016-4-3_11:40:36 T1=513.6370)
LWNotifyUserHandler...LNOTIFY_BILLING_DISCONNECT received, abandon all prize! (-146303232)(T0=2016-4-3_11:40:38 T1=515.8810)
LWNotifyUserHandler...LNOTIFY_BILLING_DISCONNECT received, abandon all prize! (-146303232)(T0=2016-4-3_11:40:40 T1=518.0190)
SendPacket! ID=614 (-146303232)(T0=2016-4-3_11:40:41 T1=518.9320)
SendPacket! ID=614 (-146303232)(T0=2016-4-3_11:40:41 T1=518.9320)
GWHeartBeatHandler...Deamon ServerID=0 (-146303232)(T0=2016-4-3_11:40:41 T1=518.9320)
GWHeartBeatHandler...Incoming ServerID=0 (-146303232)(T0=2016-4-3_11:40:41 T1=519.1360)
LWNotifyUserHandler...LNOTIFY_BILLING_DISCONNECT received, abandon all prize! (-146303232)(T0=2016-4-3_11:40:42 T1=520.2570)
LWNotifyUserHandler...LNOTIFY_BILLING_DISCONNECT received, abandon all prize! (-146303232)(T0=2016-4-3_11:40:44 T1=522.3940)
LWNotifyUserHandler...LNOTIFY_BILLING_DISCONNECT received, abandon all prize! (-146303232)(T0=2016-4-3_11:40:47 T1=524.6340)
LWNotifyUserHandler...LNOTIFY_BILLING_DISCONNECT received, abandon all prize! (-146303232)(T0=2016-4-3_11:40:49 T1=526.8750)
LWNotifyUserHandler...LNOTIFY_BILLING_DISCONNECT received, abandon all prize! (-146303232)(T0=2016-4-3_11:40:51 T1=529.0140)
LWNotifyUserHandler...LNOTIFY_BILLING_DISCONNECT received, abandon all prize! (-146303232)(T0=2016-4-3_11:40:53 T1=531.2520)
LWNotifyUserHandler...LNOTIFY_BILLING_DISCONNECT received, abandon all prize! (-146303232)(T0=2016-4-3_11:40:55 T1=533.3910)
SendPacket! ID=614 (-146303232)(T0=2016-4-3_11:40:56 T1=533.9000)
SendPacket! ID=614 (-146303232)(T0=2016-4-3_11:40:56 T1=533.9000)
GWHeartBeatHandler...Deamon ServerID=0 (-146303232)(T0=2016-4-3_11:40:56 T1=533.9000)
GWHeartBeatHandler...Incoming ServerID=0 (-146303232)(T0=2016-4-3_11:40:56 T1=534.1040)
LWNotifyUserHandler...LNOTIFY_BILLING_DISCONNECT received, abandon all prize! (-146303232)(T0=2016-4-3_11:40:58 T1=535.6320)
LWNotifyUserHandler...LNOTIFY_BILLING_DISCONNECT received, abandon all prize! (-146303232)(T0=2016-4-3_11:41:0 T1=537.8750)
LWNotifyUserHandler...LNOTIFY_BILLING_DISCONNECT received, abandon all prize! (-146303232)(T0=2016-4-3_11:41:2 T1=540.0100)
LWNotifyUserHandler...LNOTIFY_BILLING_DISCONNECT received, abandon all prize! (-146303232)(T0=2016-4-3_11:41:4 T1=542.2500)
LWNotifyUserHandler...LNOTIFY_BILLING_DISCONNECT received, abandon all prize! (-146303232)(T0=2016-4-3_11:41:7 T1=544.4900)
LWNotifyUserHandler...LNOTIFY_BILLING_DISCONNECT received, abandon all prize! (-146303232)(T0=2016-4-3_11:41:9 T1=546.6280)
LWNotifyUserHandler...LNOTIFY_BILLING_DISCONNECT received, abandon all prize! (-146303232)(T0=2016-4-3_11:41:9 T1=546.8290)
SendPacket! ID=614 (-146303232)(T0=2016-4-3_11:41:11 T1=548.8660)
SendPacket! ID=614 (-146303232)(T0=2016-4-3_11:41:11 T1=548.8660)
GWHeartBeatHandler...Deamon ServerID=0 (-146303232)(T0=2016-4-3_11:41:11 T1=548.8660)
GWHeartBeatHandler...Incoming ServerID=0 (-146303232)(T0=2016-4-3_11:41:11 T1=549.1720)
SendPacket! ID=614 (-146303232)(T0=2016-4-3_11:41:26 T1=563.9440)
SendPacket! ID=614 (-146303232)(T0=2016-4-3_11:41:26 T1=563.9440)
GWHeartBeatHandler...Deamon ServerID=0 (-146303232)(T0=2016-4-3_11:41:26 T1=563.9440)
GWHeartBeatHandler...Incoming ServerID=0 (-146303232)(T0=2016-4-3_11:41:26 T1=564.1480)
SendPacket! ID=614 (-146303232)(T0=2016-4-3_11:41:41 T1=578.9260)
SendPacket! ID=614 (-146303232)(T0=2016-4-3_11:41:41 T1=578.9260)
GWHeartBeatHandler...Deamon ServerID=0 (-146303232)(T0=2016-4-3_11:41:41 T1=578.9260)
GWHeartBeatHandler...Incoming ServerID=0 (-146303232)(T0=2016-4-3_11:41:41 T1=579.2290)
LWNotifyUserHandler...acc=darkhades ask status ok! (-146303232)(T0=2016-4-3_11:41:55 T1=593.4620)
SendPacket! ID=358 (-146303232)(T0=2016-4-3_11:41:55 T1=593.4620)
SendPacket! ID=614 (-146303232)(T0=2016-4-3_11:41:56 T1=593.9680)
SendPacket! ID=614 (-146303232)(T0=2016-4-3_11:41:56 T1=593.9680)
GWHeartBeatHandler...Deamon ServerID=0 (-146303232)(T0=2016-4-3_11:41:56 T1=593.9680)
GWHeartBeatHandler...Incoming ServerID=0 (-146303232)(T0=2016-4-3_11:41:56 T1=594.1710)
SendPacket! ID=91 (-146303232)(T0=2016-4-3_11:42:3 T1=600.6350)
LWAskCharLoginHandler...No User,CharGUID = 3C3360A1 (-146303232)(T0=2016-4-3_11:42:3 T1=600.6350)
MailCenter:HeartBeat Before UserNode=0 (-146303232)(T0=2016-4-3_11:42:3 T1=600.8380)
MailCenter:HeartBeat After MailNode=0 UserNode=0 (-146303232)(T0=2016-4-3_11:42:3 T1=600.8380)
SendPacket! ID=66 (-146303232)(T0=2016-4-3_11:42:3 T1=600.9390)
LWNotifyUserHandler...CRC Error 3C3360A1,darkhades,754419378,803317132,1016643178 (-146303232)(T0=2016-4-3_11:42:3 T1=601.4440)
SendPacket! ID=470 (-146303232)(T0=2016-4-3_11:42:3 T1=601.4460)
LWAskCharLoginHandler...ALSCENDDATA GUID=3C3360A1 Name=Lê Viªt Hoài1 AccName=darkhades, AccountSafeSign=0 (-146303232)(T0=2016-4-3_11:42:3 T1=601.4460)
SendPacket! ID=91 (-146303232)(T0=2016-4-3_11:42:4 T1=602.2540)
LWRetBillingStart...acc=darkhades Success,GUID=3C3360A1 (-146303232)(T0=2016-4-3_11:42:4 T1=602.2540)
SendPacket! ID=614 (-146303232)(T0=2016-4-3_11:42:4 T1=602.4560)
SendPacket! ID=614 (-146303232)(T0=2016-4-3_11:42:4 T1=602.4560)
SendPacket! ID=614 (-146303232)(T0=2016-4-3_11:42:11 T1=609.0180)
SendPacket! ID=614 (-146303232)(T0=2016-4-3_11:42:11 T1=609.0180)
GWHeartBeatHandler...Deamon ServerID=0 (-146303232)(T0=2016-4-3_11:42:11 T1=609.0180)
GWHeartBeatHandler...Incoming ServerID=0 (-146303232)(T0=2016-4-3_11:42:11 T1=609.2200)
SendPacket! ID=614 (-146303232)(T0=2016-4-3_11:42:26 T1=623.9580)
SendPacket! ID=614 (-146303232)(T0=2016-4-3_11:42:26 T1=623.9580)
GWHeartBeatHandler...Deamon ServerID=0 (-146303232)(T0=2016-4-3_11:42:26 T1=623.9580)
GWHeartBeatHandler...Incoming ServerID=0 (-146303232)(T0=2016-4-3_11:42:26 T1=624.1600)
SendPacket! ID=614 (-146303232)(T0=2016-4-3_11:42:41 T1=638.9260)
SendPacket! ID=614 (-146303232)(T0=2016-4-3_11:42:41 T1=638.9260)
GWHeartBeatHandler...Deamon ServerID=0 (-146303232)(T0=2016-4-3_11:42:41 T1=638.9260)
GWHeartBeatHandler...Incoming ServerID=0 (-146303232)(T0=2016-4-3_11:42:41 T1=639.2290)
SendPacket! ID=614 (-146303232)(T0=2016-4-3_11:42:56 T1=653.9710)
SendPacket! ID=614 (-146303232)(T0=2016-4-3_11:42:56 T1=653.9710)
GWHeartBeatHandler...Deamon ServerID=0 (-146303232)(T0=2016-4-3_11:42:56 T1=653.9710)
GWHeartBeatHandler...Incoming ServerID=0 (-146303232)(T0=2016-4-3_11:42:56 T1=654.2740)
SendPacket! ID=614 (-146303232)(T0=2016-4-3_11:43:11 T1=669.0110)
SendPacket! ID=614 (-146303232)(T0=2016-4-3_11:43:11 T1=669.0110)
GWHeartBeatHandler...Deamon ServerID=0 (-146303232)(T0=2016-4-3_11:43:11 T1=669.0110)
GWHeartBeatHandler...Incoming ServerID=0 (-146303232)(T0=2016-4-3_11:43:11 T1=669.2130)
SendPacket! ID=614 (-146303232)(T0=2016-4-3_11:43:26 T1=683.9530)
SendPacket! ID=614 (-146303232)(T0=2016-4-3_11:43:26 T1=683.9530)
GWHeartBeatHandler...Deamon ServerID=0 (-146303232)(T0=2016-4-3_11:43:26 T1=683.9530)
GWHeartBeatHandler...Incoming ServerID=0 (-146303232)(T0=2016-4-3_11:43:26 T1=684.2560)
SendPacket! ID=614 (-146303232)(T0=2016-4-3_11:43:41 T1=698.9930)
SendPacket! ID=614 (-146303232)(T0=2016-4-3_11:43:41 T1=698.9930)
GWHeartBeatHandler...Deamon ServerID=0 (-146303232)(T0=2016-4-3_11:43:41 T1=698.9930)
GWHeartBeatHandler...Incoming ServerID=0 (-146303232)(T0=2016-4-3_11:43:41 T1=699.2960)
SendPacket! ID=614 (-146303232)(T0=2016-4-3_11:43:56 T1=714.0330)
SendPacket! ID=614 (-146303232)(T0=2016-4-3_11:43:56 T1=714.0330)
GWHeartBeatHandler...Deamon ServerID=0 (-146303232)(T0=2016-4-3_11:43:56 T1=714.0330)
GWHeartBeatHandler...Incoming ServerID=0 (-146303232)(T0=2016-4-3_11:43:56 T1=714.3360)
SendPacket! ID=614 (-146303232)(T0=2016-4-3_11:44:11 T1=729.0740)
SendPacket! ID=614 (-146303232)(T0=2016-4-3_11:44:11 T1=729.0740)
GWHeartBeatHandler...Deamon ServerID=0 (-146303232)(T0=2016-4-3_11:44:11 T1=729.0740)
GWHeartBeatHandler...Incoming ServerID=0 (-146303232)(T0=2016-4-3_11:44:11 T1=729.2760)
SendPacket! ID=614 (-146303232)(T0=2016-4-3_11:44:26 T1=744.0130)
SendPacket! ID=614 (-146303232)(T0=2016-4-3_11:44:26 T1=744.0130)
GWHeartBeatHandler...Deamon ServerID=0 (-146303232)(T0=2016-4-3_11:44:26 T1=744.0130)
GWHeartBeatHandler...Incoming ServerID=0 (-146303232)(T0=2016-4-3_11:44:26 T1=744.3160)
SendPacket! ID=66 (-146303232)(T0=2016-4-3_11:44:33 T1=750.9800)
SendPacket! ID=614 (-146303232)(T0=2016-4-3_11:44:41 T1=759.0600)
SendPacket! ID=614 (-146303232)(T0=2016-4-3_11:44:41 T1=759.0600)
GWHeartBeatHandler...Deamon ServerID=0 (-146303232)(T0=2016-4-3_11:44:41 T1=759.0600)
GWHeartBeatHandler...Incoming ServerID=0 (-146303232)(T0=2016-4-3_11:44:41 T1=759.3620)
SendPacket! ID=614 (-146303232)(T0=2016-4-3_11:44:56 T1=774.0360)
SendPacket! ID=614 (-146303232)(T0=2016-4-3_11:44:56 T1=774.0360)
GWHeartBeatHandler...Deamon ServerID=0 (-146303232)(T0=2016-4-3_11:44:56 T1=774.0360)
GWHeartBeatHandler...Incoming ServerID=0 (-146303232)(T0=2016-4-3_11:44:56 T1=774.3400)
SendPacket! ID=614 (-146303232)(T0=2016-4-3_11:45:11 T1=789.0550)
SendPacket! ID=614 (-146303232)(T0=2016-4-3_11:45:11 T1=789.0550)
GWHeartBeatHandler...Deamon ServerID=0 (-146303232)(T0=2016-4-3_11:45:11 T1=789.0550)
GWHeartBeatHandler...Incoming ServerID=0 (-146303232)(T0=2016-4-3_11:45:11 T1=789.3590)
SendPacket! ID=237 (-146303232)(T0=2016-4-3_11:45:18 T1=796.1780)
SendPacket! ID=358 (-146303232)(T0=2016-4-3_11:45:18 T1=796.1780)
KICK:OnlineUser::BeginKickUser Login id=0 Kick...User GUID=3C33609F send (-146303232)(T0=2016-4-3_11:45:18 T1=796.1780)
SendPacket! ID=396 (-146303232)(T0=2016-4-3_11:45:18 T1=796.1780)
KICK:OnlineUser::BeginKickUser GameServer id=2 Kick...User GUID=3C33609F send (-146303232)(T0=2016-4-3_11:45:18 T1=796.1780)
KICK:LWNotifyUserHandler...GUID=3C33609F acc=dark.hades kick begin <Success>! (-146303232)(T0=2016-4-3_11:45:18 T1=796.1780)
KICK:GWNotifyUserHandler...GUID=3C33609F acc=dark.hades serverid=0 user kick ok! (-146303232)(T0=2016-4-3_11:45:18 T1=796.3820)
KICK:OnlineUser::ForceEndKickUser...User GUID=3C33609F kick finish (-146303232)(T0=2016-4-3_11:45:19 T1=796.7880)
KICK:LWNotifyUserHandler...GUID=FFFFFFFF acc=dark.hades kick ok! (-146303232)(T0=2016-4-3_11:45:19 T1=796.7880)
LWRetBillingEnd...acc=dark.hades Result=0 (-146303232)(T0=2016-4-3_11:45:19 T1=796.9920)
SendPacket! ID=614 (-146303232)(T0=2016-4-3_11:45:21 T1=798.5210)
SendPacket! ID=614 (-146303232)(T0=2016-4-3_11:45:21 T1=798.5210)
SendPacket! ID=614 (-146303232)(T0=2016-4-3_11:45:26 T1=804.1250)
SendPacket! ID=614 (-146303232)(T0=2016-4-3_11:45:26 T1=804.1250)
GWHeartBeatHandler...Deamon ServerID=0 (-146303232)(T0=2016-4-3_11:45:26 T1=804.1250)
GWHeartBeatHandler...Incoming ServerID=0 (-146303232)(T0=2016-4-3_11:45:26 T1=804.4310)
LWNotifyUserHandler...acc=dark.hades ask status ok! (-146303232)(T0=2016-4-3_11:45:41 T1=819.0030)
SendPacket! ID=358 (-146303232)(T0=2016-4-3_11:45:41 T1=819.0030)
SendPacket! ID=614 (-146303232)(T0=2016-4-3_11:45:41 T1=819.1050)
SendPacket! ID=614 (-146303232)(T0=2016-4-3_11:45:41 T1=819.1050)
GWHeartBeatHandler...Deamon ServerID=0 (-146303232)(T0=2016-4-3_11:45:41 T1=819.1050)
GWHeartBeatHandler...Incoming ServerID=0 (-146303232)(T0=2016-4-3_11:45:41 T1=819.4110)
SendPacket! ID=91 (-146303232)(T0=2016-4-3_11:45:47 T1=825.4720)
LWAskCharLoginHandler...No User,CharGUID = 3C33609F (-146303232)(T0=2016-4-3_11:45:47 T1=825.4720)
SendPacket! ID=470 (-146303232)(T0=2016-4-3_11:45:48 T1=826.0810)
LWAskCharLoginHandler...ALSCENDDATA GUID=3C33609F Name=Th§p Tamm AccName=dark.hades, AccountSafeSign=0 (-146303232)(T0=2016-4-3_11:45:48 T1=826.0810)
SendPacket! ID=91 (-146303232)(T0=2016-4-3_11:45:49 T1=826.7880)
LWRetBillingStart...acc=dark.hades Success,GUID=3C33609F (-146303232)(T0=2016-4-3_11:45:49 T1=826.7880)
SendPacket! ID=614 (-146303232)(T0=2016-4-3_11:45:49 T1=826.9900)
SendPacket! ID=614 (-146303232)(T0=2016-4-3_11:45:49 T1=826.9900)
SendPacket! ID=614 (-146303232)(T0=2016-4-3_11:45:56 T1=834.0590)
SendPacket! ID=614 (-146303232)(T0=2016-4-3_11:45:56 T1=834.0590)
GWHeartBeatHandler...Deamon ServerID=0 (-146303232)(T0=2016-4-3_11:45:56 T1=834.0590)
GWHeartBeatHandler...Incoming ServerID=0 (-146303232)(T0=2016-4-3_11:45:56 T1=834.4630)
SendPacket! ID=614 (-146303232)(T0=2016-4-3_11:46:11 T1=849.1020)
SendPacket! ID=614 (-146303232)(T0=2016-4-3_11:46:11 T1=849.1020)
GWHeartBeatHandler...Deamon ServerID=0 (-146303232)(T0=2016-4-3_11:46:11 T1=849.1020)
GWHeartBeatHandler...Incoming ServerID=0 (-146303232)(T0=2016-4-3_11:46:11 T1=849.4050)
SendPacket! ID=614 (-146303232)(T0=2016-4-3_11:46:26 T1=864.1780)
SendPacket! ID=614 (-146303232)(T0=2016-4-3_11:46:26 T1=864.1780)
GWHeartBeatHandler...Deamon ServerID=0 (-146303232)(T0=2016-4-3_11:46:26 T1=864.1780)
GWHeartBeatHandler...Incoming ServerID=0 (-146303232)(T0=2016-4-3_11:46:26 T1=864.3820)
SendPacket! ID=614 (-146303232)(T0=2016-4-3_11:46:41 T1=879.1500)
SendPacket! ID=614 (-146303232)(T0=2016-4-3_11:46:41 T1=879.1500)
GWHeartBeatHandler...Deamon ServerID=0 (-146303232)(T0=2016-4-3_11:46:41 T1=879.1500)
GWHeartBeatHandler...Incoming ServerID=0 (-146303232)(T0=2016-4-3_11:46:41 T1=879.4540)
SendPacket! ID=614 (-146303232)(T0=2016-4-3_11:46:56 T1=894.1210)
SendPacket! ID=614 (-146303232)(T0=2016-4-3_11:46:56 T1=894.1210)
GWHeartBeatHandler...Deamon ServerID=0 (-146303232)(T0=2016-4-3_11:46:56 T1=894.1210)
GWHeartBeatHandler...Incoming ServerID=0 (-146303232)(T0=2016-4-3_11:46:56 T1=894.4270)
SendPacket! ID=66 (-146303232)(T0=2016-4-3_11:47:3 T1=901.0500)
SendPacket! ID=614 (-146303232)(T0=2016-4-3_11:47:11 T1=909.1960)
SendPacket! ID=614 (-146303232)(T0=2016-4-3_11:47:11 T1=909.1960)
GWHeartBeatHandler...Deamon ServerID=0 (-146303232)(T0=2016-4-3_11:47:11 T1=909.1960)
GWHeartBeatHandler...Incoming ServerID=0 (-146303232)(T0=2016-4-3_11:47:12 T1=909.5020)
SendPacket! ID=614 (-146303232)(T0=2016-4-3_11:47:26 T1=924.2080)
SendPacket! ID=614 (-146303232)(T0=2016-4-3_11:47:26 T1=924.2080)
GWHeartBeatHandler...Deamon ServerID=0 (-146303232)(T0=2016-4-3_11:47:26 T1=924.2080)
GWHeartBeatHandler...Incoming ServerID=0 (-146303232)(T0=2016-4-3_11:47:27 T1=924.5110)
SendPacket! ID=614 (-146303232)(T0=2016-4-3_11:47:41 T1=939.1930)
SendPacket! ID=614 (-146303232)(T0=2016-4-3_11:47:41 T1=939.1930)
GWHeartBeatHandler...Deamon ServerID=0 (-146303232)(T0=2016-4-3_11:47:41 T1=939.1930)
GWHeartBeatHandler...Incoming ServerID=0 (-146303232)(T0=2016-4-3_11:47:42 T1=939.4960)
SendPacket! ID=237 (-146303232)(T0=2016-4-3_11:47:49 T1=947.3020)
SendPacket! ID=358 (-146303232)(T0=2016-4-3_11:47:49 T1=947.3020)
KICK:OnlineUser::BeginKickUser Login id=0 Kick...User GUID=3C33609F send (-146303232)(T0=2016-4-3_11:47:49 T1=947.3020)
SendPacket! ID=396 (-146303232)(T0=2016-4-3_11:47:49 T1=947.3030)
KICK:OnlineUser::BeginKickUser GameServer id=2 Kick...User GUID=3C33609F send (-146303232)(T0=2016-4-3_11:47:49 T1=947.3030)
KICK:LWNotifyUserHandler...GUID=3C33609F acc=dark.hades kick begin <Success>! (-146303232)(T0=2016-4-3_11:47:49 T1=947.3030)
KICK:GWNotifyUserHandler...GUID=3C33609F acc=dark.hades serverid=0 user kick ok! (-146303232)(T0=2016-4-3_11:47:50 T1=947.5060)
KICK:OnlineUser::ForceEndKickUser...User GUID=3C33609F kick finish (-146303232)(T0=2016-4-3_11:47:50 T1=947.9120)
KICK:LWNotifyUserHandler...GUID=FFFFFFFF acc=dark.hades kick ok! (-146303232)(T0=2016-4-3_11:47:50 T1=947.9120)
LWRetBillingEnd...acc=dark.hades Result=0 (-146303232)(T0=2016-4-3_11:47:50 T1=948.1160)
SendPacket! ID=614 (-146303232)(T0=2016-4-3_11:47:51 T1=948.7290)
SendPacket! ID=614 (-146303232)(T0=2016-4-3_11:47:51 T1=948.7290)
SendPacket! ID=614 (-146303232)(T0=2016-4-3_11:47:56 T1=954.1230)
SendPacket! ID=614 (-146303232)(T0=2016-4-3_11:47:56 T1=954.1230)
GWHeartBeatHandler...Deamon ServerID=0 (-146303232)(T0=2016-4-3_11:47:56 T1=954.1230)
GWHeartBeatHandler...Incoming ServerID=0 (-146303232)(T0=2016-4-3_11:47:57 T1=954.5290)
SendPacket! ID=614 (-146303232)(T0=2016-4-3_11:48:11 T1=969.1910)
SendPacket! ID=614 (-146303232)(T0=2016-4-3_11:48:11 T1=969.1910)
GWHeartBeatHandler...Deamon ServerID=0 (-146303232)(T0=2016-4-3_11:48:11 T1=969.1910)
GWHeartBeatHandler...Incoming ServerID=0 (-146303232)(T0=2016-4-3_11:48:12 T1=969.4950)
SendPacket! ID=614 (-146303232)(T0=2016-4-3_11:48:26 T1=984.2460)
SendPacket! ID=614 (-146303232)(T0=2016-4-3_11:48:26 T1=984.2460)
GWHeartBeatHandler...Deamon ServerID=0 (-146303232)(T0=2016-4-3_11:48:26 T1=984.2460)
GWHeartBeatHandler...Incoming ServerID=0 (-146303232)(T0=2016-4-3_11:48:27 T1=984.5510)
SendPacket! ID=614 (-146303232)(T0=2016-4-3_11:48:41 T1=999.2180)
SendPacket! ID=614 (-146303232)(T0=2016-4-3_11:48:41 T1=999.2180)
GWHeartBeatHandler...Deamon ServerID=0 (-146303232)(T0=2016-4-3_11:48:41 T1=999.2180)
GWHeartBeatHandler...Incoming ServerID=0 (-146303232)(T0=2016-4-3_11:48:42 T1=999.6250)
SendPacket! ID=614 (-146303232)(T0=2016-4-3_11:48:56 T1=1014.1890)
SendPacket! ID=614 (-146303232)(T0=2016-4-3_11:48:56 T1=1014.1890)
GWHeartBeatHandler...Deamon ServerID=0 (-146303232)(T0=2016-4-3_11:48:56 T1=1014.1890)
GWHeartBeatHandler...Incoming ServerID=0 (-146303232)(T0=2016-4-3_11:48:57 T1=1014.5940)
SendPacket! ID=614 (-146303232)(T0=2016-4-3_11:49:11 T1=1029.2510)
SendPacket! ID=614 (-146303232)(T0=2016-4-3_11:49:11 T1=1029.2510)
GWHeartBeatHandler...Deamon ServerID=0 (-146303232)(T0=2016-4-3_11:49:11 T1=1029.2510)
GWHeartBeatHandler...Incoming ServerID=0 (-146303232)(T0=2016-4-3_11:49:12 T1=1029.6560)
SendPacket! ID=614 (-146303232)(T0=2016-4-3_11:49:26 T1=1044.2140)
SendPacket! ID=614 (-146303232)(T0=2016-4-3_11:49:26 T1=1044.2140)
GWHeartBeatHandler...Deamon ServerID=0 (-146303232)(T0=2016-4-3_11:49:26 T1=1044.2140)
GWHeartBeatHandler...Incoming ServerID=0 (-146303232)(T0=2016-4-3_11:49:27 T1=1044.6210)
SendPacket! ID=66 (-146303232)(T0=2016-4-3_11:49:33 T1=1051.1440)
SendPacket! ID=237 (-146303232)(T0=2016-4-3_11:49:40 T1=1057.9730)
SendPacket! ID=358 (-146303232)(T0=2016-4-3_11:49:40 T1=1057.9730)
KICK:OnlineUser::BeginKickUser Login id=0 Kick...User GUID=3C3360A1 send (-146303232)(T0=2016-4-3_11:49:40 T1=1057.9730)
SendPacket! ID=396 (-146303232)(T0=2016-4-3_11:49:40 T1=1057.9730)
KICK:OnlineUser::BeginKickUser GameServer id=2 Kick...User GUID=3C3360A1 send (-146303232)(T0=2016-4-3_11:49:40 T1=1057.9730)
KICK:USER::HeartBeat begin kick...User GUID=3C3360A1 Status=1 (-146303232)(T0=2016-4-3_11:49:40 T1=1057.9730)
KICK:GWNotifyUserHandler...GUID=3C3360A1 acc=darkhades serverid=0 user kick ok! (-146303232)(T0=2016-4-3_11:49:40 T1=1058.1760)
KICK:OnlineUser::ForceEndKickUser...User GUID=3C3360A1 kick finish (-146303232)(T0=2016-4-3_11:49:41 T1=1058.5840)
KICK:LWNotifyUserHandler...GUID=FFFFFFFF acc=darkhades kick ok! (-146303232)(T0=2016-4-3_11:49:41 T1=1058.5840)
SendPacket! ID=614 (-146303232)(T0=2016-4-3_11:49:41 T1=1058.6880)
SendPacket! ID=614 (-146303232)(T0=2016-4-3_11:49:41 T1=1058.6880)
LWRetBillingEnd...acc=darkhades Result=0 (-146303232)(T0=2016-4-3_11:49:41 T1=1058.7890)
SendPacket! ID=614 (-146303232)(T0=2016-4-3_11:49:41 T1=1059.2980)
SendPacket! ID=614 (-146303232)(T0=2016-4-3_11:49:41 T1=1059.2980)
GWHeartBeatHandler...Deamon ServerID=0 (-146303232)(T0=2016-4-3_11:49:41 T1=1059.2980)
GWHeartBeatHandler...Incoming ServerID=0 (-146303232)(T0=2016-4-3_11:49:42 T1=1059.7050)
SendPacket! ID=614 (-146303232)(T0=2016-4-3_11:49:56 T1=1074.2730)
SendPacket! ID=614 (-146303232)(T0=2016-4-3_11:49:56 T1=1074.2730)
GWHeartBeatHandler...Deamon ServerID=0 (-146303232)(T0=2016-4-3_11:49:56 T1=1074.2730)
GWHeartBeatHandler...Incoming ServerID=0 (-146303232)(T0=2016-4-3_11:49:57 T1=1074.6810)
LWNotifyUserHandler...acc=1 ask status ok! (-146303232)(T0=2016-4-3_11:50:5 T1=1082.6180)
SendPacket! ID=358 (-146303232)(T0=2016-4-3_11:50:5 T1=1082.6180)
SendPacket! ID=614 (-146303232)(T0=2016-4-3_11:50:11 T1=1089.2880)
SendPacket! ID=614 (-146303232)(T0=2016-4-3_11:50:11 T1=1089.2880)
GWHeartBeatHandler...Deamon ServerID=0 (-146303232)(T0=2016-4-3_11:50:11 T1=1089.2880)
GWHeartBeatHandler...Incoming ServerID=0 (-146303232)(T0=2016-4-3_11:50:12 T1=1089.6920)
SendPacket! ID=614 (-146303232)(T0=2016-4-3_11:50:26 T1=1104.3320)
SendPacket! ID=614 (-146303232)(T0=2016-4-3_11:50:26 T1=1104.3320)
GWHeartBeatHandler...Deamon ServerID=0 (-146303232)(T0=2016-4-3_11:50:26 T1=1104.3320)
GWHeartBeatHandler...Incoming ServerID=0 (-146303232)(T0=2016-4-3_11:50:27 T1=1104.7360)
SendPacket! ID=614 (-146303232)(T0=2016-4-3_11:50:41 T1=1119.2920)
SendPacket! ID=614 (-146303232)(T0=2016-4-3_11:50:41 T1=1119.2920)
GWHeartBeatHandler...Deamon ServerID=0 (-146303232)(T0=2016-4-3_11:50:41 T1=1119.2920)
GWHeartBeatHandler...Incoming ServerID=0 (-146303232)(T0=2016-4-3_11:50:42 T1=1119.7970)
SendPacket! ID=91 (-146303232)(T0=2016-4-3_11:50:46 T1=1123.8350)
LWAskCharLoginHandler...No User,CharGUID = 3C3360A2 (-146303232)(T0=2016-4-3_11:50:46 T1=1123.8350)
SendPacket! ID=470 (-146303232)(T0=2016-4-3_11:50:46 T1=1124.4430)
LWAskCharLoginHandler...ALSCENDDATA GUID=3C3360A2 Name=11111 AccName=1, AccountSafeSign=0 (-146303232)(T0=2016-4-3_11:50:46 T1=1124.4430)
SendPacket! ID=91 (-146303232)(T0=2016-4-3_11:50:47 T1=1125.2500)
LWRetBillingStart...acc=1 Success,GUID=3C3360A2 (-146303232)(T0=2016-4-3_11:50:47 T1=1125.2500)
SendPacket! ID=614 (-146303232)(T0=2016-4-3_11:50:48 T1=1125.5530)
SendPacket! ID=614 (-146303232)(T0=2016-4-3_11:50:48 T1=1125.5530)
SendPacket! ID=614 (-146303232)(T0=2016-4-3_11:50:56 T1=1134.2360)
SendPacket! ID=614 (-146303232)(T0=2016-4-3_11:50:56 T1=1134.2360)
GWHeartBeatHandler...Deamon ServerID=0 (-146303232)(T0=2016-4-3_11:50:56 T1=1134.2360)
GWHeartBeatHandler...Incoming ServerID=0 (-146303232)(T0=2016-4-3_11:50:57 T1=1134.7410)
SendPacket! ID=614 (-146303232)(T0=2016-4-3_11:51:11 T1=1149.2840)
SendPacket! ID=614 (-146303232)(T0=2016-4-3_11:51:11 T1=1149.2840)
GWHeartBeatHandler...Deamon ServerID=0 (-146303232)(T0=2016-4-3_11:51:11 T1=1149.2840)
GWHeartBeatHandler...Incoming ServerID=0 (-146303232)(T0=2016-4-3_11:51:12 T1=1149.7890)
SendPacket! ID=614 (-146303232)(T0=2016-4-3_11:51:26 T1=1164.3470)
SendPacket! ID=614 (-146303232)(T0=2016-4-3_11:51:26 T1=1164.3470)
GWHeartBeatHandler...Deamon ServerID=0 (-146303232)(T0=2016-4-3_11:51:26 T1=1164.3470)
GWHeartBeatHandler...Incoming ServerID=0 (-146303232)(T0=2016-4-3_11:51:27 T1=1164.8510)
SendPacket! ID=614 (-146303232)(T0=2016-4-3_11:51:41 T1=1179.3090)
SendPacket! ID=614 (-146303232)(T0=2016-4-3_11:51:41 T1=1179.3090)
GWHeartBeatHandler...Deamon ServerID=0 (-146303232)(T0=2016-4-3_11:51:41 T1=1179.3090)
GWHeartBeatHandler...Incoming ServerID=0 (-146303232)(T0=2016-4-3_11:51:42 T1=1179.8140)
SendPacket! ID=614 (-146303232)(T0=2016-4-3_11:51:56 T1=1194.2840)
SendPacket! ID=614 (-146303232)(T0=2016-4-3_11:51:56 T1=1194.2840)
GWHeartBeatHandler...Deamon ServerID=0 (-146303232)(T0=2016-4-3_11:51:56 T1=1194.2840)
GWHeartBeatHandler...Incoming ServerID=0 (-146303232)(T0=2016-4-3_11:51:57 T1=1194.7900)
SendPacket! ID=237 (-146303232)(T0=2016-4-3_11:52:0 T1=1197.5390)
SendPacket! ID=358 (-146303232)(T0=2016-4-3_11:52:0 T1=1197.5390)
KICK:OnlineUser::BeginKickUser Login id=0 Kick...User GUID=3C3360A2 send (-146303232)(T0=2016-4-3_11:52:0 T1=1197.5390)
SendPacket! ID=396 (-146303232)(T0=2016-4-3_11:52:0 T1=1197.5390)
KICK:OnlineUser::BeginKickUser GameServer id=2 Kick...User GUID=3C3360A2 send (-146303232)(T0=2016-4-3_11:52:0 T1=1197.5390)
KICK:LWNotifyUserHandler...GUID=3C3360A2 acc=1 kick begin <Success>! (-146303232)(T0=2016-4-3_11:52:0 T1=1197.5390)
KICK:GWNotifyUserHandler...GUID=3C3360A2 acc=1 serverid=0 user kick ok! (-146303232)(T0=2016-4-3_11:52:0 T1=1197.7430)
KICK:OnlineUser::ForceEndKickUser...User GUID=3C3360A2 kick finish (-146303232)(T0=2016-4-3_11:52:0 T1=1198.0470)
KICK:LWNotifyUserHandler...GUID=FFFFFFFF acc=1 kick ok! (-146303232)(T0=2016-4-3_11:52:0 T1=1198.0470)
LWRetBillingEnd...acc=1 Result=0 (-146303232)(T0=2016-4-3_11:52:0 T1=1198.2500)
SendPacket! ID=614 (-146303232)(T0=2016-4-3_11:52:0 T1=1198.3520)
SendPacket! ID=614 (-146303232)(T0=2016-4-3_11:52:0 T1=1198.3520)
MailCenter:HeartBeat Before UserNode=0 (-146303232)(T0=2016-4-3_11:52:3 T1=1200.8940)
MailCenter:HeartBeat After MailNode=0 UserNode=0 (-146303232)(T0=2016-4-3_11:52:3 T1=1200.8940)
SendPacket! ID=66 (-146303232)(T0=2016-4-3_11:52:3 T1=1201.1990)
SendPacket! ID=614 (-146303232)(T0=2016-4-3_11:52:11 T1=1209.3480)
SendPacket! ID=614 (-146303232)(T0=2016-4-3_11:52:11 T1=1209.3480)
GWHeartBeatHandler...Deamon ServerID=0 (-146303232)(T0=2016-4-3_11:52:11 T1=1209.3480)
GWHeartBeatHandler...Incoming ServerID=0 (-146303232)(T0=2016-4-3_11:52:12 T1=1209.8560)
SendPacket! ID=614 (-146303232)(T0=2016-4-3_11:52:26 T1=1224.3300)
SendPacket! ID=614 (-146303232)(T0=2016-4-3_11:52:26 T1=1224.3300)
GWHeartBeatHandler...Deamon ServerID=0 (-146303232)(T0=2016-4-3_11:52:26 T1=1224.3300)
GWHeartBeatHandler...Incoming ServerID=0 (-146303232)(T0=2016-4-3_11:52:27 T1=1224.8410)
SendPacket! ID=614 (-146303232)(T0=2016-4-3_11:52:41 T1=1239.4150)
SendPacket! ID=614 (-146303232)(T0=2016-4-3_11:52:41 T1=1239.4150)
GWHeartBeatHandler...Deamon ServerID=0 (-146303232)(T0=2016-4-3_11:52:41 T1=1239.4150)
GWHeartBeatHandler...Incoming ServerID=0 (-146303232)(T0=2016-4-3_11:52:42 T1=1239.8220)
LWNotifyUserHandler...acc=1 ask status ok! (-146303232)(T0=2016-4-3_11:52:46 T1=1243.8940)
SendPacket! ID=358 (-146303232)(T0=2016-4-3_11:52:46 T1=1243.8940)
SendPacket! ID=91 (-146303232)(T0=2016-4-3_11:52:53 T1=1251.1760)
LWAskCharLoginHandler...No User,CharGUID = 3C3360A2 (-146303232)(T0=2016-4-3_11:52:53 T1=1251.1760)
SendPacket! ID=470 (-146303232)(T0=2016-4-3_11:52:54 T1=1251.7850)
LWAskCharLoginHandler...ALSCENDDATA GUID=3C3360A2 Name=11111 AccName=1, AccountSafeSign=0 (-146303232)(T0=2016-4-3_11:52:54 T1=1251.7850)
SendPacket! ID=91 (-146303232)(T0=2016-4-3_11:52:55 T1=1252.6950)
LWRetBillingStart...acc=1 Success,GUID=3C3360A2 (-146303232)(T0=2016-4-3_11:52:55 T1=1252.6950)
SendPacket! ID=614 (-146303232)(T0=2016-4-3_11:52:55 T1=1253.3020)
SendPacket! ID=614 (-146303232)(T0=2016-4-3_11:52:55 T1=1253.3020)
SendPacket! ID=614 (-146303232)(T0=2016-4-3_11:52:56 T1=1254.4140)
SendPacket! ID=614 (-146303232)(T0=2016-4-3_11:52:56 T1=1254.4140)
GWHeartBeatHandler...Deamon ServerID=0 (-146303232)(T0=2016-4-3_11:52:56 T1=1254.4140)
GWHeartBeatHandler...Incoming ServerID=0 (-146303232)(T0=2016-4-3_11:52:57 T1=1254.9190)
SendPacket! ID=614 (-146303232)(T0=2016-4-3_11:53:11 T1=1269.3600)
SendPacket! ID=614 (-146303232)(T0=2016-4-3_11:53:11 T1=1269.3600)
GWHeartBeatHandler...Deamon ServerID=0 (-146303232)(T0=2016-4-3_11:53:11 T1=1269.3600)
GWHeartBeatHandler...Incoming ServerID=0 (-146303232)(T0=2016-4-3_11:53:12 T1=1269.8650)
SendPacket! ID=614 (-146303232)(T0=2016-4-3_11:53:26 T1=1284.4160)
SendPacket! ID=614 (-146303232)(T0=2016-4-3_11:53:26 T1=1284.4160)
GWHeartBeatHandler...Deamon ServerID=0 (-146303232)(T0=2016-4-3_11:53:26 T1=1284.4160)
GWHeartBeatHandler...Incoming ServerID=0 (-146303232)(T0=2016-4-3_11:53:27 T1=1284.9260)
SSConnectHandler...ServerID=2 (-146303232)(T0=2016-4-3_11:53:33 T1=1290.6010)
LWNotifyUserHandler...LNOTIFY_BILLING_DISCONNECT received, abandon all prize! (-146303232)(T0=2016-4-3_11:53:33 T1=1290.6010)
SendPacket! ID=614 (-146303232)(T0=2016-4-3_11:53:41 T1=1299.4010)
SendPacket! ID=614 (-146303232)(T0=2016-4-3_11:53:41 T1=1299.4010)
GWHeartBeatHandler...Deamon ServerID=0 (-146303232)(T0=2016-4-3_11:53:41 T1=1299.4010)
GWHeartBeatHandler...Incoming ServerID=0 (-146303232)(T0=2016-4-3_11:53:42 T1=1299.9110)
SendPacket! ID=614 (-146303232)(T0=2016-4-3_11:53:56 T1=1314.4660)
GWHeartBeatHandler...Deamon ServerID=0 (-146303232)(T0=2016-4-3_11:53:56 T1=1314.4660)
GWHeartBeatHandler...Incoming ServerID=0 (-146303232)(T0=2016-4-3_11:53:57 T1=1314.9750)
SSConnectHandler...ServerID=2 (-146303232)(T0=2016-4-3_11:53:58 T1=1316.0950)
LWNotifyUserHandler...LNOTIFY_BILLING_DISCONNECT received, abandon all prize! (-146303232)(T0=2016-4-3_11:53:58 T1=1316.0950)
