(###) main... (-146602240)(T0=2016-4-7_0:14:16 T1=0.0380)
World Start...  (-146602240)(T0=2016-4-7_0:14:16 T1=0.0390)
Start Read Config Files... (-146602240)(T0=2016-4-7_0:14:16 T1=0.0390)
Read Config Files...OK! (-146602240)(T0=2016-4-7_0:14:16 T1=0.2980)
Start New Managers... (-146602240)(T0=2016-4-7_0:14:16 T1=0.2980)
new g_pWorldIPBlackList...OK (-146602240)(T0=2016-4-7_0:14:16 T1=0.2980)
new ServerManager...OK (-146602240)(T0=2016-4-7_0:14:16 T1=0.2980)
new PlayerPool...OK (-146602240)(T0=2016-4-7_0:14:16 T1=0.2980)
new PacketFactoryManager...OK (-146602240)(T0=2016-4-7_0:14:16 T1=0.2980)
new OnlineUser...OK (-146602240)(T0=2016-4-7_0:14:16 T1=0.3020)
new TeamList...OK (-146602240)(T0=2016-4-7_0:14:16 T1=0.3020)
new ChatCenter...OK (-146602240)(T0=2016-4-7_0:14:16 T1=0.3020)
new StatusRulerGuild...OK (-146602240)(T0=2016-4-7_0:14:16 T1=0.3020)
new StatusRulerCity...OK (-146602240)(T0=2016-4-7_0:14:16 T1=0.3020)
new GuildManager...OK (-146602240)(T0=2016-4-7_0:14:16 T1=0.3230)
new GuildLeagueManager...OK (-146602240)(T0=2016-4-7_0:14:16 T1=0.3230)
new CityManager...OK (-146602240)(T0=2016-4-7_0:14:16 T1=0.3270)
new CGuildBattleMgr...OK (-146602240)(T0=2016-4-7_0:14:16 T1=0.3270)
new MailNodePool...OK (-146602240)(T0=2016-4-7_0:14:16 T1=0.3270)
new UserNodePool...OK (-146602240)(T0=2016-4-7_0:14:16 T1=0.3270)
new MailCenter...OK (-146602240)(T0=2016-4-7_0:14:16 T1=0.3270)
new AllUser...OK (-146602240)(T0=2016-4-7_0:14:16 T1=0.3270)
new SceneInfo...OK (-146602240)(T0=2016-4-7_0:14:16 T1=0.3270)
 new WorldTimeInfo....OK (-146602240)(T0=2016-4-7_0:14:16 T1=0.3270)
new PetProcreateData...OK (-146602240)(T0=2016-4-7_0:14:16 T1=0.3270)
new SystemInfo...OK (-146602240)(T0=2016-4-7_0:14:16 T1=0.3270)
new SpeakerManager...OK (-146602240)(T0=2016-4-7_0:14:16 T1=0.3270)
new MotherClient...OK (-146602240)(T0=2016-4-7_0:14:16 T1=0.3270)
new PetFriendsManager...OK (-146602240)(T0=2016-4-7_0:14:16 T1=0.3270)
new FindFriendADManager...OK (-146602240)(T0=2016-4-7_0:14:16 T1=0.3300)
New Managers...OK! (-146602240)(T0=2016-4-7_0:14:16 T1=0.3300)
Start Init Managers... (-146602240)(T0=2016-4-7_0:14:16 T1=0.3300)
g_pWorldIPBlackList.Init()...OK! (-146602240)(T0=2016-4-7_0:14:16 T1=0.3300)
Load GuildMemberAccess.ini ... OK!  (-146602240)(T0=2016-4-7_0:14:16 T1=0.3600)
Load CityInfo.txt ... OK!  (-146602240)(T0=2016-4-7_0:14:16 T1=0.4130)
Load Condition.txt ... OK!  (-146602240)(T0=2016-4-7_0:14:16 T1=0.4300)
Load ResearchItem.txt ... OK!  (-146602240)(T0=2016-4-7_0:14:16 T1=0.4470)
Load ActivityNotice.txt ... OK!  (-146602240)(T0=2016-4-7_0:14:17 T1=0.4640)
Load ActivityRuler.txt ... OK!  (-146602240)(T0=2016-4-7_0:14:17 T1=0.4710)
g_TableInit.Init()...OK! (-146602240)(T0=2016-4-7_0:14:17 T1=0.4710)
