Dump: threadid=-146303232, Time: 2016-4-3 11:54:8
INT exception:
./World() [0x80a6c35]
./World() [0x80931a8]
[0xf77b1c60]
[0xf77b1c90]
/lib/i386-linux-gnu/libc.so.6(nanosleep+0x20) [0xf7530800]
/lib/i386-linux-gnu/libc.so.6(usleep+0x3d) [0xf755f88d]
./World() [0x808faa3]
./World() [0x8090c82]
./World() [0x80922f3]
./World() [0x8094951]
/lib/i386-linux-gnu/libc.so.6(__libc_start_main+0xf3) [0xf7494a83]
./World(__gxx_personality_v0+0x91) [0x804a049]
Dump: threadid=-146303232, Time: 2016-4-3 11:54:8
SEG exception:
./World() [0x80a6c35]
./World() [0x8093234]
[0xf77b1c60]
./World() [0x80d1ed1]
/lib/i386-linux-gnu/libc.so.6(+0x331b1) [0xf74ae1b1]
/lib/i386-linux-gnu/libc.so.6(+0x3320d) [0xf74ae20d]
./World() [0x80931b4]
[0xf77b1c60]
[0xf77b1c90]
/lib/i386-linux-gnu/libc.so.6(nanosleep+0x20) [0xf7530800]
/lib/i386-linux-gnu/libc.so.6(usleep+0x3d) [0xf755f88d]
./World() [0x808faa3]
./World() [0x8090c82]
./World() [0x80922f3]
./World() [0x8094951]
/lib/i386-linux-gnu/libc.so.6(__libc_start_main+0xf3) [0xf7494a83]
./World(__gxx_personality_v0+0x91) [0x804a049]
